2.1965 	WARNING 	We strongly recommend you activate the PTB sound engine in PsychoPy prefs as the preferred audio engine. Its timing is vastly superior. Your prefs are currently set to use ['sounddevice', 'PTB', 'pyo', 'pygame'] (in that order).
23.8002 	WARNING 	User requested fullscreen with size [1024  768], but screen is actually [1920, 1200]. Using actual size
26.5789 	EXP 	Created window1 = Window(allowGUI=False, allowStencil=False, args=UNKNOWN, autoLog=True, bitsMode=UNKNOWN, blendMode='avg', bpc=(8, 8, 8), color=array([0., 0., 0.]), colorSpace='rgb', depthBits=8, fullscr=<method-wrapper '__getattribute__' of attributeSetter object at 0x0000026978229978>, gamma=None, gammaErrorPolicy='raise', kwargs=UNKNOWN, lms=UNKNOWN, monitor=<psychopy.monitors.calibTools.Monitor object at 0x0000026977DFF668>, multiSample=False, name='window1', numSamples=2, pos=[0.0, 0.0], screen=0, size=array([1920, 1200]), stencilBits=0, stereo=False, units='height', useFBO=True, useRetina=False, viewOri=0.0, viewPos=None, viewScale=None, waitBlanking=True, winType='pyglet')
26.5790 	EXP 	window1: recordFrameIntervals = False
26.7455 	EXP 	window1: recordFrameIntervals = True
26.9298 	EXP 	window1: recordFrameIntervals = False
27.4498 	EXP 	Created instructions = TextStim(__class__=<class 'psychopy.visual.text.TextStim'>, alignHoriz=method-wrapper(...), alignText='center', alignVert=method-wrapper(...), anchorHoriz='center', anchorVert='center', antialias=True, autoLog=True, bold=False, color='white', colorSpace='named', contrast=1.0, depth=0.0, flipHoriz=False, flipVert=False, font='Arial', fontFiles=[], height=0.1, italic=False, languageStyle='LTR', name='instructions', opacity=1.0, ori=0, pos=array([0., 0.]), rgb=array([255., 255., 255.]), text=str(...), units='height', win=Window(...), wrapWidth=1)
27.5208 	EXP 	Sound stimulitrain1 set volume 1.000
27.5239 	EXP 	Created imagetrain1 = ImageStim(__class__=<class 'psychopy.visual.image.ImageStim'>, autoLog=True, color=array([1., 1., 1.]), colorSpace='rgb', contrast=1.0, depth=-1.0, flipHoriz=False, flipVert=False, image='sin', interpolate=True, mask=None, maskParams=None, name='imagetrain1', opacity=1.0, ori=0.0, pos=array([0., 0.]), size=array([0.5, 0.5]), texRes=128, units='height', win=Window(...))
27.5240 	EXP 	Sound stimulitest1 set volume 1.000
27.5262 	EXP 	Created correct = ImageStim(__class__=<class 'psychopy.visual.image.ImageStim'>, autoLog=True, color=array([1., 1., 1.]), colorSpace='rgb', contrast=1.0, depth=-1.0, flipHoriz=False, flipVert=False, image='sin', interpolate=True, mask=None, maskParams=None, name='correct', opacity=1.0, ori=0.0, pos=array([0., 0.]), size=array([0.5, 0.5]), texRes=128, units='height', win=Window(...))
27.5286 	EXP 	Created incorrect = ImageStim(__class__=<class 'psychopy.visual.image.ImageStim'>, autoLog=True, color=array([1., 1., 1.]), colorSpace='rgb', contrast=1.0, depth=-2.0, flipHoriz=False, flipVert=False, image='sin', interpolate=True, mask=None, maskParams=None, name='incorrect', opacity=1.0, ori=0.0, pos=array([0., 0.]), size=array([0.5, 0.5]), texRes=128, units='height', win=Window(...))
27.5721 	EXP 	Created notice = TextStim(__class__=<class 'psychopy.visual.text.TextStim'>, alignHoriz=method-wrapper(...), alignText='center', alignVert=method-wrapper(...), anchorHoriz='center', anchorVert='center', antialias=True, autoLog=True, bold=False, color='white', colorSpace='named', contrast=1.0, depth=0.0, flipHoriz=False, flipVert=False, font='Arial', fontFiles=[], height=0.1, italic=False, languageStyle='LTR', name='notice', opacity=1.0, ori=0, pos=array([0., 0.]), rgb=array([255., 255., 255.]), text=str(...), units='height', win=Window(...), wrapWidth=1)
27.5723 	EXP 	Sound stimulitrain2 set volume 1.000
27.5744 	EXP 	Created imagetrain2 = ImageStim(__class__=<class 'psychopy.visual.image.ImageStim'>, autoLog=True, color=array([1., 1., 1.]), colorSpace='rgb', contrast=1.0, depth=-1.0, flipHoriz=False, flipVert=False, image='sin', interpolate=True, mask=None, maskParams=None, name='imagetrain2', opacity=1.0, ori=0.0, pos=array([0., 0.]), size=array([0.5, 0.5]), texRes=128, units='height', win=Window(...))
27.5746 	EXP 	Sound stimulitest2 set volume 1.000
27.5772 	EXP 	Created correct2 = ImageStim(__class__=<class 'psychopy.visual.image.ImageStim'>, autoLog=True, color=array([1., 1., 1.]), colorSpace='rgb', contrast=1.0, depth=-2.0, flipHoriz=False, flipVert=False, image='sin', interpolate=True, mask=None, maskParams=None, name='correct2', opacity=1.0, ori=0.0, pos=array([0., 0.]), size=array([0.5, 0.5]), texRes=128, units='height', win=Window(...))
27.5792 	EXP 	Created incorrect2 = ImageStim(__class__=<class 'psychopy.visual.image.ImageStim'>, autoLog=True, color=array([1., 1., 1.]), colorSpace='rgb', contrast=1.0, depth=-3.0, flipHoriz=False, flipVert=False, image='sin', interpolate=True, mask=None, maskParams=None, name='incorrect2', opacity=1.0, ori=0.0, pos=array([0., 0.]), size=array([0.5, 0.5]), texRes=128, units='height', win=Window(...))
27.6035 	EXP 	Created text_2 = TextStim(__class__=<class 'psychopy.visual.text.TextStim'>, alignHoriz=method-wrapper(...), alignText='center', alignVert=method-wrapper(...), anchorHoriz='center', anchorVert='center', antialias=True, autoLog=True, bold=False, color='white', colorSpace='named', contrast=1.0, depth=0.0, flipHoriz=False, flipVert=False, font='Arial', fontFiles=[], height=0.1, italic=False, languageStyle='LTR', name='text_2', opacity=1.0, ori=0, pos=array([0., 0.]), rgb=array([255., 255., 255.]), text=str(...), units='height', win=Window(...), wrapWidth=1)
27.6037 	EXP 	Sound audioCorrect set volume 1.000
27.6038 	EXP 	Sound audioIncorrect set volume 1.000
27.6061 	EXP 	Created image = ImageStim(__class__=<class 'psychopy.visual.image.ImageStim'>, autoLog=True, color=array([1., 1., 1.]), colorSpace='rgb', contrast=1.0, depth=-2.0, flipHoriz=False, flipVert=False, image='sin', interpolate=True, mask=None, maskParams=None, name='image', opacity=1.0, ori=0.0, pos=array([0., 0.]), size=array([0.5, 0.5]), texRes=128, units='height', win=Window(...))
27.6448 	EXP 	instructions: autoDraw = True
28.2525 	EXP 	Imported autoConditions\train1LoopCondition.xlsx as conditions, 9 conditions, 2 params
28.2528 	EXP 	Created sequence: sequential, trialTypes=9, nReps=0, seed=None
28.2577 	DATA 	Keypress: space
28.2627 	EXP 	instructions: autoDraw = False
28.2627 	EXP 	notice: autoDraw = True
30.2241 	EXP 	Imported autoConditions\train2LoopCondition.xlsx as conditions, 3 conditions, 2 params
30.2244 	EXP 	Created sequence: sequential, trialTypes=3, nReps=0, seed=None
30.2338 	EXP 	notice: autoDraw = False
30.2338 	EXP 	text_2: autoDraw = True
31.2325 	EXP 	Imported autoConditions\testConditions.xlsx as conditions, 81 conditions, 3 params
31.2331 	EXP 	Created sequence: random, trialTypes=81, nReps=1, seed=None
31.2335 	EXP 	New trial (rep=0, index=0): OrderedDict([('correctAudio', 'trainingaudio/13_kopopi1.wav'), ('incorrectAudio', 'trainingaudio/13_kopopi3.wav'), ('imageLoc', 'pngimages/13_toast.png')])
31.2911 	EXP 	text_2: autoDraw = False
31.2911 	EXP 	image: image = 'pngimages/13_toast.png'
31.2911 	EXP 	image: autoDraw = True
38.9779 	DATA 	Keypress: f
38.9964 	EXP 	New trial (rep=0, index=1): OrderedDict([('correctAudio', 'trainingaudio/12_pokika3.wav'), ('incorrectAudio', 'trainingaudio/12_pokika1.wav'), ('imageLoc', 'pngimages/12_pie.png')])
39.0851 	EXP 	image: autoDraw = False
39.0851 	EXP 	image: image = 'pngimages/12_pie.png'
39.0851 	EXP 	image: autoDraw = True
43.9819 	EXP 	New trial (rep=0, index=2): OrderedDict([('correctAudio', 'novelaudio/34_kipaki2.wav'), ('incorrectAudio', 'novelaudio/34_kipaki1.wav'), ('imageLoc', 'pngimages/34_knife.png')])
44.0180 	DATA 	Keypress: j
44.0218 	EXP 	image: autoDraw = False
44.0218 	EXP 	image: image = 'pngimages/34_knife.png'
44.0218 	EXP 	image: autoDraw = True
49.3868 	EXP 	New trial (rep=0, index=3): OrderedDict([('correctAudio', 'novelaudio/39_kotipa3.wav'), ('incorrectAudio', 'novelaudio/39_kotipa1.wav'), ('imageLoc', 'pngimages/39_fork.png')])
49.4066 	DATA 	Keypress: j
49.4101 	EXP 	image: autoDraw = False
49.4101 	EXP 	image: image = 'pngimages/39_fork.png'
49.4101 	EXP 	image: autoDraw = True
51.1514 	DATA 	Keypress: j
54.2564 	EXP 	New trial (rep=0, index=4): OrderedDict([('correctAudio', 'trainingaudio/10_tokiti1.wav'), ('incorrectAudio', 'trainingaudio/10_tokiti2.wav'), ('imageLoc', 'pngimages/100_bicycle.png')])
54.2829 	DATA 	Keypress: j
54.2869 	EXP 	image: autoDraw = False
54.2869 	EXP 	image: image = 'pngimages/100_bicycle.png'
54.2869 	EXP 	image: autoDraw = True
55.7391 	DATA 	Keypress: j
58.4944 	EXP 	New trial (rep=0, index=5): OrderedDict([('correctAudio', 'novelaudio/31_kikopi2.wav'), ('incorrectAudio', 'novelaudio/31_kikopi1.wav'), ('imageLoc', 'pngimages/31_tomato.png')])
58.5175 	DATA 	Keypress: j
58.5211 	EXP 	image: autoDraw = False
58.5211 	EXP 	image: image = 'pngimages/31_tomato.png'
58.5211 	EXP 	image: autoDraw = True
60.6767 	DATA 	Keypress: j
61.3768 	DATA 	Keypress: j
63.2307 	DATA 	Keypress: j
63.2481 	EXP 	New trial (rep=0, index=6): OrderedDict([('correctAudio', 'novelaudio/50_katoko1.wav'), ('incorrectAudio', 'novelaudio/50_katoko3.wav'), ('imageLoc', 'pngimages/50_ruler.png')])
63.2811 	EXP 	image: autoDraw = False
63.2811 	EXP 	image: image = 'pngimages/50_ruler.png'
63.2811 	EXP 	image: autoDraw = True
68.3852 	EXP 	New trial (rep=0, index=7): OrderedDict([('correctAudio', 'trainingaudio/11_tokiko1.wav'), ('incorrectAudio', 'trainingaudio/11_tokiko2.wav'), ('imageLoc', 'pngimages/11_compass.png')])
68.3993 	DATA 	Keypress: j
68.4029 	EXP 	image: autoDraw = False
68.4029 	EXP 	image: image = 'pngimages/11_compass.png'
68.4029 	EXP 	image: autoDraw = True
69.8677 	DATA 	Keypress: j
70.6177 	DATA 	Keypress: j
74.0220 	DATA 	Keypress: escape
74.3280 	EXP 	window1: mouseVisible = True
