2.4214 	WARNING 	We strongly recommend you activate the PTB sound engine in PsychoPy prefs as the preferred audio engine. Its timing is vastly superior. Your prefs are currently set to use ['sounddevice', 'PTB', 'pyo', 'pygame'] (in that order).
8.1726 	WARNING 	User requested fullscreen with size [1024  768], but screen is actually [1920, 1200]. Using actual size
11.1335 	EXP 	Created window1 = Window(allowGUI=False, allowStencil=False, args=UNKNOWN, autoLog=True, bitsMode=UNKNOWN, blendMode='avg', bpc=(8, 8, 8), color=array([0., 0., 0.]), colorSpace='rgb', depthBits=8, fullscr=<method-wrapper '__getattribute__' of attributeSetter object at 0x000002B67BFDE908>, gamma=None, gammaErrorPolicy='raise', kwargs=UNKNOWN, lms=UNKNOWN, monitor=<psychopy.monitors.calibTools.Monitor object at 0x000002B67C364320>, multiSample=False, name='window1', numSamples=2, pos=[0.0, 0.0], screen=0, size=array([1920, 1200]), stencilBits=0, stereo=False, units='height', useFBO=True, useRetina=False, viewOri=0.0, viewPos=None, viewScale=None, waitBlanking=True, winType='pyglet')
11.1337 	EXP 	window1: recordFrameIntervals = False
11.2984 	EXP 	window1: recordFrameIntervals = True
11.3678 	WARNING 	t of last frame was 54.27ms (=1/18)
11.3947 	WARNING 	t of last frame was 26.89ms (=1/37)
11.6004 	EXP 	window1: recordFrameIntervals = False
12.1783 	EXP 	Created instructions = TextStim(__class__=<class 'psychopy.visual.text.TextStim'>, alignHoriz=method-wrapper(...), alignText='center', alignVert=method-wrapper(...), anchorHoriz='center', anchorVert='center', antialias=True, autoLog=True, bold=False, color='white', colorSpace='named', contrast=1.0, depth=0.0, flipHoriz=False, flipVert=False, font='Arial', fontFiles=[], height=0.1, italic=False, languageStyle='LTR', name='instructions', opacity=1.0, ori=0, pos=array([0., 0.]), rgb=array([255., 255., 255.]), text=str(...), units='height', win=Window(...), wrapWidth=1)
12.2138 	EXP 	Sound stimulitrain1 set volume 1.000
12.2168 	EXP 	Created imagetrain1 = ImageStim(__class__=<class 'psychopy.visual.image.ImageStim'>, autoLog=True, color=array([1., 1., 1.]), colorSpace='rgb', contrast=1.0, depth=-1.0, flipHoriz=False, flipVert=False, image='sin', interpolate=True, mask=None, maskParams=None, name='imagetrain1', opacity=1.0, ori=0.0, pos=array([0., 0.]), size=array([0.5, 0.5]), texRes=128, units='height', win=Window(...))
12.2170 	EXP 	Sound stimulitest1 set volume 1.000
12.2187 	EXP 	Created correct = ImageStim(__class__=<class 'psychopy.visual.image.ImageStim'>, autoLog=True, color=array([1., 1., 1.]), colorSpace='rgb', contrast=1.0, depth=-1.0, flipHoriz=False, flipVert=False, image='sin', interpolate=True, mask=None, maskParams=None, name='correct', opacity=1.0, ori=0.0, pos=array([0., 0.]), size=array([0.5, 0.5]), texRes=128, units='height', win=Window(...))
12.2215 	EXP 	Created incorrect = ImageStim(__class__=<class 'psychopy.visual.image.ImageStim'>, autoLog=True, color=array([1., 1., 1.]), colorSpace='rgb', contrast=1.0, depth=-2.0, flipHoriz=False, flipVert=False, image='sin', interpolate=True, mask=None, maskParams=None, name='incorrect', opacity=1.0, ori=0.0, pos=array([0., 0.]), size=array([0.5, 0.5]), texRes=128, units='height', win=Window(...))
12.2581 	EXP 	Created notice = TextStim(__class__=<class 'psychopy.visual.text.TextStim'>, alignHoriz=method-wrapper(...), alignText='center', alignVert=method-wrapper(...), anchorHoriz='center', anchorVert='center', antialias=True, autoLog=True, bold=False, color='white', colorSpace='named', contrast=1.0, depth=0.0, flipHoriz=False, flipVert=False, font='Arial', fontFiles=[], height=0.05, italic=False, languageStyle='LTR', name='notice', opacity=1.0, ori=0, pos=array([0., 0.]), rgb=array([255., 255., 255.]), text=str(...), units='height', win=Window(...), wrapWidth=1)
12.2583 	EXP 	Sound stimulitrain2 set volume 1.000
12.2603 	EXP 	Created imagetrain2 = ImageStim(__class__=<class 'psychopy.visual.image.ImageStim'>, autoLog=True, color=array([1., 1., 1.]), colorSpace='rgb', contrast=1.0, depth=-1.0, flipHoriz=False, flipVert=False, image='sin', interpolate=True, mask=None, maskParams=None, name='imagetrain2', opacity=1.0, ori=0.0, pos=array([0., 0.]), size=array([0.5, 0.5]), texRes=128, units='height', win=Window(...))
12.2606 	EXP 	Sound stimulitest2 set volume 1.000
12.2653 	EXP 	Created correct2 = ImageStim(__class__=<class 'psychopy.visual.image.ImageStim'>, autoLog=True, color=array([1., 1., 1.]), colorSpace='rgb', contrast=1.0, depth=-2.0, flipHoriz=False, flipVert=False, image='sin', interpolate=True, mask=None, maskParams=None, name='correct2', opacity=1.0, ori=0.0, pos=array([0., 0.]), size=array([0.5, 0.5]), texRes=128, units='height', win=Window(...))
12.2684 	EXP 	Created incorrect2 = ImageStim(__class__=<class 'psychopy.visual.image.ImageStim'>, autoLog=True, color=array([1., 1., 1.]), colorSpace='rgb', contrast=1.0, depth=-3.0, flipHoriz=False, flipVert=False, image='sin', interpolate=True, mask=None, maskParams=None, name='incorrect2', opacity=1.0, ori=0.0, pos=array([0., 0.]), size=array([0.5, 0.5]), texRes=128, units='height', win=Window(...))
12.2940 	EXP 	Created test1Instr = TextStim(__class__=<class 'psychopy.visual.text.TextStim'>, alignHoriz=method-wrapper(...), alignText='center', alignVert=method-wrapper(...), anchorHoriz='center', anchorVert='center', antialias=True, autoLog=True, bold=False, color='white', colorSpace='named', contrast=1.0, depth=0.0, flipHoriz=False, flipVert=False, font='Arial', fontFiles=[], height=0.1, italic=False, languageStyle='LTR', name='test1Instr', opacity=1.0, ori=0, pos=array([0. , 0.5]), rgb=array([255., 255., 255.]), text='Instructions For Test1 Go Here', units='height', win=Window(...), wrapWidth=1)
12.3082 	EXP 	Created oneWarningTest1 = TextStim(__class__=<class 'psychopy.visual.text.TextStim'>, alignHoriz=method-wrapper(...), alignText='center', alignVert=method-wrapper(...), anchorHoriz='center', anchorVert='center', antialias=True, autoLog=True, bold=False, color='white', colorSpace='named', contrast=1.0, depth=-2.0, flipHoriz=False, flipVert=False, font='Arial', fontFiles=[], height=0.1, italic=False, languageStyle='LTR', name='oneWarningTest1', opacity=1.0, ori=0, pos=array([ 0. , -0.5]), rgb=array([255., 255., 255.]), text='Less than 1 minute left', units='height', win=Window(...), wrapWidth=1)
12.3176 	EXP 	Created twoWarningTest1 = TextStim(__class__=<class 'psychopy.visual.text.TextStim'>, alignHoriz=method-wrapper(...), alignText='center', alignVert=method-wrapper(...), anchorHoriz='center', anchorVert='center', antialias=True, autoLog=True, bold=False, color='white', colorSpace='named', contrast=1.0, depth=-3.0, flipHoriz=False, flipVert=False, font='Arial', fontFiles=[], height=0.1, italic=False, languageStyle='LTR', name='twoWarningTest1', opacity=1.0, ori=0, pos=array([ 0. , -0.5]), rgb=array([255., 255., 255.]), text='Less than 2 minutes left', units='height', win=Window(...), wrapWidth=1)
12.3177 	EXP 	Sound test1Audio1 set volume 1.000
12.3179 	EXP 	Sound test1Audio2 set volume 1.000
12.3197 	EXP 	Created test1Image = ImageStim(__class__=<class 'psychopy.visual.image.ImageStim'>, autoLog=True, color=array([1., 1., 1.]), colorSpace='rgb', contrast=1.0, depth=-3.0, flipHoriz=False, flipVert=False, image='sin', interpolate=True, mask=None, maskParams=None, name='test1Image', opacity=1.0, ori=0.0, pos=array([0., 0.]), size=array([0.5, 0.5]), texRes=128, units='height', win=Window(...))
12.3260 	EXP 	Created test2Instr = TextStim(__class__=<class 'psychopy.visual.text.TextStim'>, alignHoriz=method-wrapper(...), alignText='center', alignVert=method-wrapper(...), anchorHoriz='center', anchorVert='center', antialias=True, autoLog=True, bold=False, color='white', colorSpace='named', contrast=1.0, depth=0.0, flipHoriz=False, flipVert=False, font='Arial', fontFiles=[], height=0.1, italic=False, languageStyle='LTR', name='test2Instr', opacity=1.0, ori=0, pos=array([0., 0.]), rgb=array([255., 255., 255.]), text='Instructions For Test2 Go Here', units='height', win=Window(...), wrapWidth=1)
12.3261 	EXP 	Sound test2Audio1 set volume 1.000
12.3262 	EXP 	Sound test2Audio2 set volume 1.000
12.3308 	EXP 	Created test2Image = ImageStim(__class__=<class 'psychopy.visual.image.ImageStim'>, autoLog=True, color=array([1., 1., 1.]), colorSpace='rgb', contrast=1.0, depth=-2.0, flipHoriz=False, flipVert=False, image='sin', interpolate=True, mask=None, maskParams=None, name='test2Image', opacity=1.0, ori=0.0, pos=array([0., 0.]), size=array([0.5, 0.5]), texRes=128, units='height', win=Window(...))
12.3432 	EXP 	Created test3Instr = TextStim(__class__=<class 'psychopy.visual.text.TextStim'>, alignHoriz=method-wrapper(...), alignText='center', alignVert=method-wrapper(...), anchorHoriz='center', anchorVert='center', antialias=True, autoLog=True, bold=False, color='white', colorSpace='named', contrast=1.0, depth=0.0, flipHoriz=False, flipVert=False, font='Arial', fontFiles=[], height=0.1, italic=False, languageStyle='LTR', name='test3Instr', opacity=1.0, ori=0, pos=array([0., 0.]), rgb=array([255., 255., 255.]), text='Instructions For Test3 Go Here\n', units='height', win=Window(...), wrapWidth=1)
12.3434 	EXP 	Sound test3Audio1 set volume 1.000
12.3434 	EXP 	Sound test3Audio2 set volume 1.000
12.3455 	EXP 	Created test3Image = ImageStim(__class__=<class 'psychopy.visual.image.ImageStim'>, autoLog=True, color=array([1., 1., 1.]), colorSpace='rgb', contrast=1.0, depth=-2.0, flipHoriz=False, flipVert=False, image='sin', interpolate=True, mask=None, maskParams=None, name='test3Image', opacity=1.0, ori=0.0, pos=array([0., 0.]), size=array([0.5, 0.5]), texRes=128, units='height', win=Window(...))
12.3678 	EXP 	Created postTestText = TextStim(__class__=<class 'psychopy.visual.text.TextStim'>, alignHoriz=method-wrapper(...), alignText='center', alignVert=method-wrapper(...), anchorHoriz='center', anchorVert='center', antialias=True, autoLog=True, bold=False, color='white', colorSpace='named', contrast=1.0, depth=0.0, flipHoriz=False, flipVert=False, font='Arial', fontFiles=[], height=0.1, italic=False, languageStyle='LTR', name='postTestText', opacity=1.0, ori=0, pos=array([0., 0.]), rgb=array([255., 255., 255.]), text=str(...), units='height', win=Window(...), wrapWidth=1)
12.3848 	EXP 	Created text = TextStim(__class__=<class 'psychopy.visual.text.TextStim'>, alignHoriz=method-wrapper(...), alignText='center', alignVert=method-wrapper(...), anchorHoriz='center', anchorVert='center', antialias=True, autoLog=True, bold=False, color='white', colorSpace='named', contrast=1.0, depth=0.0, flipHoriz=False, flipVert=False, font='Arial', fontFiles=[], height=0.1, italic=False, languageStyle='LTR', name='text', opacity=1.0, ori=0, pos=array([0., 0.]), rgb=array([255., 255., 255.]), text=str(...), units='height', win=Window(...), wrapWidth=1)
12.4211 	EXP 	instructions: autoDraw = True
13.8224 	EXP 	Imported autoConditions\train1LoopCondition.xlsx as conditions, 9 conditions, 2 params
13.8227 	EXP 	Created sequence: sequential, trialTypes=9, nReps=0, seed=None
13.8254 	DATA 	Keypress: a
13.8303 	EXP 	instructions: autoDraw = False
13.8303 	EXP 	notice: autoDraw = True
14.6240 	EXP 	Imported autoConditions\train2LoopCondition.xlsx as conditions, 3 conditions, 2 params
14.6244 	EXP 	Created sequence: sequential, trialTypes=3, nReps=0, seed=None
14.6359 	DATA 	Keypress: a
14.6411 	EXP 	notice: autoDraw = False
14.6411 	EXP 	test1Instr: autoDraw = True
15.3891 	EXP 	Imported autoConditions\test1Conditions.xlsx as conditions, 54 conditions, 4 params
15.3894 	EXP 	Created sequence: sequential, trialTypes=54, nReps=1, seed=None
15.3897 	EXP 	New trial (rep=0, index=0): OrderedDict([('firstAudio', 'trainingaudio/20_tatito3.wav'), ('secondAudio', 'trainingaudio/20_tatito1.wav'), ('imageLoc', 'pngimages/20_pizza.png'), ('whichAudio', 2)])
15.4497 	DATA 	Keypress: a
15.4549 	EXP 	test1Instr: autoDraw = False
15.4549 	EXP 	oneWarningTest1: autoDraw = False
15.4549 	EXP 	twoWarningTest1: autoDraw = False
15.4549 	EXP 	test1Image: image = 'pngimages/20_pizza.png'
15.4549 	EXP 	test1Image: autoDraw = True
19.1984 	EXP 	New trial (rep=0, index=1): OrderedDict([('firstAudio', 'trainingaudio/14_pokoto1.wav'), ('secondAudio', 'trainingaudio/14_pokoto2.wav'), ('imageLoc', 'pngimages/14_coffee.png'), ('whichAudio', 1)])
19.2212 	DATA 	Keypress: j
19.2263 	EXP 	test1Image: autoDraw = False
19.2263 	EXP 	test1Image: image = 'pngimages/14_coffee.png'
19.2263 	EXP 	test1Image: autoDraw = True
22.3656 	DATA 	Keypress: j
22.3805 	EXP 	New trial (rep=0, index=2): OrderedDict([('firstAudio', 'trainingaudio/24_takopa3.wav'), ('secondAudio', 'trainingaudio/24_takopa1.wav'), ('imageLoc', 'pngimages/24_banana.png'), ('whichAudio', 2)])
22.4570 	EXP 	test1Image: autoDraw = False
22.4570 	EXP 	test1Image: image = 'pngimages/24_banana.png'
22.4570 	EXP 	test1Image: autoDraw = True
24.7656 	EXP 	New trial (rep=0, index=3): OrderedDict([('firstAudio', 'trainingaudio/26_kapako1.wav'), ('secondAudio', 'trainingaudio/26_kapako2.wav'), ('imageLoc', 'pngimages/26_pineapple.png'), ('whichAudio', 1)])
24.8016 	DATA 	Keypress: j
24.8092 	EXP 	test1Image: autoDraw = False
24.8092 	EXP 	test1Image: image = 'pngimages/26_pineapple.png'
24.8092 	EXP 	test1Image: autoDraw = True
26.8852 	EXP 	New trial (rep=0, index=4): OrderedDict([('firstAudio', 'trainingaudio/19_papipi2.wav'), ('secondAudio', 'trainingaudio/19_papipi1.wav'), ('imageLoc', 'pngimages/19_burger.png'), ('whichAudio', 2)])
26.9156 	DATA 	Keypress: j
26.9208 	EXP 	test1Image: autoDraw = False
26.9208 	EXP 	test1Image: image = 'pngimages/19_burger.png'
26.9208 	EXP 	test1Image: autoDraw = True
29.1051 	EXP 	New trial (rep=0, index=5): OrderedDict([('firstAudio', 'trainingaudio/15_kopota3.wav'), ('secondAudio', 'trainingaudio/15_kopota1.wav'), ('imageLoc', 'pngimages/15_barrel.png'), ('whichAudio', 1)])
29.1545 	DATA 	Keypress: j
29.1607 	EXP 	test1Image: autoDraw = False
29.1607 	EXP 	test1Image: image = 'pngimages/15_barrel.png'
29.1607 	EXP 	test1Image: autoDraw = True
31.3059 	EXP 	New trial (rep=0, index=6): OrderedDict([('firstAudio', 'trainingaudio/04_kitoti2.wav'), ('secondAudio', 'trainingaudio/04_kitoti1.wav'), ('imageLoc', 'pngimages/04_ladder.png'), ('whichAudio', 1)])
31.3229 	DATA 	Keypress: j
31.3286 	EXP 	test1Image: autoDraw = False
31.3286 	EXP 	test1Image: image = 'pngimages/04_ladder.png'
31.3286 	EXP 	test1Image: autoDraw = True
33.4907 	EXP 	New trial (rep=0, index=7): OrderedDict([('firstAudio', 'trainingaudio/16_kotapi2.wav'), ('secondAudio', 'trainingaudio/16_kotapi1.wav'), ('imageLoc', 'pngimages/16_icecream.png'), ('whichAudio', 1)])
33.5101 	DATA 	Keypress: f
33.5166 	EXP 	test1Image: autoDraw = False
33.5166 	EXP 	test1Image: image = 'pngimages/16_icecream.png'
33.5166 	EXP 	test1Image: autoDraw = True
35.6516 	EXP 	New trial (rep=0, index=8): OrderedDict([('firstAudio', 'trainingaudio/25_tapapi1.wav'), ('secondAudio', 'trainingaudio/25_tapapi2.wav'), ('imageLoc', 'pngimages/25_apple.png'), ('whichAudio', 1)])
35.6764 	DATA 	Keypress: f
35.6821 	EXP 	test1Image: autoDraw = False
35.6821 	EXP 	test1Image: image = 'pngimages/25_apple.png'
35.6821 	EXP 	test1Image: autoDraw = True
37.9423 	DATA 	Keypress: j
37.9613 	EXP 	New trial (rep=0, index=9): OrderedDict([('firstAudio', 'trainingaudio/06_titoka2.wav'), ('secondAudio', 'trainingaudio/06_titoka3.wav'), ('imageLoc', 'pngimages/06_tent.png'), ('whichAudio', 2)])
37.9891 	EXP 	test1Image: autoDraw = False
37.9891 	EXP 	test1Image: image = 'pngimages/06_tent.png'
37.9891 	EXP 	test1Image: autoDraw = True
40.0142 	EXP 	New trial (rep=0, index=10): OrderedDict([('firstAudio', 'trainingaudio/18_popata2.wav'), ('secondAudio', 'trainingaudio/18_popata1.wav'), ('imageLoc', 'pngimages/18_donut.png'), ('whichAudio', 1)])
40.0398 	DATA 	Keypress: j
40.0451 	EXP 	test1Image: autoDraw = False
40.0451 	EXP 	test1Image: image = 'pngimages/18_donut.png'
40.0451 	EXP 	test1Image: autoDraw = True
42.0828 	EXP 	New trial (rep=0, index=11): OrderedDict([('firstAudio', 'trainingaudio/12_pokika1.wav'), ('secondAudio', 'trainingaudio/12_pokika3.wav'), ('imageLoc', 'pngimages/12_pie.png'), ('whichAudio', 2)])
42.1837 	DATA 	Keypress: f
42.1892 	EXP 	test1Image: autoDraw = False
42.1892 	EXP 	test1Image: image = 'pngimages/12_pie.png'
42.1892 	EXP 	test1Image: autoDraw = True
44.3339 	EXP 	New trial (rep=0, index=12): OrderedDict([('firstAudio', 'trainingaudio/13_kopopi1.wav'), ('secondAudio', 'trainingaudio/13_kopopi2.wav'), ('imageLoc', 'pngimages/13_toast.png'), ('whichAudio', 1)])
44.3591 	DATA 	Keypress: j
44.3648 	EXP 	test1Image: autoDraw = False
44.3648 	EXP 	test1Image: image = 'pngimages/13_toast.png'
44.3648 	EXP 	test1Image: autoDraw = True
46.3846 	DATA 	Keypress: f
46.4034 	EXP 	New trial (rep=0, index=13): OrderedDict([('firstAudio', 'trainingaudio/23_patoko2.wav'), ('secondAudio', 'trainingaudio/23_patoko1.wav'), ('imageLoc', 'pngimages/23_lemon.png'), ('whichAudio', 2)])
46.4310 	EXP 	test1Image: autoDraw = False
46.4310 	EXP 	test1Image: image = 'pngimages/23_lemon.png'
46.4310 	EXP 	test1Image: autoDraw = True
48.4717 	EXP 	New trial (rep=0, index=14): OrderedDict([('firstAudio', 'trainingaudio/08_tipako2.wav'), ('secondAudio', 'trainingaudio/08_tipako1.wav'), ('imageLoc', 'pngimages/08_bell.png'), ('whichAudio', 1)])
48.4989 	DATA 	Keypress: j
48.5049 	EXP 	test1Image: autoDraw = False
48.5049 	EXP 	test1Image: image = 'pngimages/08_bell.png'
48.5049 	EXP 	test1Image: autoDraw = True
50.5880 	EXP 	New trial (rep=0, index=15): OrderedDict([('firstAudio', 'trainingaudio/09_tipata2.wav'), ('secondAudio', 'trainingaudio/09_tipata3.wav'), ('imageLoc', 'pngimages/09_plane.png'), ('whichAudio', 1)])
50.6259 	DATA 	Keypress: f
50.6318 	EXP 	test1Image: autoDraw = False
50.6318 	EXP 	test1Image: image = 'pngimages/09_plane.png'
50.6318 	EXP 	test1Image: autoDraw = True
52.7074 	EXP 	New trial (rep=0, index=16): OrderedDict([('firstAudio', 'trainingaudio/21_papika1.wav'), ('secondAudio', 'trainingaudio/21_papika3.wav'), ('imageLoc', 'pngimages/21_cheese.png'), ('whichAudio', 1)])
52.7564 	DATA 	Keypress: f
52.7622 	EXP 	test1Image: autoDraw = False
52.7622 	EXP 	test1Image: image = 'pngimages/21_cheese.png'
52.7622 	EXP 	test1Image: autoDraw = True
54.6213 	DATA 	Keypress: j
55.1436 	EXP 	New trial (rep=0, index=17): OrderedDict([('firstAudio', 'trainingaudio/10_tokiti1.wav'), ('secondAudio', 'trainingaudio/10_tokiti3.wav'), ('imageLoc', 'pngimages/10_backpack.png'), ('whichAudio', 1)])
55.1687 	DATA 	Keypress: j
55.1760 	EXP 	test1Image: autoDraw = False
55.1760 	EXP 	test1Image: image = 'pngimages/10_backpack.png'
55.1760 	EXP 	test1Image: autoDraw = True
57.3161 	EXP 	New trial (rep=0, index=18): OrderedDict([('firstAudio', 'trainingaudio/05_titopo1.wav'), ('secondAudio', 'trainingaudio/05_titopo2.wav'), ('imageLoc', 'pngimages/05_megaphone.png'), ('whichAudio', 2)])
57.3434 	DATA 	Keypress: j
57.3489 	EXP 	test1Image: autoDraw = False
57.3489 	EXP 	test1Image: image = 'pngimages/05_megaphone.png'
57.3489 	EXP 	test1Image: autoDraw = True
59.4988 	EXP 	New trial (rep=0, index=19): OrderedDict([('firstAudio', 'trainingaudio/07_pitapi2.wav'), ('secondAudio', 'trainingaudio/07_pitapi3.wav'), ('imageLoc', 'pngimages/07_suitcase.png'), ('whichAudio', 1)])
59.5209 	DATA 	Keypress: f
59.5259 	EXP 	test1Image: autoDraw = False
59.5259 	EXP 	test1Image: image = 'pngimages/07_suitcase.png'
59.5259 	EXP 	test1Image: autoDraw = True
61.7326 	EXP 	New trial (rep=0, index=20): OrderedDict([('firstAudio', 'trainingaudio/17_kotako1.wav'), ('secondAudio', 'trainingaudio/17_kotako2.wav'), ('imageLoc', 'pngimages/17_cracker.png'), ('whichAudio', 2)])
61.7533 	DATA 	Keypress: j
61.7595 	EXP 	test1Image: autoDraw = False
61.7595 	EXP 	test1Image: image = 'pngimages/17_cracker.png'
61.7595 	EXP 	test1Image: autoDraw = True
63.9158 	EXP 	New trial (rep=0, index=21): OrderedDict([('firstAudio', 'trainingaudio/11_tokiko2.wav'), ('secondAudio', 'trainingaudio/11_tokiko1.wav'), ('imageLoc', 'pngimages/11_compass.png'), ('whichAudio', 2)])
63.9426 	DATA 	Keypress: f
63.9480 	EXP 	test1Image: autoDraw = False
63.9480 	EXP 	test1Image: image = 'pngimages/11_compass.png'
63.9480 	EXP 	test1Image: autoDraw = True
66.1026 	EXP 	New trial (rep=0, index=22): OrderedDict([('firstAudio', 'trainingaudio/02_pitito3.wav'), ('secondAudio', 'trainingaudio/02_pitito2.wav'), ('imageLoc', 'pngimages/02_pallet.png'), ('whichAudio', 1)])
66.1327 	DATA 	Keypress: j
66.1386 	EXP 	test1Image: autoDraw = False
66.1386 	EXP 	test1Image: image = 'pngimages/02_pallet.png'
66.1386 	EXP 	test1Image: autoDraw = True
68.1708 	EXP 	New trial (rep=0, index=23): OrderedDict([('firstAudio', 'trainingaudio/03_kikita2.wav'), ('secondAudio', 'trainingaudio/03_kikita3.wav'), ('imageLoc', 'pngimages/03_box.png'), ('whichAudio', 2)])
68.2021 	DATA 	Keypress: f
68.2086 	EXP 	test1Image: autoDraw = False
68.2086 	EXP 	test1Image: image = 'pngimages/03_box.png'
68.2086 	EXP 	test1Image: autoDraw = True
70.4261 	EXP 	New trial (rep=0, index=24): OrderedDict([('firstAudio', 'trainingaudio/01_kitipi1.wav'), ('secondAudio', 'trainingaudio/01_kitipi3.wav'), ('imageLoc', 'pngimages/01_gift.png'), ('whichAudio', 1)])
70.4816 	DATA 	Keypress: j
70.4867 	EXP 	test1Image: autoDraw = False
70.4867 	EXP 	test1Image: image = 'pngimages/01_gift.png'
70.4867 	EXP 	test1Image: autoDraw = True
72.9147 	EXP 	New trial (rep=0, index=25): OrderedDict([('firstAudio', 'trainingaudio/27_pakapa1.wav'), ('secondAudio', 'trainingaudio/27_pakapa2.wav'), ('imageLoc', 'pngimages/27_kiwi.png'), ('whichAudio', 1)])
72.9434 	DATA 	Keypress: f
72.9498 	EXP 	test1Image: autoDraw = False
72.9498 	EXP 	test1Image: image = 'pngimages/27_kiwi.png'
72.9498 	EXP 	test1Image: autoDraw = True
75.1919 	EXP 	New trial (rep=0, index=26): OrderedDict([('firstAudio', 'trainingaudio/22_kakoki2.wav'), ('secondAudio', 'trainingaudio/22_kakoki1.wav'), ('imageLoc', 'pngimages/22_egg.png'), ('whichAudio', 2)])
75.2617 	DATA 	Keypress: j
75.2719 	EXP 	test1Image: autoDraw = False
75.2719 	EXP 	test1Image: image = 'pngimages/22_egg.png'
75.2719 	EXP 	test1Image: autoDraw = True
77.3794 	EXP 	New trial (rep=0, index=27): OrderedDict([('firstAudio', 'trainingaudio/12_pokika3.wav'), ('secondAudio', 'trainingaudio/12_pokika2.wav'), ('imageLoc', 'pngimages/12_pie.png'), ('whichAudio', 1)])
77.4488 	DATA 	Keypress: j
77.4555 	EXP 	test1Image: autoDraw = False
77.4555 	EXP 	test1Image: image = 'pngimages/12_pie.png'
77.4555 	EXP 	test1Image: autoDraw = True
79.5463 	EXP 	New trial (rep=0, index=28): OrderedDict([('firstAudio', 'trainingaudio/26_kapako1.wav'), ('secondAudio', 'trainingaudio/26_kapako3.wav'), ('imageLoc', 'pngimages/26_pineapple.png'), ('whichAudio', 1)])
79.5811 	DATA 	Keypress: f
79.5863 	EXP 	test1Image: autoDraw = False
79.5863 	EXP 	test1Image: image = 'pngimages/26_pineapple.png'
79.5863 	EXP 	test1Image: autoDraw = True
81.5118 	DATA 	Keypress: j
81.9991 	EXP 	New trial (rep=0, index=29): OrderedDict([('firstAudio', 'trainingaudio/03_kikita3.wav'), ('secondAudio', 'trainingaudio/03_kikita2.wav'), ('imageLoc', 'pngimages/03_box.png'), ('whichAudio', 1)])
82.0150 	DATA 	Keypress: j
82.0207 	EXP 	test1Image: autoDraw = False
82.0207 	EXP 	test1Image: image = 'pngimages/03_box.png'
82.0207 	EXP 	test1Image: autoDraw = True
84.3177 	EXP 	New trial (rep=0, index=30): OrderedDict([('firstAudio', 'trainingaudio/25_tapapi3.wav'), ('secondAudio', 'trainingaudio/25_tapapi1.wav'), ('imageLoc', 'pngimages/25_apple.png'), ('whichAudio', 2)])
84.3441 	DATA 	Keypress: f
84.3496 	EXP 	test1Image: autoDraw = False
84.3496 	EXP 	test1Image: image = 'pngimages/25_apple.png'
84.3496 	EXP 	test1Image: autoDraw = True
86.6713 	EXP 	New trial (rep=0, index=31): OrderedDict([('firstAudio', 'trainingaudio/16_kotapi2.wav'), ('secondAudio', 'trainingaudio/16_kotapi1.wav'), ('imageLoc', 'pngimages/16_icecream.png'), ('whichAudio', 1)])
86.6823 	DATA 	Keypress: j
86.6877 	EXP 	test1Image: autoDraw = False
86.6877 	EXP 	test1Image: image = 'pngimages/16_icecream.png'
86.6877 	EXP 	test1Image: autoDraw = True
88.8198 	EXP 	New trial (rep=0, index=32): OrderedDict([('firstAudio', 'trainingaudio/11_tokiko2.wav'), ('secondAudio', 'trainingaudio/11_tokiko1.wav'), ('imageLoc', 'pngimages/11_compass.png'), ('whichAudio', 2)])
88.8369 	DATA 	Keypress: j
88.8458 	EXP 	test1Image: autoDraw = False
88.8458 	EXP 	test1Image: image = 'pngimages/11_compass.png'
88.8458 	EXP 	test1Image: autoDraw = True
90.9549 	EXP 	New trial (rep=0, index=33): OrderedDict([('firstAudio', 'trainingaudio/19_papipi2.wav'), ('secondAudio', 'trainingaudio/19_papipi1.wav'), ('imageLoc', 'pngimages/19_burger.png'), ('whichAudio', 2)])
90.9723 	DATA 	Keypress: f
90.9812 	EXP 	test1Image: autoDraw = False
90.9812 	EXP 	test1Image: image = 'pngimages/19_burger.png'
90.9812 	EXP 	test1Image: autoDraw = True
93.1434 	EXP 	New trial (rep=0, index=34): OrderedDict([('firstAudio', 'trainingaudio/20_tatito3.wav'), ('secondAudio', 'trainingaudio/20_tatito1.wav'), ('imageLoc', 'pngimages/20_pizza.png'), ('whichAudio', 2)])
93.1714 	DATA 	Keypress: j
93.1780 	EXP 	test1Image: autoDraw = False
93.1780 	EXP 	test1Image: image = 'pngimages/20_pizza.png'
93.1780 	EXP 	test1Image: autoDraw = True
95.3093 	EXP 	New trial (rep=0, index=35): OrderedDict([('firstAudio', 'trainingaudio/04_kitoti2.wav'), ('secondAudio', 'trainingaudio/04_kitoti3.wav'), ('imageLoc', 'pngimages/04_ladder.png'), ('whichAudio', 1)])
95.3369 	DATA 	Keypress: f
95.3426 	EXP 	test1Image: autoDraw = False
95.3426 	EXP 	test1Image: image = 'pngimages/04_ladder.png'
95.3426 	EXP 	test1Image: autoDraw = True
97.4128 	EXP 	New trial (rep=0, index=36): OrderedDict([('firstAudio', 'trainingaudio/13_kopopi2.wav'), ('secondAudio', 'trainingaudio/13_kopopi1.wav'), ('imageLoc', 'pngimages/13_toast.png'), ('whichAudio', 2)])
97.4276 	DATA 	Keypress: j
97.4334 	EXP 	test1Image: autoDraw = False
97.4334 	EXP 	test1Image: image = 'pngimages/13_toast.png'
97.4334 	EXP 	test1Image: autoDraw = True
99.6030 	EXP 	New trial (rep=0, index=37): OrderedDict([('firstAudio', 'trainingaudio/07_pitapi1.wav'), ('secondAudio', 'trainingaudio/07_pitapi2.wav'), ('imageLoc', 'pngimages/07_suitcase.png'), ('whichAudio', 2)])
99.6456 	DATA 	Keypress: f
99.6512 	EXP 	test1Image: autoDraw = False
99.6512 	EXP 	test1Image: image = 'pngimages/07_suitcase.png'
99.6512 	EXP 	test1Image: autoDraw = True
101.8659 	EXP 	New trial (rep=0, index=38): OrderedDict([('firstAudio', 'trainingaudio/10_tokiti1.wav'), ('secondAudio', 'trainingaudio/10_tokiti2.wav'), ('imageLoc', 'pngimages/10_backpack.png'), ('whichAudio', 1)])
101.8898 	DATA 	Keypress: j
101.8948 	EXP 	test1Image: autoDraw = False
101.8948 	EXP 	test1Image: image = 'pngimages/10_backpack.png'
101.8948 	EXP 	test1Image: autoDraw = True
104.0326 	DATA 	Keypress: f
104.0511 	EXP 	New trial (rep=0, index=39): OrderedDict([('firstAudio', 'trainingaudio/08_tipako1.wav'), ('secondAudio', 'trainingaudio/08_tipako2.wav'), ('imageLoc', 'pngimages/08_bell.png'), ('whichAudio', 2)])
104.0739 	EXP 	test1Image: autoDraw = False
104.0739 	EXP 	test1Image: image = 'pngimages/08_bell.png'
104.0739 	EXP 	test1Image: autoDraw = True
106.6182 	EXP 	New trial (rep=0, index=40): OrderedDict([('firstAudio', 'trainingaudio/14_pokoto1.wav'), ('secondAudio', 'trainingaudio/14_pokoto2.wav'), ('imageLoc', 'pngimages/14_coffee.png'), ('whichAudio', 1)])
106.6321 	DATA 	Keypress: j
106.6385 	EXP 	test1Image: autoDraw = False
106.6385 	EXP 	test1Image: image = 'pngimages/14_coffee.png'
106.6385 	EXP 	test1Image: autoDraw = True
109.1384 	DATA 	Keypress: f
109.1534 	EXP 	New trial (rep=0, index=41): OrderedDict([('firstAudio', 'trainingaudio/02_pitito3.wav'), ('secondAudio', 'trainingaudio/02_pitito1.wav'), ('imageLoc', 'pngimages/02_pallet.png'), ('whichAudio', 1)])
109.1828 	EXP 	test1Image: autoDraw = False
109.1828 	EXP 	test1Image: image = 'pngimages/02_pallet.png'
109.1828 	EXP 	test1Image: autoDraw = True
119.1755 	EXP 	New trial (rep=0, index=42): OrderedDict([('firstAudio', 'trainingaudio/09_tipata2.wav'), ('secondAudio', 'trainingaudio/09_tipata3.wav'), ('imageLoc', 'pngimages/09_plane.png'), ('whichAudio', 1)])
119.2244 	EXP 	test1Image: autoDraw = False
119.2244 	EXP 	test1Image: autoDraw = False
119.2244 	EXP 	test1Image: image = 'pngimages/09_plane.png'
119.2244 	EXP 	test1Image: autoDraw = True
129.2177 	EXP 	New trial (rep=0, index=43): OrderedDict([('firstAudio', 'trainingaudio/05_titopo2.wav'), ('secondAudio', 'trainingaudio/05_titopo3.wav'), ('imageLoc', 'pngimages/05_megaphone.png'), ('whichAudio', 1)])
129.2498 	EXP 	test1Image: autoDraw = False
129.2498 	EXP 	test1Image: autoDraw = False
129.2498 	EXP 	test1Image: image = 'pngimages/05_megaphone.png'
129.2498 	EXP 	test1Image: autoDraw = True
130.3700 	DATA 	Keypress: j
131.3874 	DATA 	Keypress: j
131.4059 	EXP 	New trial (rep=0, index=44): OrderedDict([('firstAudio', 'trainingaudio/27_pakapa2.wav'), ('secondAudio', 'trainingaudio/27_pakapa1.wav'), ('imageLoc', 'pngimages/27_kiwi.png'), ('whichAudio', 2)])
131.4263 	EXP 	test1Image: autoDraw = False
131.4263 	EXP 	test1Image: image = 'pngimages/27_kiwi.png'
131.4263 	EXP 	test1Image: autoDraw = True
133.5427 	EXP 	New trial (rep=0, index=45): OrderedDict([('firstAudio', 'trainingaudio/17_kotako1.wav'), ('secondAudio', 'trainingaudio/17_kotako2.wav'), ('imageLoc', 'pngimages/17_cracker.png'), ('whichAudio', 2)])
133.5563 	DATA 	Keypress: f
133.5619 	EXP 	test1Image: autoDraw = False
133.5619 	EXP 	test1Image: image = 'pngimages/17_cracker.png'
133.5619 	EXP 	test1Image: autoDraw = True
135.7586 	EXP 	New trial (rep=0, index=46): OrderedDict([('firstAudio', 'trainingaudio/22_kakoki1.wav'), ('secondAudio', 'trainingaudio/22_kakoki2.wav'), ('imageLoc', 'pngimages/22_egg.png'), ('whichAudio', 1)])
135.8185 	DATA 	Keypress: j
135.8241 	EXP 	test1Image: autoDraw = False
135.8241 	EXP 	test1Image: image = 'pngimages/22_egg.png'
135.8241 	EXP 	test1Image: autoDraw = True
138.0274 	DATA 	Keypress: f
138.0453 	EXP 	New trial (rep=0, index=47): OrderedDict([('firstAudio', 'trainingaudio/24_takopa3.wav'), ('secondAudio', 'trainingaudio/24_takopa1.wav'), ('imageLoc', 'pngimages/24_banana.png'), ('whichAudio', 2)])
138.1303 	EXP 	test1Image: autoDraw = False
138.1303 	EXP 	test1Image: image = 'pngimages/24_banana.png'
138.1303 	EXP 	test1Image: autoDraw = True
140.2787 	EXP 	New trial (rep=0, index=48): OrderedDict([('firstAudio', 'trainingaudio/23_patoko2.wav'), ('secondAudio', 'trainingaudio/23_patoko1.wav'), ('imageLoc', 'pngimages/23_lemon.png'), ('whichAudio', 2)])
140.2918 	DATA 	Keypress: j
140.2972 	EXP 	test1Image: autoDraw = False
140.2972 	EXP 	test1Image: image = 'pngimages/23_lemon.png'
140.2972 	EXP 	test1Image: autoDraw = True
142.4491 	EXP 	New trial (rep=0, index=49): OrderedDict([('firstAudio', 'trainingaudio/15_kopota3.wav'), ('secondAudio', 'trainingaudio/15_kopota2.wav'), ('imageLoc', 'pngimages/15_barrel.png'), ('whichAudio', 1)])
142.5207 	DATA 	Keypress: f
142.5261 	EXP 	test1Image: autoDraw = False
142.5261 	EXP 	test1Image: image = 'pngimages/15_barrel.png'
142.5261 	EXP 	test1Image: autoDraw = True
144.6995 	EXP 	New trial (rep=0, index=50): OrderedDict([('firstAudio', 'trainingaudio/06_titoka2.wav'), ('secondAudio', 'trainingaudio/06_titoka3.wav'), ('imageLoc', 'pngimages/06_tent.png'), ('whichAudio', 2)])
144.7148 	DATA 	Keypress: j
144.7201 	EXP 	test1Image: autoDraw = False
144.7201 	EXP 	test1Image: image = 'pngimages/06_tent.png'
144.7201 	EXP 	test1Image: autoDraw = True
146.9029 	EXP 	New trial (rep=0, index=51): OrderedDict([('firstAudio', 'trainingaudio/18_popata2.wav'), ('secondAudio', 'trainingaudio/18_popata3.wav'), ('imageLoc', 'pngimages/18_donut.png'), ('whichAudio', 1)])
146.9252 	DATA 	Keypress: j
146.9314 	EXP 	test1Image: autoDraw = False
146.9314 	EXP 	test1Image: image = 'pngimages/18_donut.png'
146.9314 	EXP 	test1Image: autoDraw = True
149.3029 	DATA 	Keypress: f
149.3203 	EXP 	New trial (rep=0, index=52): OrderedDict([('firstAudio', 'trainingaudio/21_papika1.wav'), ('secondAudio', 'trainingaudio/21_papika2.wav'), ('imageLoc', 'pngimages/21_cheese.png'), ('whichAudio', 1)])
149.3615 	EXP 	test1Image: autoDraw = False
149.3615 	EXP 	test1Image: image = 'pngimages/21_cheese.png'
149.3615 	EXP 	test1Image: autoDraw = True
151.5703 	DATA 	Keypress: j
151.5880 	EXP 	New trial (rep=0, index=53): OrderedDict([('firstAudio', 'trainingaudio/01_kitipi1.wav'), ('secondAudio', 'trainingaudio/01_kitipi2.wav'), ('imageLoc', 'pngimages/01_gift.png'), ('whichAudio', 1)])
151.6191 	EXP 	test1Image: autoDraw = False
151.6191 	EXP 	test1Image: image = 'pngimages/01_gift.png'
151.6191 	EXP 	test1Image: autoDraw = True
153.8616 	DATA 	Keypress: f
153.8703 	EXP 	test1Image: autoDraw = False
153.8703 	EXP 	test2Instr: autoDraw = True
159.4849 	DATA 	Mouse: Left button down, pos=(1123,719)
159.5453 	DATA 	Mouse:  Left button up, pos=(1123,719)
159.6817 	EXP 	Imported autoConditions\test2Conditions.xlsx as conditions, 54 conditions, 4 params
159.6837 	EXP 	Created sequence: random, trialTypes=54, nReps=1, seed=None
159.6841 	EXP 	New trial (rep=0, index=0): OrderedDict([('firstAudio', 'novelaudio/58_kipoki3.wav'), ('secondAudio', 'novelaudio/58_kipoki2.wav'), ('imageLoc', 'pngimages/58_nail.png'), ('whichAudio', 2)])
159.7060 	DATA 	Keypress: escape
159.7127 	EXP 	test2Instr: autoDraw = False
159.7127 	EXP 	test2Image: image = 'pngimages/58_nail.png'
159.7127 	EXP 	test2Image: autoDraw = True
160.3610 	DATA 	Keypress: escape
160.7184 	EXP 	window1: mouseVisible = True
