2.2085 	WARNING 	We strongly recommend you activate the PTB sound engine in PsychoPy prefs as the preferred audio engine. Its timing is vastly superior. Your prefs are currently set to use ['sounddevice', 'PTB', 'pyo', 'pygame'] (in that order).
10.3532 	WARNING 	User requested fullscreen with size [1024  768], but screen is actually [1920, 1200]. Using actual size
13.2981 	EXP 	Created window1 = Window(allowGUI=False, allowStencil=False, args=UNKNOWN, autoLog=True, bitsMode=UNKNOWN, blendMode='avg', bpc=(8, 8, 8), color=array([0., 0., 0.]), colorSpace='rgb', depthBits=8, fullscr=<method-wrapper '__getattribute__' of attributeSetter object at 0x00000192B9EAA908>, gamma=None, gammaErrorPolicy='raise', kwargs=UNKNOWN, lms=UNKNOWN, monitor=<psychopy.monitors.calibTools.Monitor object at 0x00000192BA254320>, multiSample=False, name='window1', numSamples=2, pos=[0.0, 0.0], screen=0, size=array([1920, 1200]), stencilBits=0, stereo=False, units='height', useFBO=True, useRetina=False, viewOri=0.0, viewPos=None, viewScale=None, waitBlanking=True, winType='pyglet')
13.2981 	EXP 	window1: recordFrameIntervals = False
13.4651 	EXP 	window1: recordFrameIntervals = True
13.5195 	WARNING 	t of last frame was 38.66ms (=1/25)
13.5445 	WARNING 	t of last frame was 25.09ms (=1/39)
13.6082 	WARNING 	t of last frame was 25.63ms (=1/39)
13.8683 	EXP 	window1: recordFrameIntervals = False
14.4219 	EXP 	Created instructions = TextStim(__class__=<class 'psychopy.visual.text.TextStim'>, alignHoriz=method-wrapper(...), alignText='center', alignVert=method-wrapper(...), anchorHoriz='center', anchorVert='center', antialias=True, autoLog=True, bold=False, color='white', colorSpace='named', contrast=1.0, depth=0.0, flipHoriz=False, flipVert=False, font='Arial', fontFiles=[], height=0.1, italic=False, languageStyle='LTR', name='instructions', opacity=1.0, ori=0, pos=array([0., 0.]), rgb=array([255., 255., 255.]), text=str(...), units='height', win=Window(...), wrapWidth=1)
14.4535 	EXP 	Sound stimulitrain1 set volume 1.000
14.4560 	EXP 	Created imagetrain1 = ImageStim(__class__=<class 'psychopy.visual.image.ImageStim'>, autoLog=True, color=array([1., 1., 1.]), colorSpace='rgb', contrast=1.0, depth=-1.0, flipHoriz=False, flipVert=False, image='sin', interpolate=True, mask=None, maskParams=None, name='imagetrain1', opacity=1.0, ori=0.0, pos=array([0., 0.]), size=array([0.5, 0.5]), texRes=128, units='height', win=Window(...))
14.4562 	EXP 	Sound stimulitest1 set volume 1.000
14.4585 	EXP 	Created correct = ImageStim(__class__=<class 'psychopy.visual.image.ImageStim'>, autoLog=True, color=array([1., 1., 1.]), colorSpace='rgb', contrast=1.0, depth=-1.0, flipHoriz=False, flipVert=False, image='sin', interpolate=True, mask=None, maskParams=None, name='correct', opacity=1.0, ori=0.0, pos=array([0., 0.]), size=array([0.5, 0.5]), texRes=128, units='height', win=Window(...))
14.4603 	EXP 	Created incorrect = ImageStim(__class__=<class 'psychopy.visual.image.ImageStim'>, autoLog=True, color=array([1., 1., 1.]), colorSpace='rgb', contrast=1.0, depth=-2.0, flipHoriz=False, flipVert=False, image='sin', interpolate=True, mask=None, maskParams=None, name='incorrect', opacity=1.0, ori=0.0, pos=array([0., 0.]), size=array([0.5, 0.5]), texRes=128, units='height', win=Window(...))
14.5011 	EXP 	Created notice = TextStim(__class__=<class 'psychopy.visual.text.TextStim'>, alignHoriz=method-wrapper(...), alignText='center', alignVert=method-wrapper(...), anchorHoriz='center', anchorVert='center', antialias=True, autoLog=True, bold=False, color='white', colorSpace='named', contrast=1.0, depth=0.0, flipHoriz=False, flipVert=False, font='Arial', fontFiles=[], height=0.05, italic=False, languageStyle='LTR', name='notice', opacity=1.0, ori=0, pos=array([0., 0.]), rgb=array([255., 255., 255.]), text=str(...), units='height', win=Window(...), wrapWidth=1)
14.5013 	EXP 	Sound stimulitrain2 set volume 1.000
14.5030 	EXP 	Created imagetrain2 = ImageStim(__class__=<class 'psychopy.visual.image.ImageStim'>, autoLog=True, color=array([1., 1., 1.]), colorSpace='rgb', contrast=1.0, depth=-1.0, flipHoriz=False, flipVert=False, image='sin', interpolate=True, mask=None, maskParams=None, name='imagetrain2', opacity=1.0, ori=0.0, pos=array([0., 0.]), size=array([0.5, 0.5]), texRes=128, units='height', win=Window(...))
14.5031 	EXP 	Sound stimulitest2 set volume 1.000
14.5070 	EXP 	Created correct2 = ImageStim(__class__=<class 'psychopy.visual.image.ImageStim'>, autoLog=True, color=array([1., 1., 1.]), colorSpace='rgb', contrast=1.0, depth=-2.0, flipHoriz=False, flipVert=False, image='sin', interpolate=True, mask=None, maskParams=None, name='correct2', opacity=1.0, ori=0.0, pos=array([0., 0.]), size=array([0.5, 0.5]), texRes=128, units='height', win=Window(...))
14.5089 	EXP 	Created incorrect2 = ImageStim(__class__=<class 'psychopy.visual.image.ImageStim'>, autoLog=True, color=array([1., 1., 1.]), colorSpace='rgb', contrast=1.0, depth=-3.0, flipHoriz=False, flipVert=False, image='sin', interpolate=True, mask=None, maskParams=None, name='incorrect2', opacity=1.0, ori=0.0, pos=array([0., 0.]), size=array([0.5, 0.5]), texRes=128, units='height', win=Window(...))
14.5288 	EXP 	Created test1Instr = TextStim(__class__=<class 'psychopy.visual.text.TextStim'>, alignHoriz=method-wrapper(...), alignText='center', alignVert=method-wrapper(...), anchorHoriz='center', anchorVert='center', antialias=True, autoLog=True, bold=False, color='white', colorSpace='named', contrast=1.0, depth=0.0, flipHoriz=False, flipVert=False, font='Arial', fontFiles=[], height=0.1, italic=False, languageStyle='LTR', name='test1Instr', opacity=1.0, ori=0, pos=array([0. , 0.5]), rgb=array([255., 255., 255.]), text='Instructions For Test1 Go Here', units='height', win=Window(...), wrapWidth=1)
14.5401 	EXP 	Created oneWarningTest1 = TextStim(__class__=<class 'psychopy.visual.text.TextStim'>, alignHoriz=method-wrapper(...), alignText='center', alignVert=method-wrapper(...), anchorHoriz='center', anchorVert='center', antialias=True, autoLog=True, bold=False, color='white', colorSpace='named', contrast=1.0, depth=-2.0, flipHoriz=False, flipVert=False, font='Arial', fontFiles=[], height=0.1, italic=False, languageStyle='LTR', name='oneWarningTest1', opacity=1.0, ori=0, pos=array([ 0. , -0.5]), rgb=array([255., 255., 255.]), text='Less than 1 minute left', units='height', win=Window(...), wrapWidth=1)
14.5493 	EXP 	Created twoWarningTest1 = TextStim(__class__=<class 'psychopy.visual.text.TextStim'>, alignHoriz=method-wrapper(...), alignText='center', alignVert=method-wrapper(...), anchorHoriz='center', anchorVert='center', antialias=True, autoLog=True, bold=False, color='white', colorSpace='named', contrast=1.0, depth=-3.0, flipHoriz=False, flipVert=False, font='Arial', fontFiles=[], height=0.1, italic=False, languageStyle='LTR', name='twoWarningTest1', opacity=1.0, ori=0, pos=array([ 0. , -0.5]), rgb=array([255., 255., 255.]), text='Less than 2 minutes left', units='height', win=Window(...), wrapWidth=1)
14.5495 	EXP 	Sound test1Audio1 set volume 1.000
14.5495 	EXP 	Sound test1Audio2 set volume 1.000
14.5515 	EXP 	Created test1Image = ImageStim(__class__=<class 'psychopy.visual.image.ImageStim'>, autoLog=True, color=array([1., 1., 1.]), colorSpace='rgb', contrast=1.0, depth=-3.0, flipHoriz=False, flipVert=False, image='sin', interpolate=True, mask=None, maskParams=None, name='test1Image', opacity=1.0, ori=0.0, pos=array([0., 0.]), size=array([0.5, 0.5]), texRes=128, units='height', win=Window(...))
14.5586 	EXP 	Created test2Instr = TextStim(__class__=<class 'psychopy.visual.text.TextStim'>, alignHoriz=method-wrapper(...), alignText='center', alignVert=method-wrapper(...), anchorHoriz='center', anchorVert='center', antialias=True, autoLog=True, bold=False, color='white', colorSpace='named', contrast=1.0, depth=0.0, flipHoriz=False, flipVert=False, font='Arial', fontFiles=[], height=0.1, italic=False, languageStyle='LTR', name='test2Instr', opacity=1.0, ori=0, pos=array([0., 0.]), rgb=array([255., 255., 255.]), text='Instructions For Test2 Go Here', units='height', win=Window(...), wrapWidth=1)
14.5587 	EXP 	Sound test2Audio1 set volume 1.000
14.5588 	EXP 	Sound test2Audio2 set volume 1.000
14.5608 	EXP 	Created test2Image = ImageStim(__class__=<class 'psychopy.visual.image.ImageStim'>, autoLog=True, color=array([1., 1., 1.]), colorSpace='rgb', contrast=1.0, depth=-2.0, flipHoriz=False, flipVert=False, image='sin', interpolate=True, mask=None, maskParams=None, name='test2Image', opacity=1.0, ori=0.0, pos=array([0., 0.]), size=array([0.5, 0.5]), texRes=128, units='height', win=Window(...))
14.5705 	EXP 	Created test3Instr = TextStim(__class__=<class 'psychopy.visual.text.TextStim'>, alignHoriz=method-wrapper(...), alignText='center', alignVert=method-wrapper(...), anchorHoriz='center', anchorVert='center', antialias=True, autoLog=True, bold=False, color='white', colorSpace='named', contrast=1.0, depth=0.0, flipHoriz=False, flipVert=False, font='Arial', fontFiles=[], height=0.1, italic=False, languageStyle='LTR', name='test3Instr', opacity=1.0, ori=0, pos=array([0., 0.]), rgb=array([255., 255., 255.]), text='Instructions For Test3 Go Here\n', units='height', win=Window(...), wrapWidth=1)
14.5708 	EXP 	Sound test3Audio1 set volume 1.000
14.5712 	EXP 	Sound test3Audio2 set volume 1.000
14.5747 	EXP 	Created test3Image = ImageStim(__class__=<class 'psychopy.visual.image.ImageStim'>, autoLog=True, color=array([1., 1., 1.]), colorSpace='rgb', contrast=1.0, depth=-2.0, flipHoriz=False, flipVert=False, image='sin', interpolate=True, mask=None, maskParams=None, name='test3Image', opacity=1.0, ori=0.0, pos=array([0., 0.]), size=array([0.5, 0.5]), texRes=128, units='height', win=Window(...))
14.5932 	EXP 	Created postTestText = TextStim(__class__=<class 'psychopy.visual.text.TextStim'>, alignHoriz=method-wrapper(...), alignText='center', alignVert=method-wrapper(...), anchorHoriz='center', anchorVert='center', antialias=True, autoLog=True, bold=False, color='white', colorSpace='named', contrast=1.0, depth=0.0, flipHoriz=False, flipVert=False, font='Arial', fontFiles=[], height=0.1, italic=False, languageStyle='LTR', name='postTestText', opacity=1.0, ori=0, pos=array([0., 0.]), rgb=array([255., 255., 255.]), text=str(...), units='height', win=Window(...), wrapWidth=1)
14.6105 	EXP 	Created text = TextStim(__class__=<class 'psychopy.visual.text.TextStim'>, alignHoriz=method-wrapper(...), alignText='center', alignVert=method-wrapper(...), anchorHoriz='center', anchorVert='center', antialias=True, autoLog=True, bold=False, color='white', colorSpace='named', contrast=1.0, depth=0.0, flipHoriz=False, flipVert=False, font='Arial', fontFiles=[], height=0.1, italic=False, languageStyle='LTR', name='text', opacity=1.0, ori=0, pos=array([0., 0.]), rgb=array([255., 255., 255.]), text=str(...), units='height', win=Window(...), wrapWidth=1)
14.6463 	EXP 	instructions: autoDraw = True
17.3583 	EXP 	Imported autoConditions\train1LoopCondition.xlsx as conditions, 9 conditions, 2 params
17.3586 	EXP 	Created sequence: sequential, trialTypes=9, nReps=0, seed=None
17.3613 	DATA 	Keypress: h
17.3658 	EXP 	instructions: autoDraw = False
17.3658 	EXP 	notice: autoDraw = True
22.3082 	EXP 	Imported autoConditions\train2LoopCondition.xlsx as conditions, 3 conditions, 2 params
22.3086 	EXP 	Created sequence: sequential, trialTypes=3, nReps=1, seed=None
22.3091 	EXP 	New trial (rep=0, index=0): OrderedDict([('condFiles', 'autoConditions/train2Block1.xlsx'), ('testFiles', 'autoConditions/train2Block1Test.xlsx')])
22.3303 	EXP 	Imported autoConditions/train2Block1.xlsx as conditions, 9 conditions, 2 params
22.3306 	EXP 	Created sequence: sequential, trialTypes=9, nReps=1, seed=None
22.3308 	EXP 	New trial (rep=0, index=0): OrderedDict([('audio', 'trainingaudio/12_pokika3.wav'), ('imageLoc', 'pngimages/12_pie.png')])
22.4536 	EXP 	notice: autoDraw = False
22.4536 	EXP 	imagetrain2: image = 'pngimages/12_pie.png'
22.4536 	EXP 	imagetrain2: autoDraw = True
23.4491 	EXP 	New trial (rep=0, index=1): OrderedDict([('audio', 'trainingaudio/03_kikita3.wav'), ('imageLoc', 'pngimages/03_box.png')])
23.4904 	EXP 	imagetrain2: autoDraw = False
23.4904 	EXP 	imagetrain2: autoDraw = False
23.4904 	EXP 	imagetrain2: image = 'pngimages/03_box.png'
23.4904 	EXP 	imagetrain2: autoDraw = True
24.4833 	EXP 	New trial (rep=0, index=2): OrderedDict([('audio', 'trainingaudio/26_kapako1.wav'), ('imageLoc', 'pngimages/26_pineapple.png')])
24.5362 	EXP 	imagetrain2: autoDraw = False
24.5362 	EXP 	imagetrain2: autoDraw = False
24.5362 	EXP 	imagetrain2: image = 'pngimages/26_pineapple.png'
24.5362 	EXP 	imagetrain2: autoDraw = True
25.5304 	EXP 	New trial (rep=0, index=3): OrderedDict([('audio', 'trainingaudio/05_titopo2.wav'), ('imageLoc', 'pngimages/05_megaphone.png')])
25.5655 	EXP 	imagetrain2: autoDraw = False
25.5655 	EXP 	imagetrain2: autoDraw = False
25.5655 	EXP 	imagetrain2: image = 'pngimages/05_megaphone.png'
25.5655 	EXP 	imagetrain2: autoDraw = True
26.5640 	EXP 	New trial (rep=0, index=4): OrderedDict([('audio', 'trainingaudio/20_tatito1.wav'), ('imageLoc', 'pngimages/20_pizza.png')])
26.6036 	EXP 	imagetrain2: autoDraw = False
26.6036 	EXP 	imagetrain2: autoDraw = False
26.6036 	EXP 	imagetrain2: image = 'pngimages/20_pizza.png'
26.6036 	EXP 	imagetrain2: autoDraw = True
27.5985 	EXP 	New trial (rep=0, index=5): OrderedDict([('audio', 'trainingaudio/10_tokiti1.wav'), ('imageLoc', 'pngimages/10_backpack.png')])
27.6197 	EXP 	imagetrain2: autoDraw = False
27.6197 	EXP 	imagetrain2: autoDraw = False
27.6197 	EXP 	imagetrain2: image = 'pngimages/10_backpack.png'
27.6197 	EXP 	imagetrain2: autoDraw = True
28.6174 	EXP 	New trial (rep=0, index=6): OrderedDict([('audio', 'trainingaudio/15_kopota3.wav'), ('imageLoc', 'pngimages/15_barrel.png')])
28.6912 	EXP 	imagetrain2: autoDraw = False
28.6912 	EXP 	imagetrain2: autoDraw = False
28.6912 	EXP 	imagetrain2: image = 'pngimages/15_barrel.png'
28.6912 	EXP 	imagetrain2: autoDraw = True
29.6890 	EXP 	New trial (rep=0, index=7): OrderedDict([('audio', 'trainingaudio/04_kitoti2.wav'), ('imageLoc', 'pngimages/04_ladder.png')])
29.7060 	EXP 	imagetrain2: autoDraw = False
29.7060 	EXP 	imagetrain2: autoDraw = False
29.7060 	EXP 	imagetrain2: image = 'pngimages/04_ladder.png'
29.7060 	EXP 	imagetrain2: autoDraw = True
30.7016 	EXP 	New trial (rep=0, index=8): OrderedDict([('audio', 'trainingaudio/16_kotapi2.wav'), ('imageLoc', 'pngimages/16_icecream.png')])
30.7223 	EXP 	imagetrain2: autoDraw = False
30.7223 	EXP 	imagetrain2: autoDraw = False
30.7223 	EXP 	imagetrain2: image = 'pngimages/16_icecream.png'
30.7223 	EXP 	imagetrain2: autoDraw = True
31.7449 	EXP 	Imported autoConditions/train2Block1Test.xlsx as conditions, 9 conditions, 6 params
31.7452 	EXP 	Created sequence: sequential, trialTypes=9, nReps=1, seed=None
31.7455 	EXP 	New trial (rep=0, index=0): OrderedDict([('audioTrue', 'trainingaudio/26_kapako1.wav'), ('imageTrue', 'pngimages/26_pineapple.png'), ('audioFalse', 'trainingaudio/05_titopo2.wav'), ('imageFalse', 'pngimages/05_megaphone.png'), ('truePos', -0.5), ('falsePos', 0.5)])
31.7863 	EXP 	imagetrain2: autoDraw = False
31.7863 	EXP 	imagetrain2: autoDraw = False
31.7863 	EXP 	correct2: pos = array([-0.5,  0. ])
31.7863 	EXP 	correct2: image = 'pngimages/26_pineapple.png'
31.7863 	EXP 	incorrect2: pos = array([0.5, 0. ])
31.7863 	EXP 	incorrect2: image = 'pngimages/05_megaphone.png'
31.7863 	EXP 	correct2: autoDraw = True
31.7863 	EXP 	incorrect2: autoDraw = True
38.7903 	EXP 	New trial (rep=0, index=1): OrderedDict([('audioTrue', 'trainingaudio/03_kikita3.wav'), ('imageTrue', 'pngimages/03_box.png'), ('audioFalse', 'trainingaudio/26_kapako1.wav'), ('imageFalse', 'pngimages/26_pineapple.png'), ('truePos', -0.5), ('falsePos', 0.5)])
38.8298 	EXP 	correct2: autoDraw = False
38.8298 	EXP 	incorrect2: autoDraw = False
38.8298 	EXP 	correct2: autoDraw = False
38.8298 	EXP 	incorrect2: autoDraw = False
38.8298 	EXP 	correct2: pos = array([-0.5,  0. ])
38.8298 	EXP 	correct2: image = 'pngimages/03_box.png'
38.8298 	EXP 	incorrect2: pos = array([0.5, 0. ])
38.8298 	EXP 	incorrect2: image = 'pngimages/26_pineapple.png'
38.8298 	EXP 	correct2: autoDraw = True
38.8298 	EXP 	incorrect2: autoDraw = True
40.8233 	EXP 	New trial (rep=0, index=2): OrderedDict([('audioTrue', 'trainingaudio/12_pokika3.wav'), ('imageTrue', 'pngimages/12_pie.png'), ('audioFalse', 'trainingaudio/03_kikita3.wav'), ('imageFalse', 'pngimages/03_box.png'), ('truePos', 0.5), ('falsePos', -0.5)])
40.8846 	EXP 	correct2: autoDraw = False
40.8846 	EXP 	incorrect2: autoDraw = False
40.8846 	EXP 	correct2: pos = array([0.5, 0. ])
40.8846 	EXP 	correct2: image = 'pngimages/12_pie.png'
40.8846 	EXP 	incorrect2: pos = array([-0.5,  0. ])
40.8846 	EXP 	incorrect2: image = 'pngimages/03_box.png'
40.8846 	EXP 	correct2: autoDraw = True
40.8846 	EXP 	incorrect2: autoDraw = True
42.9087 	EXP 	New trial (rep=0, index=3): OrderedDict([('audioTrue', 'trainingaudio/10_tokiti1.wav'), ('imageTrue', 'pngimages/10_backpack.png'), ('audioFalse', 'trainingaudio/16_kotapi2.wav'), ('imageFalse', 'pngimages/16_icecream.png'), ('truePos', 0.5), ('falsePos', -0.5)])
42.9472 	EXP 	correct2: autoDraw = False
42.9472 	EXP 	incorrect2: autoDraw = False
42.9472 	EXP 	correct2: pos = array([0.5, 0. ])
42.9472 	EXP 	correct2: image = 'pngimages/10_backpack.png'
42.9472 	EXP 	incorrect2: pos = array([-0.5,  0. ])
42.9472 	EXP 	incorrect2: image = 'pngimages/16_icecream.png'
42.9472 	EXP 	correct2: autoDraw = True
42.9472 	EXP 	incorrect2: autoDraw = True
44.3914 	EXP 	New trial (rep=0, index=4): OrderedDict([('audioTrue', 'trainingaudio/20_tatito1.wav'), ('imageTrue', 'pngimages/20_pizza.png'), ('audioFalse', 'trainingaudio/04_kitoti2.wav'), ('imageFalse', 'pngimages/04_ladder.png'), ('truePos', -0.5), ('falsePos', 0.5)])
44.4588 	EXP 	correct2: autoDraw = False
44.4588 	EXP 	incorrect2: autoDraw = False
44.4588 	EXP 	correct2: pos = array([-0.5,  0. ])
44.4588 	EXP 	correct2: image = 'pngimages/20_pizza.png'
44.4588 	EXP 	incorrect2: pos = array([0.5, 0. ])
44.4588 	EXP 	incorrect2: image = 'pngimages/04_ladder.png'
44.4588 	EXP 	correct2: autoDraw = True
44.4588 	EXP 	incorrect2: autoDraw = True
45.7520 	EXP 	New trial (rep=0, index=5): OrderedDict([('audioTrue', 'trainingaudio/04_kitoti2.wav'), ('imageTrue', 'pngimages/04_ladder.png'), ('audioFalse', 'trainingaudio/12_pokika3.wav'), ('imageFalse', 'pngimages/12_pie.png'), ('truePos', -0.5), ('falsePos', 0.5)])
45.8024 	EXP 	correct2: autoDraw = False
45.8024 	EXP 	incorrect2: autoDraw = False
45.8024 	EXP 	correct2: pos = array([-0.5,  0. ])
45.8024 	EXP 	correct2: image = 'pngimages/04_ladder.png'
45.8024 	EXP 	incorrect2: pos = array([0.5, 0. ])
45.8024 	EXP 	incorrect2: image = 'pngimages/12_pie.png'
45.8024 	EXP 	correct2: autoDraw = True
45.8024 	EXP 	incorrect2: autoDraw = True
47.0678 	EXP 	New trial (rep=0, index=6): OrderedDict([('audioTrue', 'trainingaudio/16_kotapi2.wav'), ('imageTrue', 'pngimages/16_icecream.png'), ('audioFalse', 'trainingaudio/15_kopota3.wav'), ('imageFalse', 'pngimages/15_barrel.png'), ('truePos', -0.5), ('falsePos', 0.5)])
47.1664 	EXP 	correct2: autoDraw = False
47.1664 	EXP 	incorrect2: autoDraw = False
47.1664 	EXP 	correct2: pos = array([-0.5,  0. ])
47.1664 	EXP 	correct2: image = 'pngimages/16_icecream.png'
47.1664 	EXP 	incorrect2: pos = array([0.5, 0. ])
47.1664 	EXP 	incorrect2: image = 'pngimages/15_barrel.png'
47.1664 	EXP 	correct2: autoDraw = True
47.1664 	EXP 	incorrect2: autoDraw = True
48.3447 	EXP 	New trial (rep=0, index=7): OrderedDict([('audioTrue', 'trainingaudio/05_titopo2.wav'), ('imageTrue', 'pngimages/05_megaphone.png'), ('audioFalse', 'trainingaudio/20_tatito1.wav'), ('imageFalse', 'pngimages/20_pizza.png'), ('truePos', -0.5), ('falsePos', 0.5)])
48.3906 	EXP 	correct2: autoDraw = False
48.3906 	EXP 	incorrect2: autoDraw = False
48.3906 	EXP 	correct2: pos = array([-0.5,  0. ])
48.3906 	EXP 	correct2: image = 'pngimages/05_megaphone.png'
48.3906 	EXP 	incorrect2: pos = array([0.5, 0. ])
48.3906 	EXP 	incorrect2: image = 'pngimages/20_pizza.png'
48.3906 	EXP 	correct2: autoDraw = True
48.3906 	EXP 	incorrect2: autoDraw = True
49.6409 	EXP 	New trial (rep=0, index=8): OrderedDict([('audioTrue', 'trainingaudio/15_kopota3.wav'), ('imageTrue', 'pngimages/15_barrel.png'), ('audioFalse', 'trainingaudio/10_tokiti1.wav'), ('imageFalse', 'pngimages/10_backpack.png'), ('truePos', 0.5), ('falsePos', -0.5)])
49.6950 	EXP 	correct2: autoDraw = False
49.6950 	EXP 	incorrect2: autoDraw = False
49.6950 	EXP 	correct2: pos = array([0.5, 0. ])
49.6950 	EXP 	correct2: image = 'pngimages/15_barrel.png'
49.6950 	EXP 	incorrect2: pos = array([-0.5,  0. ])
49.6950 	EXP 	incorrect2: image = 'pngimages/10_backpack.png'
49.6950 	EXP 	correct2: autoDraw = True
49.6950 	EXP 	incorrect2: autoDraw = True
50.9276 	EXP 	New trial (rep=0, index=1): OrderedDict([('condFiles', 'autoConditions/train2Block2.xlsx'), ('testFiles', 'autoConditions/train2Block2Test.xlsx')])
50.9346 	EXP 	Imported autoConditions/train2Block2.xlsx as conditions, 9 conditions, 2 params
50.9349 	EXP 	Created sequence: sequential, trialTypes=9, nReps=1, seed=None
50.9351 	EXP 	New trial (rep=0, index=0): OrderedDict([('audio', 'trainingaudio/02_pitito3.wav'), ('imageLoc', 'pngimages/02_pallet.png')])
50.9549 	EXP 	correct2: autoDraw = False
50.9549 	EXP 	incorrect2: autoDraw = False
50.9549 	EXP 	imagetrain2: image = 'pngimages/02_pallet.png'
50.9549 	EXP 	imagetrain2: autoDraw = True
51.9577 	EXP 	New trial (rep=0, index=1): OrderedDict([('audio', 'trainingaudio/27_pakapa1.wav'), ('imageLoc', 'pngimages/27_kiwi.png')])
51.9848 	EXP 	imagetrain2: autoDraw = False
51.9848 	EXP 	imagetrain2: autoDraw = False
51.9848 	EXP 	imagetrain2: image = 'pngimages/27_kiwi.png'
51.9848 	EXP 	imagetrain2: autoDraw = True
52.9691 	EXP 	New trial (rep=0, index=2): OrderedDict([('audio', 'trainingaudio/09_tipata2.wav'), ('imageLoc', 'pngimages/09_plane.png')])
53.0039 	EXP 	imagetrain2: autoDraw = False
53.0039 	EXP 	imagetrain2: autoDraw = False
53.0039 	EXP 	imagetrain2: image = 'pngimages/09_plane.png'
53.0039 	EXP 	imagetrain2: autoDraw = True
54.0076 	EXP 	New trial (rep=0, index=3): OrderedDict([('audio', 'trainingaudio/17_kotako2.wav'), ('imageLoc', 'pngimages/17_cracker.png')])
54.0251 	EXP 	imagetrain2: autoDraw = False
54.0251 	EXP 	imagetrain2: autoDraw = False
54.0251 	EXP 	imagetrain2: image = 'pngimages/17_cracker.png'
54.0251 	EXP 	imagetrain2: autoDraw = True
55.0216 	EXP 	New trial (rep=0, index=4): OrderedDict([('audio', 'trainingaudio/11_tokiko1.wav'), ('imageLoc', 'pngimages/11_compass.png')])
55.0369 	EXP 	imagetrain2: autoDraw = False
55.0369 	EXP 	imagetrain2: autoDraw = False
55.0369 	EXP 	imagetrain2: image = 'pngimages/11_compass.png'
55.0369 	EXP 	imagetrain2: autoDraw = True
56.0240 	EXP 	New trial (rep=0, index=5): OrderedDict([('audio', 'trainingaudio/24_takopa1.wav'), ('imageLoc', 'pngimages/24_banana.png')])
56.1213 	EXP 	imagetrain2: autoDraw = False
56.1213 	EXP 	imagetrain2: autoDraw = False
56.1213 	EXP 	imagetrain2: image = 'pngimages/24_banana.png'
56.1213 	EXP 	imagetrain2: autoDraw = True
57.1232 	EXP 	New trial (rep=0, index=6): OrderedDict([('audio', 'trainingaudio/08_tipako2.wav'), ('imageLoc', 'pngimages/08_bell.png')])
57.1383 	EXP 	imagetrain2: autoDraw = False
57.1383 	EXP 	imagetrain2: autoDraw = False
57.1383 	EXP 	imagetrain2: image = 'pngimages/08_bell.png'
57.1383 	EXP 	imagetrain2: autoDraw = True
58.1241 	EXP 	New trial (rep=0, index=7): OrderedDict([('audio', 'trainingaudio/13_kopopi1.wav'), ('imageLoc', 'pngimages/13_toast.png')])
58.1401 	EXP 	imagetrain2: autoDraw = False
58.1401 	EXP 	imagetrain2: autoDraw = False
58.1401 	EXP 	imagetrain2: image = 'pngimages/13_toast.png'
58.1401 	EXP 	imagetrain2: autoDraw = True
59.1278 	EXP 	New trial (rep=0, index=8): OrderedDict([('audio', 'trainingaudio/18_popata2.wav'), ('imageLoc', 'pngimages/18_donut.png')])
59.1539 	EXP 	imagetrain2: autoDraw = False
59.1539 	EXP 	imagetrain2: autoDraw = False
59.1539 	EXP 	imagetrain2: image = 'pngimages/18_donut.png'
59.1539 	EXP 	imagetrain2: autoDraw = True
60.1740 	EXP 	Imported autoConditions/train2Block2Test.xlsx as conditions, 9 conditions, 6 params
60.1744 	EXP 	Created sequence: sequential, trialTypes=9, nReps=1, seed=None
60.1754 	EXP 	New trial (rep=0, index=0): OrderedDict([('audioTrue', 'trainingaudio/27_pakapa1.wav'), ('imageTrue', 'pngimages/27_kiwi.png'), ('audioFalse', 'trainingaudio/08_tipako2.wav'), ('imageFalse', 'pngimages/08_bell.png'), ('truePos', -0.5), ('falsePos', 0.5)])
60.2000 	EXP 	imagetrain2: autoDraw = False
60.2000 	EXP 	imagetrain2: autoDraw = False
60.2000 	EXP 	correct2: pos = array([-0.5,  0. ])
60.2000 	EXP 	correct2: image = 'pngimages/27_kiwi.png'
60.2000 	EXP 	incorrect2: pos = array([0.5, 0. ])
60.2000 	EXP 	incorrect2: image = 'pngimages/08_bell.png'
60.2000 	EXP 	correct2: autoDraw = True
60.2000 	EXP 	incorrect2: autoDraw = True
61.7582 	EXP 	New trial (rep=0, index=1): OrderedDict([('audioTrue', 'trainingaudio/02_pitito3.wav'), ('imageTrue', 'pngimages/02_pallet.png'), ('audioFalse', 'trainingaudio/24_takopa1.wav'), ('imageFalse', 'pngimages/24_banana.png'), ('truePos', 0.5), ('falsePos', -0.5)])
61.8132 	EXP 	correct2: autoDraw = False
61.8132 	EXP 	incorrect2: autoDraw = False
61.8132 	EXP 	correct2: pos = array([0.5, 0. ])
61.8132 	EXP 	correct2: image = 'pngimages/02_pallet.png'
61.8132 	EXP 	incorrect2: pos = array([-0.5,  0. ])
61.8132 	EXP 	incorrect2: image = 'pngimages/24_banana.png'
61.8132 	EXP 	correct2: autoDraw = True
61.8132 	EXP 	incorrect2: autoDraw = True
62.9545 	EXP 	New trial (rep=0, index=2): OrderedDict([('audioTrue', 'trainingaudio/08_tipako2.wav'), ('imageTrue', 'pngimages/08_bell.png'), ('audioFalse', 'trainingaudio/18_popata2.wav'), ('imageFalse', 'pngimages/18_donut.png'), ('truePos', 0.5), ('falsePos', -0.5)])
62.9870 	EXP 	correct2: autoDraw = False
62.9870 	EXP 	incorrect2: autoDraw = False
62.9870 	EXP 	correct2: pos = array([0.5, 0. ])
62.9870 	EXP 	correct2: image = 'pngimages/08_bell.png'
62.9870 	EXP 	incorrect2: pos = array([-0.5,  0. ])
62.9870 	EXP 	incorrect2: image = 'pngimages/18_donut.png'
62.9870 	EXP 	correct2: autoDraw = True
62.9870 	EXP 	incorrect2: autoDraw = True
64.2014 	EXP 	New trial (rep=0, index=3): OrderedDict([('audioTrue', 'trainingaudio/18_popata2.wav'), ('imageTrue', 'pngimages/18_donut.png'), ('audioFalse', 'trainingaudio/27_pakapa1.wav'), ('imageFalse', 'pngimages/27_kiwi.png'), ('truePos', -0.5), ('falsePos', 0.5)])
64.2328 	EXP 	correct2: autoDraw = False
64.2328 	EXP 	incorrect2: autoDraw = False
64.2328 	EXP 	correct2: pos = array([-0.5,  0. ])
64.2328 	EXP 	correct2: image = 'pngimages/18_donut.png'
64.2328 	EXP 	incorrect2: pos = array([0.5, 0. ])
64.2328 	EXP 	incorrect2: image = 'pngimages/27_kiwi.png'
64.2328 	EXP 	correct2: autoDraw = True
64.2328 	EXP 	incorrect2: autoDraw = True
65.3876 	EXP 	New trial (rep=0, index=4): OrderedDict([('audioTrue', 'trainingaudio/24_takopa1.wav'), ('imageTrue', 'pngimages/24_banana.png'), ('audioFalse', 'trainingaudio/17_kotako2.wav'), ('imageFalse', 'pngimages/17_cracker.png'), ('truePos', -0.5), ('falsePos', 0.5)])
65.4364 	EXP 	correct2: autoDraw = False
65.4364 	EXP 	incorrect2: autoDraw = False
65.4364 	EXP 	correct2: pos = array([-0.5,  0. ])
65.4364 	EXP 	correct2: image = 'pngimages/24_banana.png'
65.4364 	EXP 	incorrect2: pos = array([0.5, 0. ])
65.4364 	EXP 	incorrect2: image = 'pngimages/17_cracker.png'
65.4364 	EXP 	correct2: autoDraw = True
65.4364 	EXP 	incorrect2: autoDraw = True
66.6012 	EXP 	New trial (rep=0, index=5): OrderedDict([('audioTrue', 'trainingaudio/09_tipata2.wav'), ('imageTrue', 'pngimages/09_plane.png'), ('audioFalse', 'trainingaudio/11_tokiko1.wav'), ('imageFalse', 'pngimages/11_compass.png'), ('truePos', 0.5), ('falsePos', -0.5)])
66.6559 	EXP 	correct2: autoDraw = False
66.6559 	EXP 	incorrect2: autoDraw = False
66.6559 	EXP 	correct2: pos = array([0.5, 0. ])
66.6559 	EXP 	correct2: image = 'pngimages/09_plane.png'
66.6559 	EXP 	incorrect2: pos = array([-0.5,  0. ])
66.6559 	EXP 	incorrect2: image = 'pngimages/11_compass.png'
66.6559 	EXP 	correct2: autoDraw = True
66.6559 	EXP 	incorrect2: autoDraw = True
67.7680 	EXP 	New trial (rep=0, index=6): OrderedDict([('audioTrue', 'trainingaudio/17_kotako2.wav'), ('imageTrue', 'pngimages/17_cracker.png'), ('audioFalse', 'trainingaudio/09_tipata2.wav'), ('imageFalse', 'pngimages/09_plane.png'), ('truePos', 0.5), ('falsePos', -0.5)])
67.8210 	EXP 	correct2: autoDraw = False
67.8210 	EXP 	incorrect2: autoDraw = False
67.8210 	EXP 	correct2: pos = array([0.5, 0. ])
67.8210 	EXP 	correct2: image = 'pngimages/17_cracker.png'
67.8210 	EXP 	incorrect2: pos = array([-0.5,  0. ])
67.8210 	EXP 	incorrect2: image = 'pngimages/09_plane.png'
67.8210 	EXP 	correct2: autoDraw = True
67.8210 	EXP 	incorrect2: autoDraw = True
69.0218 	EXP 	New trial (rep=0, index=7): OrderedDict([('audioTrue', 'trainingaudio/13_kopopi1.wav'), ('imageTrue', 'pngimages/13_toast.png'), ('audioFalse', 'trainingaudio/02_pitito3.wav'), ('imageFalse', 'pngimages/02_pallet.png'), ('truePos', -0.5), ('falsePos', 0.5)])
69.0547 	EXP 	correct2: autoDraw = False
69.0547 	EXP 	incorrect2: autoDraw = False
69.0547 	EXP 	correct2: pos = array([-0.5,  0. ])
69.0547 	EXP 	correct2: image = 'pngimages/13_toast.png'
69.0547 	EXP 	incorrect2: pos = array([0.5, 0. ])
69.0547 	EXP 	incorrect2: image = 'pngimages/02_pallet.png'
69.0547 	EXP 	correct2: autoDraw = True
69.0547 	EXP 	incorrect2: autoDraw = True
70.1940 	EXP 	New trial (rep=0, index=8): OrderedDict([('audioTrue', 'trainingaudio/11_tokiko1.wav'), ('imageTrue', 'pngimages/11_compass.png'), ('audioFalse', 'trainingaudio/13_kopopi1.wav'), ('imageFalse', 'pngimages/13_toast.png'), ('truePos', -0.5), ('falsePos', 0.5)])
70.2259 	EXP 	correct2: autoDraw = False
70.2259 	EXP 	incorrect2: autoDraw = False
70.2259 	EXP 	correct2: pos = array([-0.5,  0. ])
70.2259 	EXP 	correct2: image = 'pngimages/11_compass.png'
70.2259 	EXP 	incorrect2: pos = array([0.5, 0. ])
70.2259 	EXP 	incorrect2: image = 'pngimages/13_toast.png'
70.2259 	EXP 	correct2: autoDraw = True
70.2259 	EXP 	incorrect2: autoDraw = True
71.3948 	EXP 	New trial (rep=0, index=2): OrderedDict([('condFiles', 'autoConditions/train2Block3.xlsx'), ('testFiles', 'autoConditions/train2Block3Test.xlsx')])
71.4229 	EXP 	Imported autoConditions/train2Block3.xlsx as conditions, 9 conditions, 2 params
71.4232 	EXP 	Created sequence: sequential, trialTypes=9, nReps=1, seed=None
71.4235 	EXP 	New trial (rep=0, index=0): OrderedDict([('audio', 'trainingaudio/01_kitipi1.wav'), ('imageLoc', 'pngimages/01_gift.png')])
71.4514 	EXP 	correct2: autoDraw = False
71.4514 	EXP 	incorrect2: autoDraw = False
71.4514 	EXP 	imagetrain2: image = 'pngimages/01_gift.png'
71.4514 	EXP 	imagetrain2: autoDraw = True
72.4530 	EXP 	New trial (rep=0, index=1): OrderedDict([('audio', 'trainingaudio/19_papipi1.wav'), ('imageLoc', 'pngimages/19_burger.png')])
72.4716 	EXP 	imagetrain2: autoDraw = False
72.4716 	EXP 	imagetrain2: autoDraw = False
72.4716 	EXP 	imagetrain2: image = 'pngimages/19_burger.png'
72.4716 	EXP 	imagetrain2: autoDraw = True
73.4564 	EXP 	New trial (rep=0, index=2): OrderedDict([('audio', 'trainingaudio/21_papika1.wav'), ('imageLoc', 'pngimages/21_cheese.png')])
73.4921 	EXP 	imagetrain2: autoDraw = False
73.4921 	EXP 	imagetrain2: autoDraw = False
73.4921 	EXP 	imagetrain2: image = 'pngimages/21_cheese.png'
73.4921 	EXP 	imagetrain2: autoDraw = True
74.4887 	EXP 	New trial (rep=0, index=3): OrderedDict([('audio', 'trainingaudio/07_pitapi2.wav'), ('imageLoc', 'pngimages/07_suitcase.png')])
74.5028 	EXP 	imagetrain2: autoDraw = False
74.5028 	EXP 	imagetrain2: autoDraw = False
74.5028 	EXP 	imagetrain2: image = 'pngimages/07_suitcase.png'
74.5028 	EXP 	imagetrain2: autoDraw = True
75.4897 	EXP 	New trial (rep=0, index=4): OrderedDict([('audio', 'trainingaudio/06_titoka3.wav'), ('imageLoc', 'pngimages/06_tent.png')])
75.5045 	EXP 	imagetrain2: autoDraw = False
75.5045 	EXP 	imagetrain2: autoDraw = False
75.5045 	EXP 	imagetrain2: image = 'pngimages/06_tent.png'
75.5045 	EXP 	imagetrain2: autoDraw = True
76.5083 	EXP 	New trial (rep=0, index=5): OrderedDict([('audio', 'trainingaudio/14_pokoto1.wav'), ('imageLoc', 'pngimages/14_coffee.png')])
76.5246 	EXP 	imagetrain2: autoDraw = False
76.5246 	EXP 	imagetrain2: autoDraw = False
76.5246 	EXP 	imagetrain2: image = 'pngimages/14_coffee.png'
76.5246 	EXP 	imagetrain2: autoDraw = True
77.5246 	EXP 	New trial (rep=0, index=6): OrderedDict([('audio', 'trainingaudio/25_tapapi1.wav'), ('imageLoc', 'pngimages/25_apple.png')])
77.5401 	EXP 	imagetrain2: autoDraw = False
77.5401 	EXP 	imagetrain2: autoDraw = False
77.5401 	EXP 	imagetrain2: image = 'pngimages/25_apple.png'
77.5401 	EXP 	imagetrain2: autoDraw = True
78.5254 	EXP 	New trial (rep=0, index=7): OrderedDict([('audio', 'trainingaudio/22_kakoki1.wav'), ('imageLoc', 'pngimages/22_egg.png')])
78.5632 	EXP 	imagetrain2: autoDraw = False
78.5632 	EXP 	imagetrain2: autoDraw = False
78.5632 	EXP 	imagetrain2: image = 'pngimages/22_egg.png'
78.5632 	EXP 	imagetrain2: autoDraw = True
79.5585 	EXP 	New trial (rep=0, index=8): OrderedDict([('audio', 'trainingaudio/23_patoko1.wav'), ('imageLoc', 'pngimages/23_lemon.png')])
79.5881 	EXP 	imagetrain2: autoDraw = False
79.5881 	EXP 	imagetrain2: autoDraw = False
79.5881 	EXP 	imagetrain2: image = 'pngimages/23_lemon.png'
79.5881 	EXP 	imagetrain2: autoDraw = True
80.5962 	EXP 	Imported autoConditions/train2Block3Test.xlsx as conditions, 9 conditions, 6 params
80.5965 	EXP 	Created sequence: sequential, trialTypes=9, nReps=1, seed=None
80.5968 	EXP 	New trial (rep=0, index=0): OrderedDict([('audioTrue', 'trainingaudio/21_papika1.wav'), ('imageTrue', 'pngimages/21_cheese.png'), ('audioFalse', 'trainingaudio/06_titoka3.wav'), ('imageFalse', 'pngimages/06_tent.png'), ('truePos', 0.5), ('falsePos', -0.5)])
80.6394 	EXP 	imagetrain2: autoDraw = False
80.6394 	EXP 	imagetrain2: autoDraw = False
80.6394 	EXP 	correct2: pos = array([0.5, 0. ])
80.6394 	EXP 	correct2: image = 'pngimages/21_cheese.png'
80.6394 	EXP 	incorrect2: pos = array([-0.5,  0. ])
80.6394 	EXP 	incorrect2: image = 'pngimages/06_tent.png'
80.6394 	EXP 	correct2: autoDraw = True
80.6394 	EXP 	incorrect2: autoDraw = True
82.7273 	EXP 	New trial (rep=0, index=1): OrderedDict([('audioTrue', 'trainingaudio/23_patoko1.wav'), ('imageTrue', 'pngimages/23_lemon.png'), ('audioFalse', 'trainingaudio/25_tapapi1.wav'), ('imageFalse', 'pngimages/25_apple.png'), ('truePos', 0.5), ('falsePos', -0.5)])
82.7552 	EXP 	correct2: autoDraw = False
82.7552 	EXP 	incorrect2: autoDraw = False
82.7552 	EXP 	correct2: pos = array([0.5, 0. ])
82.7552 	EXP 	correct2: image = 'pngimages/23_lemon.png'
82.7552 	EXP 	incorrect2: pos = array([-0.5,  0. ])
82.7552 	EXP 	incorrect2: image = 'pngimages/25_apple.png'
82.7552 	EXP 	correct2: autoDraw = True
82.7552 	EXP 	incorrect2: autoDraw = True
83.8877 	EXP 	New trial (rep=0, index=2): OrderedDict([('audioTrue', 'trainingaudio/14_pokoto1.wav'), ('imageTrue', 'pngimages/14_coffee.png'), ('audioFalse', 'trainingaudio/01_kitipi1.wav'), ('imageFalse', 'pngimages/01_gift.png'), ('truePos', 0.5), ('falsePos', -0.5)])
83.9219 	EXP 	correct2: autoDraw = False
83.9219 	EXP 	incorrect2: autoDraw = False
83.9219 	EXP 	correct2: pos = array([0.5, 0. ])
83.9219 	EXP 	correct2: image = 'pngimages/14_coffee.png'
83.9219 	EXP 	incorrect2: pos = array([-0.5,  0. ])
83.9219 	EXP 	incorrect2: image = 'pngimages/01_gift.png'
83.9219 	EXP 	correct2: autoDraw = True
83.9219 	EXP 	incorrect2: autoDraw = True
85.0905 	EXP 	New trial (rep=0, index=3): OrderedDict([('audioTrue', 'trainingaudio/06_titoka3.wav'), ('imageTrue', 'pngimages/06_tent.png'), ('audioFalse', 'trainingaudio/07_pitapi2.wav'), ('imageFalse', 'pngimages/07_suitcase.png'), ('truePos', -0.5), ('falsePos', 0.5)])
85.1201 	EXP 	correct2: autoDraw = False
85.1201 	EXP 	incorrect2: autoDraw = False
85.1201 	EXP 	correct2: pos = array([-0.5,  0. ])
85.1201 	EXP 	correct2: image = 'pngimages/06_tent.png'
85.1201 	EXP 	incorrect2: pos = array([0.5, 0. ])
85.1201 	EXP 	incorrect2: image = 'pngimages/07_suitcase.png'
85.1201 	EXP 	correct2: autoDraw = True
85.1201 	EXP 	incorrect2: autoDraw = True
86.9544 	EXP 	New trial (rep=0, index=4): OrderedDict([('audioTrue', 'trainingaudio/07_pitapi2.wav'), ('imageTrue', 'pngimages/07_suitcase.png'), ('audioFalse', 'trainingaudio/14_pokoto1.wav'), ('imageFalse', 'pngimages/14_coffee.png'), ('truePos', -0.5), ('falsePos', 0.5)])
86.9865 	EXP 	correct2: autoDraw = False
86.9865 	EXP 	incorrect2: autoDraw = False
86.9865 	EXP 	correct2: pos = array([-0.5,  0. ])
86.9865 	EXP 	correct2: image = 'pngimages/07_suitcase.png'
86.9865 	EXP 	incorrect2: pos = array([0.5, 0. ])
86.9865 	EXP 	incorrect2: image = 'pngimages/14_coffee.png'
86.9865 	EXP 	correct2: autoDraw = True
86.9865 	EXP 	incorrect2: autoDraw = True
88.0690 	EXP 	New trial (rep=0, index=5): OrderedDict([('audioTrue', 'trainingaudio/25_tapapi1.wav'), ('imageTrue', 'pngimages/25_apple.png'), ('audioFalse', 'trainingaudio/23_patoko1.wav'), ('imageFalse', 'pngimages/23_lemon.png'), ('truePos', -0.5), ('falsePos', 0.5)])
88.0994 	EXP 	correct2: autoDraw = False
88.0994 	EXP 	incorrect2: autoDraw = False
88.0994 	EXP 	correct2: pos = array([-0.5,  0. ])
88.0994 	EXP 	correct2: image = 'pngimages/25_apple.png'
88.0994 	EXP 	incorrect2: pos = array([0.5, 0. ])
88.0994 	EXP 	incorrect2: image = 'pngimages/23_lemon.png'
88.0994 	EXP 	correct2: autoDraw = True
88.0994 	EXP 	incorrect2: autoDraw = True
90.7244 	EXP 	New trial (rep=0, index=6): OrderedDict([('audioTrue', 'trainingaudio/22_kakoki1.wav'), ('imageTrue', 'pngimages/22_egg.png'), ('audioFalse', 'trainingaudio/19_papipi1.wav'), ('imageFalse', 'pngimages/19_burger.png'), ('truePos', -0.5), ('falsePos', 0.5)])
90.7716 	EXP 	correct2: autoDraw = False
90.7716 	EXP 	incorrect2: autoDraw = False
90.7716 	EXP 	correct2: pos = array([-0.5,  0. ])
90.7716 	EXP 	correct2: image = 'pngimages/22_egg.png'
90.7716 	EXP 	incorrect2: pos = array([0.5, 0. ])
90.7716 	EXP 	incorrect2: image = 'pngimages/19_burger.png'
90.7716 	EXP 	correct2: autoDraw = True
90.7716 	EXP 	incorrect2: autoDraw = True
92.7744 	EXP 	New trial (rep=0, index=7): OrderedDict([('audioTrue', 'trainingaudio/19_papipi1.wav'), ('imageTrue', 'pngimages/19_burger.png'), ('audioFalse', 'trainingaudio/21_papika1.wav'), ('imageFalse', 'pngimages/21_cheese.png'), ('truePos', 0.5), ('falsePos', -0.5)])
92.8408 	EXP 	correct2: autoDraw = False
92.8408 	EXP 	incorrect2: autoDraw = False
92.8408 	EXP 	correct2: pos = array([0.5, 0. ])
92.8408 	EXP 	correct2: image = 'pngimages/19_burger.png'
92.8408 	EXP 	incorrect2: pos = array([-0.5,  0. ])
92.8408 	EXP 	incorrect2: image = 'pngimages/21_cheese.png'
92.8408 	EXP 	correct2: autoDraw = True
92.8408 	EXP 	incorrect2: autoDraw = True
93.9278 	EXP 	New trial (rep=0, index=8): OrderedDict([('audioTrue', 'trainingaudio/01_kitipi1.wav'), ('imageTrue', 'pngimages/01_gift.png'), ('audioFalse', 'trainingaudio/22_kakoki1.wav'), ('imageFalse', 'pngimages/22_egg.png'), ('truePos', -0.5), ('falsePos', 0.5)])
93.9730 	EXP 	correct2: autoDraw = False
93.9730 	EXP 	incorrect2: autoDraw = False
93.9730 	EXP 	correct2: pos = array([-0.5,  0. ])
93.9730 	EXP 	correct2: image = 'pngimages/01_gift.png'
93.9730 	EXP 	incorrect2: pos = array([0.5, 0. ])
93.9730 	EXP 	incorrect2: image = 'pngimages/22_egg.png'
93.9730 	EXP 	correct2: autoDraw = True
93.9730 	EXP 	incorrect2: autoDraw = True
95.0867 	EXP 	correct2: autoDraw = False
95.0867 	EXP 	incorrect2: autoDraw = False
95.0867 	EXP 	test1Instr: autoDraw = True
103.5139 	EXP 	Imported autoConditions\test1Conditions.xlsx as conditions, 54 conditions, 4 params
103.5142 	EXP 	Created sequence: sequential, trialTypes=54, nReps=1, seed=None
103.5146 	EXP 	New trial (rep=0, index=0): OrderedDict([('firstAudio', 'trainingaudio/20_tatito3.wav'), ('secondAudio', 'trainingaudio/20_tatito1.wav'), ('imageLoc', 'pngimages/20_pizza.png'), ('whichAudio', 2)])
103.5410 	EXP 	test1Instr: autoDraw = False
103.5410 	EXP 	oneWarningTest1: autoDraw = False
103.5410 	EXP 	twoWarningTest1: autoDraw = False
103.5410 	EXP 	test1Image: image = 'pngimages/20_pizza.png'
103.5410 	EXP 	test1Image: autoDraw = True
106.3891 	DATA 	Mouse: Left button down, pos=(934,638)
106.4989 	DATA 	Mouse:  Left button up, pos=(934,638)
107.2157 	DATA 	Keypress: escape
107.5388 	EXP 	window1: mouseVisible = True
