2.4772 	WARNING 	We strongly recommend you activate the PTB sound engine in PsychoPy prefs as the preferred audio engine. Its timing is vastly superior. Your prefs are currently set to use ['sounddevice', 'PTB', 'pyo', 'pygame'] (in that order).
10.1099 	WARNING 	User requested fullscreen with size [1024  768], but screen is actually [1920, 1200]. Using actual size
13.0846 	EXP 	Created window1 = Window(allowGUI=False, allowStencil=False, args=UNKNOWN, autoLog=True, bitsMode=UNKNOWN, blendMode='avg', bpc=(8, 8, 8), color=array([0., 0., 0.]), colorSpace='rgb', depthBits=8, fullscr=<method-wrapper '__getattribute__' of attributeSetter object at 0x000002903AD29908>, gamma=None, gammaErrorPolicy='raise', kwargs=UNKNOWN, lms=UNKNOWN, monitor=<psychopy.monitors.calibTools.Monitor object at 0x000002903A8FF5F8>, multiSample=False, name='window1', numSamples=2, pos=[0.0, 0.0], screen=0, size=array([1920, 1200]), stencilBits=0, stereo=False, units='height', useFBO=True, useRetina=False, viewOri=0.0, viewPos=None, viewScale=None, waitBlanking=True, winType='pyglet')
13.0846 	EXP 	window1: recordFrameIntervals = False
13.2512 	EXP 	window1: recordFrameIntervals = True
13.4344 	EXP 	window1: recordFrameIntervals = False
13.9896 	EXP 	Created instructions = TextStim(__class__=<class 'psychopy.visual.text.TextStim'>, alignHoriz=method-wrapper(...), alignText='center', alignVert=method-wrapper(...), anchorHoriz='center', anchorVert='center', antialias=True, autoLog=True, bold=False, color='white', colorSpace='named', contrast=1.0, depth=0.0, flipHoriz=False, flipVert=False, font='Arial', fontFiles=[], height=0.1, italic=False, languageStyle='LTR', name='instructions', opacity=1.0, ori=0, pos=array([0., 0.]), rgb=array([255., 255., 255.]), text=str(...), units='height', win=Window(...), wrapWidth=1)
14.0183 	EXP 	Sound stimulitrain1 set volume 1.000
14.0216 	EXP 	Created imagetrain1 = ImageStim(__class__=<class 'psychopy.visual.image.ImageStim'>, autoLog=True, color=array([1., 1., 1.]), colorSpace='rgb', contrast=1.0, depth=-1.0, flipHoriz=False, flipVert=False, image='sin', interpolate=True, mask=None, maskParams=None, name='imagetrain1', opacity=1.0, ori=0.0, pos=array([0., 0.]), size=array([0.5, 0.5]), texRes=128, units='height', win=Window(...))
14.0217 	EXP 	Sound stimulitest1 set volume 1.000
14.0239 	EXP 	Created correct = ImageStim(__class__=<class 'psychopy.visual.image.ImageStim'>, autoLog=True, color=array([1., 1., 1.]), colorSpace='rgb', contrast=1.0, depth=-1.0, flipHoriz=False, flipVert=False, image='sin', interpolate=True, mask=None, maskParams=None, name='correct', opacity=1.0, ori=0.0, pos=array([0., 0.]), size=array([0.5, 0.5]), texRes=128, units='height', win=Window(...))
14.0275 	EXP 	Created incorrect = ImageStim(__class__=<class 'psychopy.visual.image.ImageStim'>, autoLog=True, color=array([1., 1., 1.]), colorSpace='rgb', contrast=1.0, depth=-2.0, flipHoriz=False, flipVert=False, image='sin', interpolate=True, mask=None, maskParams=None, name='incorrect', opacity=1.0, ori=0.0, pos=array([0., 0.]), size=array([0.5, 0.5]), texRes=128, units='height', win=Window(...))
14.1043 	EXP 	Created notice = TextStim(__class__=<class 'psychopy.visual.text.TextStim'>, alignHoriz=method-wrapper(...), alignText='center', alignVert=method-wrapper(...), anchorHoriz='center', anchorVert='center', antialias=True, autoLog=True, bold=False, color='white', colorSpace='named', contrast=1.0, depth=0.0, flipHoriz=False, flipVert=False, font='Arial', fontFiles=[], height=0.05, italic=False, languageStyle='LTR', name='notice', opacity=1.0, ori=0, pos=array([0., 0.]), rgb=array([255., 255., 255.]), text=str(...), units='height', win=Window(...), wrapWidth=1)
14.1048 	EXP 	Sound stimulitrain2 set volume 1.000
14.1107 	EXP 	Created imagetrain2 = ImageStim(__class__=<class 'psychopy.visual.image.ImageStim'>, autoLog=True, color=array([1., 1., 1.]), colorSpace='rgb', contrast=1.0, depth=-1.0, flipHoriz=False, flipVert=False, image='sin', interpolate=True, mask=None, maskParams=None, name='imagetrain2', opacity=1.0, ori=0.0, pos=array([0., 0.]), size=array([0.5, 0.5]), texRes=128, units='height', win=Window(...))
14.1109 	EXP 	Sound stimulitest2 set volume 1.000
14.1147 	EXP 	Created correct2 = ImageStim(__class__=<class 'psychopy.visual.image.ImageStim'>, autoLog=True, color=array([1., 1., 1.]), colorSpace='rgb', contrast=1.0, depth=-2.0, flipHoriz=False, flipVert=False, image='sin', interpolate=True, mask=None, maskParams=None, name='correct2', opacity=1.0, ori=0.0, pos=array([0., 0.]), size=array([0.5, 0.5]), texRes=128, units='height', win=Window(...))
14.1190 	EXP 	Created incorrect2 = ImageStim(__class__=<class 'psychopy.visual.image.ImageStim'>, autoLog=True, color=array([1., 1., 1.]), colorSpace='rgb', contrast=1.0, depth=-3.0, flipHoriz=False, flipVert=False, image='sin', interpolate=True, mask=None, maskParams=None, name='incorrect2', opacity=1.0, ori=0.0, pos=array([0., 0.]), size=array([0.5, 0.5]), texRes=128, units='height', win=Window(...))
14.1468 	EXP 	Created text_2 = TextStim(__class__=<class 'psychopy.visual.text.TextStim'>, alignHoriz=method-wrapper(...), alignText='center', alignVert=method-wrapper(...), anchorHoriz='center', anchorVert='center', antialias=True, autoLog=True, bold=False, color='white', colorSpace='named', contrast=1.0, depth=0.0, flipHoriz=False, flipVert=False, font='Arial', fontFiles=[], height=0.1, italic=False, languageStyle='LTR', name='text_2', opacity=1.0, ori=0, pos=array([0., 0.]), rgb=array([255., 255., 255.]), text=str(...), units='height', win=Window(...), wrapWidth=1)
14.1472 	EXP 	Sound audioCorrect set volume 1.000
14.1473 	EXP 	Sound audioIncorrect set volume 1.000
14.1510 	EXP 	Created image = ImageStim(__class__=<class 'psychopy.visual.image.ImageStim'>, autoLog=True, color=array([1., 1., 1.]), colorSpace='rgb', contrast=1.0, depth=-2.0, flipHoriz=False, flipVert=False, image='sin', interpolate=True, mask=None, maskParams=None, name='image', opacity=1.0, ori=0.0, pos=array([0., 0.]), size=array([0.5, 0.5]), texRes=128, units='height', win=Window(...))
14.2094 	EXP 	instructions: autoDraw = True
38.2581 	EXP 	Imported autoConditions\train1LoopCondition.xlsx as conditions, 9 conditions, 2 params
38.2585 	EXP 	Created sequence: sequential, trialTypes=9, nReps=1, seed=None
38.2589 	EXP 	New trial (rep=0, index=0): OrderedDict([('condFiles', 'autoConditions/train1Block1.xlsx'), ('testFiles', 'autoConditions/train1Block1Test.xlsx')])
38.2683 	EXP 	Imported autoConditions/train1Block1.xlsx as conditions, 6 conditions, 2 params
38.2685 	EXP 	Created sequence: sequential, trialTypes=6, nReps=1, seed=None
38.2688 	EXP 	New trial (rep=0, index=0): OrderedDict([('audio', 'trainaudio/18_popata.wav'), ('imageLoc', 'pngimages/18_donut.png')])
38.3470 	EXP 	instructions: autoDraw = False
38.3470 	EXP 	imagetrain1: image = 'pngimages/18_donut.png'
38.3470 	EXP 	imagetrain1: autoDraw = True
39.6920 	EXP 	New trial (rep=0, index=1): OrderedDict([('audio', 'trainaudio/27_pakapa.wav'), ('imageLoc', 'pngimages/27_kiwi.png')])
39.7531 	EXP 	imagetrain1: autoDraw = False
39.7531 	EXP 	imagetrain1: image = 'pngimages/27_kiwi.png'
39.7531 	EXP 	imagetrain1: autoDraw = True
41.1764 	EXP 	New trial (rep=0, index=2): OrderedDict([('audio', 'trainaudio/10_tokiti.wav'), ('imageLoc', 'pngimages/100_bicycle.png')])
41.2327 	EXP 	imagetrain1: autoDraw = False
41.2327 	EXP 	imagetrain1: image = 'pngimages/100_bicycle.png'
41.2327 	EXP 	imagetrain1: autoDraw = True
42.6877 	EXP 	New trial (rep=0, index=3): OrderedDict([('audio', 'trainaudio/22_kakoki.wav'), ('imageLoc', 'pngimages/22_egg.png')])
42.7966 	EXP 	imagetrain1: autoDraw = False
42.7966 	EXP 	imagetrain1: image = 'pngimages/22_egg.png'
42.7966 	EXP 	imagetrain1: autoDraw = True
44.2064 	EXP 	New trial (rep=0, index=4): OrderedDict([('audio', 'trainaudio/01_kitipi.wav'), ('imageLoc', 'pngimages/01_gift.png')])
44.2447 	EXP 	imagetrain1: autoDraw = False
44.2447 	EXP 	imagetrain1: image = 'pngimages/01_gift.png'
44.2447 	EXP 	imagetrain1: autoDraw = True
45.6827 	EXP 	New trial (rep=0, index=5): OrderedDict([('audio', 'trainaudio/24_takopa.wav'), ('imageLoc', 'pngimages/24_banana.png')])
45.8148 	EXP 	imagetrain1: autoDraw = False
45.8148 	EXP 	imagetrain1: image = 'pngimages/24_banana.png'
45.8148 	EXP 	imagetrain1: autoDraw = True
47.2129 	EXP 	Imported autoConditions/train1Block1Test.xlsx as conditions, 3 conditions, 6 params
47.2132 	EXP 	Created sequence: sequential, trialTypes=3, nReps=1, seed=None
47.2141 	EXP 	New trial (rep=0, index=0): OrderedDict([('audioTrue', 'trainaudio/18_popata.wav'), ('imageTrue', 'pngimages/18_donut.png'), ('audioFalse', 'trainaudio/22_kakoki.wav'), ('imageFalse', 'pngimages/22_egg.png'), ('truePos', 0.5), ('falsePos', -0.5)])
47.2848 	EXP 	imagetrain1: autoDraw = False
47.2848 	EXP 	correct: pos = array([0.5, 0. ])
47.2848 	EXP 	correct: image = 'pngimages/18_donut.png'
47.2848 	EXP 	incorrect: pos = array([-0.5,  0. ])
47.2848 	EXP 	incorrect: image = 'pngimages/22_egg.png'
47.2848 	EXP 	correct: autoDraw = True
47.2848 	EXP 	incorrect: autoDraw = True
48.8050 	EXP 	window1: mouseVisible = True
