1.4641 	WARNING 	We strongly recommend you activate the PTB sound engine in PsychoPy prefs as the preferred audio engine. Its timing is vastly superior. Your prefs are currently set to use ['sounddevice', 'PTB', 'pyo', 'pygame'] (in that order).
7.7171 	WARNING 	User requested fullscreen with size [1024  768], but screen is actually [1920, 1080]. Using actual size
10.6208 	EXP 	Created window1 = Window(allowGUI=False, allowStencil=False, args=UNKNOWN, autoLog=True, bitsMode=UNKNOWN, blendMode='avg', bpc=(8, 8, 8), color=array([0., 0., 0.]), colorSpace='rgb', depthBits=8, fullscr=<method-wrapper '__getattribute__' of attributeSetter object at 0x000001A7C30BF630>, gamma=None, gammaErrorPolicy='raise', kwargs=UNKNOWN, lms=UNKNOWN, monitor=<psychopy.monitors.calibTools.Monitor object at 0x000001A7C321E048>, multiSample=False, name='window1', numSamples=2, pos=[0.0, 0.0], screen=0, size=array([1920, 1080]), stencilBits=0, stereo=False, units='height', useFBO=True, useRetina=False, viewOri=0.0, viewPos=None, viewScale=None, waitBlanking=True, winType='pyglet')
10.6209 	EXP 	window1: recordFrameIntervals = False
10.7859 	EXP 	window1: recordFrameIntervals = True
10.9694 	EXP 	window1: recordFrameIntervals = False
11.3694 	EXP 	Created instructions = TextStim(__class__=<class 'psychopy.visual.text.TextStim'>, alignHoriz=method-wrapper(...), alignText='center', alignVert=method-wrapper(...), anchorHoriz='center', anchorVert='center', antialias=True, autoLog=True, bold=False, color='white', colorSpace='named', contrast=1.0, depth=0.0, flipHoriz=False, flipVert=False, font='Arial', fontFiles=[], height=0.1, italic=False, languageStyle='LTR', name='instructions', opacity=1.0, ori=0, pos=array([0., 0.]), rgb=array([255., 255., 255.]), text=str(...), units='height', win=Window(...), wrapWidth=1)
11.4953 	EXP 	Sound stimulitrain1 set volume 1.000
11.4981 	EXP 	Created imagetrain1 = ImageStim(__class__=<class 'psychopy.visual.image.ImageStim'>, autoLog=True, color=array([1., 1., 1.]), colorSpace='rgb', contrast=1.0, depth=-1.0, flipHoriz=False, flipVert=False, image='sin', interpolate=True, mask=None, maskParams=None, name='imagetrain1', opacity=1.0, ori=0.0, pos=array([0., 0.]), size=array([0.5, 0.5]), texRes=128, units='height', win=Window(...))
11.4982 	EXP 	Sound stimulitest1 set volume 1.000
11.5001 	EXP 	Created correct = ImageStim(__class__=<class 'psychopy.visual.image.ImageStim'>, autoLog=True, color=array([1., 1., 1.]), colorSpace='rgb', contrast=1.0, depth=-1.0, flipHoriz=False, flipVert=False, image='sin', interpolate=True, mask=None, maskParams=None, name='correct', opacity=1.0, ori=0.0, pos=array([0.5, 0. ]), size=array([0.5, 0.5]), texRes=128, units='height', win=Window(...))
11.5021 	EXP 	Created incorrect = ImageStim(__class__=<class 'psychopy.visual.image.ImageStim'>, autoLog=True, color=array([1., 1., 1.]), colorSpace='rgb', contrast=1.0, depth=-2.0, flipHoriz=False, flipVert=False, image='sin', interpolate=True, mask=None, maskParams=None, name='incorrect', opacity=1.0, ori=0.0, pos=array([-0.5,  0. ]), size=array([0.5, 0.5]), texRes=128, units='height', win=Window(...))
11.5336 	EXP 	Created notice = TextStim(__class__=<class 'psychopy.visual.text.TextStim'>, alignHoriz=method-wrapper(...), alignText='center', alignVert=method-wrapper(...), anchorHoriz='center', anchorVert='center', antialias=True, autoLog=True, bold=False, color='white', colorSpace='named', contrast=1.0, depth=0.0, flipHoriz=False, flipVert=False, font='Arial', fontFiles=[], height=0.1, italic=False, languageStyle='LTR', name='notice', opacity=1.0, ori=0, pos=array([0., 0.]), rgb=array([255., 255., 255.]), text=str(...), units='height', win=Window(...), wrapWidth=1)
11.5337 	EXP 	Sound stimulitrain2 set volume 1.000
11.5355 	EXP 	Created imagetrain2 = ImageStim(__class__=<class 'psychopy.visual.image.ImageStim'>, autoLog=True, color=array([1., 1., 1.]), colorSpace='rgb', contrast=1.0, depth=-1.0, flipHoriz=False, flipVert=False, image='sin', interpolate=True, mask=None, maskParams=None, name='imagetrain2', opacity=1.0, ori=0.0, pos=array([0., 0.]), size=array([0.5, 0.5]), texRes=128, units='height', win=Window(...))
11.5356 	EXP 	Sound stimulitest2 set volume 1.000
11.5373 	EXP 	Created correct2 = ImageStim(__class__=<class 'psychopy.visual.image.ImageStim'>, autoLog=True, color=array([1., 1., 1.]), colorSpace='rgb', contrast=1.0, depth=-2.0, flipHoriz=False, flipVert=False, image='sin', interpolate=True, mask=None, maskParams=None, name='correct2', opacity=1.0, ori=0.0, pos=array([0., 0.]), size=array([0.5, 0.5]), texRes=128, units='height', win=Window(...))
11.5392 	EXP 	Created incorrect2 = ImageStim(__class__=<class 'psychopy.visual.image.ImageStim'>, autoLog=True, color=array([1., 1., 1.]), colorSpace='rgb', contrast=1.0, depth=-3.0, flipHoriz=False, flipVert=False, image='sin', interpolate=True, mask=None, maskParams=None, name='incorrect2', opacity=1.0, ori=0.0, pos=array([0., 0.]), size=array([0.5, 0.5]), texRes=128, units='height', win=Window(...))
11.5698 	EXP 	instructions: autoDraw = True
15.4356 	EXP 	Imported autoConditions\train1LoopCondition.xlsx as conditions, 9 conditions, 2 params
15.4358 	EXP 	Created sequence: sequential, trialTypes=9, nReps=1, seed=None
15.4361 	EXP 	New trial (rep=0, index=0): OrderedDict([('condFiles', 'autoConditions/train1Block1.xlsx'), ('testFiles', 'autoConditions/train1Block1Test.xlsx')])
15.4426 	EXP 	Imported autoConditions/train1Block1.xlsx as conditions, 6 conditions, 2 params
15.4428 	EXP 	Created sequence: sequential, trialTypes=6, nReps=1, seed=None
15.4430 	EXP 	New trial (rep=0, index=0): OrderedDict([('audio', 'wavaudio/pakito1.wav'), ('imageLoc', 'pngimages/17_cracker.png')])
15.4938 	DATA 	Keypress: f
15.4970 	EXP 	instructions: autoDraw = False
15.4970 	EXP 	imagetrain1: image = 'pngimages/17_cracker.png'
15.4970 	EXP 	imagetrain1: autoDraw = True
15.9026 	EXP 	New trial (rep=0, index=1): OrderedDict([('audio', 'wavaudio/pakito1.wav'), ('imageLoc', 'pngimages/26_pineapple.png')])
15.9538 	EXP 	imagetrain1: autoDraw = False
15.9538 	EXP 	imagetrain1: image = 'pngimages/26_pineapple.png'
15.9538 	EXP 	imagetrain1: autoDraw = True
16.4019 	EXP 	New trial (rep=0, index=2): OrderedDict([('audio', 'wavaudio/pakito1.wav'), ('imageLoc', 'pngimages/100_bicycle.png')])
16.4643 	EXP 	imagetrain1: autoDraw = False
16.4643 	EXP 	imagetrain1: image = 'pngimages/100_bicycle.png'
16.4643 	EXP 	imagetrain1: autoDraw = True
16.9024 	EXP 	New trial (rep=0, index=3): OrderedDict([('audio', 'wavaudio/pakito1.wav'), ('imageLoc', 'pngimages/21_cheese.png')])
16.9735 	EXP 	imagetrain1: autoDraw = False
16.9735 	EXP 	imagetrain1: image = 'pngimages/21_cheese.png'
16.9735 	EXP 	imagetrain1: autoDraw = True
17.4018 	EXP 	New trial (rep=0, index=4): OrderedDict([('audio', 'wavaudio/pakito1.wav'), ('imageLoc', 'pngimages/01_gift.png')])
17.4356 	EXP 	imagetrain1: autoDraw = False
17.4356 	EXP 	imagetrain1: image = 'pngimages/01_gift.png'
17.4356 	EXP 	imagetrain1: autoDraw = True
17.9016 	EXP 	New trial (rep=0, index=5): OrderedDict([('audio', 'wavaudio/pakito1.wav'), ('imageLoc', 'pngimages/23_lemon.png')])
17.9325 	EXP 	imagetrain1: autoDraw = False
17.9325 	EXP 	imagetrain1: image = 'pngimages/23_lemon.png'
17.9325 	EXP 	imagetrain1: autoDraw = True
18.4090 	EXP 	Imported autoConditions/train1Block1Test.xlsx as conditions, 3 conditions, 4 params
18.4094 	EXP 	Created sequence: random, trialTypes=3, nReps=1, seed=None
18.4097 	EXP 	New trial (rep=0, index=0): OrderedDict([('audioTrue', 'wavaudio/pakito1.wav'), ('imageTrue', 'pngimages/100_bicycle.png'), ('audioFalse', 'wavaudio/pakito1.wav'), ('imageFalse', 'pngimages/23_lemon.png')])
18.4513 	EXP 	imagetrain1: autoDraw = False
18.4513 	EXP 	correct: image = 'pngimages/100_bicycle.png'
18.4513 	EXP 	incorrect: image = 'pngimages/23_lemon.png'
18.4513 	EXP 	correct: autoDraw = True
18.4513 	EXP 	incorrect: autoDraw = True
20.9559 	EXP 	New trial (rep=0, index=1): OrderedDict([('audioTrue', 'wavaudio/pakito1.wav'), ('imageTrue', 'pngimages/26_pineapple.png'), ('audioFalse', 'wavaudio/pakito1.wav'), ('imageFalse', 'pngimages/01_gift.png')])
20.9828 	DATA 	Keypress: f
20.9869 	EXP 	correct: autoDraw = False
20.9869 	EXP 	incorrect: autoDraw = False
20.9869 	EXP 	correct: image = 'pngimages/26_pineapple.png'
20.9869 	EXP 	incorrect: image = 'pngimages/01_gift.png'
20.9869 	EXP 	correct: autoDraw = True
20.9869 	EXP 	incorrect: autoDraw = True
23.2048 	EXP 	New trial (rep=0, index=2): OrderedDict([('audioTrue', 'wavaudio/pakito1.wav'), ('imageTrue', 'pngimages/17_cracker.png'), ('audioFalse', 'wavaudio/pakito1.wav'), ('imageFalse', 'pngimages/21_cheese.png')])
23.2350 	DATA 	Keypress: f
23.2393 	EXP 	correct: autoDraw = False
23.2393 	EXP 	incorrect: autoDraw = False
23.2393 	EXP 	correct: image = 'pngimages/17_cracker.png'
23.2393 	EXP 	incorrect: image = 'pngimages/21_cheese.png'
23.2393 	EXP 	correct: autoDraw = True
23.2393 	EXP 	incorrect: autoDraw = True
24.9691 	DATA 	Keypress: f
25.2374 	EXP 	New trial (rep=0, index=1): OrderedDict([('condFiles', 'autoConditions/train1Block2.xlsx'), ('testFiles', 'autoConditions/train1Block2Test.xlsx')])
25.2439 	EXP 	Imported autoConditions/train1Block2.xlsx as conditions, 6 conditions, 2 params
25.2441 	EXP 	Created sequence: sequential, trialTypes=6, nReps=1, seed=None
25.2444 	EXP 	New trial (rep=0, index=0): OrderedDict([('audio', 'wavaudio/pakito1.wav'), ('imageLoc', 'pngimages/25_apple.png')])
25.2577 	EXP 	correct: autoDraw = False
25.2577 	EXP 	incorrect: autoDraw = False
25.2577 	EXP 	imagetrain1: image = 'pngimages/25_apple.png'
25.2577 	EXP 	imagetrain1: autoDraw = True
25.7519 	EXP 	New trial (rep=0, index=1): OrderedDict([('audio', 'wavaudio/pakito1.wav'), ('imageLoc', 'pngimages/08_bell.png')])
25.7655 	EXP 	imagetrain1: autoDraw = False
25.7655 	EXP 	imagetrain1: autoDraw = False
25.7655 	EXP 	imagetrain1: image = 'pngimages/08_bell.png'
25.7655 	EXP 	imagetrain1: autoDraw = True
26.2515 	EXP 	New trial (rep=0, index=2): OrderedDict([('audio', 'wavaudio/pakito1.wav'), ('imageLoc', 'pngimages/11_compass.png')])
26.2655 	EXP 	imagetrain1: autoDraw = False
26.2655 	EXP 	imagetrain1: autoDraw = False
26.2655 	EXP 	imagetrain1: image = 'pngimages/11_compass.png'
26.2655 	EXP 	imagetrain1: autoDraw = True
26.7514 	EXP 	New trial (rep=0, index=3): OrderedDict([('audio', 'wavaudio/pakito1.wav'), ('imageLoc', 'pngimages/03_box.png')])
26.7670 	EXP 	imagetrain1: autoDraw = False
26.7670 	EXP 	imagetrain1: autoDraw = False
26.7670 	EXP 	imagetrain1: image = 'pngimages/03_box.png'
26.7670 	EXP 	imagetrain1: autoDraw = True
27.2679 	EXP 	New trial (rep=0, index=4): OrderedDict([('audio', 'wavaudio/pakito1.wav'), ('imageLoc', 'pngimages/18_donut.png')])
27.2820 	EXP 	imagetrain1: autoDraw = False
27.2820 	EXP 	imagetrain1: autoDraw = False
27.2820 	EXP 	imagetrain1: image = 'pngimages/18_donut.png'
27.2820 	EXP 	imagetrain1: autoDraw = True
27.7670 	EXP 	New trial (rep=0, index=5): OrderedDict([('audio', 'wavaudio/pakito1.wav'), ('imageLoc', 'pngimages/19_burger.png')])
27.7846 	EXP 	imagetrain1: autoDraw = False
27.7846 	EXP 	imagetrain1: autoDraw = False
27.7846 	EXP 	imagetrain1: image = 'pngimages/19_burger.png'
27.7846 	EXP 	imagetrain1: autoDraw = True
28.2915 	EXP 	Imported autoConditions/train1Block2Test.xlsx as conditions, 3 conditions, 4 params
28.2918 	EXP 	Created sequence: random, trialTypes=3, nReps=1, seed=None
28.2921 	EXP 	New trial (rep=0, index=0): OrderedDict([('audioTrue', 'wavaudio/pakito1.wav'), ('imageTrue', 'pngimages/08_bell.png'), ('audioFalse', 'wavaudio/pakito1.wav'), ('imageFalse', 'pngimages/18_donut.png')])
28.3124 	EXP 	imagetrain1: autoDraw = False
28.3124 	EXP 	imagetrain1: autoDraw = False
28.3124 	EXP 	correct: image = 'pngimages/08_bell.png'
28.3124 	EXP 	incorrect: image = 'pngimages/18_donut.png'
28.3124 	EXP 	correct: autoDraw = True
28.3124 	EXP 	incorrect: autoDraw = True
35.3004 	EXP 	New trial (rep=0, index=1): OrderedDict([('audioTrue', 'wavaudio/pakito1.wav'), ('imageTrue', 'pngimages/25_apple.png'), ('audioFalse', 'wavaudio/pakito1.wav'), ('imageFalse', 'pngimages/03_box.png')])
35.3207 	EXP 	correct: autoDraw = False
35.3207 	EXP 	incorrect: autoDraw = False
35.3207 	EXP 	correct: autoDraw = False
35.3207 	EXP 	incorrect: autoDraw = False
35.3207 	EXP 	correct: image = 'pngimages/25_apple.png'
35.3207 	EXP 	incorrect: image = 'pngimages/03_box.png'
35.3207 	EXP 	correct: autoDraw = True
35.3207 	EXP 	incorrect: autoDraw = True
42.3141 	EXP 	New trial (rep=0, index=2): OrderedDict([('audioTrue', 'wavaudio/pakito1.wav'), ('imageTrue', 'pngimages/11_compass.png'), ('audioFalse', 'wavaudio/pakito1.wav'), ('imageFalse', 'pngimages/19_burger.png')])
42.3358 	EXP 	correct: autoDraw = False
42.3358 	EXP 	incorrect: autoDraw = False
42.3358 	EXP 	correct: autoDraw = False
42.3358 	EXP 	incorrect: autoDraw = False
42.3358 	EXP 	correct: image = 'pngimages/11_compass.png'
42.3358 	EXP 	incorrect: image = 'pngimages/19_burger.png'
42.3358 	EXP 	correct: autoDraw = True
42.3358 	EXP 	incorrect: autoDraw = True
43.0641 	DATA 	Keypress: f
43.9467 	DATA 	Keypress: f
44.3329 	EXP 	New trial (rep=0, index=2): OrderedDict([('condFiles', 'autoConditions/train1Block3.xlsx'), ('testFiles', 'autoConditions/train1Block3Test.xlsx')])
44.3396 	EXP 	Imported autoConditions/train1Block3.xlsx as conditions, 6 conditions, 2 params
44.3398 	EXP 	Created sequence: sequential, trialTypes=6, nReps=1, seed=None
44.3401 	EXP 	New trial (rep=0, index=0): OrderedDict([('audio', 'wavaudio/pakito1.wav'), ('imageLoc', 'pngimages/15_barrel.png')])
44.3753 	EXP 	correct: autoDraw = False
44.3753 	EXP 	incorrect: autoDraw = False
44.3753 	EXP 	imagetrain1: image = 'pngimages/15_barrel.png'
44.3753 	EXP 	imagetrain1: autoDraw = True
44.8641 	EXP 	New trial (rep=0, index=1): OrderedDict([('audio', 'wavaudio/pakito1.wav'), ('imageLoc', 'pngimages/05_megaphone.png')])
44.8819 	EXP 	imagetrain1: autoDraw = False
44.8819 	EXP 	imagetrain1: autoDraw = False
44.8819 	EXP 	imagetrain1: image = 'pngimages/05_megaphone.png'
44.8819 	EXP 	imagetrain1: autoDraw = True
45.3800 	EXP 	New trial (rep=0, index=2): OrderedDict([('audio', 'wavaudio/pakito1.wav'), ('imageLoc', 'pngimages/04_ladder.png')])
45.3942 	EXP 	imagetrain1: autoDraw = False
45.3942 	EXP 	imagetrain1: autoDraw = False
45.3942 	EXP 	imagetrain1: image = 'pngimages/04_ladder.png'
45.3942 	EXP 	imagetrain1: autoDraw = True
45.8796 	EXP 	New trial (rep=0, index=3): OrderedDict([('audio', 'wavaudio/pakito1.wav'), ('imageLoc', 'pngimages/14_coffee.png')])
45.9007 	EXP 	imagetrain1: autoDraw = False
45.9007 	EXP 	imagetrain1: autoDraw = False
45.9007 	EXP 	imagetrain1: image = 'pngimages/14_coffee.png'
45.9007 	EXP 	imagetrain1: autoDraw = True
46.3951 	EXP 	New trial (rep=0, index=4): OrderedDict([('audio', 'wavaudio/pakito1.wav'), ('imageLoc', 'pngimages/02_pallet.png')])
46.4142 	EXP 	imagetrain1: autoDraw = False
46.4142 	EXP 	imagetrain1: autoDraw = False
46.4142 	EXP 	imagetrain1: image = 'pngimages/02_pallet.png'
46.4142 	EXP 	imagetrain1: autoDraw = True
46.9126 	EXP 	New trial (rep=0, index=5): OrderedDict([('audio', 'wavaudio/pakito1.wav'), ('imageLoc', 'pngimages/22_egg.png')])
46.9862 	EXP 	imagetrain1: autoDraw = False
46.9862 	EXP 	imagetrain1: autoDraw = False
46.9862 	EXP 	imagetrain1: image = 'pngimages/22_egg.png'
46.9862 	EXP 	imagetrain1: autoDraw = True
47.4866 	EXP 	Imported autoConditions/train1Block3Test.xlsx as conditions, 3 conditions, 4 params
47.4869 	EXP 	Created sequence: random, trialTypes=3, nReps=1, seed=None
47.4873 	EXP 	New trial (rep=0, index=0): OrderedDict([('audioTrue', 'wavaudio/pakito1.wav'), ('imageTrue', 'pngimages/15_barrel.png'), ('audioFalse', 'wavaudio/pakito1.wav'), ('imageFalse', 'pngimages/14_coffee.png')])
47.5280 	EXP 	imagetrain1: autoDraw = False
47.5280 	EXP 	imagetrain1: autoDraw = False
47.5280 	EXP 	correct: image = 'pngimages/15_barrel.png'
47.5280 	EXP 	incorrect: image = 'pngimages/14_coffee.png'
47.5280 	EXP 	correct: autoDraw = True
47.5280 	EXP 	incorrect: autoDraw = True
49.9820 	EXP 	New trial (rep=0, index=1): OrderedDict([('audioTrue', 'wavaudio/pakito1.wav'), ('imageTrue', 'pngimages/04_ladder.png'), ('audioFalse', 'wavaudio/pakito1.wav'), ('imageFalse', 'pngimages/22_egg.png')])
50.0444 	DATA 	Keypress: j
50.0486 	EXP 	correct: autoDraw = False
50.0486 	EXP 	incorrect: autoDraw = False
50.0486 	EXP 	correct: image = 'pngimages/04_ladder.png'
50.0486 	EXP 	incorrect: image = 'pngimages/22_egg.png'
50.0486 	EXP 	correct: autoDraw = True
50.0486 	EXP 	incorrect: autoDraw = True
51.4286 	DATA 	Keypress: j
52.0475 	EXP 	New trial (rep=0, index=2): OrderedDict([('audioTrue', 'wavaudio/pakito1.wav'), ('imageTrue', 'pngimages/05_megaphone.png'), ('audioFalse', 'wavaudio/pakito1.wav'), ('imageFalse', 'pngimages/02_pallet.png')])
52.0686 	EXP 	correct: autoDraw = False
52.0686 	EXP 	incorrect: autoDraw = False
52.0686 	EXP 	correct: image = 'pngimages/05_megaphone.png'
52.0686 	EXP 	incorrect: image = 'pngimages/02_pallet.png'
52.0686 	EXP 	correct: autoDraw = True
52.0686 	EXP 	incorrect: autoDraw = True
52.3117 	DATA 	Keypress: j
54.0634 	EXP 	New trial (rep=0, index=3): OrderedDict([('condFiles', 'autoConditions/train1Block4.xlsx'), ('testFiles', 'autoConditions/train1Block4Test.xlsx')])
54.0700 	EXP 	Imported autoConditions/train1Block4.xlsx as conditions, 6 conditions, 2 params
54.0702 	EXP 	Created sequence: sequential, trialTypes=6, nReps=1, seed=None
54.0705 	EXP 	New trial (rep=0, index=0): OrderedDict([('audio', 'wavaudio/pakito1.wav'), ('imageLoc', 'pngimages/10_backpack.png')])
54.0859 	EXP 	correct: autoDraw = False
54.0859 	EXP 	incorrect: autoDraw = False
54.0859 	EXP 	imagetrain1: image = 'pngimages/10_backpack.png'
54.0859 	EXP 	imagetrain1: autoDraw = True
54.5772 	EXP 	New trial (rep=0, index=1): OrderedDict([('audio', 'wavaudio/pakito1.wav'), ('imageLoc', 'pngimages/06_tent.png')])
54.5910 	EXP 	imagetrain1: autoDraw = False
54.5910 	EXP 	imagetrain1: autoDraw = False
54.5910 	EXP 	imagetrain1: image = 'pngimages/06_tent.png'
54.5910 	EXP 	imagetrain1: autoDraw = True
55.0764 	EXP 	New trial (rep=0, index=2): OrderedDict([('audio', 'wavaudio/pakito1.wav'), ('imageLoc', 'pngimages/07_suitcase.png')])
55.0910 	EXP 	imagetrain1: autoDraw = False
55.0910 	EXP 	imagetrain1: autoDraw = False
55.0910 	EXP 	imagetrain1: image = 'pngimages/07_suitcase.png'
55.0910 	EXP 	imagetrain1: autoDraw = True
55.5771 	EXP 	New trial (rep=0, index=3): OrderedDict([('audio', 'wavaudio/pakito1.wav'), ('imageLoc', 'pngimages/12_pie.png')])
55.6265 	EXP 	imagetrain1: autoDraw = False
55.6265 	EXP 	imagetrain1: autoDraw = False
55.6265 	EXP 	imagetrain1: image = 'pngimages/12_pie.png'
55.6265 	EXP 	imagetrain1: autoDraw = True
56.1267 	EXP 	New trial (rep=0, index=4): OrderedDict([('audio', 'wavaudio/pakito1.wav'), ('imageLoc', 'pngimages/24_banana.png')])
56.1806 	EXP 	imagetrain1: autoDraw = False
56.1806 	EXP 	imagetrain1: autoDraw = False
56.1806 	EXP 	imagetrain1: image = 'pngimages/24_banana.png'
56.1806 	EXP 	imagetrain1: autoDraw = True
56.6754 	EXP 	New trial (rep=0, index=5): OrderedDict([('audio', 'wavaudio/pakito1.wav'), ('imageLoc', 'pngimages/20_pizza.png')])
56.7034 	EXP 	imagetrain1: autoDraw = False
56.7034 	EXP 	imagetrain1: autoDraw = False
56.7034 	EXP 	imagetrain1: image = 'pngimages/20_pizza.png'
56.7034 	EXP 	imagetrain1: autoDraw = True
57.1994 	EXP 	Imported autoConditions/train1Block4Test.xlsx as conditions, 3 conditions, 4 params
57.1997 	EXP 	Created sequence: random, trialTypes=3, nReps=1, seed=None
57.2000 	EXP 	New trial (rep=0, index=0): OrderedDict([('audioTrue', 'wavaudio/pakito1.wav'), ('imageTrue', 'pngimages/10_backpack.png'), ('audioFalse', 'wavaudio/pakito1.wav'), ('imageFalse', 'pngimages/12_pie.png')])
57.2373 	EXP 	imagetrain1: autoDraw = False
57.2373 	EXP 	imagetrain1: autoDraw = False
57.2373 	EXP 	correct: image = 'pngimages/10_backpack.png'
57.2373 	EXP 	incorrect: image = 'pngimages/12_pie.png'
57.2373 	EXP 	correct: autoDraw = True
57.2373 	EXP 	incorrect: autoDraw = True
60.1286 	EXP 	New trial (rep=0, index=1): OrderedDict([('audioTrue', 'wavaudio/pakito1.wav'), ('imageTrue', 'pngimages/06_tent.png'), ('audioFalse', 'wavaudio/pakito1.wav'), ('imageFalse', 'pngimages/24_banana.png')])
60.1681 	DATA 	Keypress: j
60.1725 	EXP 	correct: autoDraw = False
60.1725 	EXP 	incorrect: autoDraw = False
60.1725 	EXP 	correct: image = 'pngimages/06_tent.png'
60.1725 	EXP 	incorrect: image = 'pngimages/24_banana.png'
60.1725 	EXP 	correct: autoDraw = True
60.1725 	EXP 	incorrect: autoDraw = True
62.6285 	EXP 	New trial (rep=0, index=2): OrderedDict([('audioTrue', 'wavaudio/pakito1.wav'), ('imageTrue', 'pngimages/07_suitcase.png'), ('audioFalse', 'wavaudio/pakito1.wav'), ('imageFalse', 'pngimages/20_pizza.png')])
62.6584 	DATA 	Keypress: j
62.6630 	EXP 	correct: autoDraw = False
62.6630 	EXP 	incorrect: autoDraw = False
62.6630 	EXP 	correct: image = 'pngimages/07_suitcase.png'
62.6630 	EXP 	incorrect: image = 'pngimages/20_pizza.png'
62.6630 	EXP 	correct: autoDraw = True
62.6630 	EXP 	incorrect: autoDraw = True
65.0420 	DATA 	Keypress: j
65.0609 	EXP 	New trial (rep=0, index=4): OrderedDict([('condFiles', 'autoConditions/train1Block5.xlsx'), ('testFiles', 'autoConditions/train1Block5Test.xlsx')])
65.0680 	EXP 	Imported autoConditions/train1Block5.xlsx as conditions, 6 conditions, 2 params
65.0682 	EXP 	Created sequence: sequential, trialTypes=6, nReps=1, seed=None
65.0686 	EXP 	New trial (rep=0, index=0): OrderedDict([('audio', 'wavaudio/pakito1.wav'), ('imageLoc', 'pngimages/16_icecream.png')])
65.0803 	EXP 	correct: autoDraw = False
65.0803 	EXP 	incorrect: autoDraw = False
65.0803 	EXP 	imagetrain1: image = 'pngimages/16_icecream.png'
65.0803 	EXP 	imagetrain1: autoDraw = True
65.5736 	EXP 	New trial (rep=0, index=1): OrderedDict([('audio', 'wavaudio/pakito1.wav'), ('imageLoc', 'pngimages/13_toast.png')])
65.5889 	EXP 	imagetrain1: autoDraw = False
65.5889 	EXP 	imagetrain1: autoDraw = False
65.5889 	EXP 	imagetrain1: image = 'pngimages/13_toast.png'
65.5889 	EXP 	imagetrain1: autoDraw = True
66.0902 	EXP 	New trial (rep=0, index=2): OrderedDict([('audio', 'wavaudio/pakito1.wav'), ('imageLoc', 'pngimages/09_plane.png')])
66.1169 	EXP 	imagetrain1: autoDraw = False
66.1169 	EXP 	imagetrain1: autoDraw = False
66.1169 	EXP 	imagetrain1: image = 'pngimages/09_plane.png'
66.1169 	EXP 	imagetrain1: autoDraw = True
66.6069 	EXP 	New trial (rep=0, index=3): OrderedDict([('audio', 'wavaudio/pakito1.wav'), ('imageLoc', 'pngimages/17_cracker.png')])
66.6218 	EXP 	imagetrain1: autoDraw = False
66.6218 	EXP 	imagetrain1: autoDraw = False
66.6218 	EXP 	imagetrain1: image = 'pngimages/17_cracker.png'
66.6218 	EXP 	imagetrain1: autoDraw = True
67.1229 	EXP 	New trial (rep=0, index=4): OrderedDict([('audio', 'wavaudio/pakito1.wav'), ('imageLoc', 'pngimages/03_box.png')])
67.1385 	EXP 	imagetrain1: autoDraw = False
67.1385 	EXP 	imagetrain1: autoDraw = False
67.1385 	EXP 	imagetrain1: image = 'pngimages/03_box.png'
67.1385 	EXP 	imagetrain1: autoDraw = True
67.6405 	EXP 	New trial (rep=0, index=5): OrderedDict([('audio', 'wavaudio/pakito1.wav'), ('imageLoc', 'pngimages/13_toast.png')])
67.6560 	EXP 	imagetrain1: autoDraw = False
67.6560 	EXP 	imagetrain1: autoDraw = False
67.6560 	EXP 	imagetrain1: image = 'pngimages/13_toast.png'
67.6560 	EXP 	imagetrain1: autoDraw = True
68.1670 	EXP 	Imported autoConditions/train1Block5Test.xlsx as conditions, 3 conditions, 4 params
68.1674 	EXP 	Created sequence: random, trialTypes=3, nReps=1, seed=None
68.1679 	EXP 	New trial (rep=0, index=0): OrderedDict([('audioTrue', 'wavaudio/pakito1.wav'), ('imageTrue', 'pngimages/16_icecream.png'), ('audioFalse', 'wavaudio/pakito1.wav'), ('imageFalse', 'pngimages/17_cracker.png')])
68.1874 	EXP 	imagetrain1: autoDraw = False
68.1874 	EXP 	imagetrain1: autoDraw = False
68.1874 	EXP 	correct: image = 'pngimages/16_icecream.png'
68.1874 	EXP 	incorrect: image = 'pngimages/17_cracker.png'
68.1874 	EXP 	correct: autoDraw = True
68.1874 	EXP 	incorrect: autoDraw = True
69.1898 	DATA 	Keypress: j
69.5395 	DATA 	Keypress: j
70.1923 	EXP 	New trial (rep=0, index=1): OrderedDict([('audioTrue', 'wavaudio/pakito1.wav'), ('imageTrue', 'pngimages/09_plane.png'), ('audioFalse', 'wavaudio/pakito1.wav'), ('imageFalse', 'pngimages/13_toast.png')])
70.2243 	EXP 	correct: autoDraw = False
70.2243 	EXP 	incorrect: autoDraw = False
70.2243 	EXP 	correct: image = 'pngimages/09_plane.png'
70.2243 	EXP 	incorrect: image = 'pngimages/13_toast.png'
70.2243 	EXP 	correct: autoDraw = True
70.2243 	EXP 	incorrect: autoDraw = True
72.9246 	EXP 	New trial (rep=0, index=2): OrderedDict([('audioTrue', 'wavaudio/pakito1.wav'), ('imageTrue', 'pngimages/13_toast.png'), ('audioFalse', 'wavaudio/pakito1.wav'), ('imageFalse', 'pngimages/03_box.png')])
72.9436 	DATA 	Keypress: j
72.9479 	EXP 	correct: autoDraw = False
72.9479 	EXP 	incorrect: autoDraw = False
72.9479 	EXP 	correct: image = 'pngimages/13_toast.png'
72.9479 	EXP 	incorrect: image = 'pngimages/03_box.png'
72.9479 	EXP 	correct: autoDraw = True
72.9479 	EXP 	incorrect: autoDraw = True
75.6564 	DATA 	Keypress: j
75.6747 	EXP 	New trial (rep=0, index=5): OrderedDict([('condFiles', 'autoConditions/train1Block6.xlsx'), ('testFiles', 'autoConditions/train1Block6Test.xlsx')])
75.6814 	EXP 	Imported autoConditions/train1Block6.xlsx as conditions, 6 conditions, 2 params
75.6816 	EXP 	Created sequence: sequential, trialTypes=6, nReps=1, seed=None
75.6818 	EXP 	New trial (rep=0, index=0): OrderedDict([('audio', 'wavaudio/pakito1.wav'), ('imageLoc', 'pngimages/01_gift.png')])
75.6957 	EXP 	correct: autoDraw = False
75.6957 	EXP 	incorrect: autoDraw = False
75.6957 	EXP 	imagetrain1: image = 'pngimages/01_gift.png'
75.6957 	EXP 	imagetrain1: autoDraw = True
76.1872 	EXP 	New trial (rep=0, index=1): OrderedDict([('audio', 'wavaudio/pakito1.wav'), ('imageLoc', 'pngimages/100_bicycle.png')])
76.2138 	EXP 	imagetrain1: autoDraw = False
76.2138 	EXP 	imagetrain1: autoDraw = False
76.2138 	EXP 	imagetrain1: image = 'pngimages/100_bicycle.png'
76.2138 	EXP 	imagetrain1: autoDraw = True
76.7038 	EXP 	New trial (rep=0, index=2): OrderedDict([('audio', 'wavaudio/pakito1.wav'), ('imageLoc', 'pngimages/23_lemon.png')])
76.7186 	EXP 	imagetrain1: autoDraw = False
76.7186 	EXP 	imagetrain1: autoDraw = False
76.7186 	EXP 	imagetrain1: image = 'pngimages/23_lemon.png'
76.7186 	EXP 	imagetrain1: autoDraw = True
77.2035 	EXP 	New trial (rep=0, index=3): OrderedDict([('audio', 'wavaudio/pakito1.wav'), ('imageLoc', 'pngimages/11_compass.png')])
77.2181 	EXP 	imagetrain1: autoDraw = False
77.2181 	EXP 	imagetrain1: autoDraw = False
77.2181 	EXP 	imagetrain1: image = 'pngimages/11_compass.png'
77.2181 	EXP 	imagetrain1: autoDraw = True
77.7031 	EXP 	New trial (rep=0, index=4): OrderedDict([('audio', 'wavaudio/pakito1.wav'), ('imageLoc', 'pngimages/19_burger.png')])
77.7199 	EXP 	imagetrain1: autoDraw = False
77.7199 	EXP 	imagetrain1: autoDraw = False
77.7199 	EXP 	imagetrain1: image = 'pngimages/19_burger.png'
77.7199 	EXP 	imagetrain1: autoDraw = True
78.2202 	EXP 	New trial (rep=0, index=5): OrderedDict([('audio', 'wavaudio/pakito1.wav'), ('imageLoc', 'pngimages/26_pineapple.png')])
78.2438 	EXP 	imagetrain1: autoDraw = False
78.2438 	EXP 	imagetrain1: autoDraw = False
78.2438 	EXP 	imagetrain1: image = 'pngimages/26_pineapple.png'
78.2438 	EXP 	imagetrain1: autoDraw = True
78.7432 	EXP 	Imported autoConditions/train1Block6Test.xlsx as conditions, 3 conditions, 4 params
78.7435 	EXP 	Created sequence: random, trialTypes=3, nReps=1, seed=None
78.7437 	EXP 	New trial (rep=0, index=0): OrderedDict([('audioTrue', 'wavaudio/pakito1.wav'), ('imageTrue', 'pngimages/01_gift.png'), ('audioFalse', 'wavaudio/pakito1.wav'), ('imageFalse', 'pngimages/11_compass.png')])
78.7657 	EXP 	imagetrain1: autoDraw = False
78.7657 	EXP 	imagetrain1: autoDraw = False
78.7657 	EXP 	correct: image = 'pngimages/01_gift.png'
78.7657 	EXP 	incorrect: image = 'pngimages/11_compass.png'
78.7657 	EXP 	correct: autoDraw = True
78.7657 	EXP 	incorrect: autoDraw = True
81.1064 	EXP 	New trial (rep=0, index=1): OrderedDict([('audioTrue', 'wavaudio/pakito1.wav'), ('imageTrue', 'pngimages/100_bicycle.png'), ('audioFalse', 'wavaudio/pakito1.wav'), ('imageFalse', 'pngimages/19_burger.png')])
81.1369 	DATA 	Keypress: j
81.1416 	EXP 	correct: autoDraw = False
81.1416 	EXP 	incorrect: autoDraw = False
81.1416 	EXP 	correct: image = 'pngimages/100_bicycle.png'
81.1416 	EXP 	incorrect: image = 'pngimages/19_burger.png'
81.1416 	EXP 	correct: autoDraw = True
81.1416 	EXP 	incorrect: autoDraw = True
82.7025 	DATA 	Keypress: j
83.1398 	EXP 	New trial (rep=0, index=2): OrderedDict([('audioTrue', 'wavaudio/pakito1.wav'), ('imageTrue', 'pngimages/23_lemon.png'), ('audioFalse', 'wavaudio/pakito1.wav'), ('imageFalse', 'pngimages/26_pineapple.png')])
83.1677 	DATA 	Keypress: j
83.1717 	EXP 	correct: autoDraw = False
83.1717 	EXP 	incorrect: autoDraw = False
83.1717 	EXP 	correct: image = 'pngimages/23_lemon.png'
83.1717 	EXP 	incorrect: image = 'pngimages/26_pineapple.png'
83.1717 	EXP 	correct: autoDraw = True
83.1717 	EXP 	incorrect: autoDraw = True
85.1719 	EXP 	New trial (rep=0, index=6): OrderedDict([('condFiles', 'autoConditions/train1Block7.xlsx'), ('testFiles', 'autoConditions/train1Block7Test.xlsx')])
85.1787 	EXP 	Imported autoConditions/train1Block7.xlsx as conditions, 6 conditions, 2 params
85.1789 	EXP 	Created sequence: sequential, trialTypes=6, nReps=1, seed=None
85.1792 	EXP 	New trial (rep=0, index=0): OrderedDict([('audio', 'wavaudio/pakito1.wav'), ('imageLoc', 'pngimages/06_tent.png')])
85.1911 	DATA 	Keypress: j
85.1941 	EXP 	correct: autoDraw = False
85.1941 	EXP 	incorrect: autoDraw = False
85.1941 	EXP 	imagetrain1: image = 'pngimages/06_tent.png'
85.1941 	EXP 	imagetrain1: autoDraw = True
85.6853 	EXP 	New trial (rep=0, index=1): OrderedDict([('audio', 'wavaudio/pakito1.wav'), ('imageLoc', 'pngimages/14_coffee.png')])
85.7004 	EXP 	imagetrain1: autoDraw = False
85.7004 	EXP 	imagetrain1: autoDraw = False
85.7004 	EXP 	imagetrain1: image = 'pngimages/14_coffee.png'
85.7004 	EXP 	imagetrain1: autoDraw = True
86.2020 	EXP 	New trial (rep=0, index=2): OrderedDict([('audio', 'wavaudio/pakito1.wav'), ('imageLoc', 'pngimages/07_suitcase.png')])
86.2166 	EXP 	imagetrain1: autoDraw = False
86.2166 	EXP 	imagetrain1: autoDraw = False
86.2166 	EXP 	imagetrain1: image = 'pngimages/07_suitcase.png'
86.2166 	EXP 	imagetrain1: autoDraw = True
86.7179 	EXP 	New trial (rep=0, index=3): OrderedDict([('audio', 'wavaudio/pakito1.wav'), ('imageLoc', 'pngimages/18_donut.png')])
86.7342 	EXP 	imagetrain1: autoDraw = False
86.7342 	EXP 	imagetrain1: autoDraw = False
86.7342 	EXP 	imagetrain1: image = 'pngimages/18_donut.png'
86.7342 	EXP 	imagetrain1: autoDraw = True
87.2347 	EXP 	New trial (rep=0, index=4): OrderedDict([('audio', 'wavaudio/pakito1.wav'), ('imageLoc', 'pngimages/15_barrel.png')])
87.2752 	EXP 	imagetrain1: autoDraw = False
87.2752 	EXP 	imagetrain1: autoDraw = False
87.2752 	EXP 	imagetrain1: image = 'pngimages/15_barrel.png'
87.2752 	EXP 	imagetrain1: autoDraw = True
87.7673 	EXP 	New trial (rep=0, index=5): OrderedDict([('audio', 'wavaudio/pakito1.wav'), ('imageLoc', 'pngimages/09_plane.png')])
87.7946 	EXP 	imagetrain1: autoDraw = False
87.7946 	EXP 	imagetrain1: autoDraw = False
87.7946 	EXP 	imagetrain1: image = 'pngimages/09_plane.png'
87.7946 	EXP 	imagetrain1: autoDraw = True
88.2929 	EXP 	Imported autoConditions/train1Block7Test.xlsx as conditions, 3 conditions, 4 params
88.2931 	EXP 	Created sequence: random, trialTypes=3, nReps=1, seed=None
88.2935 	EXP 	New trial (rep=0, index=0): OrderedDict([('audioTrue', 'wavaudio/pakito1.wav'), ('imageTrue', 'pngimages/06_tent.png'), ('audioFalse', 'wavaudio/pakito1.wav'), ('imageFalse', 'pngimages/18_donut.png')])
88.3133 	EXP 	imagetrain1: autoDraw = False
88.3133 	EXP 	imagetrain1: autoDraw = False
88.3133 	EXP 	correct: image = 'pngimages/06_tent.png'
88.3133 	EXP 	incorrect: image = 'pngimages/18_donut.png'
88.3133 	EXP 	correct: autoDraw = True
88.3133 	EXP 	incorrect: autoDraw = True
89.6017 	DATA 	Keypress: j
90.3035 	EXP 	New trial (rep=0, index=1): OrderedDict([('audioTrue', 'wavaudio/pakito1.wav'), ('imageTrue', 'pngimages/07_suitcase.png'), ('audioFalse', 'wavaudio/pakito1.wav'), ('imageFalse', 'pngimages/09_plane.png')])
90.3370 	EXP 	correct: autoDraw = False
90.3370 	EXP 	incorrect: autoDraw = False
90.3370 	EXP 	correct: image = 'pngimages/07_suitcase.png'
90.3370 	EXP 	incorrect: image = 'pngimages/09_plane.png'
90.3370 	EXP 	correct: autoDraw = True
90.3370 	EXP 	incorrect: autoDraw = True
91.4332 	DATA 	Keypress: j
92.3353 	EXP 	New trial (rep=0, index=2): OrderedDict([('audioTrue', 'wavaudio/pakito1.wav'), ('imageTrue', 'pngimages/14_coffee.png'), ('audioFalse', 'wavaudio/pakito1.wav'), ('imageFalse', 'pngimages/15_barrel.png')])
92.3783 	EXP 	correct: autoDraw = False
92.3783 	EXP 	incorrect: autoDraw = False
92.3783 	EXP 	correct: image = 'pngimages/14_coffee.png'
92.3783 	EXP 	incorrect: image = 'pngimages/15_barrel.png'
92.3783 	EXP 	correct: autoDraw = True
92.3783 	EXP 	incorrect: autoDraw = True
94.9853 	EXP 	New trial (rep=0, index=7): OrderedDict([('condFiles', 'autoConditions/train1Block8.xlsx'), ('testFiles', 'autoConditions/train1Block8Test.xlsx')])
94.9928 	EXP 	Imported autoConditions/train1Block8.xlsx as conditions, 6 conditions, 2 params
94.9931 	EXP 	Created sequence: sequential, trialTypes=6, nReps=1, seed=None
94.9933 	EXP 	New trial (rep=0, index=0): OrderedDict([('audio', 'wavaudio/pakito1.wav'), ('imageLoc', 'pngimages/05_megaphone.png')])
95.0038 	DATA 	Keypress: j
95.0070 	EXP 	correct: autoDraw = False
95.0070 	EXP 	incorrect: autoDraw = False
95.0070 	EXP 	imagetrain1: image = 'pngimages/05_megaphone.png'
95.0070 	EXP 	imagetrain1: autoDraw = True
95.4990 	EXP 	New trial (rep=0, index=1): OrderedDict([('audio', 'wavaudio/pakito1.wav'), ('imageLoc', 'pngimages/12_pie.png')])
95.5320 	EXP 	imagetrain1: autoDraw = False
95.5320 	EXP 	imagetrain1: autoDraw = False
95.5320 	EXP 	imagetrain1: image = 'pngimages/12_pie.png'
95.5320 	EXP 	imagetrain1: autoDraw = True
96.0328 	EXP 	New trial (rep=0, index=2): OrderedDict([('audio', 'wavaudio/pakito1.wav'), ('imageLoc', 'pngimages/16_icecream.png')])
96.0461 	EXP 	imagetrain1: autoDraw = False
96.0461 	EXP 	imagetrain1: autoDraw = False
96.0461 	EXP 	imagetrain1: image = 'pngimages/16_icecream.png'
96.0461 	EXP 	imagetrain1: autoDraw = True
96.5322 	EXP 	New trial (rep=0, index=3): OrderedDict([('audio', 'wavaudio/pakito1.wav'), ('imageLoc', 'pngimages/20_pizza.png')])
96.5565 	EXP 	imagetrain1: autoDraw = False
96.5565 	EXP 	imagetrain1: autoDraw = False
96.5565 	EXP 	imagetrain1: image = 'pngimages/20_pizza.png'
96.5565 	EXP 	imagetrain1: autoDraw = True
97.0484 	EXP 	New trial (rep=0, index=4): OrderedDict([('audio', 'wavaudio/pakito1.wav'), ('imageLoc', 'pngimages/04_ladder.png')])
97.0636 	EXP 	imagetrain1: autoDraw = False
97.0636 	EXP 	imagetrain1: autoDraw = False
97.0636 	EXP 	imagetrain1: image = 'pngimages/04_ladder.png'
97.0636 	EXP 	imagetrain1: autoDraw = True
97.5655 	EXP 	New trial (rep=0, index=5): OrderedDict([('audio', 'wavaudio/pakito1.wav'), ('imageLoc', 'pngimages/08_bell.png')])
97.5800 	EXP 	imagetrain1: autoDraw = False
97.5800 	EXP 	imagetrain1: autoDraw = False
97.5800 	EXP 	imagetrain1: image = 'pngimages/08_bell.png'
97.5800 	EXP 	imagetrain1: autoDraw = True
98.0903 	EXP 	Imported autoConditions/train1Block8Test.xlsx as conditions, 3 conditions, 4 params
98.0906 	EXP 	Created sequence: random, trialTypes=3, nReps=1, seed=None
98.0909 	EXP 	New trial (rep=0, index=0): OrderedDict([('audioTrue', 'wavaudio/pakito1.wav'), ('imageTrue', 'pngimages/12_pie.png'), ('audioFalse', 'wavaudio/pakito1.wav'), ('imageFalse', 'pngimages/04_ladder.png')])
98.1308 	EXP 	imagetrain1: autoDraw = False
98.1308 	EXP 	imagetrain1: autoDraw = False
98.1308 	EXP 	correct: image = 'pngimages/12_pie.png'
98.1308 	EXP 	incorrect: image = 'pngimages/04_ladder.png'
98.1308 	EXP 	correct: autoDraw = True
98.1308 	EXP 	incorrect: autoDraw = True
100.6011 	EXP 	New trial (rep=0, index=1): OrderedDict([('audioTrue', 'wavaudio/pakito1.wav'), ('imageTrue', 'pngimages/05_megaphone.png'), ('audioFalse', 'wavaudio/pakito1.wav'), ('imageFalse', 'pngimages/20_pizza.png')])
100.6274 	DATA 	Keypress: j
100.6319 	EXP 	correct: autoDraw = False
100.6319 	EXP 	incorrect: autoDraw = False
100.6319 	EXP 	correct: image = 'pngimages/05_megaphone.png'
100.6319 	EXP 	incorrect: image = 'pngimages/20_pizza.png'
100.6319 	EXP 	correct: autoDraw = True
100.6319 	EXP 	incorrect: autoDraw = True
102.5975 	DATA 	Keypress: j
102.6335 	EXP 	New trial (rep=0, index=2): OrderedDict([('audioTrue', 'wavaudio/pakito1.wav'), ('imageTrue', 'pngimages/16_icecream.png'), ('audioFalse', 'wavaudio/pakito1.wav'), ('imageFalse', 'pngimages/08_bell.png')])
102.6548 	EXP 	correct: autoDraw = False
102.6548 	EXP 	incorrect: autoDraw = False
102.6548 	EXP 	correct: image = 'pngimages/16_icecream.png'
102.6548 	EXP 	incorrect: image = 'pngimages/08_bell.png'
102.6548 	EXP 	correct: autoDraw = True
102.6548 	EXP 	incorrect: autoDraw = True
104.3631 	DATA 	Keypress: j
104.6503 	EXP 	New trial (rep=0, index=8): OrderedDict([('condFiles', 'autoConditions/train1Block9.xlsx'), ('testFiles', 'autoConditions/train1Block9Test.xlsx')])
104.6588 	EXP 	Imported autoConditions/train1Block9.xlsx as conditions, 6 conditions, 2 params
104.6590 	EXP 	Created sequence: sequential, trialTypes=6, nReps=1, seed=None
104.6593 	EXP 	New trial (rep=0, index=0): OrderedDict([('audio', 'wavaudio/pakito1.wav'), ('imageLoc', 'pngimages/10_backpack.png')])
104.6733 	EXP 	correct: autoDraw = False
104.6733 	EXP 	incorrect: autoDraw = False
104.6733 	EXP 	imagetrain1: image = 'pngimages/10_backpack.png'
104.6733 	EXP 	imagetrain1: autoDraw = True
105.1622 	EXP 	New trial (rep=0, index=1): OrderedDict([('audio', 'wavaudio/pakito1.wav'), ('imageLoc', 'pngimages/22_egg.png')])
105.1929 	EXP 	imagetrain1: autoDraw = False
105.1929 	EXP 	imagetrain1: autoDraw = False
105.1929 	EXP 	imagetrain1: image = 'pngimages/22_egg.png'
105.1929 	EXP 	imagetrain1: autoDraw = True
105.6793 	EXP 	New trial (rep=0, index=2): OrderedDict([('audio', 'wavaudio/pakito1.wav'), ('imageLoc', 'pngimages/02_pallet.png')])
105.6936 	EXP 	imagetrain1: autoDraw = False
105.6936 	EXP 	imagetrain1: autoDraw = False
105.6936 	EXP 	imagetrain1: image = 'pngimages/02_pallet.png'
105.6936 	EXP 	imagetrain1: autoDraw = True
106.1797 	EXP 	New trial (rep=0, index=3): OrderedDict([('audio', 'wavaudio/pakito1.wav'), ('imageLoc', 'pngimages/21_cheese.png')])
106.2074 	EXP 	imagetrain1: autoDraw = False
106.2074 	EXP 	imagetrain1: autoDraw = False
106.2074 	EXP 	imagetrain1: image = 'pngimages/21_cheese.png'
106.2074 	EXP 	imagetrain1: autoDraw = True
106.6953 	EXP 	New trial (rep=0, index=4): OrderedDict([('audio', 'wavaudio/pakito1.wav'), ('imageLoc', 'pngimages/25_apple.png')])
106.7122 	EXP 	imagetrain1: autoDraw = False
106.7122 	EXP 	imagetrain1: autoDraw = False
106.7122 	EXP 	imagetrain1: image = 'pngimages/25_apple.png'
106.7122 	EXP 	imagetrain1: autoDraw = True
107.2121 	EXP 	New trial (rep=0, index=5): OrderedDict([('audio', 'wavaudio/pakito1.wav'), ('imageLoc', 'pngimages/24_banana.png')])
107.2487 	EXP 	imagetrain1: autoDraw = False
107.2487 	EXP 	imagetrain1: autoDraw = False
107.2487 	EXP 	imagetrain1: image = 'pngimages/24_banana.png'
107.2487 	EXP 	imagetrain1: autoDraw = True
107.7554 	EXP 	Imported autoConditions/train1Block9Test.xlsx as conditions, 3 conditions, 4 params
107.7557 	EXP 	Created sequence: random, trialTypes=3, nReps=1, seed=None
107.7560 	EXP 	New trial (rep=0, index=0): OrderedDict([('audioTrue', 'wavaudio/pakito1.wav'), ('imageTrue', 'pngimages/10_backpack.png'), ('audioFalse', 'wavaudio/pakito1.wav'), ('imageFalse', 'pngimages/21_cheese.png')])
107.7880 	EXP 	imagetrain1: autoDraw = False
107.7880 	EXP 	imagetrain1: autoDraw = False
107.7880 	EXP 	correct: image = 'pngimages/10_backpack.png'
107.7880 	EXP 	incorrect: image = 'pngimages/21_cheese.png'
107.7880 	EXP 	correct: autoDraw = True
107.7880 	EXP 	incorrect: autoDraw = True
108.6786 	DATA 	Keypress: j
109.7810 	EXP 	New trial (rep=0, index=1): OrderedDict([('audioTrue', 'wavaudio/pakito1.wav'), ('imageTrue', 'pngimages/02_pallet.png'), ('audioFalse', 'wavaudio/pakito1.wav'), ('imageFalse', 'pngimages/24_banana.png')])
109.8195 	EXP 	correct: autoDraw = False
109.8195 	EXP 	incorrect: autoDraw = False
109.8195 	EXP 	correct: image = 'pngimages/02_pallet.png'
109.8195 	EXP 	incorrect: image = 'pngimages/24_banana.png'
109.8195 	EXP 	correct: autoDraw = True
109.8195 	EXP 	incorrect: autoDraw = True
110.6281 	DATA 	Keypress: j
111.8142 	EXP 	New trial (rep=0, index=2): OrderedDict([('audioTrue', 'wavaudio/pakito1.wav'), ('imageTrue', 'pngimages/22_egg.png'), ('audioFalse', 'wavaudio/pakito1.wav'), ('imageFalse', 'pngimages/25_apple.png')])
111.8526 	EXP 	correct: autoDraw = False
111.8526 	EXP 	incorrect: autoDraw = False
111.8526 	EXP 	correct: image = 'pngimages/22_egg.png'
111.8526 	EXP 	incorrect: image = 'pngimages/25_apple.png'
111.8526 	EXP 	correct: autoDraw = True
111.8526 	EXP 	incorrect: autoDraw = True
114.5171 	DATA 	Keypress: j
114.5253 	EXP 	correct: autoDraw = False
114.5253 	EXP 	incorrect: autoDraw = False
114.5253 	EXP 	notice: autoDraw = True
116.5171 	EXP 	Imported autoConditions\train2LoopCondition.xlsx as conditions, 3 conditions, 2 params
116.5174 	EXP 	Created sequence: sequential, trialTypes=3, nReps=1, seed=None
116.5176 	EXP 	New trial (rep=0, index=0): OrderedDict([('condFiles', 'autoConditions/train2Block1.xlsx'), ('testFiles', 'autoConditions/train2Block1Test.xlsx')])
116.5251 	EXP 	Imported autoConditions/train2Block1.xlsx as conditions, 9 conditions, 2 params
116.5253 	EXP 	Created sequence: sequential, trialTypes=9, nReps=1, seed=None
116.5255 	EXP 	New trial (rep=0, index=0): OrderedDict([('audio', 'wavaudio/pakito2.wav'), ('imageLoc', 'pngimages/23_lemon.png')])
116.5401 	EXP 	notice: autoDraw = False
116.5401 	EXP 	notice: autoDraw = False
116.5401 	EXP 	imagetrain2: image = 'pngimages/23_lemon.png'
116.5401 	EXP 	imagetrain2: autoDraw = True
117.0396 	EXP 	imagetrain2: autoDraw = False
117.0430 	EXP 	New trial (rep=0, index=1): OrderedDict([('audio', 'wavaudio/pakito2.wav'), ('imageLoc', 'pngimages/16_icecream.png')])
117.0570 	EXP 	imagetrain2: autoDraw = False
117.0570 	EXP 	imagetrain2: image = 'pngimages/16_icecream.png'
117.0570 	EXP 	imagetrain2: autoDraw = True
117.5430 	EXP 	New trial (rep=0, index=2): OrderedDict([('audio', 'wavaudio/pakito2.wav'), ('imageLoc', 'pngimages/100_bicycle.png')])
117.5710 	EXP 	imagetrain2: autoDraw = False
117.5710 	EXP 	imagetrain2: autoDraw = False
117.5710 	EXP 	imagetrain2: image = 'pngimages/100_bicycle.png'
117.5710 	EXP 	imagetrain2: autoDraw = True
118.0591 	EXP 	New trial (rep=0, index=3): OrderedDict([('audio', 'wavaudio/pakito2.wav'), ('imageLoc', 'pngimages/06_tent.png')])
118.0754 	EXP 	imagetrain2: autoDraw = False
118.0754 	EXP 	imagetrain2: autoDraw = False
118.0754 	EXP 	imagetrain2: image = 'pngimages/06_tent.png'
118.0754 	EXP 	imagetrain2: autoDraw = True
118.5760 	EXP 	New trial (rep=0, index=4): OrderedDict([('audio', 'wavaudio/pakito2.wav'), ('imageLoc', 'pngimages/19_burger.png')])
118.5918 	EXP 	imagetrain2: autoDraw = False
118.5918 	EXP 	imagetrain2: autoDraw = False
118.5918 	EXP 	imagetrain2: image = 'pngimages/19_burger.png'
118.5918 	EXP 	imagetrain2: autoDraw = True
119.0924 	EXP 	New trial (rep=0, index=5): OrderedDict([('audio', 'wavaudio/pakito2.wav'), ('imageLoc', 'pngimages/25_apple.png')])
119.1066 	EXP 	imagetrain2: autoDraw = False
119.1066 	EXP 	imagetrain2: autoDraw = False
119.1066 	EXP 	imagetrain2: image = 'pngimages/25_apple.png'
119.1066 	EXP 	imagetrain2: autoDraw = True
119.5924 	EXP 	New trial (rep=0, index=6): OrderedDict([('audio', 'wavaudio/pakito2.wav'), ('imageLoc', 'pngimages/07_suitcase.png')])
119.6066 	EXP 	imagetrain2: autoDraw = False
119.6066 	EXP 	imagetrain2: autoDraw = False
119.6066 	EXP 	imagetrain2: image = 'pngimages/07_suitcase.png'
119.6066 	EXP 	imagetrain2: autoDraw = True
120.0925 	EXP 	New trial (rep=0, index=7): OrderedDict([('audio', 'wavaudio/pakito2.wav'), ('imageLoc', 'pngimages/20_pizza.png')])
120.1173 	EXP 	imagetrain2: autoDraw = False
120.1173 	EXP 	imagetrain2: autoDraw = False
120.1173 	EXP 	imagetrain2: image = 'pngimages/20_pizza.png'
120.1173 	EXP 	imagetrain2: autoDraw = True
120.6090 	EXP 	New trial (rep=0, index=8): OrderedDict([('audio', 'wavaudio/pakito2.wav'), ('imageLoc', 'pngimages/13_toast.png')])
120.6253 	EXP 	imagetrain2: autoDraw = False
120.6253 	EXP 	imagetrain2: autoDraw = False
120.6253 	EXP 	imagetrain2: image = 'pngimages/13_toast.png'
120.6253 	EXP 	imagetrain2: autoDraw = True
121.1338 	EXP 	Imported autoConditions/train2Block1Test.xlsx as conditions, 9 conditions, 4 params
121.1341 	EXP 	Created sequence: sequential, trialTypes=9, nReps=1, seed=None
121.1344 	EXP 	New trial (rep=0, index=0): OrderedDict([('audioTrue', 'wavaudio/pakito2.wav'), ('imageTrue', 'pngimages/23_lemon.png'), ('audioFalse', 'wavaudio/pakito2.wav'), ('imageFalse', 'pngimages/06_tent.png')])
121.1574 	EXP 	imagetrain2: autoDraw = False
121.1574 	EXP 	imagetrain2: autoDraw = False
121.1574 	EXP 	correct2: image = 'pngimages/23_lemon.png'
121.1574 	EXP 	incorrect2: image = 'pngimages/06_tent.png'
121.1574 	EXP 	correct2: autoDraw = True
121.1574 	EXP 	incorrect2: autoDraw = True
123.2773 	DATA 	Keypress: j
123.2944 	EXP 	New trial (rep=0, index=1): OrderedDict([('audioTrue', 'wavaudio/pakito2.wav'), ('imageTrue', 'pngimages/16_icecream.png'), ('audioFalse', 'wavaudio/pakito2.wav'), ('imageFalse', 'pngimages/19_burger.png')])
123.3137 	EXP 	correct2: autoDraw = False
123.3137 	EXP 	incorrect2: autoDraw = False
123.3137 	EXP 	correct2: image = 'pngimages/16_icecream.png'
123.3137 	EXP 	incorrect2: image = 'pngimages/19_burger.png'
123.3137 	EXP 	correct2: autoDraw = True
123.3137 	EXP 	incorrect2: autoDraw = True
125.1577 	DATA 	Keypress: j
126.8763 	EXP 	New trial (rep=0, index=2): OrderedDict([('audioTrue', 'wavaudio/pakito2.wav'), ('imageTrue', 'pngimages/100_bicycle.png'), ('audioFalse', 'wavaudio/pakito2.wav'), ('imageFalse', 'pngimages/25_apple.png')])
126.9105 	DATA 	Keypress: j
126.9152 	EXP 	correct2: autoDraw = False
126.9152 	EXP 	incorrect2: autoDraw = False
126.9152 	EXP 	correct2: image = 'pngimages/100_bicycle.png'
126.9152 	EXP 	incorrect2: image = 'pngimages/25_apple.png'
126.9152 	EXP 	correct2: autoDraw = True
126.9152 	EXP 	incorrect2: autoDraw = True
128.6730 	DATA 	Keypress: j
129.1585 	EXP 	New trial (rep=0, index=3): OrderedDict([('audioTrue', 'wavaudio/pakito2.wav'), ('imageTrue', 'pngimages/06_tent.png'), ('audioFalse', 'wavaudio/pakito2.wav'), ('imageFalse', 'pngimages/07_suitcase.png')])
129.1791 	DATA 	Keypress: j
129.1831 	EXP 	correct2: autoDraw = False
129.1831 	EXP 	incorrect2: autoDraw = False
129.1831 	EXP 	correct2: image = 'pngimages/06_tent.png'
129.1831 	EXP 	incorrect2: image = 'pngimages/07_suitcase.png'
129.1831 	EXP 	correct2: autoDraw = True
129.1831 	EXP 	incorrect2: autoDraw = True
131.1914 	EXP 	New trial (rep=0, index=4): OrderedDict([('audioTrue', 'wavaudio/pakito2.wav'), ('imageTrue', 'pngimages/19_burger.png'), ('audioFalse', 'wavaudio/pakito2.wav'), ('imageFalse', 'pngimages/20_pizza.png')])
131.2387 	DATA 	Keypress: j
131.2427 	EXP 	correct2: autoDraw = False
131.2427 	EXP 	incorrect2: autoDraw = False
131.2427 	EXP 	correct2: image = 'pngimages/19_burger.png'
131.2427 	EXP 	incorrect2: image = 'pngimages/20_pizza.png'
131.2427 	EXP 	correct2: autoDraw = True
131.2427 	EXP 	incorrect2: autoDraw = True
132.9738 	DATA 	Keypress: j
133.3246 	EXP 	New trial (rep=0, index=5): OrderedDict([('audioTrue', 'wavaudio/pakito2.wav'), ('imageTrue', 'pngimages/25_apple.png'), ('audioFalse', 'wavaudio/pakito2.wav'), ('imageFalse', 'pngimages/13_toast.png')])
133.3451 	DATA 	Keypress: j
133.3491 	EXP 	correct2: autoDraw = False
133.3491 	EXP 	incorrect2: autoDraw = False
133.3491 	EXP 	correct2: image = 'pngimages/25_apple.png'
133.3491 	EXP 	incorrect2: image = 'pngimages/13_toast.png'
133.3491 	EXP 	correct2: autoDraw = True
133.3491 	EXP 	incorrect2: autoDraw = True
135.3420 	DATA 	Keypress: j
136.1075 	EXP 	New trial (rep=0, index=6): OrderedDict([('audioTrue', 'wavaudio/pakito2.wav'), ('imageTrue', 'pngimages/07_suitcase.png'), ('audioFalse', 'wavaudio/pakito2.wav'), ('imageFalse', 'pngimages/23_lemon.png')])
136.1241 	DATA 	Keypress: j
136.1281 	EXP 	correct2: autoDraw = False
136.1281 	EXP 	incorrect2: autoDraw = False
136.1281 	EXP 	correct2: image = 'pngimages/07_suitcase.png'
136.1281 	EXP 	incorrect2: image = 'pngimages/23_lemon.png'
136.1281 	EXP 	correct2: autoDraw = True
136.1281 	EXP 	incorrect2: autoDraw = True
138.3235 	DATA 	Keypress: j
138.3403 	EXP 	New trial (rep=0, index=7): OrderedDict([('audioTrue', 'wavaudio/pakito2.wav'), ('imageTrue', 'pngimages/20_pizza.png'), ('audioFalse', 'wavaudio/pakito2.wav'), ('imageFalse', 'pngimages/16_icecream.png')])
138.3673 	EXP 	correct2: autoDraw = False
138.3673 	EXP 	incorrect2: autoDraw = False
138.3673 	EXP 	correct2: image = 'pngimages/20_pizza.png'
138.3673 	EXP 	incorrect2: image = 'pngimages/16_icecream.png'
138.3673 	EXP 	correct2: autoDraw = True
138.3673 	EXP 	incorrect2: autoDraw = True
140.3891 	EXP 	New trial (rep=0, index=8): OrderedDict([('audioTrue', 'wavaudio/pakito2.wav'), ('imageTrue', 'pngimages/13_toast.png'), ('audioFalse', 'wavaudio/pakito2.wav'), ('imageFalse', 'pngimages/100_bicycle.png')])
140.4204 	DATA 	Keypress: j
140.4251 	EXP 	correct2: autoDraw = False
140.4251 	EXP 	incorrect2: autoDraw = False
140.4251 	EXP 	correct2: image = 'pngimages/13_toast.png'
140.4251 	EXP 	incorrect2: image = 'pngimages/100_bicycle.png'
140.4251 	EXP 	correct2: autoDraw = True
140.4251 	EXP 	incorrect2: autoDraw = True
142.3530 	DATA 	Keypress: j
143.2892 	EXP 	New trial (rep=0, index=1): OrderedDict([('condFiles', 'autoConditions/train2Block2.xlsx'), ('testFiles', 'autoConditions/train2Block2Test.xlsx')])
143.2965 	EXP 	Imported autoConditions/train2Block2.xlsx as conditions, 9 conditions, 2 params
143.2967 	EXP 	Created sequence: sequential, trialTypes=9, nReps=1, seed=None
143.2970 	EXP 	New trial (rep=0, index=0): OrderedDict([('audio', 'wavaudio/pakito2.wav'), ('imageLoc', 'pngimages/24_banana.png')])
143.3274 	DATA 	Keypress: j
143.3308 	EXP 	correct2: autoDraw = False
143.3308 	EXP 	incorrect2: autoDraw = False
143.3308 	EXP 	imagetrain2: image = 'pngimages/24_banana.png'
143.3308 	EXP 	imagetrain2: autoDraw = True
143.8197 	EXP 	New trial (rep=0, index=1): OrderedDict([('audio', 'wavaudio/pakito2.wav'), ('imageLoc', 'pngimages/21_cheese.png')])
143.8450 	EXP 	imagetrain2: autoDraw = False
143.8450 	EXP 	imagetrain2: autoDraw = False
143.8450 	EXP 	imagetrain2: image = 'pngimages/21_cheese.png'
143.8450 	EXP 	imagetrain2: autoDraw = True
144.3359 	EXP 	New trial (rep=0, index=2): OrderedDict([('audio', 'wavaudio/pakito2.wav'), ('imageLoc', 'pngimages/14_coffee.png')])
144.3501 	EXP 	imagetrain2: autoDraw = False
144.3501 	EXP 	imagetrain2: autoDraw = False
144.3501 	EXP 	imagetrain2: image = 'pngimages/14_coffee.png'
144.3501 	EXP 	imagetrain2: autoDraw = True
144.8357 	EXP 	New trial (rep=0, index=3): OrderedDict([('audio', 'wavaudio/pakito2.wav'), ('imageLoc', 'pngimages/11_compass.png')])
144.8512 	EXP 	imagetrain2: autoDraw = False
144.8512 	EXP 	imagetrain2: autoDraw = False
144.8512 	EXP 	imagetrain2: image = 'pngimages/11_compass.png'
144.8512 	EXP 	imagetrain2: autoDraw = True
145.3516 	EXP 	New trial (rep=0, index=4): OrderedDict([('audio', 'wavaudio/pakito2.wav'), ('imageLoc', 'pngimages/08_bell.png')])
145.3661 	EXP 	imagetrain2: autoDraw = False
145.3661 	EXP 	imagetrain2: autoDraw = False
145.3661 	EXP 	imagetrain2: image = 'pngimages/08_bell.png'
145.3661 	EXP 	imagetrain2: autoDraw = True
145.8519 	EXP 	New trial (rep=0, index=5): OrderedDict([('audio', 'wavaudio/pakito2.wav'), ('imageLoc', 'pngimages/02_pallet.png')])
145.8659 	EXP 	imagetrain2: autoDraw = False
145.8659 	EXP 	imagetrain2: autoDraw = False
145.8659 	EXP 	imagetrain2: image = 'pngimages/02_pallet.png'
145.8659 	EXP 	imagetrain2: autoDraw = True
146.3517 	EXP 	New trial (rep=0, index=6): OrderedDict([('audio', 'wavaudio/pakito2.wav'), ('imageLoc', 'pngimages/01_gift.png')])
146.3665 	EXP 	imagetrain2: autoDraw = False
146.3665 	EXP 	imagetrain2: autoDraw = False
146.3665 	EXP 	imagetrain2: image = 'pngimages/01_gift.png'
146.3665 	EXP 	imagetrain2: autoDraw = True
146.8685 	EXP 	New trial (rep=0, index=7): OrderedDict([('audio', 'wavaudio/pakito2.wav'), ('imageLoc', 'pngimages/26_pineapple.png')])
146.9088 	EXP 	imagetrain2: autoDraw = False
146.9088 	EXP 	imagetrain2: autoDraw = False
146.9088 	EXP 	imagetrain2: image = 'pngimages/26_pineapple.png'
146.9088 	EXP 	imagetrain2: autoDraw = True
147.4013 	EXP 	New trial (rep=0, index=8): OrderedDict([('audio', 'wavaudio/pakito2.wav'), ('imageLoc', 'pngimages/04_ladder.png')])
147.4279 	EXP 	imagetrain2: autoDraw = False
147.4279 	EXP 	imagetrain2: autoDraw = False
147.4279 	EXP 	imagetrain2: image = 'pngimages/04_ladder.png'
147.4279 	EXP 	imagetrain2: autoDraw = True
147.9273 	EXP 	Imported autoConditions/train2Block2Test.xlsx as conditions, 9 conditions, 4 params
147.9276 	EXP 	Created sequence: sequential, trialTypes=9, nReps=1, seed=None
147.9279 	EXP 	New trial (rep=0, index=0): OrderedDict([('audioTrue', 'wavaudio/pakito2.wav'), ('imageTrue', 'pngimages/24_banana.png'), ('audioFalse', 'wavaudio/pakito2.wav'), ('imageFalse', 'pngimages/11_compass.png')])
147.9710 	EXP 	imagetrain2: autoDraw = False
147.9710 	EXP 	imagetrain2: autoDraw = False
147.9710 	EXP 	correct2: image = 'pngimages/24_banana.png'
147.9710 	EXP 	incorrect2: image = 'pngimages/11_compass.png'
147.9710 	EXP 	correct2: autoDraw = True
147.9710 	EXP 	incorrect2: autoDraw = True
150.3707 	EXP 	New trial (rep=0, index=1): OrderedDict([('audioTrue', 'wavaudio/pakito2.wav'), ('imageTrue', 'pngimages/21_cheese.png'), ('audioFalse', 'wavaudio/pakito2.wav'), ('imageFalse', 'pngimages/08_bell.png')])
150.3998 	DATA 	Keypress: j
150.4040 	EXP 	correct2: autoDraw = False
150.4040 	EXP 	incorrect2: autoDraw = False
150.4040 	EXP 	correct2: image = 'pngimages/21_cheese.png'
150.4040 	EXP 	incorrect2: image = 'pngimages/08_bell.png'
150.4040 	EXP 	correct2: autoDraw = True
150.4040 	EXP 	incorrect2: autoDraw = True
152.3501 	DATA 	Keypress: j
152.7363 	EXP 	New trial (rep=0, index=2): OrderedDict([('audioTrue', 'wavaudio/pakito2.wav'), ('imageTrue', 'pngimages/14_coffee.png'), ('audioFalse', 'wavaudio/pakito2.wav'), ('imageFalse', 'pngimages/02_pallet.png')])
152.7522 	DATA 	Keypress: j
152.7560 	EXP 	correct2: autoDraw = False
152.7560 	EXP 	incorrect2: autoDraw = False
152.7560 	EXP 	correct2: image = 'pngimages/14_coffee.png'
152.7560 	EXP 	incorrect2: image = 'pngimages/02_pallet.png'
152.7560 	EXP 	correct2: autoDraw = True
152.7560 	EXP 	incorrect2: autoDraw = True
154.8516 	EXP 	New trial (rep=0, index=3): OrderedDict([('audioTrue', 'wavaudio/pakito2.wav'), ('imageTrue', 'pngimages/11_compass.png'), ('audioFalse', 'wavaudio/pakito2.wav'), ('imageFalse', 'pngimages/01_gift.png')])
154.8715 	DATA 	Keypress: j
154.8755 	EXP 	correct2: autoDraw = False
154.8755 	EXP 	incorrect2: autoDraw = False
154.8755 	EXP 	correct2: image = 'pngimages/11_compass.png'
154.8755 	EXP 	incorrect2: image = 'pngimages/01_gift.png'
154.8755 	EXP 	correct2: autoDraw = True
154.8755 	EXP 	incorrect2: autoDraw = True
157.2180 	EXP 	New trial (rep=0, index=4): OrderedDict([('audioTrue', 'wavaudio/pakito2.wav'), ('imageTrue', 'pngimages/08_bell.png'), ('audioFalse', 'wavaudio/pakito2.wav'), ('imageFalse', 'pngimages/26_pineapple.png')])
157.2442 	DATA 	Keypress: j
157.2483 	EXP 	correct2: autoDraw = False
157.2483 	EXP 	incorrect2: autoDraw = False
157.2483 	EXP 	correct2: image = 'pngimages/08_bell.png'
157.2483 	EXP 	incorrect2: image = 'pngimages/26_pineapple.png'
157.2483 	EXP 	correct2: autoDraw = True
157.2483 	EXP 	incorrect2: autoDraw = True
159.4174 	EXP 	New trial (rep=0, index=5): OrderedDict([('audioTrue', 'wavaudio/pakito2.wav'), ('imageTrue', 'pngimages/02_pallet.png'), ('audioFalse', 'wavaudio/pakito2.wav'), ('imageFalse', 'pngimages/04_ladder.png')])
159.4338 	DATA 	Keypress: j
159.4378 	EXP 	correct2: autoDraw = False
159.4378 	EXP 	incorrect2: autoDraw = False
159.4378 	EXP 	correct2: image = 'pngimages/02_pallet.png'
159.4378 	EXP 	incorrect2: image = 'pngimages/04_ladder.png'
159.4378 	EXP 	correct2: autoDraw = True
159.4378 	EXP 	incorrect2: autoDraw = True
160.5478 	DATA 	Keypress: j
162.0998 	DATA 	Keypress: j
162.1173 	EXP 	New trial (rep=0, index=6): OrderedDict([('audioTrue', 'wavaudio/pakito2.wav'), ('imageTrue', 'pngimages/01_gift.png'), ('audioFalse', 'wavaudio/pakito2.wav'), ('imageFalse', 'pngimages/24_banana.png')])
162.1608 	EXP 	correct2: autoDraw = False
162.1608 	EXP 	incorrect2: autoDraw = False
162.1608 	EXP 	correct2: image = 'pngimages/01_gift.png'
162.1608 	EXP 	incorrect2: image = 'pngimages/24_banana.png'
162.1608 	EXP 	correct2: autoDraw = True
162.1608 	EXP 	incorrect2: autoDraw = True
164.3501 	EXP 	New trial (rep=0, index=7): OrderedDict([('audioTrue', 'wavaudio/pakito2.wav'), ('imageTrue', 'pngimages/26_pineapple.png'), ('audioFalse', 'wavaudio/pakito2.wav'), ('imageFalse', 'pngimages/21_cheese.png')])
164.3871 	DATA 	Keypress: j
164.3913 	EXP 	correct2: autoDraw = False
164.3913 	EXP 	incorrect2: autoDraw = False
164.3913 	EXP 	correct2: image = 'pngimages/26_pineapple.png'
164.3913 	EXP 	incorrect2: image = 'pngimages/21_cheese.png'
164.3913 	EXP 	correct2: autoDraw = True
164.3913 	EXP 	incorrect2: autoDraw = True
166.4148 	DATA 	Keypress: j
166.4316 	EXP 	New trial (rep=0, index=8): OrderedDict([('audioTrue', 'wavaudio/pakito2.wav'), ('imageTrue', 'pngimages/04_ladder.png'), ('audioFalse', 'wavaudio/pakito2.wav'), ('imageFalse', 'pngimages/14_coffee.png')])
166.4519 	EXP 	correct2: autoDraw = False
166.4519 	EXP 	incorrect2: autoDraw = False
166.4519 	EXP 	correct2: image = 'pngimages/04_ladder.png'
166.4519 	EXP 	incorrect2: image = 'pngimages/14_coffee.png'
166.4519 	EXP 	correct2: autoDraw = True
166.4519 	EXP 	incorrect2: autoDraw = True
168.1798 	DATA 	Keypress: k
168.4300 	DATA 	Keypress: k
168.6652 	DATA 	Keypress: k
168.8475 	DATA 	Keypress: k
169.0150 	DATA 	Keypress: k
169.1980 	DATA 	Keypress: k
169.4479 	DATA 	Keypress: j
169.4646 	EXP 	New trial (rep=0, index=2): OrderedDict([('condFiles', 'autoConditions/train2Block3.xlsx'), ('testFiles', 'autoConditions/train2Block3Test.xlsx')])
169.4718 	EXP 	Imported autoConditions/train2Block3.xlsx as conditions, 9 conditions, 2 params
169.4721 	EXP 	Created sequence: sequential, trialTypes=9, nReps=1, seed=None
169.4724 	EXP 	New trial (rep=0, index=0): OrderedDict([('audio', 'wavaudio/pakito2.wav'), ('imageLoc', 'pngimages/18_donut.png')])
169.4856 	EXP 	correct2: autoDraw = False
169.4856 	EXP 	incorrect2: autoDraw = False
169.4856 	EXP 	imagetrain2: image = 'pngimages/18_donut.png'
169.4856 	EXP 	imagetrain2: autoDraw = True
169.9785 	EXP 	New trial (rep=0, index=1): OrderedDict([('audio', 'wavaudio/pakito2.wav'), ('imageLoc', 'pngimages/22_egg.png')])
170.0063 	EXP 	imagetrain2: autoDraw = False
170.0063 	EXP 	imagetrain2: autoDraw = False
170.0063 	EXP 	imagetrain2: image = 'pngimages/22_egg.png'
170.0063 	EXP 	imagetrain2: autoDraw = True
170.4949 	EXP 	New trial (rep=0, index=2): OrderedDict([('audio', 'wavaudio/pakito2.wav'), ('imageLoc', 'pngimages/09_plane.png')])
170.5241 	EXP 	imagetrain2: autoDraw = False
170.5241 	EXP 	imagetrain2: autoDraw = False
170.5241 	EXP 	imagetrain2: image = 'pngimages/09_plane.png'
170.5241 	EXP 	imagetrain2: autoDraw = True
171.0118 	EXP 	New trial (rep=0, index=3): OrderedDict([('audio', 'wavaudio/pakito2.wav'), ('imageLoc', 'pngimages/12_pie.png')])
171.0456 	EXP 	imagetrain2: autoDraw = False
171.0456 	EXP 	imagetrain2: autoDraw = False
171.0456 	EXP 	imagetrain2: image = 'pngimages/12_pie.png'
171.0456 	EXP 	imagetrain2: autoDraw = True
171.5445 	EXP 	New trial (rep=0, index=4): OrderedDict([('audio', 'wavaudio/pakito2.wav'), ('imageLoc', 'pngimages/10_backpack.png')])
171.5588 	EXP 	imagetrain2: autoDraw = False
171.5588 	EXP 	imagetrain2: autoDraw = False
171.5588 	EXP 	imagetrain2: image = 'pngimages/10_backpack.png'
171.5588 	EXP 	imagetrain2: autoDraw = True
172.0441 	EXP 	New trial (rep=0, index=5): OrderedDict([('audio', 'wavaudio/pakito2.wav'), ('imageLoc', 'pngimages/15_barrel.png')])
172.1158 	EXP 	imagetrain2: autoDraw = False
172.1158 	EXP 	imagetrain2: autoDraw = False
172.1158 	EXP 	imagetrain2: image = 'pngimages/15_barrel.png'
172.1158 	EXP 	imagetrain2: autoDraw = True
172.6108 	EXP 	New trial (rep=0, index=6): OrderedDict([('audio', 'wavaudio/pakito2.wav'), ('imageLoc', 'pngimages/17_cracker.png')])
172.6254 	EXP 	imagetrain2: autoDraw = False
172.6254 	EXP 	imagetrain2: autoDraw = False
172.6254 	EXP 	imagetrain2: image = 'pngimages/17_cracker.png'
172.6254 	EXP 	imagetrain2: autoDraw = True
173.1116 	EXP 	New trial (rep=0, index=7): OrderedDict([('audio', 'wavaudio/pakito2.wav'), ('imageLoc', 'pngimages/03_box.png')])
173.1260 	EXP 	imagetrain2: autoDraw = False
173.1260 	EXP 	imagetrain2: autoDraw = False
173.1260 	EXP 	imagetrain2: image = 'pngimages/03_box.png'
173.1260 	EXP 	imagetrain2: autoDraw = True
173.6270 	EXP 	New trial (rep=0, index=8): OrderedDict([('audio', 'wavaudio/pakito2.wav'), ('imageLoc', 'pngimages/05_megaphone.png')])
173.6418 	EXP 	imagetrain2: autoDraw = False
173.6418 	EXP 	imagetrain2: autoDraw = False
173.6418 	EXP 	imagetrain2: image = 'pngimages/05_megaphone.png'
173.6418 	EXP 	imagetrain2: autoDraw = True
174.1346 	EXP 	Imported autoConditions/train2Block3Test.xlsx as conditions, 9 conditions, 4 params
174.1348 	EXP 	Created sequence: sequential, trialTypes=9, nReps=1, seed=None
174.1350 	EXP 	New trial (rep=0, index=0): OrderedDict([('audioTrue', 'wavaudio/pakito2.wav'), ('imageTrue', 'pngimages/18_donut.png'), ('audioFalse', 'wavaudio/pakito2.wav'), ('imageFalse', 'pngimages/12_pie.png')])
174.1719 	EXP 	imagetrain2: autoDraw = False
174.1719 	EXP 	imagetrain2: autoDraw = False
174.1719 	EXP 	correct2: image = 'pngimages/18_donut.png'
174.1719 	EXP 	incorrect2: image = 'pngimages/12_pie.png'
174.1719 	EXP 	correct2: autoDraw = True
174.1719 	EXP 	incorrect2: autoDraw = True
176.0118 	DATA 	Keypress: j
176.6464 	DATA 	Keypress: j
176.6632 	EXP 	New trial (rep=0, index=1): OrderedDict([('audioTrue', 'wavaudio/pakito2.wav'), ('imageTrue', 'pngimages/22_egg.png'), ('audioFalse', 'wavaudio/pakito2.wav'), ('imageFalse', 'pngimages/10_backpack.png')])
176.7007 	EXP 	correct2: autoDraw = False
176.7007 	EXP 	incorrect2: autoDraw = False
176.7007 	EXP 	correct2: image = 'pngimages/22_egg.png'
176.7007 	EXP 	incorrect2: image = 'pngimages/10_backpack.png'
176.7007 	EXP 	correct2: autoDraw = True
176.7007 	EXP 	incorrect2: autoDraw = True
178.9953 	EXP 	New trial (rep=0, index=2): OrderedDict([('audioTrue', 'wavaudio/pakito2.wav'), ('imageTrue', 'pngimages/09_plane.png'), ('audioFalse', 'wavaudio/pakito2.wav'), ('imageFalse', 'pngimages/15_barrel.png')])
179.0436 	DATA 	Keypress: j
179.0480 	EXP 	correct2: autoDraw = False
179.0480 	EXP 	incorrect2: autoDraw = False
179.0480 	EXP 	correct2: image = 'pngimages/09_plane.png'
179.0480 	EXP 	incorrect2: image = 'pngimages/15_barrel.png'
179.0480 	EXP 	correct2: autoDraw = True
179.0480 	EXP 	incorrect2: autoDraw = True
181.5280 	DATA 	Keypress: j
181.5453 	EXP 	New trial (rep=0, index=3): OrderedDict([('audioTrue', 'wavaudio/pakito2.wav'), ('imageTrue', 'pngimages/12_pie.png'), ('audioFalse', 'wavaudio/pakito2.wav'), ('imageFalse', 'pngimages/17_cracker.png')])
181.5830 	EXP 	correct2: autoDraw = False
181.5830 	EXP 	incorrect2: autoDraw = False
181.5830 	EXP 	correct2: image = 'pngimages/12_pie.png'
181.5830 	EXP 	incorrect2: image = 'pngimages/17_cracker.png'
181.5830 	EXP 	correct2: autoDraw = True
181.5830 	EXP 	incorrect2: autoDraw = True
183.8939 	EXP 	New trial (rep=0, index=4): OrderedDict([('audioTrue', 'wavaudio/pakito2.wav'), ('imageTrue', 'pngimages/10_backpack.png'), ('audioFalse', 'wavaudio/pakito2.wav'), ('imageFalse', 'pngimages/03_box.png')])
183.9147 	DATA 	Keypress: j
183.9186 	EXP 	correct2: autoDraw = False
183.9186 	EXP 	incorrect2: autoDraw = False
183.9186 	EXP 	correct2: image = 'pngimages/10_backpack.png'
183.9186 	EXP 	incorrect2: image = 'pngimages/03_box.png'
183.9186 	EXP 	correct2: autoDraw = True
183.9186 	EXP 	incorrect2: autoDraw = True
186.5605 	EXP 	New trial (rep=0, index=5): OrderedDict([('audioTrue', 'wavaudio/pakito2.wav'), ('imageTrue', 'pngimages/15_barrel.png'), ('audioFalse', 'wavaudio/pakito2.wav'), ('imageFalse', 'pngimages/05_megaphone.png')])
186.5998 	DATA 	Keypress: j
186.6046 	EXP 	correct2: autoDraw = False
186.6046 	EXP 	incorrect2: autoDraw = False
186.6046 	EXP 	correct2: image = 'pngimages/15_barrel.png'
186.6046 	EXP 	incorrect2: image = 'pngimages/05_megaphone.png'
186.6046 	EXP 	correct2: autoDraw = True
186.6046 	EXP 	incorrect2: autoDraw = True
188.9760 	EXP 	New trial (rep=0, index=6): OrderedDict([('audioTrue', 'wavaudio/pakito2.wav'), ('imageTrue', 'pngimages/17_cracker.png'), ('audioFalse', 'wavaudio/pakito2.wav'), ('imageFalse', 'pngimages/18_donut.png')])
188.9935 	DATA 	Keypress: j
188.9976 	EXP 	correct2: autoDraw = False
188.9976 	EXP 	incorrect2: autoDraw = False
188.9976 	EXP 	correct2: image = 'pngimages/17_cracker.png'
188.9976 	EXP 	incorrect2: image = 'pngimages/18_donut.png'
188.9976 	EXP 	correct2: autoDraw = True
188.9976 	EXP 	incorrect2: autoDraw = True
191.1594 	EXP 	New trial (rep=0, index=7): OrderedDict([('audioTrue', 'wavaudio/pakito2.wav'), ('imageTrue', 'pngimages/03_box.png'), ('audioFalse', 'wavaudio/pakito2.wav'), ('imageFalse', 'pngimages/22_egg.png')])
191.1926 	DATA 	Keypress: j
191.1970 	EXP 	correct2: autoDraw = False
191.1970 	EXP 	incorrect2: autoDraw = False
191.1970 	EXP 	correct2: image = 'pngimages/03_box.png'
191.1970 	EXP 	incorrect2: image = 'pngimages/22_egg.png'
191.1970 	EXP 	correct2: autoDraw = True
191.1970 	EXP 	incorrect2: autoDraw = True
193.2085 	EXP 	New trial (rep=0, index=8): OrderedDict([('audioTrue', 'wavaudio/pakito2.wav'), ('imageTrue', 'pngimages/05_megaphone.png'), ('audioFalse', 'wavaudio/pakito2.wav'), ('imageFalse', 'pngimages/09_plane.png')])
193.2397 	DATA 	Keypress: j
193.2442 	EXP 	correct2: autoDraw = False
193.2442 	EXP 	incorrect2: autoDraw = False
193.2442 	EXP 	correct2: image = 'pngimages/05_megaphone.png'
193.2442 	EXP 	incorrect2: image = 'pngimages/09_plane.png'
193.2442 	EXP 	correct2: autoDraw = True
193.2442 	EXP 	incorrect2: autoDraw = True
195.1225 	DATA 	Keypress: j
195.6745 	DATA 	Keypress: j
195.6851 	EXP 	correct2: autoDraw = False
195.6851 	EXP 	incorrect2: autoDraw = False
195.9279 	EXP 	window1: mouseVisible = True
