1.7793 	WARNING 	We strongly recommend you activate the PTB sound engine in PsychoPy prefs as the preferred audio engine. Its timing is vastly superior. Your prefs are currently set to use ['sounddevice', 'PTB', 'pyo', 'pygame'] (in that order).
9.1666 	WARNING 	User requested fullscreen with size [1024  768], but screen is actually [1920, 1200]. Using actual size
11.7661 	EXP 	Created window1 = Window(allowGUI=False, allowStencil=False, args=UNKNOWN, autoLog=True, bitsMode=UNKNOWN, blendMode='avg', bpc=(8, 8, 8), color=array([0., 0., 0.]), colorSpace='rgb', depthBits=8, fullscr=<method-wrapper '__getattribute__' of attributeSetter object at 0x0000018D34E89908>, gamma=None, gammaErrorPolicy='raise', kwargs=UNKNOWN, lms=UNKNOWN, monitor=<psychopy.monitors.calibTools.Monitor object at 0x0000018D34A5F5F8>, multiSample=False, name='window1', numSamples=2, pos=[0.0, 0.0], screen=0, size=array([1920, 1200]), stencilBits=0, stereo=False, units='height', useFBO=True, useRetina=False, viewOri=0.0, viewPos=None, viewScale=None, waitBlanking=True, winType='pyglet')
11.7662 	EXP 	window1: recordFrameIntervals = False
11.9322 	EXP 	window1: recordFrameIntervals = True
12.1156 	EXP 	window1: recordFrameIntervals = False
12.5700 	EXP 	Created instructions = TextStim(__class__=<class 'psychopy.visual.text.TextStim'>, alignHoriz=method-wrapper(...), alignText='center', alignVert=method-wrapper(...), anchorHoriz='center', anchorVert='center', antialias=True, autoLog=True, bold=False, color='white', colorSpace='named', contrast=1.0, depth=0.0, flipHoriz=False, flipVert=False, font='Arial', fontFiles=[], height=0.1, italic=False, languageStyle='LTR', name='instructions', opacity=1.0, ori=0, pos=array([0., 0.]), rgb=array([255., 255., 255.]), text=str(...), units='height', win=Window(...), wrapWidth=1)
12.6355 	EXP 	Sound stimulitrain1 set volume 1.000
12.6396 	EXP 	Created imagetrain1 = ImageStim(__class__=<class 'psychopy.visual.image.ImageStim'>, autoLog=True, color=array([1., 1., 1.]), colorSpace='rgb', contrast=1.0, depth=-1.0, flipHoriz=False, flipVert=False, image='sin', interpolate=True, mask=None, maskParams=None, name='imagetrain1', opacity=1.0, ori=0.0, pos=array([0., 0.]), size=array([0.5, 0.5]), texRes=128, units='height', win=Window(...))
12.6398 	EXP 	Sound stimulitest1 set volume 1.000
12.6457 	EXP 	Created correct = ImageStim(__class__=<class 'psychopy.visual.image.ImageStim'>, autoLog=True, color=array([1., 1., 1.]), colorSpace='rgb', contrast=1.0, depth=-1.0, flipHoriz=False, flipVert=False, image='sin', interpolate=True, mask=None, maskParams=None, name='correct', opacity=1.0, ori=0.0, pos=array([0., 0.]), size=array([0.5, 0.5]), texRes=128, units='height', win=Window(...))
12.6503 	EXP 	Created incorrect = ImageStim(__class__=<class 'psychopy.visual.image.ImageStim'>, autoLog=True, color=array([1., 1., 1.]), colorSpace='rgb', contrast=1.0, depth=-2.0, flipHoriz=False, flipVert=False, image='sin', interpolate=True, mask=None, maskParams=None, name='incorrect', opacity=1.0, ori=0.0, pos=array([0., 0.]), size=array([0.5, 0.5]), texRes=128, units='height', win=Window(...))
12.6955 	EXP 	Created notice = TextStim(__class__=<class 'psychopy.visual.text.TextStim'>, alignHoriz=method-wrapper(...), alignText='center', alignVert=method-wrapper(...), anchorHoriz='center', anchorVert='center', antialias=True, autoLog=True, bold=False, color='white', colorSpace='named', contrast=1.0, depth=0.0, flipHoriz=False, flipVert=False, font='Arial', fontFiles=[], height=0.05, italic=False, languageStyle='LTR', name='notice', opacity=1.0, ori=0, pos=array([0., 0.]), rgb=array([255., 255., 255.]), text=str(...), units='height', win=Window(...), wrapWidth=1)
12.6956 	EXP 	Sound stimulitrain2 set volume 1.000
12.6979 	EXP 	Created imagetrain2 = ImageStim(__class__=<class 'psychopy.visual.image.ImageStim'>, autoLog=True, color=array([1., 1., 1.]), colorSpace='rgb', contrast=1.0, depth=-1.0, flipHoriz=False, flipVert=False, image='sin', interpolate=True, mask=None, maskParams=None, name='imagetrain2', opacity=1.0, ori=0.0, pos=array([0., 0.]), size=array([0.5, 0.5]), texRes=128, units='height', win=Window(...))
12.6980 	EXP 	Sound stimulitest2 set volume 1.000
12.7000 	EXP 	Created correct2 = ImageStim(__class__=<class 'psychopy.visual.image.ImageStim'>, autoLog=True, color=array([1., 1., 1.]), colorSpace='rgb', contrast=1.0, depth=-2.0, flipHoriz=False, flipVert=False, image='sin', interpolate=True, mask=None, maskParams=None, name='correct2', opacity=1.0, ori=0.0, pos=array([0., 0.]), size=array([0.5, 0.5]), texRes=128, units='height', win=Window(...))
12.7019 	EXP 	Created incorrect2 = ImageStim(__class__=<class 'psychopy.visual.image.ImageStim'>, autoLog=True, color=array([1., 1., 1.]), colorSpace='rgb', contrast=1.0, depth=-3.0, flipHoriz=False, flipVert=False, image='sin', interpolate=True, mask=None, maskParams=None, name='incorrect2', opacity=1.0, ori=0.0, pos=array([0., 0.]), size=array([0.5, 0.5]), texRes=128, units='height', win=Window(...))
12.7260 	EXP 	Created text_2 = TextStim(__class__=<class 'psychopy.visual.text.TextStim'>, alignHoriz=method-wrapper(...), alignText='center', alignVert=method-wrapper(...), anchorHoriz='center', anchorVert='center', antialias=True, autoLog=True, bold=False, color='white', colorSpace='named', contrast=1.0, depth=0.0, flipHoriz=False, flipVert=False, font='Arial', fontFiles=[], height=0.1, italic=False, languageStyle='LTR', name='text_2', opacity=1.0, ori=0, pos=array([0., 0.]), rgb=array([255., 255., 255.]), text=str(...), units='height', win=Window(...), wrapWidth=1)
12.7261 	EXP 	Sound audioFirst set volume 1.000
12.7262 	EXP 	Sound audioSecond set volume 1.000
12.7281 	EXP 	Created image = ImageStim(__class__=<class 'psychopy.visual.image.ImageStim'>, autoLog=True, color=array([1., 1., 1.]), colorSpace='rgb', contrast=1.0, depth=-2.0, flipHoriz=False, flipVert=False, image='sin', interpolate=True, mask=None, maskParams=None, name='image', opacity=1.0, ori=0.0, pos=array([0., 0.]), size=array([0.5, 0.5]), texRes=128, units='height', win=Window(...))
12.7640 	EXP 	instructions: autoDraw = True
14.9272 	EXP 	Imported autoConditions\train1LoopCondition.xlsx as conditions, 9 conditions, 2 params
14.9275 	EXP 	Created sequence: sequential, trialTypes=9, nReps=0, seed=None
14.9302 	DATA 	Keypress: space
14.9335 	EXP 	instructions: autoDraw = False
14.9335 	EXP 	notice: autoDraw = True
16.8803 	EXP 	Imported autoConditions\train2LoopCondition.xlsx as conditions, 3 conditions, 2 params
16.8807 	EXP 	Created sequence: sequential, trialTypes=3, nReps=0, seed=None
16.8906 	EXP 	notice: autoDraw = False
16.8906 	EXP 	text_2: autoDraw = True
17.8854 	EXP 	Imported autoConditions\testConditions.xlsx as conditions, 81 conditions, 4 params
17.8935 	EXP 	Created sequence: random, trialTypes=81, nReps=1, seed=None
17.8940 	EXP 	New trial (rep=0, index=0): OrderedDict([('firstAudio', 'novelaudio/76_patoti1.wav'), ('secondAudio', 'novelaudio/76_patoti3.wav'), ('imageLoc', 'pngimages/76_rabbit.png'), ('whichAudio', 1)])
17.9935 	EXP 	text_2: autoDraw = False
17.9935 	EXP 	image: image = 'pngimages/76_rabbit.png'
17.9935 	EXP 	image: autoDraw = True
25.6820 	DATA 	Keypress: s
26.1325 	DATA 	Keypress: d
26.4175 	EXP 	New trial (rep=0, index=1): OrderedDict([('firstAudio', 'novelaudio/49_tatopi3.wav'), ('secondAudio', 'novelaudio/49_tatopi1.wav'), ('imageLoc', 'pngimages/49_calculator.png'), ('whichAudio', 2)])
26.4772 	DATA 	Keypress: f
26.4811 	EXP 	image: autoDraw = False
26.4811 	EXP 	image: image = 'pngimages/49_calculator.png'
26.4811 	EXP 	image: autoDraw = True
31.3707 	EXP 	New trial (rep=0, index=2): OrderedDict([('firstAudio', 'novelaudio/30_tikipa3.wav'), ('secondAudio', 'novelaudio/30_tikipa1.wav'), ('imageLoc', 'pngimages/30_mushroom.png'), ('whichAudio', 1)])
31.3968 	DATA 	Keypress: f
31.4006 	EXP 	image: autoDraw = False
31.4006 	EXP 	image: image = 'pngimages/30_mushroom.png'
31.4006 	EXP 	image: autoDraw = True
39.6939 	DATA 	Keypress: escape
40.0815 	EXP 	window1: mouseVisible = True
