1.8085 	WARNING 	We strongly recommend you activate the PTB sound engine in PsychoPy prefs as the preferred audio engine. Its timing is vastly superior. Your prefs are currently set to use ['sounddevice', 'PTB', 'pyo', 'pygame'] (in that order).
6.5191 	WARNING 	User requested fullscreen with size [1024  768], but screen is actually [1920, 1200]. Using actual size
8.9182 	EXP 	Created window1 = Window(allowGUI=False, allowStencil=False, args=UNKNOWN, autoLog=True, bitsMode=UNKNOWN, blendMode='avg', bpc=(8, 8, 8), color=array([0., 0., 0.]), colorSpace='rgb', depthBits=8, fullscr=<method-wrapper '__getattribute__' of attributeSetter object at 0x0000021FED47E8D0>, gamma=None, gammaErrorPolicy='raise', kwargs=UNKNOWN, lms=UNKNOWN, monitor=<psychopy.monitors.calibTools.Monitor object at 0x0000021FED03F5C0>, multiSample=False, name='window1', numSamples=2, pos=[0.0, 0.0], screen=0, size=array([1920, 1200]), stencilBits=0, stereo=False, units='height', useFBO=True, useRetina=False, viewOri=0.0, viewPos=None, viewScale=None, waitBlanking=True, winType='pyglet')
8.9182 	EXP 	window1: recordFrameIntervals = False
9.0839 	EXP 	window1: recordFrameIntervals = True
9.2684 	EXP 	window1: recordFrameIntervals = False
9.8399 	EXP 	Created instructions = TextStim(__class__=<class 'psychopy.visual.text.TextStim'>, alignHoriz=method-wrapper(...), alignText='center', alignVert=method-wrapper(...), anchorHoriz='center', anchorVert='center', antialias=True, autoLog=True, bold=False, color='white', colorSpace='named', contrast=1.0, depth=0.0, flipHoriz=False, flipVert=False, font='Arial', fontFiles=[], height=0.1, italic=False, languageStyle='LTR', name='instructions', opacity=1.0, ori=0, pos=array([0., 0.]), rgb=array([255., 255., 255.]), text=str(...), units='height', win=Window(...), wrapWidth=1)
9.9092 	EXP 	Sound stimulitrain1 set volume 1.000
9.9127 	EXP 	Created imagetrain1 = ImageStim(__class__=<class 'psychopy.visual.image.ImageStim'>, autoLog=True, color=array([1., 1., 1.]), colorSpace='rgb', contrast=1.0, depth=-1.0, flipHoriz=False, flipVert=False, image='sin', interpolate=True, mask=None, maskParams=None, name='imagetrain1', opacity=1.0, ori=0.0, pos=array([0., 0.]), size=array([0.5, 0.5]), texRes=128, units='height', win=Window(...))
9.9128 	EXP 	Sound stimulitest1 set volume 1.000
9.9149 	EXP 	Created correct = ImageStim(__class__=<class 'psychopy.visual.image.ImageStim'>, autoLog=True, color=array([1., 1., 1.]), colorSpace='rgb', contrast=1.0, depth=-1.0, flipHoriz=False, flipVert=False, image='sin', interpolate=True, mask=None, maskParams=None, name='correct', opacity=1.0, ori=0.0, pos=array([0., 0.]), size=array([0.5, 0.5]), texRes=128, units='height', win=Window(...))
9.9176 	EXP 	Created incorrect = ImageStim(__class__=<class 'psychopy.visual.image.ImageStim'>, autoLog=True, color=array([1., 1., 1.]), colorSpace='rgb', contrast=1.0, depth=-2.0, flipHoriz=False, flipVert=False, image='sin', interpolate=True, mask=None, maskParams=None, name='incorrect', opacity=1.0, ori=0.0, pos=array([0., 0.]), size=array([0.5, 0.5]), texRes=128, units='height', win=Window(...))
9.9607 	EXP 	Created notice = TextStim(__class__=<class 'psychopy.visual.text.TextStim'>, alignHoriz=method-wrapper(...), alignText='center', alignVert=method-wrapper(...), anchorHoriz='center', anchorVert='center', antialias=True, autoLog=True, bold=False, color='white', colorSpace='named', contrast=1.0, depth=0.0, flipHoriz=False, flipVert=False, font='Arial', fontFiles=[], height=0.1, italic=False, languageStyle='LTR', name='notice', opacity=1.0, ori=0, pos=array([0., 0.]), rgb=array([255., 255., 255.]), text=str(...), units='height', win=Window(...), wrapWidth=1)
9.9608 	EXP 	Sound stimulitrain2 set volume 1.000
9.9628 	EXP 	Created imagetrain2 = ImageStim(__class__=<class 'psychopy.visual.image.ImageStim'>, autoLog=True, color=array([1., 1., 1.]), colorSpace='rgb', contrast=1.0, depth=-1.0, flipHoriz=False, flipVert=False, image='sin', interpolate=True, mask=None, maskParams=None, name='imagetrain2', opacity=1.0, ori=0.0, pos=array([0., 0.]), size=array([0.5, 0.5]), texRes=128, units='height', win=Window(...))
9.9630 	EXP 	Sound stimulitest2 set volume 1.000
9.9652 	EXP 	Created correct2 = ImageStim(__class__=<class 'psychopy.visual.image.ImageStim'>, autoLog=True, color=array([1., 1., 1.]), colorSpace='rgb', contrast=1.0, depth=-2.0, flipHoriz=False, flipVert=False, image='sin', interpolate=True, mask=None, maskParams=None, name='correct2', opacity=1.0, ori=0.0, pos=array([0., 0.]), size=array([0.5, 0.5]), texRes=128, units='height', win=Window(...))
9.9676 	EXP 	Created incorrect2 = ImageStim(__class__=<class 'psychopy.visual.image.ImageStim'>, autoLog=True, color=array([1., 1., 1.]), colorSpace='rgb', contrast=1.0, depth=-3.0, flipHoriz=False, flipVert=False, image='sin', interpolate=True, mask=None, maskParams=None, name='incorrect2', opacity=1.0, ori=0.0, pos=array([0., 0.]), size=array([0.5, 0.5]), texRes=128, units='height', win=Window(...))
9.9907 	EXP 	Created text_2 = TextStim(__class__=<class 'psychopy.visual.text.TextStim'>, alignHoriz=method-wrapper(...), alignText='center', alignVert=method-wrapper(...), anchorHoriz='center', anchorVert='center', antialias=True, autoLog=True, bold=False, color='white', colorSpace='named', contrast=1.0, depth=0.0, flipHoriz=False, flipVert=False, font='Arial', fontFiles=[], height=0.1, italic=False, languageStyle='LTR', name='text_2', opacity=1.0, ori=0, pos=array([0., 0.]), rgb=array([255., 255., 255.]), text=str(...), units='height', win=Window(...), wrapWidth=1)
10.0239 	EXP 	instructions: autoDraw = True
11.2086 	DATA 	Keypress: j
11.2733 	EXP 	Imported autoConditions\train1LoopCondition.xlsx as conditions, 9 conditions, 2 params
11.2736 	EXP 	Created sequence: sequential, trialTypes=9, nReps=1, seed=None
11.2739 	EXP 	New trial (rep=0, index=0): OrderedDict([('condFiles', 'autoConditions/train1Block1.xlsx'), ('testFiles', 'autoConditions/train1Block1Test.xlsx')])
11.2809 	EXP 	Imported autoConditions/train1Block1.xlsx as conditions, 6 conditions, 2 params
11.2811 	EXP 	Created sequence: sequential, trialTypes=6, nReps=0, seed=None
11.2899 	EXP 	Imported autoConditions/train1Block1Test.xlsx as conditions, 3 conditions, 6 params
11.2902 	EXP 	Created sequence: sequential, trialTypes=3, nReps=1, seed=None
11.2905 	EXP 	New trial (rep=0, index=0): OrderedDict([('audioTrue', 'trainaudio/18_popata.wav'), ('imageTrue', 'pngimages/18_donut.png'), ('audioFalse', 'trainaudio/22_kakoki.wav'), ('imageFalse', 'pngimages/22_egg.png'), ('truePos', 0.5), ('falsePos', -0.5)])
11.3660 	EXP 	instructions: autoDraw = False
11.3660 	EXP 	correct: pos = array([0.5, 0. ])
11.3660 	EXP 	correct: image = 'pngimages/18_donut.png'
11.3660 	EXP 	incorrect: pos = array([-0.5,  0. ])
11.3660 	EXP 	incorrect: image = 'pngimages/22_egg.png'
11.3660 	EXP 	correct: autoDraw = True
11.3660 	EXP 	incorrect: autoDraw = True
13.5435 	DATA 	Keypress: j
13.5618 	EXP 	New trial (rep=0, index=1): OrderedDict([('audioTrue', 'trainaudio/10_tokiti.wav'), ('imageTrue', 'pngimages/100_bicycle.png'), ('audioFalse', 'trainaudio/24_takopa.wav'), ('imageFalse', 'pngimages/24_banana.png'), ('truePos', -0.5), ('falsePos', 0.5)])
13.6227 	EXP 	correct: autoDraw = False
13.6227 	EXP 	incorrect: autoDraw = False
13.6227 	EXP 	correct: pos = array([-0.5,  0. ])
13.6227 	EXP 	correct: image = 'pngimages/100_bicycle.png'
13.6227 	EXP 	incorrect: pos = array([0.5, 0. ])
13.6227 	EXP 	incorrect: image = 'pngimages/24_banana.png'
13.6227 	EXP 	correct: autoDraw = True
13.6227 	EXP 	incorrect: autoDraw = True
16.2305 	EXP 	New trial (rep=0, index=2): OrderedDict([('audioTrue', 'trainaudio/01_pitito.wav'), ('imageTrue', 'pngimages/01_gift.png'), ('audioFalse', 'trainaudio/27_pakapa.wav'), ('imageFalse', 'pngimages/27_kiwi.png'), ('truePos', -0.5), ('falsePos', 0.5)])
16.2672 	DATA 	Keypress: j
16.2719 	EXP 	correct: autoDraw = False
16.2719 	EXP 	incorrect: autoDraw = False
16.2719 	EXP 	correct: pos = array([-0.5,  0. ])
16.2719 	EXP 	correct: image = 'pngimages/01_gift.png'
16.2719 	EXP 	incorrect: pos = array([0.5, 0. ])
16.2719 	EXP 	incorrect: image = 'pngimages/27_kiwi.png'
16.2719 	EXP 	correct: autoDraw = True
16.2719 	EXP 	incorrect: autoDraw = True
18.8817 	DATA 	Keypress: escape
19.2091 	EXP 	window1: mouseVisible = True
