1.6590 	WARNING 	We strongly recommend you activate the PTB sound engine in PsychoPy prefs as the preferred audio engine. Its timing is vastly superior. Your prefs are currently set to use ['sounddevice', 'PTB', 'pyo', 'pygame'] (in that order).
7.6948 	WARNING 	User requested fullscreen with size [1024  768], but screen is actually [1920, 1200]. Using actual size
9.6954 	EXP 	Created window1 = Window(allowGUI=False, allowStencil=False, args=UNKNOWN, autoLog=True, bitsMode=UNKNOWN, blendMode='avg', bpc=(8, 8, 8), color=array([0., 0., 0.]), colorSpace='rgb', depthBits=8, fullscr=<method-wrapper '__getattribute__' of attributeSetter object at 0x000001BAEAC1A978>, gamma=None, gammaErrorPolicy='raise', kwargs=UNKNOWN, lms=UNKNOWN, monitor=<psychopy.monitors.calibTools.Monitor object at 0x000001BAEA9AE668>, multiSample=False, name='window1', numSamples=2, pos=[0.0, 0.0], screen=0, size=array([1920, 1200]), stencilBits=0, stereo=False, units='height', useFBO=True, useRetina=False, viewOri=0.0, viewPos=None, viewScale=None, waitBlanking=True, winType='pyglet')
9.6954 	EXP 	window1: recordFrameIntervals = False
9.8612 	EXP 	window1: recordFrameIntervals = True
10.0445 	EXP 	window1: recordFrameIntervals = False
10.6456 	EXP 	Created instructions = TextStim(__class__=<class 'psychopy.visual.text.TextStim'>, alignHoriz=method-wrapper(...), alignText='center', alignVert=method-wrapper(...), anchorHoriz='center', anchorVert='center', antialias=True, autoLog=True, bold=False, color='white', colorSpace='named', contrast=1.0, depth=0.0, flipHoriz=False, flipVert=False, font='Arial', fontFiles=[], height=0.1, italic=False, languageStyle='LTR', name='instructions', opacity=1.0, ori=0, pos=array([0., 0.]), rgb=array([255., 255., 255.]), text=str(...), units='height', win=Window(...), wrapWidth=1)
10.7314 	EXP 	Sound stimulitrain1 set volume 1.000
10.7342 	EXP 	Created imagetrain1 = ImageStim(__class__=<class 'psychopy.visual.image.ImageStim'>, autoLog=True, color=array([1., 1., 1.]), colorSpace='rgb', contrast=1.0, depth=-1.0, flipHoriz=False, flipVert=False, image='sin', interpolate=True, mask=None, maskParams=None, name='imagetrain1', opacity=1.0, ori=0.0, pos=array([0., 0.]), size=array([0.5, 0.5]), texRes=128, units='height', win=Window(...))
10.7343 	EXP 	Sound stimulitest1 set volume 1.000
10.7363 	EXP 	Created correct = ImageStim(__class__=<class 'psychopy.visual.image.ImageStim'>, autoLog=True, color=array([1., 1., 1.]), colorSpace='rgb', contrast=1.0, depth=-1.0, flipHoriz=False, flipVert=False, image='sin', interpolate=True, mask=None, maskParams=None, name='correct', opacity=1.0, ori=0.0, pos=array([0., 0.]), size=array([0.5, 0.5]), texRes=128, units='height', win=Window(...))
10.7381 	EXP 	Created incorrect = ImageStim(__class__=<class 'psychopy.visual.image.ImageStim'>, autoLog=True, color=array([1., 1., 1.]), colorSpace='rgb', contrast=1.0, depth=-2.0, flipHoriz=False, flipVert=False, image='sin', interpolate=True, mask=None, maskParams=None, name='incorrect', opacity=1.0, ori=0.0, pos=array([0., 0.]), size=array([0.5, 0.5]), texRes=128, units='height', win=Window(...))
10.7785 	EXP 	Created notice = TextStim(__class__=<class 'psychopy.visual.text.TextStim'>, alignHoriz=method-wrapper(...), alignText='center', alignVert=method-wrapper(...), anchorHoriz='center', anchorVert='center', antialias=True, autoLog=True, bold=False, color='white', colorSpace='named', contrast=1.0, depth=0.0, flipHoriz=False, flipVert=False, font='Arial', fontFiles=[], height=0.05, italic=False, languageStyle='LTR', name='notice', opacity=1.0, ori=0, pos=array([0., 0.]), rgb=array([255., 255., 255.]), text=str(...), units='height', win=Window(...), wrapWidth=1)
10.7786 	EXP 	Sound stimulitrain2 set volume 1.000
10.7805 	EXP 	Created imagetrain2 = ImageStim(__class__=<class 'psychopy.visual.image.ImageStim'>, autoLog=True, color=array([1., 1., 1.]), colorSpace='rgb', contrast=1.0, depth=-1.0, flipHoriz=False, flipVert=False, image='sin', interpolate=True, mask=None, maskParams=None, name='imagetrain2', opacity=1.0, ori=0.0, pos=array([0., 0.]), size=array([0.5, 0.5]), texRes=128, units='height', win=Window(...))
10.7806 	EXP 	Sound stimulitest2 set volume 1.000
10.7823 	EXP 	Created correct2 = ImageStim(__class__=<class 'psychopy.visual.image.ImageStim'>, autoLog=True, color=array([1., 1., 1.]), colorSpace='rgb', contrast=1.0, depth=-2.0, flipHoriz=False, flipVert=False, image='sin', interpolate=True, mask=None, maskParams=None, name='correct2', opacity=1.0, ori=0.0, pos=array([0., 0.]), size=array([0.5, 0.5]), texRes=128, units='height', win=Window(...))
10.7839 	EXP 	Created incorrect2 = ImageStim(__class__=<class 'psychopy.visual.image.ImageStim'>, autoLog=True, color=array([1., 1., 1.]), colorSpace='rgb', contrast=1.0, depth=-3.0, flipHoriz=False, flipVert=False, image='sin', interpolate=True, mask=None, maskParams=None, name='incorrect2', opacity=1.0, ori=0.0, pos=array([0., 0.]), size=array([0.5, 0.5]), texRes=128, units='height', win=Window(...))
10.8070 	EXP 	Created text_2 = TextStim(__class__=<class 'psychopy.visual.text.TextStim'>, alignHoriz=method-wrapper(...), alignText='center', alignVert=method-wrapper(...), anchorHoriz='center', anchorVert='center', antialias=True, autoLog=True, bold=False, color='white', colorSpace='named', contrast=1.0, depth=0.0, flipHoriz=False, flipVert=False, font='Arial', fontFiles=[], height=0.1, italic=False, languageStyle='LTR', name='text_2', opacity=1.0, ori=0, pos=array([0., 0.]), rgb=array([255., 255., 255.]), text=str(...), units='height', win=Window(...), wrapWidth=1)
10.8071 	EXP 	Sound audioCorrect set volume 1.000
10.8072 	EXP 	Sound audioIncorrect set volume 1.000
10.8092 	EXP 	Created image = ImageStim(__class__=<class 'psychopy.visual.image.ImageStim'>, autoLog=True, color=array([1., 1., 1.]), colorSpace='rgb', contrast=1.0, depth=-2.0, flipHoriz=False, flipVert=False, image='sin', interpolate=True, mask=None, maskParams=None, name='image', opacity=1.0, ori=0.0, pos=array([0., 0.]), size=array([0.5, 0.5]), texRes=128, units='height', win=Window(...))
10.8566 	EXP 	instructions: autoDraw = True
14.0658 	EXP 	Imported autoConditions\train1LoopCondition.xlsx as conditions, 9 conditions, 2 params
14.0661 	EXP 	Created sequence: sequential, trialTypes=9, nReps=1, seed=None
14.0663 	EXP 	New trial (rep=0, index=0): OrderedDict([('condFiles', 'autoConditions/train1Block1.xlsx'), ('testFiles', 'autoConditions/train1Block1Test.xlsx')])
14.0731 	EXP 	Imported autoConditions/train1Block1.xlsx as conditions, 6 conditions, 2 params
14.0733 	EXP 	Created sequence: sequential, trialTypes=6, nReps=1, seed=None
14.0735 	EXP 	New trial (rep=0, index=0): OrderedDict([('audio', 'trainaudio/18_popata.wav'), ('imageLoc', 'pngimages/18_donut.png')])
14.1133 	DATA 	Keypress: space
14.1172 	EXP 	instructions: autoDraw = False
14.1172 	EXP 	imagetrain1: image = 'pngimages/18_donut.png'
14.1172 	EXP 	imagetrain1: autoDraw = True
15.5338 	EXP 	New trial (rep=0, index=1): OrderedDict([('audio', 'trainaudio/27_pakapa.wav'), ('imageLoc', 'pngimages/27_kiwi.png')])
15.5500 	EXP 	imagetrain1: autoDraw = False
15.5500 	EXP 	imagetrain1: image = 'pngimages/27_kiwi.png'
15.5500 	EXP 	imagetrain1: autoDraw = True
17.0206 	EXP 	New trial (rep=0, index=2): OrderedDict([('audio', 'trainaudio/10_tokiti.wav'), ('imageLoc', 'pngimages/100_bicycle.png')])
17.0630 	EXP 	imagetrain1: autoDraw = False
17.0630 	EXP 	imagetrain1: image = 'pngimages/100_bicycle.png'
17.0630 	EXP 	imagetrain1: autoDraw = True
18.5203 	EXP 	New trial (rep=0, index=3): OrderedDict([('audio', 'trainaudio/22_kakoki.wav'), ('imageLoc', 'pngimages/22_egg.png')])
18.5738 	EXP 	imagetrain1: autoDraw = False
18.5738 	EXP 	imagetrain1: image = 'pngimages/22_egg.png'
18.5738 	EXP 	imagetrain1: autoDraw = True
20.0227 	EXP 	New trial (rep=0, index=4): OrderedDict([('audio', 'trainaudio/01_kitipi.wav'), ('imageLoc', 'pngimages/01_gift.png')])
20.0544 	EXP 	imagetrain1: autoDraw = False
20.0544 	EXP 	imagetrain1: image = 'pngimages/01_gift.png'
20.0544 	EXP 	imagetrain1: autoDraw = True
21.5261 	EXP 	New trial (rep=0, index=5): OrderedDict([('audio', 'trainaudio/24_takopa.wav'), ('imageLoc', 'pngimages/24_banana.png')])
21.5833 	EXP 	imagetrain1: autoDraw = False
21.5833 	EXP 	imagetrain1: image = 'pngimages/24_banana.png'
21.5833 	EXP 	imagetrain1: autoDraw = True
23.0428 	EXP 	Imported autoConditions/train1Block1Test.xlsx as conditions, 3 conditions, 6 params
23.0431 	EXP 	Created sequence: sequential, trialTypes=3, nReps=1, seed=None
23.0436 	EXP 	New trial (rep=0, index=0): OrderedDict([('audioTrue', 'trainaudio/18_popata.wav'), ('imageTrue', 'pngimages/18_donut.png'), ('audioFalse', 'trainaudio/22_kakoki.wav'), ('imageFalse', 'pngimages/22_egg.png'), ('truePos', 0.5), ('falsePos', -0.5)])
23.0869 	EXP 	imagetrain1: autoDraw = False
23.0869 	EXP 	correct: pos = array([0.5, 0. ])
23.0869 	EXP 	correct: image = 'pngimages/18_donut.png'
23.0869 	EXP 	incorrect: pos = array([-0.5,  0. ])
23.0869 	EXP 	incorrect: image = 'pngimages/22_egg.png'
23.0869 	EXP 	correct: autoDraw = True
23.0869 	EXP 	incorrect: autoDraw = True
30.0304 	EXP 	New trial (rep=0, index=1): OrderedDict([('audioTrue', 'trainaudio/10_tokiti.wav'), ('imageTrue', 'pngimages/100_bicycle.png'), ('audioFalse', 'trainaudio/24_takopa.wav'), ('imageFalse', 'pngimages/24_banana.png'), ('truePos', -0.5), ('falsePos', 0.5)])
30.0871 	EXP 	correct: autoDraw = False
30.0871 	EXP 	incorrect: autoDraw = False
30.0871 	EXP 	correct: pos = array([-0.5,  0. ])
30.0871 	EXP 	correct: image = 'pngimages/100_bicycle.png'
30.0871 	EXP 	incorrect: pos = array([0.5, 0. ])
30.0871 	EXP 	incorrect: image = 'pngimages/24_banana.png'
30.0871 	EXP 	correct: autoDraw = True
30.0871 	EXP 	incorrect: autoDraw = True
32.3204 	EXP 	New trial (rep=0, index=2): OrderedDict([('audioTrue', 'trainaudio/01_kitipi.wav'), ('imageTrue', 'pngimages/01_gift.png'), ('audioFalse', 'trainaudio/27_pakapa.wav'), ('imageFalse', 'pngimages/27_kiwi.png'), ('truePos', -0.5), ('falsePos', 0.5)])
32.3630 	EXP 	correct: autoDraw = False
32.3630 	EXP 	incorrect: autoDraw = False
32.3630 	EXP 	correct: pos = array([-0.5,  0. ])
32.3630 	EXP 	correct: image = 'pngimages/01_gift.png'
32.3630 	EXP 	incorrect: pos = array([0.5, 0. ])
32.3630 	EXP 	incorrect: image = 'pngimages/27_kiwi.png'
32.3630 	EXP 	correct: autoDraw = True
32.3630 	EXP 	incorrect: autoDraw = True
34.3546 	EXP 	New trial (rep=0, index=1): OrderedDict([('condFiles', 'autoConditions/train1Block2.xlsx'), ('testFiles', 'autoConditions/train1Block2Test.xlsx')])
34.3621 	EXP 	Imported autoConditions/train1Block2.xlsx as conditions, 6 conditions, 2 params
34.3624 	EXP 	Created sequence: sequential, trialTypes=6, nReps=1, seed=None
34.3627 	EXP 	New trial (rep=0, index=0): OrderedDict([('audio', 'trainaudio/15_kopota.wav'), ('imageLoc', 'pngimages/15_barrel.png')])
34.4001 	EXP 	correct: autoDraw = False
34.4001 	EXP 	incorrect: autoDraw = False
34.4001 	EXP 	imagetrain1: image = 'pngimages/15_barrel.png'
34.4001 	EXP 	imagetrain1: autoDraw = True
35.8869 	EXP 	New trial (rep=0, index=1): OrderedDict([('audio', 'trainaudio/16_kotapi.wav'), ('imageLoc', 'pngimages/16_icecream.png')])
35.9008 	EXP 	imagetrain1: autoDraw = False
35.9008 	EXP 	imagetrain1: autoDraw = False
35.9008 	EXP 	imagetrain1: image = 'pngimages/16_icecream.png'
35.9008 	EXP 	imagetrain1: autoDraw = True
37.3887 	EXP 	New trial (rep=0, index=2): OrderedDict([('audio', 'trainaudio/06_titoka.wav'), ('imageLoc', 'pngimages/06_tent.png')])
37.4066 	EXP 	imagetrain1: autoDraw = False
37.4066 	EXP 	imagetrain1: autoDraw = False
37.4066 	EXP 	imagetrain1: image = 'pngimages/06_tent.png'
37.4066 	EXP 	imagetrain1: autoDraw = True
38.9053 	EXP 	New trial (rep=0, index=3): OrderedDict([('audio', 'trainaudio/04_kitoti.wav'), ('imageLoc', 'pngimages/04_ladder.png')])
38.9227 	EXP 	imagetrain1: autoDraw = False
38.9227 	EXP 	imagetrain1: autoDraw = False
38.9227 	EXP 	imagetrain1: image = 'pngimages/04_ladder.png'
38.9227 	EXP 	imagetrain1: autoDraw = True
40.4230 	EXP 	New trial (rep=0, index=4): OrderedDict([('audio', 'trainaudio/23_patoko.wav'), ('imageLoc', 'pngimages/23_lemon.png')])
40.4416 	EXP 	imagetrain1: autoDraw = False
40.4416 	EXP 	imagetrain1: autoDraw = False
40.4416 	EXP 	imagetrain1: image = 'pngimages/23_lemon.png'
40.4416 	EXP 	imagetrain1: autoDraw = True
41.9404 	EXP 	New trial (rep=0, index=5): OrderedDict([('audio', 'trainaudio/02_pitito.wav'), ('imageLoc', 'pngimages/02_pallet.png')])
41.9551 	EXP 	imagetrain1: autoDraw = False
41.9551 	EXP 	imagetrain1: autoDraw = False
41.9551 	EXP 	imagetrain1: image = 'pngimages/02_pallet.png'
41.9551 	EXP 	imagetrain1: autoDraw = True
43.4523 	EXP 	Imported autoConditions/train1Block2Test.xlsx as conditions, 3 conditions, 6 params
43.4525 	EXP 	Created sequence: sequential, trialTypes=3, nReps=1, seed=None
43.4529 	EXP 	New trial (rep=0, index=0): OrderedDict([('audioTrue', 'trainaudio/15_kopota.wav'), ('imageTrue', 'pngimages/15_barrel.png'), ('audioFalse', 'trainaudio/04_kitoti.wav'), ('imageFalse', 'pngimages/04_ladder.png'), ('truePos', 0.5), ('falsePos', -0.5)])
43.5032 	EXP 	imagetrain1: autoDraw = False
43.5032 	EXP 	imagetrain1: autoDraw = False
43.5032 	EXP 	correct: pos = array([0.5, 0. ])
43.5032 	EXP 	correct: image = 'pngimages/15_barrel.png'
43.5032 	EXP 	incorrect: pos = array([-0.5,  0. ])
43.5032 	EXP 	incorrect: image = 'pngimages/04_ladder.png'
43.5032 	EXP 	correct: autoDraw = True
43.5032 	EXP 	incorrect: autoDraw = True
45.4981 	EXP 	New trial (rep=0, index=1): OrderedDict([('audioTrue', 'trainaudio/06_titoka.wav'), ('imageTrue', 'pngimages/06_tent.png'), ('audioFalse', 'trainaudio/02_pitito.wav'), ('imageFalse', 'pngimages/02_pallet.png'), ('truePos', 0.5), ('falsePos', -0.5)])
45.5215 	EXP 	correct: autoDraw = False
45.5215 	EXP 	incorrect: autoDraw = False
45.5215 	EXP 	correct: pos = array([0.5, 0. ])
45.5215 	EXP 	correct: image = 'pngimages/06_tent.png'
45.5215 	EXP 	incorrect: pos = array([-0.5,  0. ])
45.5215 	EXP 	incorrect: image = 'pngimages/02_pallet.png'
45.5215 	EXP 	correct: autoDraw = True
45.5215 	EXP 	incorrect: autoDraw = True
49.8846 	EXP 	New trial (rep=0, index=2): OrderedDict([('audioTrue', 'trainaudio/23_patoko.wav'), ('imageTrue', 'pngimages/23_lemon.png'), ('audioFalse', 'trainaudio/16_kotapi.wav'), ('imageFalse', 'pngimages/16_icecream.png'), ('truePos', -0.5), ('falsePos', 0.5)])
49.9144 	EXP 	correct: autoDraw = False
49.9144 	EXP 	incorrect: autoDraw = False
49.9144 	EXP 	correct: pos = array([-0.5,  0. ])
49.9144 	EXP 	correct: image = 'pngimages/23_lemon.png'
49.9144 	EXP 	incorrect: pos = array([0.5, 0. ])
49.9144 	EXP 	incorrect: image = 'pngimages/16_icecream.png'
49.9144 	EXP 	correct: autoDraw = True
49.9144 	EXP 	incorrect: autoDraw = True
52.3753 	EXP 	New trial (rep=0, index=2): OrderedDict([('condFiles', 'autoConditions/train1Block3.xlsx'), ('testFiles', 'autoConditions/train1Block3Test.xlsx')])
52.3903 	EXP 	Imported autoConditions/train1Block3.xlsx as conditions, 6 conditions, 2 params
52.3908 	EXP 	Created sequence: sequential, trialTypes=6, nReps=1, seed=None
52.3913 	EXP 	New trial (rep=0, index=0): OrderedDict([('audio', 'trainaudio/05_titopo.wav'), ('imageLoc', 'pngimages/05_megaphone.png')])
52.4084 	EXP 	correct: autoDraw = False
52.4084 	EXP 	incorrect: autoDraw = False
52.4084 	EXP 	imagetrain1: image = 'pngimages/05_megaphone.png'
52.4084 	EXP 	imagetrain1: autoDraw = True
53.9009 	EXP 	New trial (rep=0, index=1): OrderedDict([('audio', 'trainaudio/08_tipako.wav'), ('imageLoc', 'pngimages/08_bell.png')])
53.9149 	EXP 	imagetrain1: autoDraw = False
53.9149 	EXP 	imagetrain1: autoDraw = False
53.9149 	EXP 	imagetrain1: image = 'pngimages/08_bell.png'
53.9149 	EXP 	imagetrain1: autoDraw = True
55.4020 	EXP 	New trial (rep=0, index=2): OrderedDict([('audio', 'trainaudio/20_tatito.wav'), ('imageLoc', 'pngimages/20_pizza.png')])
55.4314 	EXP 	imagetrain1: autoDraw = False
55.4314 	EXP 	imagetrain1: autoDraw = False
55.4314 	EXP 	imagetrain1: image = 'pngimages/20_pizza.png'
55.4314 	EXP 	imagetrain1: autoDraw = True
56.9204 	EXP 	New trial (rep=0, index=3): OrderedDict([('audio', 'trainaudio/19_papipi.wav'), ('imageLoc', 'pngimages/19_burger.png')])
56.9384 	EXP 	imagetrain1: autoDraw = False
56.9384 	EXP 	imagetrain1: autoDraw = False
56.9384 	EXP 	imagetrain1: image = 'pngimages/19_burger.png'
56.9384 	EXP 	imagetrain1: autoDraw = True
58.4382 	EXP 	New trial (rep=0, index=4): OrderedDict([('audio', 'trainaudio/14_pokoto.wav'), ('imageLoc', 'pngimages/14_coffee.png')])
58.4520 	EXP 	imagetrain1: autoDraw = False
58.4520 	EXP 	imagetrain1: autoDraw = False
58.4520 	EXP 	imagetrain1: image = 'pngimages/14_coffee.png'
58.4520 	EXP 	imagetrain1: autoDraw = True
59.9390 	EXP 	New trial (rep=0, index=5): OrderedDict([('audio', 'trainaudio/13_kopopi.wav'), ('imageLoc', 'pngimages/13_toast.png')])
59.9534 	EXP 	imagetrain1: autoDraw = False
59.9534 	EXP 	imagetrain1: autoDraw = False
59.9534 	EXP 	imagetrain1: image = 'pngimages/13_toast.png'
59.9534 	EXP 	imagetrain1: autoDraw = True
61.4484 	EXP 	Imported autoConditions/train1Block3Test.xlsx as conditions, 3 conditions, 6 params
61.4486 	EXP 	Created sequence: sequential, trialTypes=3, nReps=1, seed=None
61.4490 	EXP 	New trial (rep=0, index=0): OrderedDict([('audioTrue', 'trainaudio/05_titopo.wav'), ('imageTrue', 'pngimages/05_megaphone.png'), ('audioFalse', 'trainaudio/19_papipi.wav'), ('imageFalse', 'pngimages/19_burger.png'), ('truePos', 0.5), ('falsePos', -0.5)])
61.4785 	EXP 	imagetrain1: autoDraw = False
61.4785 	EXP 	imagetrain1: autoDraw = False
61.4785 	EXP 	correct: pos = array([0.5, 0. ])
61.4785 	EXP 	correct: image = 'pngimages/05_megaphone.png'
61.4785 	EXP 	incorrect: pos = array([-0.5,  0. ])
61.4785 	EXP 	incorrect: image = 'pngimages/19_burger.png'
61.4785 	EXP 	correct: autoDraw = True
61.4785 	EXP 	incorrect: autoDraw = True
68.4653 	EXP 	New trial (rep=0, index=1): OrderedDict([('audioTrue', 'trainaudio/20_tatito.wav'), ('imageTrue', 'pngimages/20_pizza.png'), ('audioFalse', 'trainaudio/13_kopopi.wav'), ('imageFalse', 'pngimages/13_toast.png'), ('truePos', -0.5), ('falsePos', 0.5)])
68.5012 	EXP 	correct: autoDraw = False
68.5012 	EXP 	incorrect: autoDraw = False
68.5012 	EXP 	correct: autoDraw = False
68.5012 	EXP 	incorrect: autoDraw = False
68.5012 	EXP 	correct: pos = array([-0.5,  0. ])
68.5012 	EXP 	correct: image = 'pngimages/20_pizza.png'
68.5012 	EXP 	incorrect: pos = array([0.5, 0. ])
68.5012 	EXP 	incorrect: image = 'pngimages/13_toast.png'
68.5012 	EXP 	correct: autoDraw = True
68.5012 	EXP 	incorrect: autoDraw = True
70.4887 	EXP 	New trial (rep=0, index=2): OrderedDict([('audioTrue', 'trainaudio/14_pokoto.wav'), ('imageTrue', 'pngimages/14_coffee.png'), ('audioFalse', 'trainaudio/08_tipako.wav'), ('imageFalse', 'pngimages/08_bell.png'), ('truePos', -0.5), ('falsePos', 0.5)])
70.5294 	EXP 	correct: autoDraw = False
70.5294 	EXP 	incorrect: autoDraw = False
70.5294 	EXP 	correct: pos = array([-0.5,  0. ])
70.5294 	EXP 	correct: image = 'pngimages/14_coffee.png'
70.5294 	EXP 	incorrect: pos = array([0.5, 0. ])
70.5294 	EXP 	incorrect: image = 'pngimages/08_bell.png'
70.5294 	EXP 	correct: autoDraw = True
70.5294 	EXP 	incorrect: autoDraw = True
72.5200 	EXP 	New trial (rep=0, index=3): OrderedDict([('condFiles', 'autoConditions/train1Block4.xlsx'), ('testFiles', 'autoConditions/train1Block4Test.xlsx')])
72.5329 	EXP 	Imported autoConditions/train1Block4.xlsx as conditions, 6 conditions, 2 params
72.5333 	EXP 	Created sequence: sequential, trialTypes=6, nReps=1, seed=None
72.5337 	EXP 	New trial (rep=0, index=0): OrderedDict([('audio', 'trainaudio/12_pokika.wav'), ('imageLoc', 'pngimages/12_pie.png')])
72.5980 	EXP 	correct: autoDraw = False
72.5980 	EXP 	incorrect: autoDraw = False
72.5980 	EXP 	imagetrain1: image = 'pngimages/12_pie.png'
72.5980 	EXP 	imagetrain1: autoDraw = True
74.0848 	EXP 	New trial (rep=0, index=1): OrderedDict([('audio', 'trainaudio/25_tapapi.wav'), ('imageLoc', 'pngimages/25_apple.png')])
74.1010 	EXP 	imagetrain1: autoDraw = False
74.1010 	EXP 	imagetrain1: autoDraw = False
74.1010 	EXP 	imagetrain1: image = 'pngimages/25_apple.png'
74.1010 	EXP 	imagetrain1: autoDraw = True
75.6021 	EXP 	New trial (rep=0, index=2): OrderedDict([('audio', 'trainaudio/17_kotako.wav'), ('imageLoc', 'pngimages/17_cracker.png')])
75.6167 	EXP 	imagetrain1: autoDraw = False
75.6167 	EXP 	imagetrain1: autoDraw = False
75.6167 	EXP 	imagetrain1: image = 'pngimages/17_cracker.png'
75.6167 	EXP 	imagetrain1: autoDraw = True
77.1039 	EXP 	New trial (rep=0, index=3): OrderedDict([('audio', 'trainaudio/03_kikita.wav'), ('imageLoc', 'pngimages/03_box.png')])
77.1256 	EXP 	imagetrain1: autoDraw = False
77.1256 	EXP 	imagetrain1: autoDraw = False
77.1256 	EXP 	imagetrain1: image = 'pngimages/03_box.png'
77.1256 	EXP 	imagetrain1: autoDraw = True
78.6213 	EXP 	New trial (rep=0, index=4): OrderedDict([('audio', 'trainaudio/11_tokiko.wav'), ('imageLoc', 'pngimages/11_compass.png')])
78.6424 	EXP 	imagetrain1: autoDraw = False
78.6424 	EXP 	imagetrain1: autoDraw = False
78.6424 	EXP 	imagetrain1: image = 'pngimages/11_compass.png'
78.6424 	EXP 	imagetrain1: autoDraw = True
80.1394 	EXP 	New trial (rep=0, index=5): OrderedDict([('audio', 'trainaudio/07_pitapi.wav'), ('imageLoc', 'pngimages/07_suitcase.png')])
80.1569 	EXP 	imagetrain1: autoDraw = False
80.1569 	EXP 	imagetrain1: autoDraw = False
80.1569 	EXP 	imagetrain1: image = 'pngimages/07_suitcase.png'
80.1569 	EXP 	imagetrain1: autoDraw = True
81.6663 	EXP 	Imported autoConditions/train1Block4Test.xlsx as conditions, 3 conditions, 6 params
81.6666 	EXP 	Created sequence: sequential, trialTypes=3, nReps=1, seed=None
81.6669 	EXP 	New trial (rep=0, index=0): OrderedDict([('audioTrue', 'trainaudio/12_pokika.wav'), ('imageTrue', 'pngimages/12_pie.png'), ('audioFalse', 'trainaudio/03_kikita.wav'), ('imageFalse', 'pngimages/03_box.png'), ('truePos', 0.5), ('falsePos', -0.5)])
81.7072 	EXP 	imagetrain1: autoDraw = False
81.7072 	EXP 	imagetrain1: autoDraw = False
81.7072 	EXP 	correct: pos = array([0.5, 0. ])
81.7072 	EXP 	correct: image = 'pngimages/12_pie.png'
81.7072 	EXP 	incorrect: pos = array([-0.5,  0. ])
81.7072 	EXP 	incorrect: image = 'pngimages/03_box.png'
81.7072 	EXP 	correct: autoDraw = True
81.7072 	EXP 	incorrect: autoDraw = True
84.0796 	EXP 	New trial (rep=0, index=1): OrderedDict([('audioTrue', 'trainaudio/17_kotako.wav'), ('imageTrue', 'pngimages/17_cracker.png'), ('audioFalse', 'trainaudio/07_pitapi.wav'), ('imageFalse', 'pngimages/07_suitcase.png'), ('truePos', 0.5), ('falsePos', -0.5)])
84.1266 	EXP 	correct: autoDraw = False
84.1266 	EXP 	incorrect: autoDraw = False
84.1266 	EXP 	correct: pos = array([0.5, 0. ])
84.1266 	EXP 	correct: image = 'pngimages/17_cracker.png'
84.1266 	EXP 	incorrect: pos = array([-0.5,  0. ])
84.1266 	EXP 	incorrect: image = 'pngimages/07_suitcase.png'
84.1266 	EXP 	correct: autoDraw = True
84.1266 	EXP 	incorrect: autoDraw = True
86.1660 	EXP 	New trial (rep=0, index=2): OrderedDict([('audioTrue', 'trainaudio/11_tokiko.wav'), ('imageTrue', 'pngimages/11_compass.png'), ('audioFalse', 'trainaudio/25_tapapi.wav'), ('imageFalse', 'pngimages/25_apple.png'), ('truePos', -0.5), ('falsePos', 0.5)])
86.1993 	EXP 	correct: autoDraw = False
86.1993 	EXP 	incorrect: autoDraw = False
86.1993 	EXP 	correct: pos = array([-0.5,  0. ])
86.1993 	EXP 	correct: image = 'pngimages/11_compass.png'
86.1993 	EXP 	incorrect: pos = array([0.5, 0. ])
86.1993 	EXP 	incorrect: image = 'pngimages/25_apple.png'
86.1993 	EXP 	correct: autoDraw = True
86.1993 	EXP 	incorrect: autoDraw = True
88.1993 	EXP 	New trial (rep=0, index=4): OrderedDict([('condFiles', 'autoConditions/train1Block5.xlsx'), ('testFiles', 'autoConditions/train1Block5Test.xlsx')])
88.2062 	EXP 	Imported autoConditions/train1Block5.xlsx as conditions, 6 conditions, 2 params
88.2064 	EXP 	Created sequence: sequential, trialTypes=6, nReps=1, seed=None
88.2068 	EXP 	New trial (rep=0, index=0): OrderedDict([('audio', 'trainaudio/21_papika.wav'), ('imageLoc', 'pngimages/21_cheese.png')])
88.2369 	EXP 	correct: autoDraw = False
88.2369 	EXP 	incorrect: autoDraw = False
88.2369 	EXP 	imagetrain1: image = 'pngimages/21_cheese.png'
88.2369 	EXP 	imagetrain1: autoDraw = True
89.7313 	EXP 	New trial (rep=0, index=1): OrderedDict([('audio', 'trainaudio/26_kapako.wav'), ('imageLoc', 'pngimages/26_pineapple.png')])
89.7626 	EXP 	imagetrain1: autoDraw = False
89.7626 	EXP 	imagetrain1: autoDraw = False
89.7626 	EXP 	imagetrain1: image = 'pngimages/26_pineapple.png'
89.7626 	EXP 	imagetrain1: autoDraw = True
91.2489 	EXP 	New trial (rep=0, index=2): OrderedDict([('audio', 'trainaudio/09_tipata.wav'), ('imageLoc', 'pngimages/09_plane.png')])
91.3042 	EXP 	imagetrain1: autoDraw = False
91.3042 	EXP 	imagetrain1: autoDraw = False
91.3042 	EXP 	imagetrain1: image = 'pngimages/09_plane.png'
91.3042 	EXP 	imagetrain1: autoDraw = True
92.7998 	EXP 	New trial (rep=0, index=3): OrderedDict([('audio', 'trainaudio/05_titopo.wav'), ('imageLoc', 'pngimages/05_megaphone.png')])
92.8139 	EXP 	imagetrain1: autoDraw = False
92.8139 	EXP 	imagetrain1: autoDraw = False
92.8139 	EXP 	imagetrain1: image = 'pngimages/05_megaphone.png'
92.8139 	EXP 	imagetrain1: autoDraw = True
94.3014 	EXP 	New trial (rep=0, index=4): OrderedDict([('audio', 'trainaudio/24_takopa.wav'), ('imageLoc', 'pngimages/24_banana.png')])
94.3464 	EXP 	imagetrain1: autoDraw = False
94.3464 	EXP 	imagetrain1: autoDraw = False
94.3464 	EXP 	imagetrain1: image = 'pngimages/24_banana.png'
94.3464 	EXP 	imagetrain1: autoDraw = True
95.8389 	EXP 	New trial (rep=0, index=5): OrderedDict([('audio', 'trainaudio/04_kitoti.wav'), ('imageLoc', 'pngimages/04_ladder.png')])
95.8846 	EXP 	imagetrain1: autoDraw = False
95.8846 	EXP 	imagetrain1: autoDraw = False
95.8846 	EXP 	imagetrain1: image = 'pngimages/04_ladder.png'
95.8846 	EXP 	imagetrain1: autoDraw = True
97.3798 	EXP 	Imported autoConditions/train1Block5Test.xlsx as conditions, 3 conditions, 6 params
97.3800 	EXP 	Created sequence: sequential, trialTypes=3, nReps=1, seed=None
97.3803 	EXP 	New trial (rep=0, index=0): OrderedDict([('audioTrue', 'trainaudio/21_papika.wav'), ('imageTrue', 'pngimages/21_cheese.png'), ('audioFalse', 'trainaudio/05_titopo.wav'), ('imageFalse', 'pngimages/05_megaphone.png'), ('truePos', 0.5), ('falsePos', -0.5)])
97.4147 	EXP 	imagetrain1: autoDraw = False
97.4147 	EXP 	imagetrain1: autoDraw = False
97.4147 	EXP 	correct: pos = array([0.5, 0. ])
97.4147 	EXP 	correct: image = 'pngimages/21_cheese.png'
97.4147 	EXP 	incorrect: pos = array([-0.5,  0. ])
97.4147 	EXP 	incorrect: image = 'pngimages/05_megaphone.png'
97.4147 	EXP 	correct: autoDraw = True
97.4147 	EXP 	incorrect: autoDraw = True
99.4140 	EXP 	New trial (rep=0, index=1): OrderedDict([('audioTrue', 'trainaudio/09_tipata.wav'), ('imageTrue', 'pngimages/09_plane.png'), ('audioFalse', 'trainaudio/04_kitoti.wav'), ('imageFalse', 'pngimages/04_ladder.png'), ('truePos', -0.5), ('falsePos', 0.5)])
99.4775 	EXP 	correct: autoDraw = False
99.4775 	EXP 	incorrect: autoDraw = False
99.4775 	EXP 	correct: pos = array([-0.5,  0. ])
99.4775 	EXP 	correct: image = 'pngimages/09_plane.png'
99.4775 	EXP 	incorrect: pos = array([0.5, 0. ])
99.4775 	EXP 	incorrect: image = 'pngimages/04_ladder.png'
99.4775 	EXP 	correct: autoDraw = True
99.4775 	EXP 	incorrect: autoDraw = True
101.4775 	EXP 	New trial (rep=0, index=2): OrderedDict([('audioTrue', 'trainaudio/24_takopa.wav'), ('imageTrue', 'pngimages/24_banana.png'), ('audioFalse', 'trainaudio/26_kapako.wav'), ('imageFalse', 'pngimages/26_pineapple.png'), ('truePos', 0.5), ('falsePos', -0.5)])
101.5660 	EXP 	correct: autoDraw = False
101.5660 	EXP 	incorrect: autoDraw = False
101.5660 	EXP 	correct: pos = array([0.5, 0. ])
101.5660 	EXP 	correct: image = 'pngimages/24_banana.png'
101.5660 	EXP 	incorrect: pos = array([-0.5,  0. ])
101.5660 	EXP 	incorrect: image = 'pngimages/26_pineapple.png'
101.5660 	EXP 	correct: autoDraw = True
101.5660 	EXP 	incorrect: autoDraw = True
103.5615 	EXP 	New trial (rep=0, index=5): OrderedDict([('condFiles', 'autoConditions/train1Block6.xlsx'), ('testFiles', 'autoConditions/train1Block6Test.xlsx')])
103.5681 	EXP 	Imported autoConditions/train1Block6.xlsx as conditions, 6 conditions, 2 params
103.5683 	EXP 	Created sequence: sequential, trialTypes=6, nReps=1, seed=None
103.5685 	EXP 	New trial (rep=0, index=0): OrderedDict([('audio', 'trainaudio/12_pokika.wav'), ('imageLoc', 'pngimages/12_pie.png')])
103.6461 	EXP 	correct: autoDraw = False
103.6461 	EXP 	incorrect: autoDraw = False
103.6461 	EXP 	imagetrain1: image = 'pngimages/12_pie.png'
103.6461 	EXP 	imagetrain1: autoDraw = True
105.1445 	EXP 	New trial (rep=0, index=1): OrderedDict([('audio', 'trainaudio/08_tipako.wav'), ('imageLoc', 'pngimages/08_bell.png')])
105.1635 	EXP 	imagetrain1: autoDraw = False
105.1635 	EXP 	imagetrain1: autoDraw = False
105.1635 	EXP 	imagetrain1: image = 'pngimages/08_bell.png'
105.1635 	EXP 	imagetrain1: autoDraw = True
106.6615 	EXP 	New trial (rep=0, index=2): OrderedDict([('audio', 'trainaudio/20_tatito.wav'), ('imageLoc', 'pngimages/20_pizza.png')])
106.6898 	EXP 	imagetrain1: autoDraw = False
106.6898 	EXP 	imagetrain1: autoDraw = False
106.6898 	EXP 	imagetrain1: image = 'pngimages/20_pizza.png'
106.6898 	EXP 	imagetrain1: autoDraw = True
108.1809 	EXP 	New trial (rep=0, index=3): OrderedDict([('audio', 'trainaudio/27_pakapa.wav'), ('imageLoc', 'pngimages/27_kiwi.png')])
108.2217 	EXP 	imagetrain1: autoDraw = False
108.2217 	EXP 	imagetrain1: autoDraw = False
108.2217 	EXP 	imagetrain1: image = 'pngimages/27_kiwi.png'
108.2217 	EXP 	imagetrain1: autoDraw = True
109.7140 	EXP 	New trial (rep=0, index=4): OrderedDict([('audio', 'trainaudio/15_kopota.wav'), ('imageLoc', 'pngimages/15_barrel.png')])
109.7531 	EXP 	imagetrain1: autoDraw = False
109.7531 	EXP 	imagetrain1: autoDraw = False
109.7531 	EXP 	imagetrain1: image = 'pngimages/15_barrel.png'
109.7531 	EXP 	imagetrain1: autoDraw = True
111.2488 	EXP 	New trial (rep=0, index=5): OrderedDict([('audio', 'trainaudio/23_patoko.wav'), ('imageLoc', 'pngimages/23_lemon.png')])
111.2671 	EXP 	imagetrain1: autoDraw = False
111.2671 	EXP 	imagetrain1: autoDraw = False
111.2671 	EXP 	imagetrain1: image = 'pngimages/23_lemon.png'
111.2671 	EXP 	imagetrain1: autoDraw = True
112.7749 	EXP 	Imported autoConditions/train1Block6Test.xlsx as conditions, 3 conditions, 6 params
112.7751 	EXP 	Created sequence: sequential, trialTypes=3, nReps=1, seed=None
112.7755 	EXP 	New trial (rep=0, index=0): OrderedDict([('audioTrue', 'trainaudio/12_pokika.wav'), ('imageTrue', 'pngimages/12_pie.png'), ('audioFalse', 'trainaudio/27_pakapa.wav'), ('imageFalse', 'pngimages/27_kiwi.png'), ('truePos', -0.5), ('falsePos', 0.5)])
112.8174 	EXP 	imagetrain1: autoDraw = False
112.8174 	EXP 	imagetrain1: autoDraw = False
112.8174 	EXP 	correct: pos = array([-0.5,  0. ])
112.8174 	EXP 	correct: image = 'pngimages/12_pie.png'
112.8174 	EXP 	incorrect: pos = array([0.5, 0. ])
112.8174 	EXP 	incorrect: image = 'pngimages/27_kiwi.png'
112.8174 	EXP 	correct: autoDraw = True
112.8174 	EXP 	incorrect: autoDraw = True
114.8223 	EXP 	New trial (rep=0, index=1): OrderedDict([('audioTrue', 'trainaudio/20_tatito.wav'), ('imageTrue', 'pngimages/20_pizza.png'), ('audioFalse', 'trainaudio/23_patoko.wav'), ('imageFalse', 'pngimages/23_lemon.png'), ('truePos', 0.5), ('falsePos', -0.5)])
114.8555 	EXP 	correct: autoDraw = False
114.8555 	EXP 	incorrect: autoDraw = False
114.8555 	EXP 	correct: pos = array([0.5, 0. ])
114.8555 	EXP 	correct: image = 'pngimages/20_pizza.png'
114.8555 	EXP 	incorrect: pos = array([-0.5,  0. ])
114.8555 	EXP 	incorrect: image = 'pngimages/23_lemon.png'
114.8555 	EXP 	correct: autoDraw = True
114.8555 	EXP 	incorrect: autoDraw = True
116.8568 	EXP 	New trial (rep=0, index=2): OrderedDict([('audioTrue', 'trainaudio/15_kopota.wav'), ('imageTrue', 'pngimages/15_barrel.png'), ('audioFalse', 'trainaudio/08_tipako.wav'), ('imageFalse', 'pngimages/08_bell.png'), ('truePos', -0.5), ('falsePos', 0.5)])
116.9048 	EXP 	correct: autoDraw = False
116.9048 	EXP 	incorrect: autoDraw = False
116.9048 	EXP 	correct: pos = array([-0.5,  0. ])
116.9048 	EXP 	correct: image = 'pngimages/15_barrel.png'
116.9048 	EXP 	incorrect: pos = array([0.5, 0. ])
116.9048 	EXP 	incorrect: image = 'pngimages/08_bell.png'
116.9048 	EXP 	correct: autoDraw = True
116.9048 	EXP 	incorrect: autoDraw = True
118.9080 	EXP 	New trial (rep=0, index=6): OrderedDict([('condFiles', 'autoConditions/train1Block7.xlsx'), ('testFiles', 'autoConditions/train1Block7Test.xlsx')])
118.9153 	EXP 	Imported autoConditions/train1Block7.xlsx as conditions, 6 conditions, 2 params
118.9156 	EXP 	Created sequence: sequential, trialTypes=6, nReps=1, seed=None
118.9160 	EXP 	New trial (rep=0, index=0): OrderedDict([('audio', 'trainaudio/16_kotapi.wav'), ('imageLoc', 'pngimages/16_icecream.png')])
118.9274 	EXP 	correct: autoDraw = False
118.9274 	EXP 	incorrect: autoDraw = False
118.9274 	EXP 	imagetrain1: image = 'pngimages/16_icecream.png'
118.9274 	EXP 	imagetrain1: autoDraw = True
120.4230 	EXP 	New trial (rep=0, index=1): OrderedDict([('audio', 'trainaudio/03_kikita.wav'), ('imageLoc', 'pngimages/03_box.png')])
120.4397 	EXP 	imagetrain1: autoDraw = False
120.4397 	EXP 	imagetrain1: autoDraw = False
120.4397 	EXP 	imagetrain1: image = 'pngimages/03_box.png'
120.4397 	EXP 	imagetrain1: autoDraw = True
121.9408 	EXP 	New trial (rep=0, index=2): OrderedDict([('audio', 'trainaudio/01_kitipi.wav'), ('imageLoc', 'pngimages/01_gift.png')])
121.9578 	EXP 	imagetrain1: autoDraw = False
121.9578 	EXP 	imagetrain1: autoDraw = False
121.9578 	EXP 	imagetrain1: image = 'pngimages/01_gift.png'
121.9578 	EXP 	imagetrain1: autoDraw = True
123.4588 	EXP 	New trial (rep=0, index=3): OrderedDict([('audio', 'trainaudio/26_kapako.wav'), ('imageLoc', 'pngimages/26_pineapple.png')])
123.4809 	EXP 	imagetrain1: autoDraw = False
123.4809 	EXP 	imagetrain1: autoDraw = False
123.4809 	EXP 	imagetrain1: image = 'pngimages/26_pineapple.png'
123.4809 	EXP 	imagetrain1: autoDraw = True
124.9759 	EXP 	New trial (rep=0, index=4): OrderedDict([('audio', 'trainaudio/19_papipi.wav'), ('imageLoc', 'pngimages/19_burger.png')])
124.9907 	EXP 	imagetrain1: autoDraw = False
124.9907 	EXP 	imagetrain1: autoDraw = False
124.9907 	EXP 	imagetrain1: image = 'pngimages/19_burger.png'
124.9907 	EXP 	imagetrain1: autoDraw = True
126.4776 	EXP 	New trial (rep=0, index=5): OrderedDict([('audio', 'trainaudio/06_titoka.wav'), ('imageLoc', 'pngimages/06_tent.png')])
126.4945 	EXP 	imagetrain1: autoDraw = False
126.4945 	EXP 	imagetrain1: autoDraw = False
126.4945 	EXP 	imagetrain1: image = 'pngimages/06_tent.png'
126.4945 	EXP 	imagetrain1: autoDraw = True
128.0075 	EXP 	Imported autoConditions/train1Block7Test.xlsx as conditions, 3 conditions, 6 params
128.0079 	EXP 	Created sequence: sequential, trialTypes=3, nReps=1, seed=None
128.0083 	EXP 	New trial (rep=0, index=0): OrderedDict([('audioTrue', 'trainaudio/16_kotapi.wav'), ('imageTrue', 'pngimages/16_icecream.png'), ('audioFalse', 'trainaudio/26_kapako.wav'), ('imageFalse', 'pngimages/26_pineapple.png'), ('truePos', -0.5), ('falsePos', 0.5)])
128.0370 	EXP 	imagetrain1: autoDraw = False
128.0370 	EXP 	imagetrain1: autoDraw = False
128.0370 	EXP 	correct: pos = array([-0.5,  0. ])
128.0370 	EXP 	correct: image = 'pngimages/16_icecream.png'
128.0370 	EXP 	incorrect: pos = array([0.5, 0. ])
128.0370 	EXP 	incorrect: image = 'pngimages/26_pineapple.png'
128.0370 	EXP 	correct: autoDraw = True
128.0370 	EXP 	incorrect: autoDraw = True
130.5372 	EXP 	New trial (rep=0, index=1): OrderedDict([('audioTrue', 'trainaudio/01_kitipi.wav'), ('imageTrue', 'pngimages/01_gift.png'), ('audioFalse', 'trainaudio/06_titoka.wav'), ('imageFalse', 'pngimages/06_tent.png'), ('truePos', -0.5), ('falsePos', 0.5)])
130.5690 	EXP 	correct: autoDraw = False
130.5690 	EXP 	incorrect: autoDraw = False
130.5690 	EXP 	correct: pos = array([-0.5,  0. ])
130.5690 	EXP 	correct: image = 'pngimages/01_gift.png'
130.5690 	EXP 	incorrect: pos = array([0.5, 0. ])
130.5690 	EXP 	incorrect: image = 'pngimages/06_tent.png'
130.5690 	EXP 	correct: autoDraw = True
130.5690 	EXP 	incorrect: autoDraw = True
132.5689 	EXP 	New trial (rep=0, index=2): OrderedDict([('audioTrue', 'trainaudio/19_papipi.wav'), ('imageTrue', 'pngimages/19_burger.png'), ('audioFalse', 'trainaudio/03_kikita.wav'), ('imageFalse', 'pngimages/03_box.png'), ('truePos', 0.5), ('falsePos', -0.5)])
132.5985 	EXP 	correct: autoDraw = False
132.5985 	EXP 	incorrect: autoDraw = False
132.5985 	EXP 	correct: pos = array([0.5, 0. ])
132.5985 	EXP 	correct: image = 'pngimages/19_burger.png'
132.5985 	EXP 	incorrect: pos = array([-0.5,  0. ])
132.5985 	EXP 	incorrect: image = 'pngimages/03_box.png'
132.5985 	EXP 	correct: autoDraw = True
132.5985 	EXP 	incorrect: autoDraw = True
134.6053 	EXP 	New trial (rep=0, index=7): OrderedDict([('condFiles', 'autoConditions/train1Block8.xlsx'), ('testFiles', 'autoConditions/train1Block8Test.xlsx')])
134.6176 	EXP 	Imported autoConditions/train1Block8.xlsx as conditions, 6 conditions, 2 params
134.6179 	EXP 	Created sequence: sequential, trialTypes=6, nReps=1, seed=None
134.6185 	EXP 	New trial (rep=0, index=0): OrderedDict([('audio', 'trainaudio/11_tokiko.wav'), ('imageLoc', 'pngimages/11_compass.png')])
134.6353 	EXP 	correct: autoDraw = False
134.6353 	EXP 	incorrect: autoDraw = False
134.6353 	EXP 	imagetrain1: image = 'pngimages/11_compass.png'
134.6353 	EXP 	imagetrain1: autoDraw = True
136.1380 	EXP 	New trial (rep=0, index=1): OrderedDict([('audio', 'trainaudio/22_kakoki.wav'), ('imageLoc', 'pngimages/22_egg.png')])
136.1742 	EXP 	imagetrain1: autoDraw = False
136.1742 	EXP 	imagetrain1: autoDraw = False
136.1742 	EXP 	imagetrain1: image = 'pngimages/22_egg.png'
136.1742 	EXP 	imagetrain1: autoDraw = True
137.6704 	EXP 	New trial (rep=0, index=2): OrderedDict([('audio', 'trainaudio/13_kopopi.wav'), ('imageLoc', 'pngimages/13_toast.png')])
137.6888 	EXP 	imagetrain1: autoDraw = False
137.6888 	EXP 	imagetrain1: autoDraw = False
137.6888 	EXP 	imagetrain1: image = 'pngimages/13_toast.png'
137.6888 	EXP 	imagetrain1: autoDraw = True
139.1888 	EXP 	New trial (rep=0, index=3): OrderedDict([('audio', 'trainaudio/09_tipata.wav'), ('imageLoc', 'pngimages/09_plane.png')])
139.2213 	EXP 	imagetrain1: autoDraw = False
139.2213 	EXP 	imagetrain1: autoDraw = False
139.2213 	EXP 	imagetrain1: image = 'pngimages/09_plane.png'
139.2213 	EXP 	imagetrain1: autoDraw = True
140.7227 	EXP 	New trial (rep=0, index=4): OrderedDict([('audio', 'trainaudio/10_tokiti.wav'), ('imageLoc', 'pngimages/100_bicycle.png')])
140.7530 	EXP 	imagetrain1: autoDraw = False
140.7530 	EXP 	imagetrain1: autoDraw = False
140.7530 	EXP 	imagetrain1: image = 'pngimages/100_bicycle.png'
140.7530 	EXP 	imagetrain1: autoDraw = True
142.2414 	EXP 	New trial (rep=0, index=5): OrderedDict([('audio', 'trainaudio/25_tapapi.wav'), ('imageLoc', 'pngimages/25_apple.png')])
142.2604 	EXP 	imagetrain1: autoDraw = False
142.2604 	EXP 	imagetrain1: autoDraw = False
142.2604 	EXP 	imagetrain1: image = 'pngimages/25_apple.png'
142.2604 	EXP 	imagetrain1: autoDraw = True
143.7689 	EXP 	Imported autoConditions/train1Block8Test.xlsx as conditions, 3 conditions, 6 params
143.7691 	EXP 	Created sequence: sequential, trialTypes=3, nReps=1, seed=None
143.7696 	EXP 	New trial (rep=0, index=0): OrderedDict([('audioTrue', 'trainaudio/11_tokiko.wav'), ('imageTrue', 'pngimages/11_compass.png'), ('audioFalse', 'trainaudio/09_tipata.wav'), ('imageFalse', 'pngimages/09_plane.png'), ('truePos', -0.5), ('falsePos', 0.5)])
143.8080 	EXP 	imagetrain1: autoDraw = False
143.8080 	EXP 	imagetrain1: autoDraw = False
143.8080 	EXP 	correct: pos = array([-0.5,  0. ])
143.8080 	EXP 	correct: image = 'pngimages/11_compass.png'
143.8080 	EXP 	incorrect: pos = array([0.5, 0. ])
143.8080 	EXP 	incorrect: image = 'pngimages/09_plane.png'
143.8080 	EXP 	correct: autoDraw = True
143.8080 	EXP 	incorrect: autoDraw = True
145.8156 	EXP 	New trial (rep=0, index=1): OrderedDict([('audioTrue', 'trainaudio/13_kopopi.wav'), ('imageTrue', 'pngimages/13_toast.png'), ('audioFalse', 'trainaudio/25_tapapi.wav'), ('imageFalse', 'pngimages/25_apple.png'), ('truePos', -0.5), ('falsePos', 0.5)])
145.8509 	EXP 	correct: autoDraw = False
145.8509 	EXP 	incorrect: autoDraw = False
145.8509 	EXP 	correct: pos = array([-0.5,  0. ])
145.8509 	EXP 	correct: image = 'pngimages/13_toast.png'
145.8509 	EXP 	incorrect: pos = array([0.5, 0. ])
145.8509 	EXP 	incorrect: image = 'pngimages/25_apple.png'
145.8509 	EXP 	correct: autoDraw = True
145.8509 	EXP 	incorrect: autoDraw = True
147.8320 	EXP 	New trial (rep=0, index=2): OrderedDict([('audioTrue', 'trainaudio/10_tokiti.wav'), ('imageTrue', 'pngimages/100_bicycle.png'), ('audioFalse', 'trainaudio/22_kakoki.wav'), ('imageFalse', 'pngimages/22_egg.png'), ('truePos', 0.5), ('falsePos', -0.5)])
147.8837 	EXP 	correct: autoDraw = False
147.8837 	EXP 	incorrect: autoDraw = False
147.8837 	EXP 	correct: pos = array([0.5, 0. ])
147.8837 	EXP 	correct: image = 'pngimages/100_bicycle.png'
147.8837 	EXP 	incorrect: pos = array([-0.5,  0. ])
147.8837 	EXP 	incorrect: image = 'pngimages/22_egg.png'
147.8837 	EXP 	correct: autoDraw = True
147.8837 	EXP 	incorrect: autoDraw = True
149.8847 	EXP 	New trial (rep=0, index=8): OrderedDict([('condFiles', 'autoConditions/train1Block9.xlsx'), ('testFiles', 'autoConditions/train1Block9Test.xlsx')])
149.8949 	EXP 	Imported autoConditions/train1Block9.xlsx as conditions, 6 conditions, 2 params
149.8953 	EXP 	Created sequence: sequential, trialTypes=6, nReps=1, seed=None
149.8957 	EXP 	New trial (rep=0, index=0): OrderedDict([('audio', 'trainaudio/07_pitapi.wav'), ('imageLoc', 'pngimages/07_suitcase.png')])
149.9179 	EXP 	correct: autoDraw = False
149.9179 	EXP 	incorrect: autoDraw = False
149.9179 	EXP 	imagetrain1: image = 'pngimages/07_suitcase.png'
149.9179 	EXP 	imagetrain1: autoDraw = True
151.4157 	EXP 	New trial (rep=0, index=1): OrderedDict([('audio', 'trainaudio/18_popata.wav'), ('imageLoc', 'pngimages/18_donut.png')])
151.4328 	EXP 	imagetrain1: autoDraw = False
151.4328 	EXP 	imagetrain1: autoDraw = False
151.4328 	EXP 	imagetrain1: image = 'pngimages/18_donut.png'
151.4328 	EXP 	imagetrain1: autoDraw = True
152.9334 	EXP 	New trial (rep=0, index=2): OrderedDict([('audio', 'trainaudio/17_kotako.wav'), ('imageLoc', 'pngimages/17_cracker.png')])
152.9512 	EXP 	imagetrain1: autoDraw = False
152.9512 	EXP 	imagetrain1: autoDraw = False
152.9512 	EXP 	imagetrain1: image = 'pngimages/17_cracker.png'
152.9512 	EXP 	imagetrain1: autoDraw = True
154.4511 	EXP 	New trial (rep=0, index=3): OrderedDict([('audio', 'trainaudio/14_pokoto.wav'), ('imageLoc', 'pngimages/14_coffee.png')])
154.4650 	EXP 	imagetrain1: autoDraw = False
154.4650 	EXP 	imagetrain1: autoDraw = False
154.4650 	EXP 	imagetrain1: image = 'pngimages/14_coffee.png'
154.4650 	EXP 	imagetrain1: autoDraw = True
155.9528 	EXP 	New trial (rep=0, index=4): OrderedDict([('audio', 'trainaudio/21_papika.wav'), ('imageLoc', 'pngimages/21_cheese.png')])
155.9834 	EXP 	imagetrain1: autoDraw = False
155.9834 	EXP 	imagetrain1: autoDraw = False
155.9834 	EXP 	imagetrain1: image = 'pngimages/21_cheese.png'
155.9834 	EXP 	imagetrain1: autoDraw = True
157.4696 	EXP 	New trial (rep=0, index=5): OrderedDict([('audio', 'trainaudio/02_pitito.wav'), ('imageLoc', 'pngimages/02_pallet.png')])
157.4842 	EXP 	imagetrain1: autoDraw = False
157.4842 	EXP 	imagetrain1: autoDraw = False
157.4842 	EXP 	imagetrain1: image = 'pngimages/02_pallet.png'
157.4842 	EXP 	imagetrain1: autoDraw = True
158.9796 	EXP 	Imported autoConditions/train1Block9Test.xlsx as conditions, 3 conditions, 6 params
158.9799 	EXP 	Created sequence: sequential, trialTypes=3, nReps=1, seed=None
158.9802 	EXP 	New trial (rep=0, index=0): OrderedDict([('audioTrue', 'trainaudio/07_pitapi.wav'), ('imageTrue', 'pngimages/07_suitcase.png'), ('audioFalse', 'trainaudio/14_pokoto.wav'), ('imageFalse', 'pngimages/14_coffee.png'), ('truePos', 0.5), ('falsePos', -0.5)])
158.9995 	EXP 	imagetrain1: autoDraw = False
158.9995 	EXP 	imagetrain1: autoDraw = False
158.9995 	EXP 	correct: pos = array([0.5, 0. ])
158.9995 	EXP 	correct: image = 'pngimages/07_suitcase.png'
158.9995 	EXP 	incorrect: pos = array([-0.5,  0. ])
158.9995 	EXP 	incorrect: image = 'pngimages/14_coffee.png'
158.9995 	EXP 	correct: autoDraw = True
158.9995 	EXP 	incorrect: autoDraw = True
160.9935 	EXP 	New trial (rep=0, index=1): OrderedDict([('audioTrue', 'trainaudio/17_kotako.wav'), ('imageTrue', 'pngimages/17_cracker.png'), ('audioFalse', 'trainaudio/02_pitito.wav'), ('imageFalse', 'pngimages/02_pallet.png'), ('truePos', -0.5), ('falsePos', 0.5)])
161.0157 	EXP 	correct: autoDraw = False
161.0157 	EXP 	incorrect: autoDraw = False
161.0157 	EXP 	correct: pos = array([-0.5,  0. ])
161.0157 	EXP 	correct: image = 'pngimages/17_cracker.png'
161.0157 	EXP 	incorrect: pos = array([0.5, 0. ])
161.0157 	EXP 	incorrect: image = 'pngimages/02_pallet.png'
161.0157 	EXP 	correct: autoDraw = True
161.0157 	EXP 	incorrect: autoDraw = True
167.1818 	EXP 	New trial (rep=0, index=2): OrderedDict([('audioTrue', 'trainaudio/21_papika.wav'), ('imageTrue', 'pngimages/21_cheese.png'), ('audioFalse', 'trainaudio/18_popata.wav'), ('imageFalse', 'pngimages/18_donut.png'), ('truePos', 0.5), ('falsePos', -0.5)])
167.2308 	EXP 	correct: autoDraw = False
167.2308 	EXP 	incorrect: autoDraw = False
167.2308 	EXP 	correct: pos = array([0.5, 0. ])
167.2308 	EXP 	correct: image = 'pngimages/21_cheese.png'
167.2308 	EXP 	incorrect: pos = array([-0.5,  0. ])
167.2308 	EXP 	incorrect: image = 'pngimages/18_donut.png'
167.2308 	EXP 	correct: autoDraw = True
167.2308 	EXP 	incorrect: autoDraw = True
172.3795 	EXP 	correct: autoDraw = False
172.3795 	EXP 	incorrect: autoDraw = False
172.3795 	EXP 	notice: autoDraw = True
174.3773 	EXP 	Imported autoConditions\train2LoopCondition.xlsx as conditions, 3 conditions, 2 params
174.3776 	EXP 	Created sequence: sequential, trialTypes=3, nReps=1, seed=None
174.3780 	EXP 	New trial (rep=0, index=0): OrderedDict([('condFiles', 'autoConditions/train2Block1.xlsx'), ('testFiles', 'autoConditions/train2Block1Test.xlsx')])
174.3914 	EXP 	Imported autoConditions/train2Block1.xlsx as conditions, 9 conditions, 2 params
174.3917 	EXP 	Created sequence: sequential, trialTypes=9, nReps=1, seed=None
174.3919 	EXP 	New trial (rep=0, index=0): OrderedDict([('audio', 'trainaudio/13_kopopi.wav'), ('imageLoc', 'pngimages/13_toast.png')])
174.4063 	EXP 	notice: autoDraw = False
174.4063 	EXP 	notice: autoDraw = False
174.4063 	EXP 	imagetrain2: image = 'pngimages/13_toast.png'
174.4063 	EXP 	imagetrain2: autoDraw = True
175.9027 	EXP 	New trial (rep=0, index=1): OrderedDict([('audio', 'trainaudio/10_tokiti.wav'), ('imageLoc', 'pngimages/100_bicycle.png')])
175.9361 	EXP 	imagetrain2: autoDraw = False
175.9361 	EXP 	imagetrain2: autoDraw = False
175.9361 	EXP 	imagetrain2: image = 'pngimages/100_bicycle.png'
175.9361 	EXP 	imagetrain2: autoDraw = True
177.4365 	EXP 	New trial (rep=0, index=2): OrderedDict([('audio', 'trainaudio/23_patoko.wav'), ('imageLoc', 'pngimages/23_lemon.png')])
177.4570 	EXP 	imagetrain2: autoDraw = False
177.4570 	EXP 	imagetrain2: autoDraw = False
177.4570 	EXP 	imagetrain2: image = 'pngimages/23_lemon.png'
177.4570 	EXP 	imagetrain2: autoDraw = True
178.9546 	EXP 	New trial (rep=0, index=3): OrderedDict([('audio', 'trainaudio/26_kapako.wav'), ('imageLoc', 'pngimages/26_pineapple.png')])
178.9881 	EXP 	imagetrain2: autoDraw = False
178.9881 	EXP 	imagetrain2: autoDraw = False
178.9881 	EXP 	imagetrain2: image = 'pngimages/26_pineapple.png'
178.9881 	EXP 	imagetrain2: autoDraw = True
180.4897 	EXP 	New trial (rep=0, index=4): OrderedDict([('audio', 'trainaudio/18_popata.wav'), ('imageLoc', 'pngimages/18_donut.png')])
180.5355 	EXP 	imagetrain2: autoDraw = False
180.5355 	EXP 	imagetrain2: autoDraw = False
180.5355 	EXP 	imagetrain2: image = 'pngimages/18_donut.png'
180.5355 	EXP 	imagetrain2: autoDraw = True
182.0246 	EXP 	New trial (rep=0, index=5): OrderedDict([('audio', 'trainaudio/14_pokoto.wav'), ('imageLoc', 'pngimages/14_coffee.png')])
182.0461 	EXP 	imagetrain2: autoDraw = False
182.0461 	EXP 	imagetrain2: autoDraw = False
182.0461 	EXP 	imagetrain2: image = 'pngimages/14_coffee.png'
182.0461 	EXP 	imagetrain2: autoDraw = True
183.5420 	EXP 	New trial (rep=0, index=6): OrderedDict([('audio', 'trainaudio/11_tokiko.wav'), ('imageLoc', 'pngimages/11_compass.png')])
183.5589 	EXP 	imagetrain2: autoDraw = False
183.5589 	EXP 	imagetrain2: autoDraw = False
183.5589 	EXP 	imagetrain2: image = 'pngimages/11_compass.png'
183.5589 	EXP 	imagetrain2: autoDraw = True
185.0600 	EXP 	New trial (rep=0, index=7): OrderedDict([('audio', 'trainaudio/22_kakoki.wav'), ('imageLoc', 'pngimages/22_egg.png')])
185.0978 	EXP 	imagetrain2: autoDraw = False
185.0978 	EXP 	imagetrain2: autoDraw = False
185.0978 	EXP 	imagetrain2: image = 'pngimages/22_egg.png'
185.0978 	EXP 	imagetrain2: autoDraw = True
186.5952 	EXP 	New trial (rep=0, index=8): OrderedDict([('audio', 'trainaudio/05_titopo.wav'), ('imageLoc', 'pngimages/05_megaphone.png')])
186.6164 	EXP 	imagetrain2: autoDraw = False
186.6164 	EXP 	imagetrain2: autoDraw = False
186.6164 	EXP 	imagetrain2: image = 'pngimages/05_megaphone.png'
186.6164 	EXP 	imagetrain2: autoDraw = True
188.1259 	EXP 	Imported autoConditions/train2Block1Test.xlsx as conditions, 9 conditions, 6 params
188.1261 	EXP 	Created sequence: sequential, trialTypes=9, nReps=1, seed=None
188.1265 	EXP 	New trial (rep=0, index=0): OrderedDict([('audioTrue', 'trainaudio/13_kopopi.wav'), ('imageTrue', 'pngimages/13_toast.png'), ('audioFalse', 'trainaudio/26_kapako.wav'), ('imageFalse', 'pngimages/26_pineapple.png'), ('truePos', 0.5), ('falsePos', -0.5)])
188.1574 	EXP 	imagetrain2: autoDraw = False
188.1574 	EXP 	imagetrain2: autoDraw = False
188.1574 	EXP 	correct2: pos = array([0.5, 0. ])
188.1574 	EXP 	correct2: image = 'pngimages/13_toast.png'
188.1574 	EXP 	incorrect2: pos = array([-0.5,  0. ])
188.1574 	EXP 	incorrect2: image = 'pngimages/26_pineapple.png'
188.1574 	EXP 	correct2: autoDraw = True
188.1574 	EXP 	incorrect2: autoDraw = True
190.7371 	EXP 	New trial (rep=0, index=1): OrderedDict([('audioTrue', 'trainaudio/10_tokiti.wav'), ('imageTrue', 'pngimages/100_bicycle.png'), ('audioFalse', 'trainaudio/18_popata.wav'), ('imageFalse', 'pngimages/18_donut.png'), ('truePos', 0.5), ('falsePos', -0.5)])
190.7812 	EXP 	correct2: autoDraw = False
190.7812 	EXP 	incorrect2: autoDraw = False
190.7812 	EXP 	correct2: pos = array([0.5, 0. ])
190.7812 	EXP 	correct2: image = 'pngimages/100_bicycle.png'
190.7812 	EXP 	incorrect2: pos = array([-0.5,  0. ])
190.7812 	EXP 	incorrect2: image = 'pngimages/18_donut.png'
190.7812 	EXP 	correct2: autoDraw = True
190.7812 	EXP 	incorrect2: autoDraw = True
193.0235 	EXP 	New trial (rep=0, index=2): OrderedDict([('audioTrue', 'trainaudio/23_patoko.wav'), ('imageTrue', 'pngimages/23_lemon.png'), ('audioFalse', 'trainaudio/14_pokoto.wav'), ('imageFalse', 'pngimages/14_coffee.png'), ('truePos', 0.5), ('falsePos', -0.5)])
193.0528 	EXP 	correct2: autoDraw = False
193.0528 	EXP 	incorrect2: autoDraw = False
193.0528 	EXP 	correct2: pos = array([0.5, 0. ])
193.0528 	EXP 	correct2: image = 'pngimages/23_lemon.png'
193.0528 	EXP 	incorrect2: pos = array([-0.5,  0. ])
193.0528 	EXP 	incorrect2: image = 'pngimages/14_coffee.png'
193.0528 	EXP 	correct2: autoDraw = True
193.0528 	EXP 	incorrect2: autoDraw = True
195.8228 	EXP 	New trial (rep=0, index=3): OrderedDict([('audioTrue', 'trainaudio/26_kapako.wav'), ('imageTrue', 'pngimages/26_pineapple.png'), ('audioFalse', 'trainaudio/11_tokiko.wav'), ('imageFalse', 'pngimages/11_compass.png'), ('truePos', -0.5), ('falsePos', 0.5)])
195.8995 	EXP 	correct2: autoDraw = False
195.8995 	EXP 	incorrect2: autoDraw = False
195.8995 	EXP 	correct2: pos = array([-0.5,  0. ])
195.8995 	EXP 	correct2: image = 'pngimages/26_pineapple.png'
195.8995 	EXP 	incorrect2: pos = array([0.5, 0. ])
195.8995 	EXP 	incorrect2: image = 'pngimages/11_compass.png'
195.8995 	EXP 	correct2: autoDraw = True
195.8995 	EXP 	incorrect2: autoDraw = True
200.6602 	EXP 	New trial (rep=0, index=4): OrderedDict([('audioTrue', 'trainaudio/18_popata.wav'), ('imageTrue', 'pngimages/18_donut.png'), ('audioFalse', 'trainaudio/22_kakoki.wav'), ('imageFalse', 'pngimages/22_egg.png'), ('truePos', 0.5), ('falsePos', -0.5)])
200.7091 	EXP 	correct2: autoDraw = False
200.7091 	EXP 	incorrect2: autoDraw = False
200.7091 	EXP 	correct2: pos = array([0.5, 0. ])
200.7091 	EXP 	correct2: image = 'pngimages/18_donut.png'
200.7091 	EXP 	incorrect2: pos = array([-0.5,  0. ])
200.7091 	EXP 	incorrect2: image = 'pngimages/22_egg.png'
200.7091 	EXP 	correct2: autoDraw = True
200.7091 	EXP 	incorrect2: autoDraw = True
203.2962 	EXP 	New trial (rep=0, index=5): OrderedDict([('audioTrue', 'trainaudio/14_pokoto.wav'), ('imageTrue', 'pngimages/14_coffee.png'), ('audioFalse', 'trainaudio/05_titopo.wav'), ('imageFalse', 'pngimages/05_megaphone.png'), ('truePos', -0.5), ('falsePos', 0.5)])
203.3245 	EXP 	correct2: autoDraw = False
203.3245 	EXP 	incorrect2: autoDraw = False
203.3245 	EXP 	correct2: pos = array([-0.5,  0. ])
203.3245 	EXP 	correct2: image = 'pngimages/14_coffee.png'
203.3245 	EXP 	incorrect2: pos = array([0.5, 0. ])
203.3245 	EXP 	incorrect2: image = 'pngimages/05_megaphone.png'
203.3245 	EXP 	correct2: autoDraw = True
203.3245 	EXP 	incorrect2: autoDraw = True
206.6662 	EXP 	New trial (rep=0, index=6): OrderedDict([('audioTrue', 'trainaudio/11_tokiko.wav'), ('imageTrue', 'pngimages/11_compass.png'), ('audioFalse', 'trainaudio/13_kopopi.wav'), ('imageFalse', 'pngimages/13_toast.png'), ('truePos', -0.5), ('falsePos', 0.5)])
206.6992 	EXP 	correct2: autoDraw = False
206.6992 	EXP 	incorrect2: autoDraw = False
206.6992 	EXP 	correct2: pos = array([-0.5,  0. ])
206.6992 	EXP 	correct2: image = 'pngimages/11_compass.png'
206.6992 	EXP 	incorrect2: pos = array([0.5, 0. ])
206.6992 	EXP 	incorrect2: image = 'pngimages/13_toast.png'
206.6992 	EXP 	correct2: autoDraw = True
206.6992 	EXP 	incorrect2: autoDraw = True
209.3177 	EXP 	New trial (rep=0, index=7): OrderedDict([('audioTrue', 'trainaudio/22_kakoki.wav'), ('imageTrue', 'pngimages/22_egg.png'), ('audioFalse', 'trainaudio/10_tokiti.wav'), ('imageFalse', 'pngimages/100_bicycle.png'), ('truePos', -0.5), ('falsePos', 0.5)])
209.3919 	EXP 	correct2: autoDraw = False
209.3919 	EXP 	incorrect2: autoDraw = False
209.3919 	EXP 	correct2: pos = array([-0.5,  0. ])
209.3919 	EXP 	correct2: image = 'pngimages/22_egg.png'
209.3919 	EXP 	incorrect2: pos = array([0.5, 0. ])
209.3919 	EXP 	incorrect2: image = 'pngimages/100_bicycle.png'
209.3919 	EXP 	correct2: autoDraw = True
209.3919 	EXP 	incorrect2: autoDraw = True
211.9131 	EXP 	New trial (rep=0, index=8): OrderedDict([('audioTrue', 'trainaudio/05_titopo.wav'), ('imageTrue', 'pngimages/05_megaphone.png'), ('audioFalse', 'trainaudio/23_patoko.wav'), ('imageFalse', 'pngimages/23_lemon.png'), ('truePos', 0.5), ('falsePos', -0.5)])
211.9454 	EXP 	correct2: autoDraw = False
211.9454 	EXP 	incorrect2: autoDraw = False
211.9454 	EXP 	correct2: pos = array([0.5, 0. ])
211.9454 	EXP 	correct2: image = 'pngimages/05_megaphone.png'
211.9454 	EXP 	incorrect2: pos = array([-0.5,  0. ])
211.9454 	EXP 	incorrect2: image = 'pngimages/23_lemon.png'
211.9454 	EXP 	correct2: autoDraw = True
211.9454 	EXP 	incorrect2: autoDraw = True
214.5234 	EXP 	New trial (rep=0, index=1): OrderedDict([('condFiles', 'autoConditions/train2Block2.xlsx'), ('testFiles', 'autoConditions/train2Block2Test.xlsx')])
214.5393 	EXP 	Imported autoConditions/train2Block2.xlsx as conditions, 9 conditions, 2 params
214.5397 	EXP 	Created sequence: sequential, trialTypes=9, nReps=1, seed=None
214.5404 	EXP 	New trial (rep=0, index=0): OrderedDict([('audio', 'trainaudio/12_pokika.wav'), ('imageLoc', 'pngimages/12_pie.png')])
214.5979 	EXP 	correct2: autoDraw = False
214.5979 	EXP 	incorrect2: autoDraw = False
214.5979 	EXP 	imagetrain2: image = 'pngimages/12_pie.png'
214.5979 	EXP 	imagetrain2: autoDraw = True
216.0849 	EXP 	New trial (rep=0, index=1): OrderedDict([('audio', 'trainaudio/20_tatito.wav'), ('imageLoc', 'pngimages/20_pizza.png')])
216.1108 	EXP 	imagetrain2: autoDraw = False
216.1108 	EXP 	imagetrain2: autoDraw = False
216.1108 	EXP 	imagetrain2: image = 'pngimages/20_pizza.png'
216.1108 	EXP 	imagetrain2: autoDraw = True
217.6033 	EXP 	New trial (rep=0, index=2): OrderedDict([('audio', 'trainaudio/02_pitito.wav'), ('imageLoc', 'pngimages/02_pallet.png')])
217.6179 	EXP 	imagetrain2: autoDraw = False
217.6179 	EXP 	imagetrain2: autoDraw = False
217.6179 	EXP 	imagetrain2: image = 'pngimages/02_pallet.png'
217.6179 	EXP 	imagetrain2: autoDraw = True
219.1066 	EXP 	New trial (rep=0, index=3): OrderedDict([('audio', 'trainaudio/21_papika.wav'), ('imageLoc', 'pngimages/21_cheese.png')])
219.1386 	EXP 	imagetrain2: autoDraw = False
219.1386 	EXP 	imagetrain2: autoDraw = False
219.1386 	EXP 	imagetrain2: image = 'pngimages/21_cheese.png'
219.1386 	EXP 	imagetrain2: autoDraw = True
220.6396 	EXP 	New trial (rep=0, index=4): OrderedDict([('audio', 'trainaudio/15_kopota.wav'), ('imageLoc', 'pngimages/15_barrel.png')])
220.6930 	EXP 	imagetrain2: autoDraw = False
220.6930 	EXP 	imagetrain2: autoDraw = False
220.6930 	EXP 	imagetrain2: image = 'pngimages/15_barrel.png'
220.6930 	EXP 	imagetrain2: autoDraw = True
222.1910 	EXP 	New trial (rep=0, index=5): OrderedDict([('audio', 'trainaudio/24_takopa.wav'), ('imageLoc', 'pngimages/24_banana.png')])
222.2466 	EXP 	imagetrain2: autoDraw = False
222.2466 	EXP 	imagetrain2: autoDraw = False
222.2466 	EXP 	imagetrain2: image = 'pngimages/24_banana.png'
222.2466 	EXP 	imagetrain2: autoDraw = True
223.7419 	EXP 	New trial (rep=0, index=6): OrderedDict([('audio', 'trainaudio/01_kitipi.wav'), ('imageLoc', 'pngimages/01_gift.png')])
223.7563 	EXP 	imagetrain2: autoDraw = False
223.7563 	EXP 	imagetrain2: autoDraw = False
223.7563 	EXP 	imagetrain2: image = 'pngimages/01_gift.png'
223.7563 	EXP 	imagetrain2: autoDraw = True
224.5506 	EXP 	window1: mouseVisible = True
