1.4877 	WARNING 	We strongly recommend you activate the PTB sound engine in PsychoPy prefs as the preferred audio engine. Its timing is vastly superior. Your prefs are currently set to use ['sounddevice', 'PTB', 'pyo', 'pygame'] (in that order).
7.8371 	WARNING 	User requested fullscreen with size [1024  768], but screen is actually [1920, 1200]. Using actual size
10.1499 	EXP 	Created window1 = Window(allowGUI=False, allowStencil=False, args=UNKNOWN, autoLog=True, bitsMode=UNKNOWN, blendMode='avg', bpc=(8, 8, 8), color=array([0., 0., 0.]), colorSpace='rgb', depthBits=8, fullscr=<method-wrapper '__getattribute__' of attributeSetter object at 0x000001D12B7E0320>, gamma=None, gammaErrorPolicy='raise', kwargs=UNKNOWN, lms=UNKNOWN, monitor=<psychopy.monitors.calibTools.Monitor object at 0x000001D12B9A9CF8>, multiSample=False, name='window1', numSamples=2, pos=[0.0, 0.0], screen=0, size=array([1920, 1200]), stencilBits=0, stereo=False, units='height', useFBO=True, useRetina=False, viewOri=0.0, viewPos=None, viewScale=None, waitBlanking=True, winType='pyglet')
10.1501 	EXP 	window1: recordFrameIntervals = False
10.3141 	EXP 	window1: recordFrameIntervals = True
10.4979 	EXP 	window1: recordFrameIntervals = False
10.9247 	EXP 	Created instructions = TextStim(__class__=<class 'psychopy.visual.text.TextStim'>, alignHoriz=method-wrapper(...), alignText='center', alignVert=method-wrapper(...), anchorHoriz='center', anchorVert='center', antialias=True, autoLog=True, bold=False, color='white', colorSpace='named', contrast=1.0, depth=0.0, flipHoriz=False, flipVert=False, font='Arial', fontFiles=[], height=0.1, italic=False, languageStyle='LTR', name='instructions', opacity=1.0, ori=0, pos=array([0., 0.]), rgb=array([255., 255., 255.]), text=str(...), units='height', win=Window(...), wrapWidth=1)
10.9893 	EXP 	Sound stimulitrain1 set volume 1.000
10.9922 	EXP 	Created imagetrain1 = ImageStim(__class__=<class 'psychopy.visual.image.ImageStim'>, autoLog=True, color=array([1., 1., 1.]), colorSpace='rgb', contrast=1.0, depth=-1.0, flipHoriz=False, flipVert=False, image='sin', interpolate=True, mask=None, maskParams=None, name='imagetrain1', opacity=1.0, ori=0.0, pos=array([0., 0.]), size=array([0.5, 0.5]), texRes=128, units='height', win=Window(...))
10.9924 	EXP 	Sound stimulitest1 set volume 1.000
10.9941 	EXP 	Created correct = ImageStim(__class__=<class 'psychopy.visual.image.ImageStim'>, autoLog=True, color=array([1., 1., 1.]), colorSpace='rgb', contrast=1.0, depth=-1.0, flipHoriz=False, flipVert=False, image='sin', interpolate=True, mask=None, maskParams=None, name='correct', opacity=1.0, ori=0.0, pos=array([0., 0.]), size=array([0.5, 0.5]), texRes=128, units='height', win=Window(...))
10.9961 	EXP 	Created incorrect = ImageStim(__class__=<class 'psychopy.visual.image.ImageStim'>, autoLog=True, color=array([1., 1., 1.]), colorSpace='rgb', contrast=1.0, depth=-2.0, flipHoriz=False, flipVert=False, image='sin', interpolate=True, mask=None, maskParams=None, name='incorrect', opacity=1.0, ori=0.0, pos=array([0., 0.]), size=array([0.5, 0.5]), texRes=128, units='height', win=Window(...))
11.0262 	EXP 	Created notice = TextStim(__class__=<class 'psychopy.visual.text.TextStim'>, alignHoriz=method-wrapper(...), alignText='center', alignVert=method-wrapper(...), anchorHoriz='center', anchorVert='center', antialias=True, autoLog=True, bold=False, color='white', colorSpace='named', contrast=1.0, depth=0.0, flipHoriz=False, flipVert=False, font='Arial', fontFiles=[], height=0.05, italic=False, languageStyle='LTR', name='notice', opacity=1.0, ori=0, pos=array([0., 0.]), rgb=array([255., 255., 255.]), text=str(...), units='height', win=Window(...), wrapWidth=1)
11.0263 	EXP 	Sound stimulitrain2 set volume 1.000
11.0280 	EXP 	Created imagetrain2 = ImageStim(__class__=<class 'psychopy.visual.image.ImageStim'>, autoLog=True, color=array([1., 1., 1.]), colorSpace='rgb', contrast=1.0, depth=-1.0, flipHoriz=False, flipVert=False, image='sin', interpolate=True, mask=None, maskParams=None, name='imagetrain2', opacity=1.0, ori=0.0, pos=array([0., 0.]), size=array([0.5, 0.5]), texRes=128, units='height', win=Window(...))
11.0281 	EXP 	Sound stimulitest2 set volume 1.000
11.0298 	EXP 	Created correct2 = ImageStim(__class__=<class 'psychopy.visual.image.ImageStim'>, autoLog=True, color=array([1., 1., 1.]), colorSpace='rgb', contrast=1.0, depth=-2.0, flipHoriz=False, flipVert=False, image='sin', interpolate=True, mask=None, maskParams=None, name='correct2', opacity=1.0, ori=0.0, pos=array([0., 0.]), size=array([0.5, 0.5]), texRes=128, units='height', win=Window(...))
11.0313 	EXP 	Created incorrect2 = ImageStim(__class__=<class 'psychopy.visual.image.ImageStim'>, autoLog=True, color=array([1., 1., 1.]), colorSpace='rgb', contrast=1.0, depth=-3.0, flipHoriz=False, flipVert=False, image='sin', interpolate=True, mask=None, maskParams=None, name='incorrect2', opacity=1.0, ori=0.0, pos=array([0., 0.]), size=array([0.5, 0.5]), texRes=128, units='height', win=Window(...))
11.0427 	EXP 	Created test1Instr = TextStim(__class__=<class 'psychopy.visual.text.TextStim'>, alignHoriz=method-wrapper(...), alignText='center', alignVert=method-wrapper(...), anchorHoriz='center', anchorVert='center', antialias=True, autoLog=True, bold=False, color='white', colorSpace='named', contrast=1.0, depth=0.0, flipHoriz=False, flipVert=False, font='Arial', fontFiles=[], height=0.05, italic=False, languageStyle='LTR', name='test1Instr', opacity=1.0, ori=0, pos=array([0., 0.]), rgb=array([255., 255., 255.]), text='Instructions For Test1 Go Here', units='height', win=Window(...), wrapWidth=1)
11.0553 	EXP 	Created oneWarningTest1 = TextStim(__class__=<class 'psychopy.visual.text.TextStim'>, alignHoriz=method-wrapper(...), alignText='center', alignVert=method-wrapper(...), anchorHoriz='center', anchorVert='center', antialias=True, autoLog=True, bold=False, color='white', colorSpace='named', contrast=1.0, depth=-2.0, flipHoriz=False, flipVert=False, font='Arial', fontFiles=[], height=0.1, italic=False, languageStyle='LTR', name='oneWarningTest1', opacity=1.0, ori=0, pos=array([ 0. , -0.5]), rgb=array([255., 255., 255.]), text='Less than 1 minute left', units='height', win=Window(...), wrapWidth=1)
11.0637 	EXP 	Created twoWarningTest1 = TextStim(__class__=<class 'psychopy.visual.text.TextStim'>, alignHoriz=method-wrapper(...), alignText='center', alignVert=method-wrapper(...), anchorHoriz='center', anchorVert='center', antialias=True, autoLog=True, bold=False, color='white', colorSpace='named', contrast=1.0, depth=-3.0, flipHoriz=False, flipVert=False, font='Arial', fontFiles=[], height=0.1, italic=False, languageStyle='LTR', name='twoWarningTest1', opacity=1.0, ori=0, pos=array([ 0. , -0.5]), rgb=array([255., 255., 255.]), text='Less than 2 minutes left', units='height', win=Window(...), wrapWidth=1)
11.0732 	EXP 	Created threeWarningTest1 = TextStim(__class__=<class 'psychopy.visual.text.TextStim'>, alignHoriz=method-wrapper(...), alignText='center', alignVert=method-wrapper(...), anchorHoriz='center', anchorVert='center', antialias=True, autoLog=True, bold=False, color='white', colorSpace='named', contrast=1.0, depth=-4.0, flipHoriz=False, flipVert=False, font='Arial', fontFiles=[], height=0.1, italic=False, languageStyle='LTR', name='threeWarningTest1', opacity=1.0, ori=0, pos=array([0., 0.]), rgb=array([255., 255., 255.]), text='Less than 3 minutes left', units='height', win=Window(...), wrapWidth=1)
11.0817 	EXP 	Created fourWarningTest1 = TextStim(__class__=<class 'psychopy.visual.text.TextStim'>, alignHoriz=method-wrapper(...), alignText='center', alignVert=method-wrapper(...), anchorHoriz='center', anchorVert='center', antialias=True, autoLog=True, bold=False, color='white', colorSpace='named', contrast=1.0, depth=-5.0, flipHoriz=False, flipVert=False, font='Arial', fontFiles=[], height=0.1, italic=False, languageStyle='LTR', name='fourWarningTest1', opacity=1.0, ori=0, pos=array([0., 0.]), rgb=array([255., 255., 255.]), text='Less than four minutes left', units='height', win=Window(...), wrapWidth=1)
11.0818 	EXP 	Sound test1Audio1 set volume 1.000
11.0843 	EXP 	Created test1Audio1Sound = ImageStim(__class__=<class 'psychopy.visual.image.ImageStim'>, autoLog=True, color=array([1., 1., 1.]), colorSpace='rgb', contrast=1.0, depth=-1.0, flipHoriz=False, flipVert=False, image='sin', interpolate=True, mask=None, maskParams=None, name='test1Audio1Sound', opacity=1.0, ori=0.0, pos=array([-0.3, -0.3]), size=array([0.2, 0.2]), texRes=128, units='height', win=Window(...))
11.0861 	EXP 	Created test1Audio1Mute = ImageStim(__class__=<class 'psychopy.visual.image.ImageStim'>, autoLog=True, color=array([1., 1., 1.]), colorSpace='rgb', contrast=1.0, depth=-2.0, flipHoriz=False, flipVert=False, image='sin', interpolate=True, mask=None, maskParams=None, name='test1Audio1Mute', opacity=1.0, ori=0.0, pos=array([-0.3, -0.3]), size=array([0.2, 0.2]), texRes=128, units='height', win=Window(...))
11.0863 	EXP 	Sound test1Audio2 set volume 1.000
11.0880 	EXP 	Created test1Audio2Mute1 = ImageStim(__class__=<class 'psychopy.visual.image.ImageStim'>, autoLog=True, color=array([1., 1., 1.]), colorSpace='rgb', contrast=1.0, depth=-4.0, flipHoriz=False, flipVert=False, image='sin', interpolate=True, mask=None, maskParams=None, name='test1Audio2Mute1', opacity=1.0, ori=0.0, pos=array([ 0.3, -0.3]), size=array([0.2, 0.2]), texRes=128, units='height', win=Window(...))
11.0900 	EXP 	Created test1Audio2Sound = ImageStim(__class__=<class 'psychopy.visual.image.ImageStim'>, autoLog=True, color=array([1., 1., 1.]), colorSpace='rgb', contrast=1.0, depth=-5.0, flipHoriz=False, flipVert=False, image='sin', interpolate=True, mask=None, maskParams=None, name='test1Audio2Sound', opacity=1.0, ori=0.0, pos=array([ 0.3, -0.3]), size=array([0.2, 0.2]), texRes=128, units='height', win=Window(...))
11.0919 	EXP 	Created test1Audio2Mute2 = ImageStim(__class__=<class 'psychopy.visual.image.ImageStim'>, autoLog=True, color=array([1., 1., 1.]), colorSpace='rgb', contrast=1.0, depth=-6.0, flipHoriz=False, flipVert=False, image='sin', interpolate=True, mask=None, maskParams=None, name='test1Audio2Mute2', opacity=1.0, ori=0.0, pos=array([ 0.3, -0.3]), size=array([0.2, 0.2]), texRes=128, units='height', win=Window(...))
11.0942 	EXP 	Created test1Image = ImageStim(__class__=<class 'psychopy.visual.image.ImageStim'>, autoLog=True, color=array([1., 1., 1.]), colorSpace='rgb', contrast=1.0, depth=-8.0, flipHoriz=False, flipVert=False, image='sin', interpolate=True, mask=None, maskParams=None, name='test1Image', opacity=1.0, ori=0.0, pos=array([0. , 0.2]), size=array([0.4, 0.4]), texRes=128, units='height', win=Window(...))
11.2603 	EXP 	Created test1F = TextStim(__class__=<class 'psychopy.visual.text.TextStim'>, alignHoriz=method-wrapper(...), alignText='center', alignVert=method-wrapper(...), anchorHoriz='center', anchorVert='center', antialias=True, autoLog=True, bold=False, color='white', colorSpace='named', contrast=1.0, depth=-9.0, flipHoriz=False, flipVert=False, font='Arial', fontFiles=[], height=0.2, italic=False, languageStyle='LTR', name='test1F', opacity=1.0, ori=0, pos=array([-0.3, -0.1]), rgb=array([255., 255., 255.]), text='F', units='height', win=Window(...), wrapWidth=1)
11.2687 	EXP 	Created test1J = TextStim(__class__=<class 'psychopy.visual.text.TextStim'>, alignHoriz=method-wrapper(...), alignText='center', alignVert=method-wrapper(...), anchorHoriz='center', anchorVert='center', antialias=True, autoLog=True, bold=False, color='white', colorSpace='named', contrast=1.0, depth=-10.0, flipHoriz=False, flipVert=False, font='Arial', fontFiles=[], height=0.2, italic=False, languageStyle='LTR', name='test1J', opacity=1.0, ori=0, pos=array([ 0.3, -0.1]), rgb=array([255., 255., 255.]), text='J', units='height', win=Window(...), wrapWidth=1)
11.2989 	EXP 	Created test2Instr = TextStim(__class__=<class 'psychopy.visual.text.TextStim'>, alignHoriz=method-wrapper(...), alignText='center', alignVert=method-wrapper(...), anchorHoriz='center', anchorVert='center', antialias=True, autoLog=True, bold=False, color='white', colorSpace='named', contrast=1.0, depth=0.0, flipHoriz=False, flipVert=False, font='Arial', fontFiles=[], height=0.1, italic=False, languageStyle='LTR', name='test2Instr', opacity=1.0, ori=0, pos=array([0., 0.]), rgb=array([255., 255., 255.]), text='Instructions For Test2 Go Here', units='height', win=Window(...), wrapWidth=1)
11.2991 	EXP 	Sound test2Audio1 set volume 1.000
11.3010 	EXP 	Created test2Audio1Sound = ImageStim(__class__=<class 'psychopy.visual.image.ImageStim'>, autoLog=True, color=array([1., 1., 1.]), colorSpace='rgb', contrast=1.0, depth=-1.0, flipHoriz=False, flipVert=False, image='sin', interpolate=True, mask=None, maskParams=None, name='test2Audio1Sound', opacity=1.0, ori=0.0, pos=array([-0.3, -0.3]), size=array([0.2, 0.2]), texRes=128, units='height', win=Window(...))
11.3027 	EXP 	Created test1Audio2Mute = ImageStim(__class__=<class 'psychopy.visual.image.ImageStim'>, autoLog=True, color=array([1., 1., 1.]), colorSpace='rgb', contrast=1.0, depth=-2.0, flipHoriz=False, flipVert=False, image='sin', interpolate=True, mask=None, maskParams=None, name='test1Audio2Mute', opacity=1.0, ori=0.0, pos=array([-0.3, -0.3]), size=array([0.2, 0.2]), texRes=128, units='height', win=Window(...))
11.3028 	EXP 	Sound test2Audio2 set volume 1.000
11.3045 	EXP 	Created test2Audio2Mute1 = ImageStim(__class__=<class 'psychopy.visual.image.ImageStim'>, autoLog=True, color=array([1., 1., 1.]), colorSpace='rgb', contrast=1.0, depth=-4.0, flipHoriz=False, flipVert=False, image='sin', interpolate=True, mask=None, maskParams=None, name='test2Audio2Mute1', opacity=1.0, ori=0.0, pos=array([ 0.3, -0.3]), size=array([0.2, 0.2]), texRes=128, units='height', win=Window(...))
11.3063 	EXP 	Created test2Audio2Sound = ImageStim(__class__=<class 'psychopy.visual.image.ImageStim'>, autoLog=True, color=array([1., 1., 1.]), colorSpace='rgb', contrast=1.0, depth=-5.0, flipHoriz=False, flipVert=False, image='sin', interpolate=True, mask=None, maskParams=None, name='test2Audio2Sound', opacity=1.0, ori=0.0, pos=array([ 0.3, -0.3]), size=array([0.2, 0.2]), texRes=128, units='height', win=Window(...))
11.3265 	EXP 	Created test2Audio2Mute2 = ImageStim(__class__=<class 'psychopy.visual.image.ImageStim'>, autoLog=True, color=array([1., 1., 1.]), colorSpace='rgb', contrast=1.0, depth=-6.0, flipHoriz=False, flipVert=False, image='mute.png', interpolate=True, mask=None, maskParams=None, name='test2Audio2Mute2', opacity=1.0, ori=0.0, pos=array([ 0.3, -0.3]), size=array([0.2, 0.2]), texRes=128, units='height', win=Window(...))
11.3281 	EXP 	Created test2Image = ImageStim(__class__=<class 'psychopy.visual.image.ImageStim'>, autoLog=True, color=array([1., 1., 1.]), colorSpace='rgb', contrast=1.0, depth=-8.0, flipHoriz=False, flipVert=False, image='sin', interpolate=True, mask=None, maskParams=None, name='test2Image', opacity=1.0, ori=0.0, pos=array([0. , 0.2]), size=array([0.4, 0.4]), texRes=128, units='height', win=Window(...))
11.3299 	EXP 	Created test2F = TextStim(__class__=<class 'psychopy.visual.text.TextStim'>, alignHoriz=method-wrapper(...), alignText='center', alignVert=method-wrapper(...), anchorHoriz='center', anchorVert='center', antialias=True, autoLog=True, bold=False, color='white', colorSpace='named', contrast=1.0, depth=-9.0, flipHoriz=False, flipVert=False, font='Arial', fontFiles=[], height=0.2, italic=False, languageStyle='LTR', name='test2F', opacity=1.0, ori=0, pos=array([-0.3, -0.1]), rgb=array([255., 255., 255.]), text='F', units='height', win=Window(...), wrapWidth=1)
11.3317 	EXP 	Created test2J = TextStim(__class__=<class 'psychopy.visual.text.TextStim'>, alignHoriz=method-wrapper(...), alignText='center', alignVert=method-wrapper(...), anchorHoriz='center', anchorVert='center', antialias=True, autoLog=True, bold=False, color='white', colorSpace='named', contrast=1.0, depth=-10.0, flipHoriz=False, flipVert=False, font='Arial', fontFiles=[], height=0.2, italic=False, languageStyle='LTR', name='test2J', opacity=1.0, ori=0, pos=array([ 0.3, -0.1]), rgb=array([255., 255., 255.]), text='J', units='height', win=Window(...), wrapWidth=1)
11.3413 	EXP 	Created test3Instr = TextStim(__class__=<class 'psychopy.visual.text.TextStim'>, alignHoriz=method-wrapper(...), alignText='center', alignVert=method-wrapper(...), anchorHoriz='center', anchorVert='center', antialias=True, autoLog=True, bold=False, color='white', colorSpace='named', contrast=1.0, depth=0.0, flipHoriz=False, flipVert=False, font='Arial', fontFiles=[], height=0.1, italic=False, languageStyle='LTR', name='test3Instr', opacity=1.0, ori=0, pos=array([0., 0.]), rgb=array([255., 255., 255.]), text='Instructions For Test3 Go Here\n', units='height', win=Window(...), wrapWidth=1)
11.3415 	EXP 	Sound test3Audio1 set volume 1.000
11.3434 	EXP 	Created test3Audio1Sound = ImageStim(__class__=<class 'psychopy.visual.image.ImageStim'>, autoLog=True, color=array([1., 1., 1.]), colorSpace='rgb', contrast=1.0, depth=-1.0, flipHoriz=False, flipVert=False, image='sin', interpolate=True, mask=None, maskParams=None, name='test3Audio1Sound', opacity=1.0, ori=0.0, pos=array([-0.3, -0.3]), size=array([0.2, 0.2]), texRes=128, units='height', win=Window(...))
11.3451 	EXP 	Created test3Audio1Mute = ImageStim(__class__=<class 'psychopy.visual.image.ImageStim'>, autoLog=True, color=array([1., 1., 1.]), colorSpace='rgb', contrast=1.0, depth=-2.0, flipHoriz=False, flipVert=False, image='sin', interpolate=True, mask=None, maskParams=None, name='test3Audio1Mute', opacity=1.0, ori=0.0, pos=array([-0.3, -0.3]), size=array([0.2, 0.2]), texRes=128, units='height', win=Window(...))
11.3452 	EXP 	Sound test3Audio2 set volume 1.000
11.3471 	EXP 	Created test3Audio2Mute1 = ImageStim(__class__=<class 'psychopy.visual.image.ImageStim'>, autoLog=True, color=array([1., 1., 1.]), colorSpace='rgb', contrast=1.0, depth=-4.0, flipHoriz=False, flipVert=False, image='sin', interpolate=True, mask=None, maskParams=None, name='test3Audio2Mute1', opacity=1.0, ori=0.0, pos=array([ 0.3, -0.3]), size=array([0.2, 0.2]), texRes=128, units='height', win=Window(...))
11.3490 	EXP 	Created test3Audio2Sound = ImageStim(__class__=<class 'psychopy.visual.image.ImageStim'>, autoLog=True, color=array([1., 1., 1.]), colorSpace='rgb', contrast=1.0, depth=-5.0, flipHoriz=False, flipVert=False, image='sin', interpolate=True, mask=None, maskParams=None, name='test3Audio2Sound', opacity=1.0, ori=0.0, pos=array([ 0.3, -0.3]), size=array([0.2, 0.2]), texRes=128, units='height', win=Window(...))
11.3507 	EXP 	Created test3Audio2Mute2 = ImageStim(__class__=<class 'psychopy.visual.image.ImageStim'>, autoLog=True, color=array([1., 1., 1.]), colorSpace='rgb', contrast=1.0, depth=-6.0, flipHoriz=False, flipVert=False, image='sin', interpolate=True, mask=None, maskParams=None, name='test3Audio2Mute2', opacity=1.0, ori=0.0, pos=array([ 0.3, -0.3]), size=array([0.2, 0.2]), texRes=128, units='height', win=Window(...))
11.3526 	EXP 	Created test3Image = ImageStim(__class__=<class 'psychopy.visual.image.ImageStim'>, autoLog=True, color=array([1., 1., 1.]), colorSpace='rgb', contrast=1.0, depth=-8.0, flipHoriz=False, flipVert=False, image='sin', interpolate=True, mask=None, maskParams=None, name='test3Image', opacity=1.0, ori=0.0, pos=array([0. , 0.2]), size=array([0.4, 0.4]), texRes=128, units='height', win=Window(...))
11.3545 	EXP 	Created test3F = TextStim(__class__=<class 'psychopy.visual.text.TextStim'>, alignHoriz=method-wrapper(...), alignText='center', alignVert=method-wrapper(...), anchorHoriz='center', anchorVert='center', antialias=True, autoLog=True, bold=False, color='white', colorSpace='named', contrast=1.0, depth=-9.0, flipHoriz=False, flipVert=False, font='Arial', fontFiles=[], height=0.2, italic=False, languageStyle='LTR', name='test3F', opacity=1.0, ori=0, pos=array([-0.3, -0.1]), rgb=array([255., 255., 255.]), text='F', units='height', win=Window(...), wrapWidth=1)
11.3562 	EXP 	Created test3J = TextStim(__class__=<class 'psychopy.visual.text.TextStim'>, alignHoriz=method-wrapper(...), alignText='center', alignVert=method-wrapper(...), anchorHoriz='center', anchorVert='center', antialias=True, autoLog=True, bold=False, color='white', colorSpace='named', contrast=1.0, depth=-10.0, flipHoriz=False, flipVert=False, font='Arial', fontFiles=[], height=0.2, italic=False, languageStyle='LTR', name='test3J', opacity=1.0, ori=0, pos=array([ 0.3, -0.1]), rgb=array([255., 255., 255.]), text='J', units='height', win=Window(...), wrapWidth=1)
11.3856 	EXP 	Created postTestText = TextStim(__class__=<class 'psychopy.visual.text.TextStim'>, alignHoriz=method-wrapper(...), alignText='center', alignVert=method-wrapper(...), anchorHoriz='center', anchorVert='center', antialias=True, autoLog=True, bold=False, color='white', colorSpace='named', contrast=1.0, depth=0.0, flipHoriz=False, flipVert=False, font='Arial', fontFiles=[], height=0.1, italic=False, languageStyle='LTR', name='postTestText', opacity=1.0, ori=0, pos=array([0., 0.]), rgb=array([255., 255., 255.]), text=str(...), units='height', win=Window(...), wrapWidth=1)
11.3858 	EXP 	Sound postTestAudio1 set volume 1.000
11.3993 	EXP 	Created fSound = ImageStim(__class__=<class 'psychopy.visual.image.ImageStim'>, autoLog=True, color=array([1., 1., 1.]), colorSpace='rgb', contrast=1.0, depth=-2.0, flipHoriz=False, flipVert=False, image='sound.png', interpolate=True, mask=None, maskParams=None, name='fSound', opacity=1.0, ori=0.0, pos=array([-0.5, -0.3]), size=array([0.2, 0.2]), texRes=128, units='height', win=Window(...))
11.4199 	EXP 	Created fMute = ImageStim(__class__=<class 'psychopy.visual.image.ImageStim'>, autoLog=True, color=array([1., 1., 1.]), colorSpace='rgb', contrast=1.0, depth=-3.0, flipHoriz=False, flipVert=False, image='mute.png', interpolate=True, mask=None, maskParams=None, name='fMute', opacity=1.0, ori=0.0, pos=array([-0.5, -0.3]), size=array([0.2, 0.2]), texRes=128, units='height', win=Window(...))
11.4200 	EXP 	Sound postTestAudio2 set volume 1.000
11.4403 	EXP 	Created xMute1 = ImageStim(__class__=<class 'psychopy.visual.image.ImageStim'>, autoLog=True, color=array([1., 1., 1.]), colorSpace='rgb', contrast=1.0, depth=-5.0, flipHoriz=False, flipVert=False, image='mute.png', interpolate=True, mask=None, maskParams=None, name='xMute1', opacity=1.0, ori=0.0, pos=array([ 0. , -0.3]), size=array([0.2, 0.2]), texRes=128, units='height', win=Window(...))
11.4597 	EXP 	Created xSound = ImageStim(__class__=<class 'psychopy.visual.image.ImageStim'>, autoLog=True, color=array([1., 1., 1.]), colorSpace='rgb', contrast=1.0, depth=-6.0, flipHoriz=False, flipVert=False, image='Sound.png', interpolate=True, mask=None, maskParams=None, name='xSound', opacity=1.0, ori=0.0, pos=array([ 0. , -0.3]), size=array([0.2, 0.2]), texRes=128, units='height', win=Window(...))
11.4814 	EXP 	Created xMute2 = ImageStim(__class__=<class 'psychopy.visual.image.ImageStim'>, autoLog=True, color=array([1., 1., 1.]), colorSpace='rgb', contrast=1.0, depth=-7.0, flipHoriz=False, flipVert=False, image='mute.png', interpolate=True, mask=None, maskParams=None, name='xMute2', opacity=1.0, ori=0.0, pos=array([ 0. , -0.3]), size=array([0.2, 0.2]), texRes=128, units='height', win=Window(...))
11.4815 	EXP 	Sound postTestAudio3 set volume 1.000
11.5019 	EXP 	Created jMute1 = ImageStim(__class__=<class 'psychopy.visual.image.ImageStim'>, autoLog=True, color=array([1., 1., 1.]), colorSpace='rgb', contrast=1.0, depth=-9.0, flipHoriz=False, flipVert=False, image='mute.png', interpolate=True, mask=None, maskParams=None, name='jMute1', opacity=1.0, ori=0.0, pos=array([ 0.5, -0.3]), size=array([0.2, 0.2]), texRes=128, units='height', win=Window(...))
11.5224 	EXP 	Created jSound = ImageStim(__class__=<class 'psychopy.visual.image.ImageStim'>, autoLog=True, color=array([1., 1., 1.]), colorSpace='rgb', contrast=1.0, depth=-10.0, flipHoriz=False, flipVert=False, image='sound.png', interpolate=True, mask=None, maskParams=None, name='jSound', opacity=1.0, ori=0.0, pos=array([ 0.5, -0.3]), size=array([0.2, 0.2]), texRes=128, units='height', win=Window(...))
11.5410 	EXP 	Created jMute2 = ImageStim(__class__=<class 'psychopy.visual.image.ImageStim'>, autoLog=True, color=array([1., 1., 1.]), colorSpace='rgb', contrast=1.0, depth=-11.0, flipHoriz=False, flipVert=False, image='mute.png', interpolate=True, mask=None, maskParams=None, name='jMute2', opacity=1.0, ori=0.0, pos=array([ 0.5, -0.3]), size=array([0.2, 0.2]), texRes=128, units='height', win=Window(...))
11.5628 	EXP 	Created textInstructionsPostTest = TextStim(__class__=<class 'psychopy.visual.text.TextStim'>, alignHoriz=method-wrapper(...), alignText='center', alignVert=method-wrapper(...), anchorHoriz='center', anchorVert='center', antialias=True, autoLog=True, bold=False, color='white', colorSpace='named', contrast=1.0, depth=-12.0, flipHoriz=False, flipVert=False, font='Arial', fontFiles=[], height=0.05, italic=False, languageStyle='LTR', name='textInstructionsPostTest', opacity=1.0, ori=0, pos=array([0. , 0.3]), rgb=array([255., 255., 255.]), text=str(...), units='height', win=Window(...), wrapWidth=1)
11.6291 	EXP 	Created fText = TextStim(__class__=<class 'psychopy.visual.text.TextStim'>, alignHoriz=method-wrapper(...), alignText='center', alignVert=method-wrapper(...), anchorHoriz='center', anchorVert='center', antialias=True, autoLog=True, bold=False, color='white', colorSpace='named', contrast=1.0, depth=-13.0, flipHoriz=False, flipVert=False, font='Arial', fontFiles=[], height=0.3, italic=False, languageStyle='LTR', name='fText', opacity=1.0, ori=0, pos=array([-0.5,  0. ]), rgb=array([255., 255., 255.]), text='F', units='height', win=Window(...), wrapWidth=1)
11.6491 	EXP 	Created xText = TextStim(__class__=<class 'psychopy.visual.text.TextStim'>, alignHoriz=method-wrapper(...), alignText='center', alignVert=method-wrapper(...), anchorHoriz='center', anchorVert='center', antialias=True, autoLog=True, bold=False, color='white', colorSpace='named', contrast=1.0, depth=-14.0, flipHoriz=False, flipVert=False, font='Arial', fontFiles=[], height=0.3, italic=False, languageStyle='LTR', name='xText', opacity=1.0, ori=0, pos=array([0., 0.]), rgb=array([255., 255., 255.]), text='X', units='height', win=Window(...), wrapWidth=1)
11.6664 	EXP 	Created jText = TextStim(__class__=<class 'psychopy.visual.text.TextStim'>, alignHoriz=method-wrapper(...), alignText='center', alignVert=method-wrapper(...), anchorHoriz='center', anchorVert='center', antialias=True, autoLog=True, bold=False, color='white', colorSpace='named', contrast=1.0, depth=-15.0, flipHoriz=False, flipVert=False, font='Arial', fontFiles=[], height=0.3, italic=False, languageStyle='LTR', name='jText', opacity=1.0, ori=0, pos=array([0.5, 0. ]), rgb=array([255., 255., 255.]), text='J', units='height', win=Window(...), wrapWidth=1)
11.7132 	EXP 	Created text = TextStim(__class__=<class 'psychopy.visual.text.TextStim'>, alignHoriz=method-wrapper(...), alignText='center', alignVert=method-wrapper(...), anchorHoriz='center', anchorVert='center', antialias=True, autoLog=True, bold=False, color='white', colorSpace='named', contrast=1.0, depth=0.0, flipHoriz=False, flipVert=False, font='Arial', fontFiles=[], height=0.1, italic=False, languageStyle='LTR', name='text', opacity=1.0, ori=0, pos=array([0., 0.]), rgb=array([255., 255., 255.]), text=str(...), units='height', win=Window(...), wrapWidth=1)
11.7554 	EXP 	instructions: autoDraw = True
12.3104 	EXP 	Imported aoiConditions\train1LoopCondition.xlsx as conditions, 9 conditions, 2 params
12.3107 	EXP 	Created sequence: sequential, trialTypes=9, nReps=1, seed=None
12.3109 	EXP 	New trial (rep=0, index=0): OrderedDict([('condFiles', 'aoiConditions/train1Block1.xlsx'), ('testFiles', 'aoiConditions/train1Block1Test.xlsx')])
12.3280 	EXP 	Imported aoiConditions/train1Block1.xlsx as conditions, 6 conditions, 2 params
12.3282 	EXP 	Created sequence: sequential, trialTypes=6, nReps=1, seed=None
12.3284 	EXP 	New trial (rep=0, index=0): OrderedDict([('audio', 'trainingaudio/03_kikita3.wav'), ('imageLoc', 'pngimages/03_box.png')])
12.3803 	DATA 	Keypress: a
12.3848 	EXP 	instructions: autoDraw = False
12.3848 	EXP 	imagetrain1: image = 'pngimages/03_box.png'
12.3848 	EXP 	imagetrain1: autoDraw = True
13.2687 	EXP 	New trial (rep=0, index=1): OrderedDict([('audio', 'trainingaudio/07_pitapi2.wav'), ('imageLoc', 'pngimages/07_suitcase.png')])
13.3024 	EXP 	imagetrain1: autoDraw = False
13.3024 	EXP 	imagetrain1: image = 'pngimages/07_suitcase.png'
13.3024 	EXP 	imagetrain1: autoDraw = True
14.2699 	EXP 	New trial (rep=0, index=2): OrderedDict([('audio', 'trainingaudio/06_titoka3.wav'), ('imageLoc', 'pngimages/06_tent.png')])
14.3020 	EXP 	imagetrain1: autoDraw = False
14.3020 	EXP 	imagetrain1: image = 'pngimages/06_tent.png'
14.3020 	EXP 	imagetrain1: autoDraw = True
15.2699 	EXP 	New trial (rep=0, index=3): OrderedDict([('audio', 'trainingaudio/11_tokiko1.wav'), ('imageLoc', 'pngimages/11_compass.png')])
15.2903 	EXP 	imagetrain1: autoDraw = False
15.2903 	EXP 	imagetrain1: image = 'pngimages/11_compass.png'
15.2903 	EXP 	imagetrain1: autoDraw = True
16.2704 	EXP 	New trial (rep=0, index=4): OrderedDict([('audio', 'trainingaudio/25_tapapi1.wav'), ('imageLoc', 'pngimages/25_apple.png')])
16.2958 	EXP 	imagetrain1: autoDraw = False
16.2958 	EXP 	imagetrain1: image = 'pngimages/25_apple.png'
16.2958 	EXP 	imagetrain1: autoDraw = True
17.2553 	EXP 	New trial (rep=0, index=5): OrderedDict([('audio', 'trainingaudio/09_tipata2.wav'), ('imageLoc', 'pngimages/09_plane.png')])
17.3057 	EXP 	imagetrain1: autoDraw = False
17.3057 	EXP 	imagetrain1: image = 'pngimages/09_plane.png'
17.3057 	EXP 	imagetrain1: autoDraw = True
18.2783 	EXP 	Imported aoiConditions/train1Block1Test.xlsx as conditions, 3 conditions, 6 params
18.2787 	EXP 	Created sequence: sequential, trialTypes=3, nReps=1, seed=None
18.2791 	EXP 	New trial (rep=0, index=0): OrderedDict([('audioTrue', 'trainingaudio/06_titoka3.wav'), ('imageTrue', 'pngimages/06_tent.png'), ('audioFalse', 'trainingaudio/07_pitapi2.wav'), ('imageFalse', 'pngimages/07_suitcase.png'), ('truePos', -0.5), ('falsePos', 0.5)])
18.3026 	EXP 	imagetrain1: autoDraw = False
18.3026 	EXP 	correct: pos = array([-0.5,  0. ])
18.3026 	EXP 	correct: image = 'pngimages/06_tent.png'
18.3026 	EXP 	incorrect: pos = array([0.5, 0. ])
18.3026 	EXP 	incorrect: image = 'pngimages/07_suitcase.png'
18.3026 	EXP 	correct: autoDraw = True
18.3026 	EXP 	incorrect: autoDraw = True
22.5158 	EXP 	New trial (rep=0, index=1): OrderedDict([('audioTrue', 'trainingaudio/03_kikita3.wav'), ('imageTrue', 'pngimages/03_box.png'), ('audioFalse', 'trainingaudio/09_tipata2.wav'), ('imageFalse', 'pngimages/09_plane.png'), ('truePos', 0.5), ('falsePos', -0.5)])
22.5496 	DATA 	Keypress: j
22.5544 	EXP 	correct: autoDraw = False
22.5544 	EXP 	incorrect: autoDraw = False
22.5544 	EXP 	correct: pos = array([0.5, 0. ])
22.5544 	EXP 	correct: image = 'pngimages/03_box.png'
22.5544 	EXP 	incorrect: pos = array([-0.5,  0. ])
22.5544 	EXP 	incorrect: image = 'pngimages/09_plane.png'
22.5544 	EXP 	correct: autoDraw = True
22.5544 	EXP 	incorrect: autoDraw = True
23.5291 	DATA 	Keypress: j
23.5477 	EXP 	New trial (rep=0, index=2): OrderedDict([('audioTrue', 'trainingaudio/25_tapapi1.wav'), ('imageTrue', 'pngimages/25_apple.png'), ('audioFalse', 'trainingaudio/11_tokiko1.wav'), ('imageFalse', 'pngimages/11_compass.png'), ('truePos', 0.5), ('falsePos', -0.5)])
23.5810 	EXP 	correct: autoDraw = False
23.5810 	EXP 	incorrect: autoDraw = False
23.5810 	EXP 	correct: pos = array([0.5, 0. ])
23.5810 	EXP 	correct: image = 'pngimages/25_apple.png'
23.5810 	EXP 	incorrect: pos = array([-0.5,  0. ])
23.5810 	EXP 	incorrect: image = 'pngimages/11_compass.png'
23.5810 	EXP 	correct: autoDraw = True
23.5810 	EXP 	incorrect: autoDraw = True
25.2002 	EXP 	New trial (rep=0, index=1): OrderedDict([('condFiles', 'aoiConditions/train1Block2.xlsx'), ('testFiles', 'aoiConditions/train1Block2Test.xlsx')])
25.2229 	EXP 	Imported aoiConditions/train1Block2.xlsx as conditions, 6 conditions, 2 params
25.2232 	EXP 	Created sequence: sequential, trialTypes=6, nReps=1, seed=None
25.2235 	EXP 	New trial (rep=0, index=0): OrderedDict([('audio', 'trainingaudio/22_kakoki1.wav'), ('imageLoc', 'pngimages/22_egg.png')])
25.2507 	DATA 	Keypress: f
25.2545 	EXP 	correct: autoDraw = False
25.2545 	EXP 	incorrect: autoDraw = False
25.2545 	EXP 	imagetrain1: image = 'pngimages/22_egg.png'
25.2545 	EXP 	imagetrain1: autoDraw = True
26.2480 	EXP 	New trial (rep=0, index=1): OrderedDict([('audio', 'trainingaudio/01_kitipi1.wav'), ('imageLoc', 'pngimages/01_gift.png')])
26.2810 	EXP 	imagetrain1: autoDraw = False
26.2810 	EXP 	imagetrain1: autoDraw = False
26.2810 	EXP 	imagetrain1: image = 'pngimages/01_gift.png'
26.2810 	EXP 	imagetrain1: autoDraw = True
27.2815 	EXP 	New trial (rep=0, index=2): OrderedDict([('audio', 'trainingaudio/20_tatito1.wav'), ('imageLoc', 'pngimages/20_pizza.png')])
27.3207 	EXP 	imagetrain1: autoDraw = False
27.3207 	EXP 	imagetrain1: autoDraw = False
27.3207 	EXP 	imagetrain1: image = 'pngimages/20_pizza.png'
27.3207 	EXP 	imagetrain1: autoDraw = True
28.3156 	EXP 	New trial (rep=0, index=3): OrderedDict([('audio', 'trainingaudio/21_papika1.wav'), ('imageLoc', 'pngimages/21_cheese.png')])
28.3598 	EXP 	imagetrain1: autoDraw = False
28.3598 	EXP 	imagetrain1: autoDraw = False
28.3598 	EXP 	imagetrain1: image = 'pngimages/21_cheese.png'
28.3598 	EXP 	imagetrain1: autoDraw = True
29.3501 	EXP 	New trial (rep=0, index=4): OrderedDict([('audio', 'trainingaudio/18_popata2.wav'), ('imageLoc', 'pngimages/18_donut.png')])
29.3768 	EXP 	imagetrain1: autoDraw = False
29.3768 	EXP 	imagetrain1: autoDraw = False
29.3768 	EXP 	imagetrain1: image = 'pngimages/18_donut.png'
29.3768 	EXP 	imagetrain1: autoDraw = True
30.3669 	EXP 	New trial (rep=0, index=5): OrderedDict([('audio', 'trainingaudio/10_tokiti1.wav'), ('imageLoc', 'pngimages/10_backpack.png')])
30.3909 	EXP 	imagetrain1: autoDraw = False
30.3909 	EXP 	imagetrain1: autoDraw = False
30.3909 	EXP 	imagetrain1: image = 'pngimages/10_backpack.png'
30.3909 	EXP 	imagetrain1: autoDraw = True
31.4088 	EXP 	Imported aoiConditions/train1Block2Test.xlsx as conditions, 3 conditions, 6 params
31.4092 	EXP 	Created sequence: sequential, trialTypes=3, nReps=1, seed=None
31.4098 	EXP 	New trial (rep=0, index=0): OrderedDict([('audioTrue', 'trainingaudio/20_tatito1.wav'), ('imageTrue', 'pngimages/20_pizza.png'), ('audioFalse', 'trainingaudio/01_kitipi1.wav'), ('imageFalse', 'pngimages/01_gift.png'), ('truePos', 0.5), ('falsePos', -0.5)])
31.4514 	EXP 	imagetrain1: autoDraw = False
31.4514 	EXP 	imagetrain1: autoDraw = False
31.4514 	EXP 	correct: pos = array([0.5, 0. ])
31.4514 	EXP 	correct: image = 'pngimages/20_pizza.png'
31.4514 	EXP 	incorrect: pos = array([-0.5,  0. ])
31.4514 	EXP 	incorrect: image = 'pngimages/01_gift.png'
31.4514 	EXP 	correct: autoDraw = True
31.4514 	EXP 	incorrect: autoDraw = True
34.0750 	EXP 	New trial (rep=0, index=1): OrderedDict([('audioTrue', 'trainingaudio/22_kakoki1.wav'), ('imageTrue', 'pngimages/22_egg.png'), ('audioFalse', 'trainingaudio/10_tokiti1.wav'), ('imageFalse', 'pngimages/10_backpack.png'), ('truePos', -0.5), ('falsePos', 0.5)])
34.1268 	DATA 	Keypress: f
34.1323 	EXP 	correct: autoDraw = False
34.1323 	EXP 	incorrect: autoDraw = False
34.1323 	EXP 	correct: pos = array([-0.5,  0. ])
34.1323 	EXP 	correct: image = 'pngimages/22_egg.png'
34.1323 	EXP 	incorrect: pos = array([0.5, 0. ])
34.1323 	EXP 	incorrect: image = 'pngimages/10_backpack.png'
34.1323 	EXP 	correct: autoDraw = True
34.1323 	EXP 	incorrect: autoDraw = True
35.9591 	EXP 	New trial (rep=0, index=2): OrderedDict([('audioTrue', 'trainingaudio/18_popata2.wav'), ('imageTrue', 'pngimages/18_donut.png'), ('audioFalse', 'trainingaudio/21_papika1.wav'), ('imageFalse', 'pngimages/21_cheese.png'), ('truePos', -0.5), ('falsePos', 0.5)])
35.9996 	DATA 	Keypress: f
36.0044 	EXP 	correct: autoDraw = False
36.0044 	EXP 	incorrect: autoDraw = False
36.0044 	EXP 	correct: pos = array([-0.5,  0. ])
36.0044 	EXP 	correct: image = 'pngimages/18_donut.png'
36.0044 	EXP 	incorrect: pos = array([0.5, 0. ])
36.0044 	EXP 	incorrect: image = 'pngimages/21_cheese.png'
36.0044 	EXP 	correct: autoDraw = True
36.0044 	EXP 	incorrect: autoDraw = True
38.3643 	EXP 	New trial (rep=0, index=2): OrderedDict([('condFiles', 'aoiConditions/train1Block3.xlsx'), ('testFiles', 'aoiConditions/train1Block3Test.xlsx')])
38.3961 	EXP 	Imported aoiConditions/train1Block3.xlsx as conditions, 6 conditions, 2 params
38.3964 	EXP 	Created sequence: sequential, trialTypes=6, nReps=1, seed=None
38.3968 	EXP 	New trial (rep=0, index=0): OrderedDict([('audio', 'trainingaudio/17_kotako2.wav'), ('imageLoc', 'pngimages/17_cracker.png')])
38.4100 	DATA 	Keypress: j
38.4143 	EXP 	correct: autoDraw = False
38.4143 	EXP 	incorrect: autoDraw = False
38.4143 	EXP 	imagetrain1: image = 'pngimages/17_cracker.png'
38.4143 	EXP 	imagetrain1: autoDraw = True
39.4087 	EXP 	New trial (rep=0, index=1): OrderedDict([('audio', 'trainingaudio/02_pitito3.wav'), ('imageLoc', 'pngimages/02_pallet.png')])
39.4306 	EXP 	imagetrain1: autoDraw = False
39.4306 	EXP 	imagetrain1: autoDraw = False
39.4306 	EXP 	imagetrain1: image = 'pngimages/02_pallet.png'
39.4306 	EXP 	imagetrain1: autoDraw = True
40.4259 	EXP 	New trial (rep=0, index=2): OrderedDict([('audio', 'trainingaudio/16_kotapi2.wav'), ('imageLoc', 'pngimages/16_icecream.png')])
40.6497 	EXP 	window1: mouseVisible = True
