1.9714 	WARNING 	We strongly recommend you activate the PTB sound engine in PsychoPy prefs as the preferred audio engine. Its timing is vastly superior. Your prefs are currently set to use ['sounddevice', 'PTB', 'pyo', 'pygame'] (in that order).
6.9239 	WARNING 	User requested fullscreen with size [1024  768], but screen is actually [1920, 1200]. Using actual size
9.7649 	EXP 	Created window1 = Window(allowGUI=False, allowStencil=False, args=UNKNOWN, autoLog=True, bitsMode=UNKNOWN, blendMode='avg', bpc=(8, 8, 8), color=array([0., 0., 0.]), colorSpace='rgb', depthBits=8, fullscr=<method-wrapper '__getattribute__' of attributeSetter object at 0x0000020F33A61A58>, gamma=None, gammaErrorPolicy='raise', kwargs=UNKNOWN, lms=UNKNOWN, monitor=<psychopy.monitors.calibTools.Monitor object at 0x0000020F33AA5470>, multiSample=False, name='window1', numSamples=2, pos=[0.0, 0.0], screen=0, size=array([1920, 1200]), stencilBits=0, stereo=False, units='height', useFBO=True, useRetina=False, viewOri=0.0, viewPos=None, viewScale=None, waitBlanking=True, winType='pyglet')
9.7650 	EXP 	window1: recordFrameIntervals = False
9.9315 	EXP 	window1: recordFrameIntervals = True
10.1156 	EXP 	window1: recordFrameIntervals = False
10.6304 	EXP 	Created instructions = TextStim(__class__=<class 'psychopy.visual.text.TextStim'>, alignHoriz=method-wrapper(...), alignText='center', alignVert=method-wrapper(...), anchorHoriz='center', anchorVert='center', antialias=True, autoLog=True, bold=False, color='white', colorSpace='named', contrast=1.0, depth=0.0, flipHoriz=False, flipVert=False, font='Arial', fontFiles=[], height=0.1, italic=False, languageStyle='LTR', name='instructions', opacity=1.0, ori=0, pos=array([0., 0.]), rgb=array([255., 255., 255.]), text=str(...), units='height', win=Window(...), wrapWidth=1)
10.7077 	EXP 	Sound stimulitrain1 set volume 1.000
10.7106 	EXP 	Created imagetrain1 = ImageStim(__class__=<class 'psychopy.visual.image.ImageStim'>, autoLog=True, color=array([1., 1., 1.]), colorSpace='rgb', contrast=1.0, depth=-1.0, flipHoriz=False, flipVert=False, image='sin', interpolate=True, mask=None, maskParams=None, name='imagetrain1', opacity=1.0, ori=0.0, pos=array([0., 0.]), size=array([0.5, 0.5]), texRes=128, units='height', win=Window(...))
10.7107 	EXP 	Sound stimulitest1 set volume 1.000
10.7126 	EXP 	Created correct = ImageStim(__class__=<class 'psychopy.visual.image.ImageStim'>, autoLog=True, color=array([1., 1., 1.]), colorSpace='rgb', contrast=1.0, depth=-1.0, flipHoriz=False, flipVert=False, image='sin', interpolate=True, mask=None, maskParams=None, name='correct', opacity=1.0, ori=0.0, pos=array([0., 0.]), size=array([0.5, 0.5]), texRes=128, units='height', win=Window(...))
10.7146 	EXP 	Created incorrect = ImageStim(__class__=<class 'psychopy.visual.image.ImageStim'>, autoLog=True, color=array([1., 1., 1.]), colorSpace='rgb', contrast=1.0, depth=-2.0, flipHoriz=False, flipVert=False, image='sin', interpolate=True, mask=None, maskParams=None, name='incorrect', opacity=1.0, ori=0.0, pos=array([0., 0.]), size=array([0.5, 0.5]), texRes=128, units='height', win=Window(...))
10.7445 	EXP 	Created notice = TextStim(__class__=<class 'psychopy.visual.text.TextStim'>, alignHoriz=method-wrapper(...), alignText='center', alignVert=method-wrapper(...), anchorHoriz='center', anchorVert='center', antialias=True, autoLog=True, bold=False, color='white', colorSpace='named', contrast=1.0, depth=0.0, flipHoriz=False, flipVert=False, font='Arial', fontFiles=[], height=0.05, italic=False, languageStyle='LTR', name='notice', opacity=1.0, ori=0, pos=array([0., 0.]), rgb=array([255., 255., 255.]), text=str(...), units='height', win=Window(...), wrapWidth=1)
10.7446 	EXP 	Sound stimulitrain2 set volume 1.000
10.7466 	EXP 	Created imagetrain2 = ImageStim(__class__=<class 'psychopy.visual.image.ImageStim'>, autoLog=True, color=array([1., 1., 1.]), colorSpace='rgb', contrast=1.0, depth=-1.0, flipHoriz=False, flipVert=False, image='sin', interpolate=True, mask=None, maskParams=None, name='imagetrain2', opacity=1.0, ori=0.0, pos=array([0., 0.]), size=array([0.5, 0.5]), texRes=128, units='height', win=Window(...))
10.7467 	EXP 	Sound stimulitest2 set volume 1.000
10.7483 	EXP 	Created correct2 = ImageStim(__class__=<class 'psychopy.visual.image.ImageStim'>, autoLog=True, color=array([1., 1., 1.]), colorSpace='rgb', contrast=1.0, depth=-2.0, flipHoriz=False, flipVert=False, image='sin', interpolate=True, mask=None, maskParams=None, name='correct2', opacity=1.0, ori=0.0, pos=array([0., 0.]), size=array([0.5, 0.5]), texRes=128, units='height', win=Window(...))
10.7499 	EXP 	Created incorrect2 = ImageStim(__class__=<class 'psychopy.visual.image.ImageStim'>, autoLog=True, color=array([1., 1., 1.]), colorSpace='rgb', contrast=1.0, depth=-3.0, flipHoriz=False, flipVert=False, image='sin', interpolate=True, mask=None, maskParams=None, name='incorrect2', opacity=1.0, ori=0.0, pos=array([0., 0.]), size=array([0.5, 0.5]), texRes=128, units='height', win=Window(...))
10.7614 	EXP 	Created test1Instr = TextStim(__class__=<class 'psychopy.visual.text.TextStim'>, alignHoriz=method-wrapper(...), alignText='center', alignVert=method-wrapper(...), anchorHoriz='center', anchorVert='center', antialias=True, autoLog=True, bold=False, color='white', colorSpace='named', contrast=1.0, depth=0.0, flipHoriz=False, flipVert=False, font='Arial', fontFiles=[], height=0.05, italic=False, languageStyle='LTR', name='test1Instr', opacity=1.0, ori=0, pos=array([0., 0.]), rgb=array([255., 255., 255.]), text='Instructions For Test1 Go Here', units='height', win=Window(...), wrapWidth=1)
10.7712 	EXP 	Created oneWarningTest1 = TextStim(__class__=<class 'psychopy.visual.text.TextStim'>, alignHoriz=method-wrapper(...), alignText='center', alignVert=method-wrapper(...), anchorHoriz='center', anchorVert='center', antialias=True, autoLog=True, bold=False, color='white', colorSpace='named', contrast=1.0, depth=-2.0, flipHoriz=False, flipVert=False, font='Arial', fontFiles=[], height=0.1, italic=False, languageStyle='LTR', name='oneWarningTest1', opacity=1.0, ori=0, pos=array([ 0. , -0.5]), rgb=array([255., 255., 255.]), text='Less than 1 minute left', units='height', win=Window(...), wrapWidth=1)
10.7787 	EXP 	Created twoWarningTest1 = TextStim(__class__=<class 'psychopy.visual.text.TextStim'>, alignHoriz=method-wrapper(...), alignText='center', alignVert=method-wrapper(...), anchorHoriz='center', anchorVert='center', antialias=True, autoLog=True, bold=False, color='white', colorSpace='named', contrast=1.0, depth=-3.0, flipHoriz=False, flipVert=False, font='Arial', fontFiles=[], height=0.1, italic=False, languageStyle='LTR', name='twoWarningTest1', opacity=1.0, ori=0, pos=array([ 0. , -0.5]), rgb=array([255., 255., 255.]), text='Less than 2 minutes left', units='height', win=Window(...), wrapWidth=1)
10.7874 	EXP 	Created threeWarningTest1 = TextStim(__class__=<class 'psychopy.visual.text.TextStim'>, alignHoriz=method-wrapper(...), alignText='center', alignVert=method-wrapper(...), anchorHoriz='center', anchorVert='center', antialias=True, autoLog=True, bold=False, color='white', colorSpace='named', contrast=1.0, depth=-4.0, flipHoriz=False, flipVert=False, font='Arial', fontFiles=[], height=0.1, italic=False, languageStyle='LTR', name='threeWarningTest1', opacity=1.0, ori=0, pos=array([0., 0.]), rgb=array([255., 255., 255.]), text='Less than 3 minutes left', units='height', win=Window(...), wrapWidth=1)
10.7933 	EXP 	Created fourWarningTest1 = TextStim(__class__=<class 'psychopy.visual.text.TextStim'>, alignHoriz=method-wrapper(...), alignText='center', alignVert=method-wrapper(...), anchorHoriz='center', anchorVert='center', antialias=True, autoLog=True, bold=False, color='white', colorSpace='named', contrast=1.0, depth=-5.0, flipHoriz=False, flipVert=False, font='Arial', fontFiles=[], height=0.1, italic=False, languageStyle='LTR', name='fourWarningTest1', opacity=1.0, ori=0, pos=array([0., 0.]), rgb=array([255., 255., 255.]), text='Less than four minutes left', units='height', win=Window(...), wrapWidth=1)
10.7934 	EXP 	Sound test1Audio1 set volume 1.000
10.7935 	EXP 	Sound test1Audio2 set volume 1.000
10.7954 	EXP 	Created test1Image = ImageStim(__class__=<class 'psychopy.visual.image.ImageStim'>, autoLog=True, color=array([1., 1., 1.]), colorSpace='rgb', contrast=1.0, depth=-3.0, flipHoriz=False, flipVert=False, image='sin', interpolate=True, mask=None, maskParams=None, name='test1Image', opacity=1.0, ori=0.0, pos=array([0., 0.]), size=array([0.5, 0.5]), texRes=128, units='height', win=Window(...))
10.8091 	EXP 	Created test2Instr = TextStim(__class__=<class 'psychopy.visual.text.TextStim'>, alignHoriz=method-wrapper(...), alignText='center', alignVert=method-wrapper(...), anchorHoriz='center', anchorVert='center', antialias=True, autoLog=True, bold=False, color='white', colorSpace='named', contrast=1.0, depth=0.0, flipHoriz=False, flipVert=False, font='Arial', fontFiles=[], height=0.1, italic=False, languageStyle='LTR', name='test2Instr', opacity=1.0, ori=0, pos=array([0., 0.]), rgb=array([255., 255., 255.]), text='Instructions For Test2 Go Here', units='height', win=Window(...), wrapWidth=1)
10.8092 	EXP 	Sound test2Audio1 set volume 1.000
10.8093 	EXP 	Sound test2Audio2 set volume 1.000
10.8111 	EXP 	Created test2Image = ImageStim(__class__=<class 'psychopy.visual.image.ImageStim'>, autoLog=True, color=array([1., 1., 1.]), colorSpace='rgb', contrast=1.0, depth=-2.0, flipHoriz=False, flipVert=False, image='sin', interpolate=True, mask=None, maskParams=None, name='test2Image', opacity=1.0, ori=0.0, pos=array([0., 0.]), size=array([0.5, 0.5]), texRes=128, units='height', win=Window(...))
10.8183 	EXP 	Created test3Instr = TextStim(__class__=<class 'psychopy.visual.text.TextStim'>, alignHoriz=method-wrapper(...), alignText='center', alignVert=method-wrapper(...), anchorHoriz='center', anchorVert='center', antialias=True, autoLog=True, bold=False, color='white', colorSpace='named', contrast=1.0, depth=0.0, flipHoriz=False, flipVert=False, font='Arial', fontFiles=[], height=0.1, italic=False, languageStyle='LTR', name='test3Instr', opacity=1.0, ori=0, pos=array([0., 0.]), rgb=array([255., 255., 255.]), text='Instructions For Test3 Go Here\n', units='height', win=Window(...), wrapWidth=1)
10.8184 	EXP 	Sound test3Audio1 set volume 1.000
10.8185 	EXP 	Sound test3Audio2 set volume 1.000
10.8203 	EXP 	Created test3Image = ImageStim(__class__=<class 'psychopy.visual.image.ImageStim'>, autoLog=True, color=array([1., 1., 1.]), colorSpace='rgb', contrast=1.0, depth=-2.0, flipHoriz=False, flipVert=False, image='sin', interpolate=True, mask=None, maskParams=None, name='test3Image', opacity=1.0, ori=0.0, pos=array([0., 0.]), size=array([0.5, 0.5]), texRes=128, units='height', win=Window(...))
10.8368 	EXP 	Created postTestText = TextStim(__class__=<class 'psychopy.visual.text.TextStim'>, alignHoriz=method-wrapper(...), alignText='center', alignVert=method-wrapper(...), anchorHoriz='center', anchorVert='center', antialias=True, autoLog=True, bold=False, color='white', colorSpace='named', contrast=1.0, depth=0.0, flipHoriz=False, flipVert=False, font='Arial', fontFiles=[], height=0.1, italic=False, languageStyle='LTR', name='postTestText', opacity=1.0, ori=0, pos=array([0., 0.]), rgb=array([255., 255., 255.]), text=str(...), units='height', win=Window(...), wrapWidth=1)
10.8370 	EXP 	Sound postTestAudio1 set volume 1.000
10.8371 	EXP 	Sound postTestAudio2 set volume 1.000
10.8506 	EXP 	Created text = TextStim(__class__=<class 'psychopy.visual.text.TextStim'>, alignHoriz=method-wrapper(...), alignText='center', alignVert=method-wrapper(...), anchorHoriz='center', anchorVert='center', antialias=True, autoLog=True, bold=False, color='white', colorSpace='named', contrast=1.0, depth=0.0, flipHoriz=False, flipVert=False, font='Arial', fontFiles=[], height=0.1, italic=False, languageStyle='LTR', name='text', opacity=1.0, ori=0, pos=array([0., 0.]), rgb=array([255., 255., 255.]), text=str(...), units='height', win=Window(...), wrapWidth=1)
10.8920 	EXP 	instructions: autoDraw = True
11.3536 	EXP 	Imported autoConditions\train1LoopCondition.xlsx as conditions, 9 conditions, 2 params
11.3539 	EXP 	Created sequence: sequential, trialTypes=9, nReps=0, seed=None
11.3570 	DATA 	Keypress: space
11.3599 	EXP 	instructions: autoDraw = False
11.3599 	EXP 	notice: autoDraw = True
11.6987 	EXP 	Imported autoConditions\train2LoopCondition.xlsx as conditions, 3 conditions, 2 params
11.6990 	EXP 	Created sequence: sequential, trialTypes=3, nReps=0, seed=None
11.7027 	DATA 	Keypress: space
11.7055 	EXP 	notice: autoDraw = False
11.7055 	EXP 	test1Instr: autoDraw = True
12.0984 	EXP 	Imported autoConditions\test1Conditions.xlsx as conditions, 54 conditions, 4 params
12.0987 	EXP 	Created sequence: sequential, trialTypes=54, nReps=0, seed=None
12.1032 	DATA 	Keypress: space
12.1062 	EXP 	test1Instr: autoDraw = False
12.1062 	EXP 	oneWarningTest1: autoDraw = False
12.1062 	EXP 	twoWarningTest1: autoDraw = False
12.1062 	EXP 	threeWarningTest1: autoDraw = False
12.1062 	EXP 	fourWarningTest1: autoDraw = False
12.1062 	EXP 	test2Instr: autoDraw = True
12.4560 	DATA 	Keypress: space
12.4877 	EXP 	Imported autoConditions\test2Conditions.xlsx as conditions, 54 conditions, 4 params
12.4882 	EXP 	Created sequence: random, trialTypes=54, nReps=0, seed=None
12.4965 	EXP 	test2Instr: autoDraw = False
12.4965 	EXP 	test3Instr: autoDraw = True
12.8863 	EXP 	Imported autoConditions\test3Conditions.xlsx as conditions, 54 conditions, 4 params
12.8868 	EXP 	Created sequence: sequential, trialTypes=54, nReps=0, seed=None
12.8913 	DATA 	Keypress: space
12.8947 	EXP 	test3Instr: autoDraw = False
12.8947 	EXP 	postTestText: autoDraw = True
13.9008 	EXP 	Imported postTestConditions.xlsx as conditions, 12 conditions, 3 params
13.9011 	EXP 	Created sequence: sequential, trialTypes=12, nReps=1, seed=None
13.9015 	EXP 	New trial (rep=0, index=0): OrderedDict([('audioA', 'postTest/82_tipiko1.wav'), ('audioB', 'postTest/82_tipiko3.wav'), ('correctLabel', 'audioA')])
13.9101 	EXP 	postTestText: autoDraw = False
13.9101 	EXP 	postTestText: autoDraw = False
17.0584 	DATA 	Keypress: j
17.0763 	EXP 	New trial (rep=0, index=1): OrderedDict([('audioA', 'postTest/83_pitita3.wav'), ('audioB', 'postTest/83_pitita2.wav'), ('correctLabel', 'audioA')])
29.0839 	EXP 	New trial (rep=0, index=2): OrderedDict([('audioA', 'postTest/84_pitoka3.wav'), ('audioB', 'postTest/84_pitoka1.wav'), ('correctLabel', 'audioB')])
31.4038 	EXP 	New trial (rep=0, index=3): OrderedDict([('audioA', 'postTest/85_kipata2.wav'), ('audioB', 'postTest/85_kipata3.wav'), ('correctLabel', 'audioA')])
31.4095 	DATA 	Keypress: j
32.1694 	DATA 	Keypress: j
33.8888 	DATA 	Keypress: j
33.9063 	EXP 	New trial (rep=0, index=4): OrderedDict([('audioA', 'postTest/86_totipa2.wav'), ('audioB', 'postTest/86_totipa1.wav'), ('correctLabel', 'audioB')])
36.2081 	EXP 	New trial (rep=0, index=5): OrderedDict([('audioA', 'postTest/87_kopoko1.wav'), ('audioB', 'postTest/87_kopoko3.wav'), ('correctLabel', 'audioB')])
36.2134 	DATA 	Keypress: j
38.2437 	EXP 	New trial (rep=0, index=6): OrderedDict([('audioA', 'postTest/88_pokota2.wav'), ('audioB', 'postTest/88_pokota1.wav'), ('correctLabel', 'audioA')])
38.2495 	DATA 	Keypress: j
40.1755 	DATA 	Keypress: j
44.8325 	EXP 	New trial (rep=0, index=7): OrderedDict([('audioA', 'postTest/89_totako3.wav'), ('audioB', 'postTest/89_totako2.wav'), ('correctLabel', 'audioB')])
44.8405 	DATA 	Keypress: j
47.2007 	EXP 	New trial (rep=0, index=8): OrderedDict([('audioA', 'postTest/90_papiki2.wav'), ('audioB', 'postTest/90_papiki3.wav'), ('correctLabel', 'audioB')])
47.2083 	DATA 	Keypress: f
49.6190 	DATA 	Keypress: d
49.8860 	DATA 	Keypress: d
50.1027 	DATA 	Keypress: d
50.4192 	DATA 	Keypress: g
50.6019 	DATA 	Keypress: g
50.7699 	DATA 	Keypress: g
51.1374 	EXP 	New trial (rep=0, index=9): OrderedDict([('audioA', 'postTest/91_papipo1.wav'), ('audioB', 'postTest/91_papipo2.wav'), ('correctLabel', 'audioA')])
51.1451 	DATA 	Keypress: f
53.1886 	DATA 	Keypress: f
53.2066 	EXP 	New trial (rep=0, index=10): OrderedDict([('audioA', 'postTest/92_katoki1.wav'), ('audioB', 'postTest/92_katoki2.wav'), ('correctLabel', 'audioB')])
55.2400 	EXP 	New trial (rep=0, index=11): OrderedDict([('audioA', 'postTest/93_pakopa3.wav'), ('audioB', 'postTest/93_pakopa1.wav'), ('correctLabel', 'audioA')])
55.2462 	DATA 	Keypress: f
57.0399 	DATA 	Keypress: f
58.2160 	DATA 	Keypress: f
58.2223 	EXP 	text: autoDraw = True
62.2483 	DATA 	Keypress: f
62.2745 	EXP 	text: autoDraw = False
62.4611 	EXP 	window1: mouseVisible = True
