2.2390 	WARNING 	We strongly recommend you activate the PTB sound engine in PsychoPy prefs as the preferred audio engine. Its timing is vastly superior. Your prefs are currently set to use ['sounddevice', 'PTB', 'pyo', 'pygame'] (in that order).
7.3343 	WARNING 	User requested fullscreen with size [1024  768], but screen is actually [1920, 1200]. Using actual size
10.3948 	EXP 	Created window1 = Window(allowGUI=False, allowStencil=False, args=UNKNOWN, autoLog=True, bitsMode=UNKNOWN, blendMode='avg', bpc=(8, 8, 8), color=array([0., 0., 0.]), colorSpace='rgb', depthBits=8, fullscr=<method-wrapper '__getattribute__' of attributeSetter object at 0x000001B50C1D53C8>, gamma=None, gammaErrorPolicy='raise', kwargs=UNKNOWN, lms=UNKNOWN, monitor=<psychopy.monitors.calibTools.Monitor object at 0x000001B50C530DA0>, multiSample=False, name='window1', numSamples=2, pos=[0.0, 0.0], screen=0, size=array([1920, 1200]), stencilBits=0, stereo=False, units='height', useFBO=True, useRetina=False, viewOri=0.0, viewPos=None, viewScale=None, waitBlanking=True, winType='pyglet')
10.3950 	EXP 	window1: recordFrameIntervals = False
10.5590 	EXP 	window1: recordFrameIntervals = True
10.7428 	EXP 	window1: recordFrameIntervals = False
11.2307 	EXP 	Created instructions = TextStim(__class__=<class 'psychopy.visual.text.TextStim'>, alignHoriz=method-wrapper(...), alignText='center', alignVert=method-wrapper(...), anchorHoriz='center', anchorVert='center', antialias=True, autoLog=True, bold=False, color='white', colorSpace='named', contrast=1.0, depth=0.0, flipHoriz=False, flipVert=False, font='Arial', fontFiles=[], height=0.1, italic=False, languageStyle='LTR', name='instructions', opacity=1.0, ori=0, pos=array([0., 0.]), rgb=array([255., 255., 255.]), text=str(...), units='height', win=Window(...), wrapWidth=1)
11.3730 	EXP 	Sound stimulitrain1 set volume 1.000
11.3768 	EXP 	Created imagetrain1 = ImageStim(__class__=<class 'psychopy.visual.image.ImageStim'>, autoLog=True, color=array([1., 1., 1.]), colorSpace='rgb', contrast=1.0, depth=-1.0, flipHoriz=False, flipVert=False, image='sin', interpolate=True, mask=None, maskParams=None, name='imagetrain1', opacity=1.0, ori=0.0, pos=array([0., 0.]), size=array([0.5, 0.5]), texRes=128, units='height', win=Window(...))
11.3769 	EXP 	Sound stimulitest1 set volume 1.000
11.3788 	EXP 	Created correct = ImageStim(__class__=<class 'psychopy.visual.image.ImageStim'>, autoLog=True, color=array([1., 1., 1.]), colorSpace='rgb', contrast=1.0, depth=-1.0, flipHoriz=False, flipVert=False, image='sin', interpolate=True, mask=None, maskParams=None, name='correct', opacity=1.0, ori=0.0, pos=array([0., 0.]), size=array([0.5, 0.5]), texRes=128, units='height', win=Window(...))
11.3810 	EXP 	Created incorrect = ImageStim(__class__=<class 'psychopy.visual.image.ImageStim'>, autoLog=True, color=array([1., 1., 1.]), colorSpace='rgb', contrast=1.0, depth=-2.0, flipHoriz=False, flipVert=False, image='sin', interpolate=True, mask=None, maskParams=None, name='incorrect', opacity=1.0, ori=0.0, pos=array([0., 0.]), size=array([0.5, 0.5]), texRes=128, units='height', win=Window(...))
11.4163 	EXP 	Created notice = TextStim(__class__=<class 'psychopy.visual.text.TextStim'>, alignHoriz=method-wrapper(...), alignText='center', alignVert=method-wrapper(...), anchorHoriz='center', anchorVert='center', antialias=True, autoLog=True, bold=False, color='white', colorSpace='named', contrast=1.0, depth=0.0, flipHoriz=False, flipVert=False, font='Arial', fontFiles=[], height=0.05, italic=False, languageStyle='LTR', name='notice', opacity=1.0, ori=0, pos=array([0., 0.]), rgb=array([255., 255., 255.]), text=str(...), units='height', win=Window(...), wrapWidth=1)
11.4165 	EXP 	Sound stimulitrain2 set volume 1.000
11.4186 	EXP 	Created imagetrain2 = ImageStim(__class__=<class 'psychopy.visual.image.ImageStim'>, autoLog=True, color=array([1., 1., 1.]), colorSpace='rgb', contrast=1.0, depth=-1.0, flipHoriz=False, flipVert=False, image='sin', interpolate=True, mask=None, maskParams=None, name='imagetrain2', opacity=1.0, ori=0.0, pos=array([0., 0.]), size=array([0.5, 0.5]), texRes=128, units='height', win=Window(...))
11.4188 	EXP 	Sound stimulitest2 set volume 1.000
11.4209 	EXP 	Created correct2 = ImageStim(__class__=<class 'psychopy.visual.image.ImageStim'>, autoLog=True, color=array([1., 1., 1.]), colorSpace='rgb', contrast=1.0, depth=-2.0, flipHoriz=False, flipVert=False, image='sin', interpolate=True, mask=None, maskParams=None, name='correct2', opacity=1.0, ori=0.0, pos=array([0., 0.]), size=array([0.5, 0.5]), texRes=128, units='height', win=Window(...))
11.4233 	EXP 	Created incorrect2 = ImageStim(__class__=<class 'psychopy.visual.image.ImageStim'>, autoLog=True, color=array([1., 1., 1.]), colorSpace='rgb', contrast=1.0, depth=-3.0, flipHoriz=False, flipVert=False, image='sin', interpolate=True, mask=None, maskParams=None, name='incorrect2', opacity=1.0, ori=0.0, pos=array([0., 0.]), size=array([0.5, 0.5]), texRes=128, units='height', win=Window(...))
11.4443 	EXP 	Created test1Instr = TextStim(__class__=<class 'psychopy.visual.text.TextStim'>, alignHoriz=method-wrapper(...), alignText='center', alignVert=method-wrapper(...), anchorHoriz='center', anchorVert='center', antialias=True, autoLog=True, bold=False, color='white', colorSpace='named', contrast=1.0, depth=0.0, flipHoriz=False, flipVert=False, font='Arial', fontFiles=[], height=0.1, italic=False, languageStyle='LTR', name='test1Instr', opacity=1.0, ori=0, pos=array([0. , 0.5]), rgb=array([255., 255., 255.]), text='Instructions For Test1 Go Here', units='height', win=Window(...), wrapWidth=1)
11.4538 	EXP 	Created oneWarningTest1 = TextStim(__class__=<class 'psychopy.visual.text.TextStim'>, alignHoriz=method-wrapper(...), alignText='center', alignVert=method-wrapper(...), anchorHoriz='center', anchorVert='center', antialias=True, autoLog=True, bold=False, color='white', colorSpace='named', contrast=1.0, depth=-2.0, flipHoriz=False, flipVert=False, font='Arial', fontFiles=[], height=0.1, italic=False, languageStyle='LTR', name='oneWarningTest1', opacity=1.0, ori=0, pos=array([ 0. , -0.5]), rgb=array([255., 255., 255.]), text='Less than 1 minute left', units='height', win=Window(...), wrapWidth=1)
11.4625 	EXP 	Created twoWarningTest1 = TextStim(__class__=<class 'psychopy.visual.text.TextStim'>, alignHoriz=method-wrapper(...), alignText='center', alignVert=method-wrapper(...), anchorHoriz='center', anchorVert='center', antialias=True, autoLog=True, bold=False, color='white', colorSpace='named', contrast=1.0, depth=-3.0, flipHoriz=False, flipVert=False, font='Arial', fontFiles=[], height=0.1, italic=False, languageStyle='LTR', name='twoWarningTest1', opacity=1.0, ori=0, pos=array([ 0. , -0.5]), rgb=array([255., 255., 255.]), text='Less than 2 minutes left', units='height', win=Window(...), wrapWidth=1)
11.4627 	EXP 	Sound test1AudioFirst set volume 1.000
11.4627 	EXP 	Sound test1AudioSecond set volume 1.000
11.4647 	EXP 	Created test1Image = ImageStim(__class__=<class 'psychopy.visual.image.ImageStim'>, autoLog=True, color=array([1., 1., 1.]), colorSpace='rgb', contrast=1.0, depth=-2.0, flipHoriz=False, flipVert=False, image='sin', interpolate=True, mask=None, maskParams=None, name='test1Image', opacity=1.0, ori=0.0, pos=array([0., 0.]), size=array([0.5, 0.5]), texRes=128, units='height', win=Window(...))
11.4753 	EXP 	Created test2Instr = TextStim(__class__=<class 'psychopy.visual.text.TextStim'>, alignHoriz=method-wrapper(...), alignText='center', alignVert=method-wrapper(...), anchorHoriz='center', anchorVert='center', antialias=True, autoLog=True, bold=False, color='white', colorSpace='named', contrast=1.0, depth=0.0, flipHoriz=False, flipVert=False, font='Arial', fontFiles=[], height=0.1, italic=False, languageStyle='LTR', name='test2Instr', opacity=1.0, ori=0, pos=array([0., 0.]), rgb=array([255., 255., 255.]), text='Instructions For Test2 Go Here', units='height', win=Window(...), wrapWidth=1)
11.4756 	EXP 	Sound test2AudioFirst set volume 1.000
11.4757 	EXP 	Sound test2AudioSecond set volume 1.000
11.4786 	EXP 	Created test2Image = ImageStim(__class__=<class 'psychopy.visual.image.ImageStim'>, autoLog=True, color=array([1., 1., 1.]), colorSpace='rgb', contrast=1.0, depth=-2.0, flipHoriz=False, flipVert=False, image='sin', interpolate=True, mask=None, maskParams=None, name='test2Image', opacity=1.0, ori=0.0, pos=array([0., 0.]), size=array([0.5, 0.5]), texRes=128, units='height', win=Window(...))
11.4911 	EXP 	Created test3Instr = TextStim(__class__=<class 'psychopy.visual.text.TextStim'>, alignHoriz=method-wrapper(...), alignText='center', alignVert=method-wrapper(...), anchorHoriz='center', anchorVert='center', antialias=True, autoLog=True, bold=False, color='white', colorSpace='named', contrast=1.0, depth=0.0, flipHoriz=False, flipVert=False, font='Arial', fontFiles=[], height=0.1, italic=False, languageStyle='LTR', name='test3Instr', opacity=1.0, ori=0, pos=array([0., 0.]), rgb=array([255., 255., 255.]), text='Instructions For Test3 Go Here\n', units='height', win=Window(...), wrapWidth=1)
11.4913 	EXP 	Sound test3AudioFirst set volume 1.000
11.4914 	EXP 	Sound test3AudioSecond set volume 1.000
11.4934 	EXP 	Created test3Image = ImageStim(__class__=<class 'psychopy.visual.image.ImageStim'>, autoLog=True, color=array([1., 1., 1.]), colorSpace='rgb', contrast=1.0, depth=-2.0, flipHoriz=False, flipVert=False, image='sin', interpolate=True, mask=None, maskParams=None, name='test3Image', opacity=1.0, ori=0.0, pos=array([0., 0.]), size=array([0.5, 0.5]), texRes=128, units='height', win=Window(...))
11.5274 	EXP 	instructions: autoDraw = True
12.1314 	EXP 	Imported autoConditions\train1LoopCondition.xlsx as conditions, 9 conditions, 2 params
12.1316 	EXP 	Created sequence: sequential, trialTypes=9, nReps=0, seed=None
12.1344 	DATA 	Keypress: space
12.1374 	EXP 	instructions: autoDraw = False
12.1374 	EXP 	notice: autoDraw = True
13.5238 	EXP 	Imported autoConditions\train2LoopCondition.xlsx as conditions, 3 conditions, 2 params
13.5240 	EXP 	Created sequence: sequential, trialTypes=3, nReps=0, seed=None
13.5287 	DATA 	Keypress: space
13.5313 	EXP 	notice: autoDraw = False
13.5313 	EXP 	test1Instr: autoDraw = True
14.5508 	DATA 	Keypress: space
14.5797 	EXP 	Imported autoConditions\test1Conditions.xlsx as conditions, 54 conditions, 4 params
14.5800 	EXP 	Created sequence: sequential, trialTypes=54, nReps=1, seed=None
14.5803 	EXP 	New trial (rep=0, index=0): OrderedDict([('firstAudio', 'trainingaudio/18_popata2.wav'), ('secondAudio', 'trainingaudio/18_popata3.wav'), ('imageLoc', 'pngimages/18_donut.png'), ('whichAudio', 1)])
14.6393 	EXP 	test1Instr: autoDraw = False
14.6393 	EXP 	oneWarningTest1: autoDraw = False
14.6393 	EXP 	twoWarningTest1: autoDraw = False
14.6393 	EXP 	test1Image: image = 'pngimages/18_donut.png'
14.6393 	EXP 	test1Image: autoDraw = True
19.4219 	DATA 	Keypress: a
20.8242 	EXP 	New trial (rep=0, index=1): OrderedDict([('firstAudio', 'trainingaudio/21_papika2.wav'), ('secondAudio', 'trainingaudio/21_papika1.wav'), ('imageLoc', 'pngimages/21_cheese.png'), ('whichAudio', 2)])
20.8817 	DATA 	Keypress: j
20.8854 	EXP 	test1Image: autoDraw = False
20.8854 	EXP 	test1Image: image = 'pngimages/21_cheese.png'
20.8854 	EXP 	test1Image: autoDraw = True
23.0749 	EXP 	New trial (rep=0, index=2): OrderedDict([('firstAudio', 'trainingaudio/02_pitito2.wav'), ('secondAudio', 'trainingaudio/02_pitito3.wav'), ('imageLoc', 'pngimages/02_pallet.png'), ('whichAudio', 2)])
23.0981 	DATA 	Keypress: j
23.1015 	EXP 	test1Image: autoDraw = False
23.1015 	EXP 	test1Image: image = 'pngimages/02_pallet.png'
23.1015 	EXP 	test1Image: autoDraw = True
25.2107 	EXP 	New trial (rep=0, index=3): OrderedDict([('firstAudio', 'trainingaudio/24_takopa1.wav'), ('secondAudio', 'trainingaudio/24_takopa2.wav'), ('imageLoc', 'pngimages/24_banana.png'), ('whichAudio', 1)])
25.2706 	DATA 	Keypress: j
25.2745 	EXP 	test1Image: autoDraw = False
25.2745 	EXP 	test1Image: image = 'pngimages/24_banana.png'
25.2745 	EXP 	test1Image: autoDraw = True
27.3954 	EXP 	New trial (rep=0, index=4): OrderedDict([('firstAudio', 'trainingaudio/16_kotapi2.wav'), ('secondAudio', 'trainingaudio/16_kotapi1.wav'), ('imageLoc', 'pngimages/16_icecream.png'), ('whichAudio', 1)])
27.4147 	DATA 	Keypress: j
27.4182 	EXP 	test1Image: autoDraw = False
27.4182 	EXP 	test1Image: image = 'pngimages/16_icecream.png'
27.4182 	EXP 	test1Image: autoDraw = True
29.5135 	EXP 	New trial (rep=0, index=5): OrderedDict([('firstAudio', 'trainingaudio/01_kitipi1.wav'), ('secondAudio', 'trainingaudio/01_kitipi2.wav'), ('imageLoc', 'pngimages/01_gift.png'), ('whichAudio', 1)])
29.5359 	DATA 	Keypress: j
29.5396 	EXP 	test1Image: autoDraw = False
29.5396 	EXP 	test1Image: image = 'pngimages/01_gift.png'
29.5396 	EXP 	test1Image: autoDraw = True
31.6487 	EXP 	New trial (rep=0, index=6): OrderedDict([('firstAudio', 'trainingaudio/26_kapako3.wav'), ('secondAudio', 'trainingaudio/26_kapako1.wav'), ('imageLoc', 'pngimages/26_pineapple.png'), ('whichAudio', 2)])
31.6774 	DATA 	Keypress: j
31.6813 	EXP 	test1Image: autoDraw = False
31.6813 	EXP 	test1Image: image = 'pngimages/26_pineapple.png'
31.6813 	EXP 	test1Image: autoDraw = True
33.8011 	EXP 	New trial (rep=0, index=7): OrderedDict([('firstAudio', 'trainingaudio/23_patoko2.wav'), ('secondAudio', 'trainingaudio/23_patoko1.wav'), ('imageLoc', 'pngimages/23_lemon.png'), ('whichAudio', 2)])
33.8213 	DATA 	Keypress: j
33.8247 	EXP 	test1Image: autoDraw = False
33.8247 	EXP 	test1Image: image = 'pngimages/23_lemon.png'
33.8247 	EXP 	test1Image: autoDraw = True
35.8519 	DATA 	Keypress: escape
36.1842 	EXP 	window1: mouseVisible = True
