1.9676 	WARNING 	We strongly recommend you activate the PTB sound engine in PsychoPy prefs as the preferred audio engine. Its timing is vastly superior. Your prefs are currently set to use ['sounddevice', 'PTB', 'pyo', 'pygame'] (in that order).
8.0892 	WARNING 	User requested fullscreen with size [1024  768], but screen is actually [1920, 1200]. Using actual size
10.3529 	EXP 	Created window1 = Window(allowGUI=False, allowStencil=False, args=UNKNOWN, autoLog=True, bitsMode=UNKNOWN, blendMode='avg', bpc=(8, 8, 8), color=array([0., 0., 0.]), colorSpace='rgb', depthBits=8, fullscr=<method-wrapper '__getattribute__' of attributeSetter object at 0x000001EC935BBB70>, gamma=None, gammaErrorPolicy='raise', kwargs=UNKNOWN, lms=UNKNOWN, monitor=<psychopy.monitors.calibTools.Monitor object at 0x000001EC9357F588>, multiSample=False, name='window1', numSamples=2, pos=[0.0, 0.0], screen=0, size=array([1920, 1200]), stencilBits=0, stereo=False, units='height', useFBO=True, useRetina=False, viewOri=0.0, viewPos=None, viewScale=None, waitBlanking=True, winType='pyglet')
10.3530 	EXP 	window1: recordFrameIntervals = False
10.5174 	EXP 	window1: recordFrameIntervals = True
10.7016 	EXP 	window1: recordFrameIntervals = False
11.2915 	EXP 	Created instructions = TextStim(__class__=<class 'psychopy.visual.text.TextStim'>, alignHoriz=method-wrapper(...), alignText='center', alignVert=method-wrapper(...), anchorHoriz='center', anchorVert='center', antialias=True, autoLog=True, bold=False, color='white', colorSpace='named', contrast=1.0, depth=0.0, flipHoriz=False, flipVert=False, font='Arial', fontFiles=[], height=0.1, italic=False, languageStyle='LTR', name='instructions', opacity=1.0, ori=0, pos=array([0., 0.]), rgb=array([255., 255., 255.]), text=str(...), units='height', win=Window(...), wrapWidth=1)
11.3259 	EXP 	Sound stimulitrain1 set volume 1.000
11.3322 	EXP 	Created imagetrain1 = ImageStim(__class__=<class 'psychopy.visual.image.ImageStim'>, autoLog=True, color=array([1., 1., 1.]), colorSpace='rgb', contrast=1.0, depth=-1.0, flipHoriz=False, flipVert=False, image='sin', interpolate=True, mask=None, maskParams=None, name='imagetrain1', opacity=1.0, ori=0.0, pos=array([0., 0.]), size=array([0.5, 0.5]), texRes=128, units='height', win=Window(...))
11.3323 	EXP 	Sound stimulitest1 set volume 1.000
11.3343 	EXP 	Created correct = ImageStim(__class__=<class 'psychopy.visual.image.ImageStim'>, autoLog=True, color=array([1., 1., 1.]), colorSpace='rgb', contrast=1.0, depth=-1.0, flipHoriz=False, flipVert=False, image='sin', interpolate=True, mask=None, maskParams=None, name='correct', opacity=1.0, ori=0.0, pos=array([0., 0.]), size=array([0.5, 0.5]), texRes=128, units='height', win=Window(...))
11.3364 	EXP 	Created incorrect = ImageStim(__class__=<class 'psychopy.visual.image.ImageStim'>, autoLog=True, color=array([1., 1., 1.]), colorSpace='rgb', contrast=1.0, depth=-2.0, flipHoriz=False, flipVert=False, image='sin', interpolate=True, mask=None, maskParams=None, name='incorrect', opacity=1.0, ori=0.0, pos=array([0., 0.]), size=array([0.5, 0.5]), texRes=128, units='height', win=Window(...))
11.3754 	EXP 	Created notice = TextStim(__class__=<class 'psychopy.visual.text.TextStim'>, alignHoriz=method-wrapper(...), alignText='center', alignVert=method-wrapper(...), anchorHoriz='center', anchorVert='center', antialias=True, autoLog=True, bold=False, color='white', colorSpace='named', contrast=1.0, depth=0.0, flipHoriz=False, flipVert=False, font='Arial', fontFiles=[], height=0.1, italic=False, languageStyle='LTR', name='notice', opacity=1.0, ori=0, pos=array([0., 0.]), rgb=array([255., 255., 255.]), text=str(...), units='height', win=Window(...), wrapWidth=1)
11.3756 	EXP 	Sound stimulitrain2 set volume 1.000
11.3776 	EXP 	Created imagetrain2 = ImageStim(__class__=<class 'psychopy.visual.image.ImageStim'>, autoLog=True, color=array([1., 1., 1.]), colorSpace='rgb', contrast=1.0, depth=-1.0, flipHoriz=False, flipVert=False, image='sin', interpolate=True, mask=None, maskParams=None, name='imagetrain2', opacity=1.0, ori=0.0, pos=array([0., 0.]), size=array([0.5, 0.5]), texRes=128, units='height', win=Window(...))
11.3777 	EXP 	Sound stimulitest2 set volume 1.000
11.3796 	EXP 	Created correct2 = ImageStim(__class__=<class 'psychopy.visual.image.ImageStim'>, autoLog=True, color=array([1., 1., 1.]), colorSpace='rgb', contrast=1.0, depth=-2.0, flipHoriz=False, flipVert=False, image='sin', interpolate=True, mask=None, maskParams=None, name='correct2', opacity=1.0, ori=0.0, pos=array([0., 0.]), size=array([0.5, 0.5]), texRes=128, units='height', win=Window(...))
11.3818 	EXP 	Created incorrect2 = ImageStim(__class__=<class 'psychopy.visual.image.ImageStim'>, autoLog=True, color=array([1., 1., 1.]), colorSpace='rgb', contrast=1.0, depth=-3.0, flipHoriz=False, flipVert=False, image='sin', interpolate=True, mask=None, maskParams=None, name='incorrect2', opacity=1.0, ori=0.0, pos=array([0., 0.]), size=array([0.5, 0.5]), texRes=128, units='height', win=Window(...))
11.4042 	EXP 	Created text_2 = TextStim(__class__=<class 'psychopy.visual.text.TextStim'>, alignHoriz=method-wrapper(...), alignText='center', alignVert=method-wrapper(...), anchorHoriz='center', anchorVert='center', antialias=True, autoLog=True, bold=False, color='white', colorSpace='named', contrast=1.0, depth=0.0, flipHoriz=False, flipVert=False, font='Arial', fontFiles=[], height=0.1, italic=False, languageStyle='LTR', name='text_2', opacity=1.0, ori=0, pos=array([0., 0.]), rgb=array([255., 255., 255.]), text=str(...), units='height', win=Window(...), wrapWidth=1)
11.4473 	EXP 	instructions: autoDraw = True
15.4065 	EXP 	Imported autoConditions\train1LoopCondition.xlsx as conditions, 9 conditions, 2 params
15.4074 	EXP 	Created sequence: sequential, trialTypes=9, nReps=1, seed=None
15.4078 	EXP 	New trial (rep=0, index=0): OrderedDict([('condFiles', 'autoConditions/train1Block1.xlsx'), ('testFiles', 'autoConditions/train1Block1Test.xlsx')])
15.4155 	EXP 	Imported autoConditions/train1Block1.xlsx as conditions, 6 conditions, 2 params
15.4158 	EXP 	Created sequence: sequential, trialTypes=6, nReps=1, seed=None
15.4161 	EXP 	New trial (rep=0, index=0): OrderedDict([('audio', 'trainaudio/18_popata.wav'), ('imageLoc', 'pngimages/18_donut.png')])
15.4638 	DATA 	Keypress: space
15.4676 	EXP 	instructions: autoDraw = False
15.4676 	EXP 	imagetrain1: image = 'pngimages/18_donut.png'
15.4676 	EXP 	imagetrain1: autoDraw = True
15.8418 	EXP 	New trial (rep=0, index=1): OrderedDict([('audio', 'trainaudio/27_pakapa.wav'), ('imageLoc', 'pngimages/27_kiwi.png')])
15.8748 	EXP 	imagetrain1: autoDraw = False
15.8748 	EXP 	imagetrain1: image = 'pngimages/27_kiwi.png'
15.8748 	EXP 	imagetrain1: autoDraw = True
16.3408 	EXP 	New trial (rep=0, index=2): OrderedDict([('audio', 'trainaudio/10_tokiti.wav'), ('imageLoc', 'pngimages/100_bicycle.png')])
16.3867 	EXP 	imagetrain1: autoDraw = False
16.3867 	EXP 	imagetrain1: image = 'pngimages/100_bicycle.png'
16.3867 	EXP 	imagetrain1: autoDraw = True
16.8413 	EXP 	New trial (rep=0, index=3): OrderedDict([('audio', 'trainaudio/22_kakoki.wav'), ('imageLoc', 'pngimages/22_egg.png')])
16.8888 	EXP 	imagetrain1: autoDraw = False
16.8888 	EXP 	imagetrain1: image = 'pngimages/22_egg.png'
16.8888 	EXP 	imagetrain1: autoDraw = True
17.3420 	EXP 	New trial (rep=0, index=4): OrderedDict([('audio', 'trainaudio/01_pitito.wav'), ('imageLoc', 'pngimages/01_gift.png')])
17.3791 	EXP 	imagetrain1: autoDraw = False
17.3791 	EXP 	imagetrain1: image = 'pngimages/01_gift.png'
17.3791 	EXP 	imagetrain1: autoDraw = True
17.8421 	EXP 	New trial (rep=0, index=5): OrderedDict([('audio', 'trainaudio/24_takopa.wav'), ('imageLoc', 'pngimages/24_banana.png')])
17.9007 	EXP 	imagetrain1: autoDraw = False
17.9007 	EXP 	imagetrain1: image = 'pngimages/24_banana.png'
17.9007 	EXP 	imagetrain1: autoDraw = True
18.3690 	EXP 	Imported autoConditions/train1Block1Test.xlsx as conditions, 3 conditions, 6 params
18.3701 	EXP 	Created sequence: random, trialTypes=3, nReps=1, seed=None
18.3706 	EXP 	New trial (rep=0, index=0): OrderedDict([('audioTrue', 'trainaudio/10_tokiti.wav'), ('imageTrue', 'pngimages/100_bicycle.png'), ('audioFalse', 'trainaudio/24_takopa.wav'), ('imageFalse', 'pngimages/24_banana.png'), ('truePos', '(-0.5, 0)'), ('falsePos', '(0.5, 0)')])
18.5737 	EXP 	window1: mouseVisible = True
