1.8785 	WARNING 	We strongly recommend you activate the PTB sound engine in PsychoPy prefs as the preferred audio engine. Its timing is vastly superior. Your prefs are currently set to use ['sounddevice', 'PTB', 'pyo', 'pygame'] (in that order).
7.3287 	WARNING 	User requested fullscreen with size [1024  768], but screen is actually [1920, 1200]. Using actual size
9.8383 	EXP 	Created window1 = Window(allowGUI=False, allowStencil=False, args=UNKNOWN, autoLog=True, bitsMode=UNKNOWN, blendMode='avg', bpc=(8, 8, 8), color=array([0., 0., 0.]), colorSpace='rgb', depthBits=8, fullscr=<method-wrapper '__getattribute__' of attributeSetter object at 0x00000174A53DCB38>, gamma=None, gammaErrorPolicy='raise', kwargs=UNKNOWN, lms=UNKNOWN, monitor=<psychopy.monitors.calibTools.Monitor object at 0x00000174A539F550>, multiSample=False, name='window1', numSamples=2, pos=[0.0, 0.0], screen=0, size=array([1920, 1200]), stencilBits=0, stereo=False, units='height', useFBO=True, useRetina=False, viewOri=0.0, viewPos=None, viewScale=None, waitBlanking=True, winType='pyglet')
9.8384 	EXP 	window1: recordFrameIntervals = False
10.0048 	EXP 	window1: recordFrameIntervals = True
10.1891 	EXP 	window1: recordFrameIntervals = False
10.6931 	EXP 	Created instructions = TextStim(__class__=<class 'psychopy.visual.text.TextStim'>, alignHoriz=method-wrapper(...), alignText='center', alignVert=method-wrapper(...), anchorHoriz='center', anchorVert='center', antialias=True, autoLog=True, bold=False, color='white', colorSpace='named', contrast=1.0, depth=0.0, flipHoriz=False, flipVert=False, font='Arial', fontFiles=[], height=0.1, italic=False, languageStyle='LTR', name='instructions', opacity=1.0, ori=0, pos=array([0., 0.]), rgb=array([255., 255., 255.]), text=str(...), units='height', win=Window(...), wrapWidth=1)
10.7633 	EXP 	Sound stimulitrain1 set volume 1.000
10.7666 	EXP 	Created imagetrain1 = ImageStim(__class__=<class 'psychopy.visual.image.ImageStim'>, autoLog=True, color=array([1., 1., 1.]), colorSpace='rgb', contrast=1.0, depth=-1.0, flipHoriz=False, flipVert=False, image='sin', interpolate=True, mask=None, maskParams=None, name='imagetrain1', opacity=1.0, ori=0.0, pos=array([0., 0.]), size=array([0.5, 0.5]), texRes=128, units='height', win=Window(...))
10.7668 	EXP 	Sound stimulitest1 set volume 1.000
10.7689 	EXP 	Created correct = ImageStim(__class__=<class 'psychopy.visual.image.ImageStim'>, autoLog=True, color=array([1., 1., 1.]), colorSpace='rgb', contrast=1.0, depth=-1.0, flipHoriz=False, flipVert=False, image='sin', interpolate=True, mask=None, maskParams=None, name='correct', opacity=1.0, ori=0.0, pos=array([0., 0.]), size=array([0.5, 0.5]), texRes=128, units='height', win=Window(...))
10.7715 	EXP 	Created incorrect = ImageStim(__class__=<class 'psychopy.visual.image.ImageStim'>, autoLog=True, color=array([1., 1., 1.]), colorSpace='rgb', contrast=1.0, depth=-2.0, flipHoriz=False, flipVert=False, image='sin', interpolate=True, mask=None, maskParams=None, name='incorrect', opacity=1.0, ori=0.0, pos=array([0., 0.]), size=array([0.5, 0.5]), texRes=128, units='height', win=Window(...))
10.8123 	EXP 	Created notice = TextStim(__class__=<class 'psychopy.visual.text.TextStim'>, alignHoriz=method-wrapper(...), alignText='center', alignVert=method-wrapper(...), anchorHoriz='center', anchorVert='center', antialias=True, autoLog=True, bold=False, color='white', colorSpace='named', contrast=1.0, depth=0.0, flipHoriz=False, flipVert=False, font='Arial', fontFiles=[], height=0.1, italic=False, languageStyle='LTR', name='notice', opacity=1.0, ori=0, pos=array([0., 0.]), rgb=array([255., 255., 255.]), text=str(...), units='height', win=Window(...), wrapWidth=1)
10.8124 	EXP 	Sound stimulitrain2 set volume 1.000
10.8144 	EXP 	Created imagetrain2 = ImageStim(__class__=<class 'psychopy.visual.image.ImageStim'>, autoLog=True, color=array([1., 1., 1.]), colorSpace='rgb', contrast=1.0, depth=-1.0, flipHoriz=False, flipVert=False, image='sin', interpolate=True, mask=None, maskParams=None, name='imagetrain2', opacity=1.0, ori=0.0, pos=array([0., 0.]), size=array([0.5, 0.5]), texRes=128, units='height', win=Window(...))
10.8145 	EXP 	Sound stimulitest2 set volume 1.000
10.8164 	EXP 	Created correct2 = ImageStim(__class__=<class 'psychopy.visual.image.ImageStim'>, autoLog=True, color=array([1., 1., 1.]), colorSpace='rgb', contrast=1.0, depth=-2.0, flipHoriz=False, flipVert=False, image='sin', interpolate=True, mask=None, maskParams=None, name='correct2', opacity=1.0, ori=0.0, pos=array([0., 0.]), size=array([0.5, 0.5]), texRes=128, units='height', win=Window(...))
10.8193 	EXP 	Created incorrect2 = ImageStim(__class__=<class 'psychopy.visual.image.ImageStim'>, autoLog=True, color=array([1., 1., 1.]), colorSpace='rgb', contrast=1.0, depth=-3.0, flipHoriz=False, flipVert=False, image='sin', interpolate=True, mask=None, maskParams=None, name='incorrect2', opacity=1.0, ori=0.0, pos=array([0., 0.]), size=array([0.5, 0.5]), texRes=128, units='height', win=Window(...))
10.8436 	EXP 	Created text_2 = TextStim(__class__=<class 'psychopy.visual.text.TextStim'>, alignHoriz=method-wrapper(...), alignText='center', alignVert=method-wrapper(...), anchorHoriz='center', anchorVert='center', antialias=True, autoLog=True, bold=False, color='white', colorSpace='named', contrast=1.0, depth=0.0, flipHoriz=False, flipVert=False, font='Arial', fontFiles=[], height=0.1, italic=False, languageStyle='LTR', name='text_2', opacity=1.0, ori=0, pos=array([0., 0.]), rgb=array([255., 255., 255.]), text=str(...), units='height', win=Window(...), wrapWidth=1)
10.8755 	EXP 	instructions: autoDraw = True
12.7653 	DATA 	Keypress: d
12.8605 	EXP 	Imported autoConditions\train1LoopCondition.xlsx as conditions, 9 conditions, 2 params
12.8608 	EXP 	Created sequence: sequential, trialTypes=9, nReps=0, seed=None
12.8694 	EXP 	instructions: autoDraw = False
12.8694 	EXP 	notice: autoDraw = True
14.8035 	EXP 	Imported autoConditions\train2LoopCondition.xlsx as conditions, 3 conditions, 2 params
14.8037 	EXP 	Created sequence: sequential, trialTypes=3, nReps=0, seed=None
14.8138 	EXP 	notice: autoDraw = False
14.8138 	EXP 	text_2: autoDraw = True
15.8106 	EXP 	Imported autoConditions\testConditions.xlsx as conditions, 81 conditions, 3 params
15.8112 	EXP 	Created sequence: random, trialTypes=81, nReps=1, seed=None
15.8115 	EXP 	New trial (rep=0, index=0): OrderedDict([('correctAudio', 'trainingaudio/11_tokiko1.wav'), ('incorrectAudio', 'trainingaudio/11_tokiko2.wav'), ('imageLoc', 'pngimages/11_compass.png')])
15.8134 	EXP 	New trial (rep=0, index=1): OrderedDict([('correctAudio', 'trainingaudio/15_kopota3.wav'), ('incorrectAudio', 'trainingaudio/15_kopota2.wav'), ('imageLoc', 'pngimages/15_barrel.png')])
15.8154 	EXP 	New trial (rep=0, index=2): OrderedDict([('correctAudio', 'novelaudio/48_pakipa1.wav'), ('incorrectAudio', 'novelaudio48_pakipa3.wav'), ('imageLoc', 'pngimages/48_brush.png')])
15.8175 	EXP 	New trial (rep=0, index=3): OrderedDict([('correctAudio', 'trainingaudio/06_titoka3.wav'), ('incorrectAudio', 'trainingaudio/06_titoka1.wav'), ('imageLoc', 'pngimages/06_tent.png')])
15.8194 	EXP 	New trial (rep=0, index=4): OrderedDict([('correctAudio', 'trainingaudio/09_tipata2.wav'), ('incorrectAudio', 'trainingaudio/09_tipata3.wav'), ('imageLoc', 'pngimages/09_plane.png')])
15.8215 	EXP 	New trial (rep=0, index=5): OrderedDict([('correctAudio', 'novelaudio/63_pitapa2.wav'), ('incorrectAudio', 'novelaudio63_pitapa1.wav'), ('imageLoc', 'pngimages/63_chair.png')])
15.8234 	EXP 	New trial (rep=0, index=6): OrderedDict([('correctAudio', 'novelaudio/53_patapo1.wav'), ('incorrectAudio', 'novelaudio53_patapo3.wav'), ('imageLoc', 'pngimages/53_hammer.png')])
15.8257 	EXP 	New trial (rep=0, index=7): OrderedDict([('correctAudio', 'novelaudio/74_tatiko1.wav'), ('incorrectAudio', 'novelaudio74_tatiko2.wav'), ('imageLoc', 'pngimages/74_boat.png')])
15.8283 	EXP 	New trial (rep=0, index=8): OrderedDict([('correctAudio', 'trainingaudio/02_pitito3.wav'), ('incorrectAudio', 'trainingaudio/02_pitito2.wav'), ('imageLoc', 'pngimages/02_pallet.png')])
15.8303 	EXP 	New trial (rep=0, index=9): OrderedDict([('correctAudio', 'novelaudio/37_kokiti1.wav'), ('incorrectAudio', 'novelaudio37_kokiti2.wav'), ('imageLoc', 'pngimages/37_mug.png')])
15.8323 	EXP 	New trial (rep=0, index=10): OrderedDict([('correctAudio', 'novelaudio/71_kotato2.wav'), ('incorrectAudio', 'novelaudio71_kotato3.wav'), ('imageLoc', 'pngimages/71_eye.png')])
15.8342 	EXP 	New trial (rep=0, index=11): OrderedDict([('correctAudio', 'trainingaudio/24_takopa1.wav'), ('incorrectAudio', 'trainingaudio/24_takopa2.wav'), ('imageLoc', 'pngimages/24_banana.png')])
15.8361 	EXP 	New trial (rep=0, index=12): OrderedDict([('correctAudio', 'novelaudio/79_katapi1.wav'), ('incorrectAudio', 'novelaudio79_katapi3.wav'), ('imageLoc', 'pngimages/79_pig.png')])
15.8382 	EXP 	New trial (rep=0, index=13): OrderedDict([('correctAudio', 'novelaudio/47_takiko1.wav'), ('incorrectAudio', 'novelaudio47_takiko2.wav'), ('imageLoc', 'pngimages/47_notebook.png')])
15.8402 	EXP 	New trial (rep=0, index=14): OrderedDict([('correctAudio', 'novelaudio/57_tipipa3.wav'), ('incorrectAudio', 'novelaudio57_tipipa2.wav'), ('imageLoc', 'pngimages/57_flashlight.png')])
15.8425 	EXP 	New trial (rep=0, index=15): OrderedDict([('correctAudio', 'novelaudio/38_kokiko1.wav'), ('incorrectAudio', 'novelaudio38_kokiko3.wav'), ('imageLoc', 'pngimages/38_plate.png')])
15.8444 	EXP 	New trial (rep=0, index=16): OrderedDict([('correctAudio', 'trainingaudio/23_patoko1.wav'), ('incorrectAudio', 'trainingaudio/23_patoko2.wav'), ('imageLoc', 'pngimages/23_lemon.png')])
15.8463 	EXP 	New trial (rep=0, index=17): OrderedDict([('correctAudio', 'novelaudio/75_kakita1.wav'), ('incorrectAudio', 'novelaudio75_kakita3.wav'), ('imageLoc', 'pngimages/75_chicken.png')])
15.8489 	EXP 	New trial (rep=0, index=18): OrderedDict([('correctAudio', 'novelaudio/72_topata2.wav'), ('incorrectAudio', 'novelaudio72_topata3.wav'), ('imageLoc', 'pngimages/72_nose.png')])
15.8513 	EXP 	New trial (rep=0, index=19): OrderedDict([('correctAudio', 'novelaudio/39_kotipa3.wav'), ('incorrectAudio', 'novelaudio39_kotipa1.wav'), ('imageLoc', 'pngimages/39_fork.png')])
15.8533 	EXP 	New trial (rep=0, index=20): OrderedDict([('correctAudio', 'trainingaudio/10_tokiti1.wav'), ('incorrectAudio', 'trainingaudio/10_tokiti2.wav'), ('imageLoc', 'pngimages/100_bicycle.png')])
15.8554 	EXP 	New trial (rep=0, index=21): OrderedDict([('correctAudio', 'novelaudio/67_tokoki1.wav'), ('incorrectAudio', 'novelaudio67_tokoki2.wav'), ('imageLoc', 'pngimages/67_laptop.png')])
15.8576 	EXP 	New trial (rep=0, index=22): OrderedDict([('correctAudio', 'novelaudio/40_kototi1.wav'), ('incorrectAudio', 'novelaudio40_kototi2.wav'), ('imageLoc', 'pngimages/40_spoon.png')])
15.8596 	EXP 	New trial (rep=0, index=23): OrderedDict([('correctAudio', 'novelaudio/36_pipapa2.wav'), ('incorrectAudio', 'novelaudio36_pipapa1.wav'), ('imageLoc', 'pngimages/36_microwave.png')])
15.8613 	EXP 	New trial (rep=0, index=24): OrderedDict([('correctAudio', 'novelaudio/81_kakapa1.wav'), ('incorrectAudio', 'novelaudio81_kakapa3.wav'), ('imageLoc', 'pngimages/81_cat.png')])
15.8635 	EXP 	New trial (rep=0, index=25): OrderedDict([('correctAudio', 'trainingaudio/13_kopopi1.wav'), ('incorrectAudio', 'trainingaudio/13_kopopi3.wav'), ('imageLoc', 'pngimages/13_toast.png')])
15.8653 	EXP 	New trial (rep=0, index=26): OrderedDict([('correctAudio', 'trainingaudio/25_tapapi1.wav'), ('incorrectAudio', 'trainingaudio/25_tapapi2.wav'), ('imageLoc', 'pngimages/25_apple.png')])
15.8674 	EXP 	New trial (rep=0, index=27): OrderedDict([('correctAudio', 'novelaudio/62_pitako2.wav'), ('incorrectAudio', 'novelaudio62_pitako3.wav'), ('imageLoc', 'pngimages/62_screwdriver.png')])
15.8693 	EXP 	New trial (rep=0, index=28): OrderedDict([('correctAudio', 'novelaudio/66_kopipa3.wav'), ('incorrectAudio', 'novelaudio66_kopipa2.wav'), ('imageLoc', 'pngimages/66_safe.png')])
15.8713 	EXP 	New trial (rep=0, index=29): OrderedDict([('correctAudio', 'novelaudio/28_pipiki1.wav'), ('incorrectAudio', 'novelaudio28_pipiki2.wav'), ('imageLoc', 'pngimages/28_grape.png')])
15.8733 	EXP 	New trial (rep=0, index=30): OrderedDict([('correctAudio', 'novelaudio/30_tikipa3.wav'), ('incorrectAudio', 'novelaudio30_tikipa2.wav'), ('imageLoc', 'pngimages/30_mushroom.png')])
15.8754 	EXP 	New trial (rep=0, index=31): OrderedDict([('correctAudio', 'trainingaudio/21_papika1.wav'), ('incorrectAudio', 'trainingaudio/21_papika2.wav'), ('imageLoc', 'pngimages/21_cheese.png')])
15.8771 	EXP 	New trial (rep=0, index=32): OrderedDict([('correctAudio', 'novelaudio/35_titato2.wav'), ('incorrectAudio', 'novelaudio35_titato1.wav'), ('imageLoc', 'pngimages/35_skillet.png')])
15.8792 	EXP 	New trial (rep=0, index=33): OrderedDict([('correctAudio', 'novelaudio/78_kakoka1.wav'), ('incorrectAudio', 'novelaudio78_kakoka3.wav'), ('imageLoc', 'pngimages/78_cow.png')])
15.8815 	EXP 	New trial (rep=0, index=34): OrderedDict([('correctAudio', 'novelaudio/73_takiti1.wav'), ('incorrectAudio', 'novelaudio73_takiti2.wav'), ('imageLoc', 'pngimages/73_car.png')])
15.8832 	EXP 	New trial (rep=0, index=35): OrderedDict([('correctAudio', 'novelaudio/49_tatopi1.wav'), ('incorrectAudio', 'novelaudio49_tatopi2.wav'), ('imageLoc', 'pngimages/49_calculator.png')])
15.8852 	EXP 	New trial (rep=0, index=36): OrderedDict([('correctAudio', 'trainingaudio/16_kokapi2.wav'), ('incorrectAudio', 'trainingaudio/16_kokapi1.wav'), ('imageLoc', 'pngimages/16_icecream.png')])
15.8873 	EXP 	New trial (rep=0, index=37): OrderedDict([('correctAudio', 'novelaudio/45_totaka2.wav'), ('incorrectAudio', 'novelaudio45_totaka3.wav'), ('imageLoc', 'pngimages/45_scissors.png')])
15.8892 	EXP 	New trial (rep=0, index=38): OrderedDict([('correctAudio', 'novelaudio/68_pokopo1.wav'), ('incorrectAudio', 'novelaudio68_pokopo2.wav'), ('imageLoc', 'pngimages/68_heart.png')])
15.8912 	EXP 	New trial (rep=0, index=39): OrderedDict([('correctAudio', 'novelaudio/32_kipoto2.wav'), ('incorrectAudio', 'novelaudio32_kipoto3.wav'), ('imageLoc', 'pngimages/32_greenpepper.png')])
15.8932 	EXP 	New trial (rep=0, index=40): OrderedDict([('correctAudio', 'novelaudio/44_pokato2.wav'), ('incorrectAudio', 'novelaudio44_pokato1.wav'), ('imageLoc', 'pngimages/44_envelope.png')])
15.8953 	EXP 	New trial (rep=0, index=41): OrderedDict([('correctAudio', 'novelaudio/60_pipopa3.wav'), ('incorrectAudio', 'novelaudio60_pipopa2.wav'), ('imageLoc', 'pngimages/60_firewood.png')])
15.8973 	EXP 	New trial (rep=0, index=42): OrderedDict([('correctAudio', 'trainingaudio/08_tipako2.wav'), ('incorrectAudio', 'trainingaudio/08_tipako3.wav'), ('imageLoc', 'pngimages/08_bell.png')])
15.9001 	EXP 	New trial (rep=0, index=43): OrderedDict([('correctAudio', 'novelaudio/76_patoti1.wav'), ('incorrectAudio', 'novelaudio76_patoti2.wav'), ('imageLoc', 'pngimages/76_rabbit.png')])
15.9022 	EXP 	New trial (rep=0, index=44): OrderedDict([('correctAudio', 'novelaudio/61_pikati2.wav'), ('incorrectAudio', 'novelaudio61_pikati1.wav'), ('imageLoc', 'pngimages/61_key.png')])
15.9042 	EXP 	New trial (rep=0, index=45): OrderedDict([('correctAudio', 'novelaudio/54_kapapa1.wav'), ('incorrectAudio', 'novelaudio54_kapapa3.wav'), ('imageLoc', 'pngimages/54_toiletpaper.png')])
15.9062 	EXP 	New trial (rep=0, index=46): OrderedDict([('correctAudio', 'novelaudio/51_tapopa1.wav'), ('incorrectAudio', 'novelaudio51_tapopa3.wav'), ('imageLoc', 'pngimages/51_pencil.png')])
15.9081 	EXP 	New trial (rep=0, index=47): OrderedDict([('correctAudio', 'trainingaudio/26_kapako1.wav'), ('incorrectAudio', 'trainingaudio/26_kapako3.wav'), ('imageLoc', 'pngimages/26_pineapple.png')])
15.9101 	EXP 	New trial (rep=0, index=48): OrderedDict([('correctAudio', 'novelaudio/65_totipo1.wav'), ('incorrectAudio', 'novelaudio65_totipo2.wav'), ('imageLoc', 'pngimages/65_wrench.png')])
15.9122 	EXP 	New trial (rep=0, index=49): OrderedDict([('correctAudio', 'trainingaudio/07_pitapi2.wav'), ('incorrectAudio', 'trainingaudio/07_pitapi3.wav'), ('imageLoc', 'pngimages/07_suitcase.png')])
15.9139 	EXP 	New trial (rep=0, index=50): OrderedDict([('correctAudio', 'novelaudio/58_kipoki2.wav'), ('incorrectAudio', 'novelaudio58_kipoki1.wav'), ('imageLoc', 'pngimages/58_nail.png')])
15.9163 	EXP 	New trial (rep=0, index=51): OrderedDict([('correctAudio', 'trainingaudio/14_pokoto1.wav'), ('incorrectAudio', 'trainingaudio/14_pokoto3.wav'), ('imageLoc', 'pngimages/14_coffee.png')])
15.9181 	EXP 	New trial (rep=0, index=52): OrderedDict([('correctAudio', 'trainingaudio/20_tatito1.wav'), ('incorrectAudio', 'trainingaudio/20_tatito2.wav'), ('imageLoc', 'pngimages/20_pizza.png')])
15.9201 	EXP 	New trial (rep=0, index=53): OrderedDict([('correctAudio', 'novelaudio/42_tokota3.wav'), ('incorrectAudio', 'novelaudio42_tokota1.wav'), ('imageLoc', 'pngimages/42_harp.png')])
15.9222 	EXP 	New trial (rep=0, index=54): OrderedDict([('correctAudio', 'trainingaudio/03_kikita3.wav'), ('incorrectAudio', 'trainingaudio/03_kikita1.wav'), ('imageLoc', 'pngimages/03_box.png')])
15.9246 	EXP 	New trial (rep=0, index=55): OrderedDict([('correctAudio', 'novelaudio/34_kipaki2.wav'), ('incorrectAudio', 'novelaudio34_kipaki1.wav'), ('imageLoc', 'pngimages/34_knife.png')])
15.9271 	EXP 	New trial (rep=0, index=56): OrderedDict([('correctAudio', 'novelaudio/69_kotoka3.wav'), ('incorrectAudio', 'novelaudio69_kotoka1.wav'), ('imageLoc', 'pngimages/69_tooth.png')])
15.9290 	EXP 	New trial (rep=0, index=57): OrderedDict([('correctAudio', 'trainingaudio/18_popata2.wav'), ('incorrectAudio', 'trainingaudio/18_popata1.wav'), ('imageLoc', 'pngimages/18_donut.png')])
15.9315 	EXP 	New trial (rep=0, index=58): OrderedDict([('correctAudio', 'novelaudio/50_katoko1.wav'), ('incorrectAudio', 'novelaudio50_katoko3.wav'), ('imageLoc', 'pngimages/50_ruler.png')])
15.9345 	EXP 	New trial (rep=0, index=59): OrderedDict([('correctAudio', 'trainingaudio/05_titopo2.wav'), ('incorrectAudio', 'trainingaudio/05_titopo3.wav'), ('imageLoc', 'pngimages/05_megaphone.png')])
15.9372 	EXP 	New trial (rep=0, index=60): OrderedDict([('correctAudio', 'novelaudio/41_pototo1.wav'), ('incorrectAudio', 'novelaudio41_pototo3.wav'), ('imageLoc', 'pngimages/41_piano.png')])
15.9390 	EXP 	New trial (rep=0, index=61): OrderedDict([('correctAudio', 'novelaudio/80_tatato1.wav'), ('incorrectAudio', 'novelaudio80_tatato3.wav'), ('imageLoc', 'pngimages/80_dog.png')])
15.9414 	EXP 	New trial (rep=0, index=62): OrderedDict([('correctAudio', 'novelaudio/64_popiti1.wav'), ('incorrectAudio', 'novelaudio64_popiti2.wav'), ('imageLoc', 'pngimages/64_shovel.png')])
15.9440 	EXP 	New trial (rep=0, index=63): OrderedDict([('correctAudio', 'novelaudio/43_potaki2.wav'), ('incorrectAudio', 'novelaudio43_potaki1.wav'), ('imageLoc', 'pngimages/43_guitar.png')])
15.9461 	EXP 	New trial (rep=0, index=64): OrderedDict([('correctAudio', 'trainingaudio/01_kitipi1.wav'), ('incorrectAudio', 'trainingaudio/01_kitipi3.wav'), ('imageLoc', 'pngimages/01_gift.png')])
15.9482 	EXP 	New trial (rep=0, index=65): OrderedDict([('correctAudio', 'trainingaudio/04_kitoti2.wav'), ('incorrectAudio', 'trainingaudio/04_kitoti3.wav'), ('imageLoc', 'pngimages/04_ladder.png')])
15.9503 	EXP 	New trial (rep=0, index=66): OrderedDict([('correctAudio', 'novelaudio/29_pipito3.wav'), ('incorrectAudio', 'novelaudio29_pipito2.wav'), ('imageLoc', 'pngimages/29_cherry.png')])
15.9521 	EXP 	New trial (rep=0, index=67): OrderedDict([('correctAudio', 'novelaudio/33_tipoka3.wav'), ('incorrectAudio', 'novelaudio33_tipoka1.wav'), ('imageLoc', 'pngimages/33_watermelon.png')])
15.9540 	EXP 	New trial (rep=0, index=68): OrderedDict([('correctAudio', 'novelaudio/52_pakaki1.wav'), ('incorrectAudio', 'novelaudio52_pakaki2.wav'), ('imageLoc', 'pngimages/52_newspaper.png')])
15.9560 	EXP 	New trial (rep=0, index=69): OrderedDict([('correctAudio', 'novelaudio/70_kopati2.wav'), ('incorrectAudio', 'novelaudio70_kopati1.wav'), ('imageLoc', 'pngimages/70_hand.png')])
15.9581 	EXP 	New trial (rep=0, index=70): OrderedDict([('correctAudio', 'novelaudio/77_takopo1.wav'), ('incorrectAudio', 'novelaudio77_takopo3.wav'), ('imageLoc', 'pngimages/77_bear.png')])
15.9600 	EXP 	New trial (rep=0, index=71): OrderedDict([('correctAudio', 'novelaudio/31_kikopi2.wav'), ('incorrectAudio', 'novelaudio31_kikopi1.wav'), ('imageLoc', 'pngimages/31_tomato.png')])
15.9620 	EXP 	New trial (rep=0, index=72): OrderedDict([('correctAudio', 'novelaudio/59_tipoko2.wav'), ('incorrectAudio', 'novelaudio59_tipoko3.wav'), ('imageLoc', 'pngimages/59_umbrella.png')])
15.9638 	EXP 	New trial (rep=0, index=73): OrderedDict([('correctAudio', 'trainingaudio/17_kotako2.wav'), ('incorrectAudio', 'trainingaudio/17_kotako1.wav'), ('imageLoc', 'pngimages/17_cracker.png')])
15.9660 	EXP 	New trial (rep=0, index=74): OrderedDict([('correctAudio', 'novelaudio/56_pipiko3.wav'), ('incorrectAudio', 'novelaudio56_pipiko2.wav'), ('imageLoc', 'pngimages/56_towel.png')])
15.9679 	EXP 	New trial (rep=0, index=75): OrderedDict([('correctAudio', 'trainingaudio/12_pokika3.wav'), ('incorrectAudio', 'trainingaudio/12_pokika1.wav'), ('imageLoc', 'pngimages/12_pie.png')])
15.9700 	EXP 	New trial (rep=0, index=76): OrderedDict([('correctAudio', 'trainingaudio/19_papipi1.wav'), ('incorrectAudio', 'trainingaudio/19_papipi3.wav'), ('imageLoc', 'pngimages/19_burger.png')])
15.9721 	EXP 	New trial (rep=0, index=77): OrderedDict([('correctAudio', 'novelaudio/46_tapiti1.wav'), ('incorrectAudio', 'novelaudio46_tapiti3.wav'), ('imageLoc', 'pngimages/46_paper.png')])
15.9743 	EXP 	New trial (rep=0, index=78): OrderedDict([('correctAudio', 'trainingaudio/22_kakoki1.wav'), ('incorrectAudio', 'trainingaudio/22_kakoki3.wav'), ('imageLoc', 'pngimages/22_egg.png')])
15.9770 	EXP 	New trial (rep=0, index=79): OrderedDict([('correctAudio', 'novelaudio/55_pikiki1.wav'), ('incorrectAudio', 'novelaudio55_pikiki2.wav'), ('imageLoc', 'pngimages/55_toilet.png')])
15.9789 	EXP 	New trial (rep=0, index=80): OrderedDict([('correctAudio', 'trainingaudio/27_pakapa1.wav'), ('incorrectAudio', 'trainingaudio/27_pakapa2.wav'), ('imageLoc', 'pngimages/27_kiwi.png')])
15.9834 	EXP 	text_2: autoDraw = False
16.1237 	EXP 	window1: mouseVisible = True
