2.4534 	WARNING 	We strongly recommend you activate the PTB sound engine in PsychoPy prefs as the preferred audio engine. Its timing is vastly superior. Your prefs are currently set to use ['sounddevice', 'PTB', 'pyo', 'pygame'] (in that order).
9.7555 	WARNING 	User requested fullscreen with size [1024  768], but screen is actually [1920, 1080]. Using actual size
13.8439 	EXP 	Created window1 = Window(allowGUI=False, allowStencil=False, args=UNKNOWN, autoLog=True, bitsMode=UNKNOWN, blendMode='avg', bpc=(8, 8, 8), color=array([0., 0., 0.]), colorSpace='rgb', depthBits=8, fullscr=<method-wrapper '__getattribute__' of attributeSetter object at 0x0000013AB28EE940>, gamma=None, gammaErrorPolicy='raise', kwargs=UNKNOWN, lms=UNKNOWN, monitor=<psychopy.monitors.calibTools.Monitor object at 0x0000013AB28BF358>, multiSample=False, name='window1', numSamples=2, pos=[0.0, 0.0], screen=0, size=array([1920, 1080]), stencilBits=0, stereo=False, units='height', useFBO=True, useRetina=False, viewOri=0.0, viewPos=None, viewScale=None, waitBlanking=True, winType='pyglet')
13.8440 	EXP 	window1: recordFrameIntervals = False
14.0094 	EXP 	window1: recordFrameIntervals = True
14.0482 	WARNING 	t of last frame was 23.19ms (=1/43)
14.1117 	WARNING 	t of last frame was 36.45ms (=1/27)
14.1496 	WARNING 	t of last frame was 37.89ms (=1/26)
14.1863 	WARNING 	t of last frame was 36.69ms (=1/27)
14.4104 	EXP 	window1: recordFrameIntervals = False
14.9557 	EXP 	Created instructions = TextStim(__class__=<class 'psychopy.visual.text.TextStim'>, alignHoriz=method-wrapper(...), alignText='center', alignVert=method-wrapper(...), anchorHoriz='center', anchorVert='center', antialias=True, autoLog=True, bold=False, color='white', colorSpace='named', contrast=1.0, depth=0.0, flipHoriz=False, flipVert=False, font='Arial', fontFiles=[], height=0.1, italic=False, languageStyle='LTR', name='instructions', opacity=1.0, ori=0, pos=array([0., 0.]), rgb=array([255., 255., 255.]), text=str(...), units='height', win=Window(...), wrapWidth=1)
15.1114 	EXP 	Sound stimulitrain1 set volume 1.000
15.1223 	EXP 	Created imagetrain1 = ImageStim(__class__=<class 'psychopy.visual.image.ImageStim'>, autoLog=True, color=array([1., 1., 1.]), colorSpace='rgb', contrast=1.0, depth=-1.0, flipHoriz=False, flipVert=False, image='sin', interpolate=True, mask=None, maskParams=None, name='imagetrain1', opacity=1.0, ori=0.0, pos=array([0., 0.]), size=array([0.5, 0.5]), texRes=128, units='height', win=Window(...))
15.1224 	EXP 	Sound stimulitest1 set volume 1.000
15.1241 	EXP 	Created correct = ImageStim(__class__=<class 'psychopy.visual.image.ImageStim'>, autoLog=True, color=array([1., 1., 1.]), colorSpace='rgb', contrast=1.0, depth=-1.0, flipHoriz=False, flipVert=False, image='sin', interpolate=True, mask=None, maskParams=None, name='correct', opacity=1.0, ori=0.0, pos=array([0., 0.]), size=array([0.5, 0.5]), texRes=128, units='height', win=Window(...))
15.1257 	EXP 	Created incorrect = ImageStim(__class__=<class 'psychopy.visual.image.ImageStim'>, autoLog=True, color=array([1., 1., 1.]), colorSpace='rgb', contrast=1.0, depth=-2.0, flipHoriz=False, flipVert=False, image='sin', interpolate=True, mask=None, maskParams=None, name='incorrect', opacity=1.0, ori=0.0, pos=array([0., 0.]), size=array([0.5, 0.5]), texRes=128, units='height', win=Window(...))
15.1585 	EXP 	Created notice = TextStim(__class__=<class 'psychopy.visual.text.TextStim'>, alignHoriz=method-wrapper(...), alignText='center', alignVert=method-wrapper(...), anchorHoriz='center', anchorVert='center', antialias=True, autoLog=True, bold=False, color='white', colorSpace='named', contrast=1.0, depth=0.0, flipHoriz=False, flipVert=False, font='Arial', fontFiles=[], height=0.1, italic=False, languageStyle='LTR', name='notice', opacity=1.0, ori=0, pos=array([0., 0.]), rgb=array([255., 255., 255.]), text=str(...), units='height', win=Window(...), wrapWidth=1)
15.1587 	EXP 	Sound stimulitrain2 set volume 1.000
15.1608 	EXP 	Created imagetrain2 = ImageStim(__class__=<class 'psychopy.visual.image.ImageStim'>, autoLog=True, color=array([1., 1., 1.]), colorSpace='rgb', contrast=1.0, depth=-1.0, flipHoriz=False, flipVert=False, image='sin', interpolate=True, mask=None, maskParams=None, name='imagetrain2', opacity=1.0, ori=0.0, pos=array([0., 0.]), size=array([0.5, 0.5]), texRes=128, units='height', win=Window(...))
15.1609 	EXP 	Sound stimulitest2 set volume 1.000
15.1625 	EXP 	Created correct2 = ImageStim(__class__=<class 'psychopy.visual.image.ImageStim'>, autoLog=True, color=array([1., 1., 1.]), colorSpace='rgb', contrast=1.0, depth=-2.0, flipHoriz=False, flipVert=False, image='sin', interpolate=True, mask=None, maskParams=None, name='correct2', opacity=1.0, ori=0.0, pos=array([0., 0.]), size=array([0.5, 0.5]), texRes=128, units='height', win=Window(...))
15.1643 	EXP 	Created incorrect2 = ImageStim(__class__=<class 'psychopy.visual.image.ImageStim'>, autoLog=True, color=array([1., 1., 1.]), colorSpace='rgb', contrast=1.0, depth=-3.0, flipHoriz=False, flipVert=False, image='sin', interpolate=True, mask=None, maskParams=None, name='incorrect2', opacity=1.0, ori=0.0, pos=array([0., 0.]), size=array([0.5, 0.5]), texRes=128, units='height', win=Window(...))
15.1906 	EXP 	Created text_2 = TextStim(__class__=<class 'psychopy.visual.text.TextStim'>, alignHoriz=method-wrapper(...), alignText='center', alignVert=method-wrapper(...), anchorHoriz='center', anchorVert='center', antialias=True, autoLog=True, bold=False, color='white', colorSpace='named', contrast=1.0, depth=0.0, flipHoriz=False, flipVert=False, font='Arial', fontFiles=[], height=0.1, italic=False, languageStyle='LTR', name='text_2', opacity=1.0, ori=0, pos=array([0., 0.]), rgb=array([255., 255., 255.]), text=str(...), units='height', win=Window(...), wrapWidth=1)
15.2326 	EXP 	instructions: autoDraw = True
19.5327 	EXP 	Imported autoConditions\train1LoopCondition.xlsx as conditions, 9 conditions, 2 params
19.5335 	EXP 	Created sequence: sequential, trialTypes=9, nReps=0, seed=None
19.5373 	DATA 	Keypress: space
19.5411 	EXP 	instructions: autoDraw = False
19.5411 	EXP 	notice: autoDraw = True
21.4796 	EXP 	Imported autoConditions\train2LoopCondition.xlsx as conditions, 3 conditions, 2 params
21.4798 	EXP 	Created sequence: sequential, trialTypes=3, nReps=1, seed=None
21.4801 	EXP 	New trial (rep=0, index=0): OrderedDict([('condFiles', 'autoConditions/train2Block1.xlsx'), ('testFiles', 'autoConditions/train2Block1Test.xlsx')])
21.4903 	EXP 	Imported autoConditions/train2Block1.xlsx as conditions, 9 conditions, 2 params
21.4906 	EXP 	Created sequence: sequential, trialTypes=9, nReps=1, seed=None
21.4908 	EXP 	New trial (rep=0, index=0): OrderedDict([('audio', 'trainaudio/10_tokiti.wav'), ('imageLoc', 'pngimages/100_bicycle.png')])
21.5581 	EXP 	notice: autoDraw = False
21.5581 	EXP 	imagetrain2: image = 'pngimages/100_bicycle.png'
21.5581 	EXP 	imagetrain2: autoDraw = True
21.9762 	EXP 	New trial (rep=0, index=1): OrderedDict([('audio', 'trainaudio/18_popata.wav'), ('imageLoc', 'pngimages/18_donut.png')])
21.9954 	EXP 	imagetrain2: autoDraw = False
21.9954 	EXP 	imagetrain2: image = 'pngimages/18_donut.png'
21.9954 	EXP 	imagetrain2: autoDraw = True
22.4693 	EXP 	New trial (rep=0, index=2): OrderedDict([('audio', 'trainaudio/14_pokoto.wav'), ('imageLoc', 'pngimages/14_coffee.png')])
22.4913 	EXP 	imagetrain2: autoDraw = False
22.4913 	EXP 	imagetrain2: image = 'pngimages/14_coffee.png'
22.4913 	EXP 	imagetrain2: autoDraw = True
22.9694 	EXP 	New trial (rep=0, index=3): OrderedDict([('audio', 'trainaudio/25_tapapi.wav'), ('imageLoc', 'pngimages/25_apple.png')])
22.9934 	EXP 	imagetrain2: autoDraw = False
22.9934 	EXP 	imagetrain2: image = 'pngimages/25_apple.png'
22.9934 	EXP 	imagetrain2: autoDraw = True
23.4691 	EXP 	New trial (rep=0, index=4): OrderedDict([('audio', 'trainaudio/24_takopa.wav'), ('imageLoc', 'pngimages/24_banana.png')])
23.5199 	EXP 	imagetrain2: autoDraw = False
23.5199 	EXP 	imagetrain2: image = 'pngimages/24_banana.png'
23.5199 	EXP 	imagetrain2: autoDraw = True
23.9690 	EXP 	New trial (rep=0, index=5): OrderedDict([('audio', 'trainaudio/15_kopota.wav'), ('imageLoc', 'pngimages/15_barrel.png')])
24.0619 	EXP 	imagetrain2: autoDraw = False
24.0619 	EXP 	imagetrain2: image = 'pngimages/15_barrel.png'
24.0619 	EXP 	imagetrain2: autoDraw = True
24.4687 	EXP 	New trial (rep=0, index=6): OrderedDict([('audio', 'trainaudio/11_tokiko.wav'), ('imageLoc', 'pngimages/11_compass.png')])
24.4925 	EXP 	imagetrain2: autoDraw = False
24.4925 	EXP 	imagetrain2: image = 'pngimages/11_compass.png'
24.4925 	EXP 	imagetrain2: autoDraw = True
24.9688 	EXP 	New trial (rep=0, index=7): OrderedDict([('audio', 'trainaudio/21_papika.wav'), ('imageLoc', 'pngimages/21_cheese.png')])
25.0377 	EXP 	imagetrain2: autoDraw = False
25.0377 	EXP 	imagetrain2: image = 'pngimages/21_cheese.png'
25.0377 	EXP 	imagetrain2: autoDraw = True
25.4684 	EXP 	New trial (rep=0, index=8): OrderedDict([('audio', 'trainaudio/16_kotapi.wav'), ('imageLoc', 'pngimages/16_icecream.png')])
25.4927 	EXP 	imagetrain2: autoDraw = False
25.4927 	EXP 	imagetrain2: image = 'pngimages/16_icecream.png'
25.4927 	EXP 	imagetrain2: autoDraw = True
25.9773 	EXP 	Imported autoConditions/train2Block1Test.xlsx as conditions, 9 conditions, 6 params
25.9776 	EXP 	Created sequence: sequential, trialTypes=9, nReps=1, seed=None
25.9779 	EXP 	New trial (rep=0, index=0): OrderedDict([('audioTrue', 'trainaudio/10_tokiti.wav'), ('imageTrue', 'pngimages/100_bicycle.png'), ('audioFalse', 'trainaudio/25_tapapi.wav'), ('imageFalse', 'pngimages/25_apple.png'), ('truePos', '(-0.5, 0)'), ('falsePos', '(0.5, 0)')])
26.0197 	EXP 	imagetrain2: autoDraw = False
26.0197 	EXP 	correct2: image = 'pngimages/100_bicycle.png'
26.0197 	EXP 	incorrect2: image = 'pngimages/25_apple.png'
26.0197 	EXP 	correct2: autoDraw = True
26.0197 	EXP 	incorrect2: autoDraw = True
29.3057 	EXP 	New trial (rep=0, index=1): OrderedDict([('audioTrue', 'trainaudio/18_popata.wav'), ('imageTrue', 'pngimages/18_donut.png'), ('audioFalse', 'trainaudio/24_takopa.wav'), ('imageFalse', 'pngimages/24_banana.png'), ('truePos', '(-0.5, 0)'), ('falsePos', '(0.5, 0)')])
29.3517 	DATA 	Keypress: j
29.3559 	EXP 	correct2: autoDraw = False
29.3559 	EXP 	incorrect2: autoDraw = False
29.3559 	EXP 	correct2: image = 'pngimages/18_donut.png'
29.3559 	EXP 	incorrect2: image = 'pngimages/24_banana.png'
29.3559 	EXP 	correct2: autoDraw = True
29.3559 	EXP 	incorrect2: autoDraw = True
32.6879 	EXP 	New trial (rep=0, index=2): OrderedDict([('audioTrue', 'trainaudio/14_pokoto.wav'), ('imageTrue', 'pngimages/14_coffee.png'), ('audioFalse', 'trainaudio/15_kopota.wav'), ('imageFalse', 'pngimages/15_barrel.png'), ('truePos', '(-0.5, 0)'), ('falsePos', '(0.5, 0)')])
32.7280 	DATA 	Keypress: j
32.7324 	EXP 	correct2: autoDraw = False
32.7324 	EXP 	incorrect2: autoDraw = False
32.7324 	EXP 	correct2: image = 'pngimages/14_coffee.png'
32.7324 	EXP 	incorrect2: image = 'pngimages/15_barrel.png'
32.7324 	EXP 	correct2: autoDraw = True
32.7324 	EXP 	incorrect2: autoDraw = True
34.4680 	DATA 	Keypress: j
36.7032 	EXP 	New trial (rep=0, index=3): OrderedDict([('audioTrue', 'trainaudio/25_tapapi.wav'), ('imageTrue', 'pngimages/25_apple.png'), ('audioFalse', 'trainaudio/11_tokiko.wav'), ('imageFalse', 'pngimages/11_compass.png'), ('truePos', '(-0.5, 0)'), ('falsePos', '(0.5, 0)')])
36.7246 	DATA 	Keypress: j
36.7288 	EXP 	correct2: autoDraw = False
36.7288 	EXP 	incorrect2: autoDraw = False
36.7288 	EXP 	correct2: image = 'pngimages/25_apple.png'
36.7288 	EXP 	incorrect2: image = 'pngimages/11_compass.png'
36.7288 	EXP 	correct2: autoDraw = True
36.7288 	EXP 	incorrect2: autoDraw = True
39.1856 	EXP 	New trial (rep=0, index=4): OrderedDict([('audioTrue', 'trainaudio/24_takopa.wav'), ('imageTrue', 'pngimages/24_banana.png'), ('audioFalse', 'trainaudio/21_papika.wav'), ('imageFalse', 'pngimages/21_cheese.png'), ('truePos', '(0.5, 0)'), ('falsePos', '(-0.5, 0)')])
39.2341 	DATA 	Keypress: j
39.2386 	EXP 	correct2: autoDraw = False
39.2386 	EXP 	incorrect2: autoDraw = False
39.2386 	EXP 	correct2: image = 'pngimages/24_banana.png'
39.2386 	EXP 	incorrect2: image = 'pngimages/21_cheese.png'
39.2386 	EXP 	correct2: autoDraw = True
39.2386 	EXP 	incorrect2: autoDraw = True
40.7328 	DATA 	Keypress: j
41.1997 	DATA 	Keypress: j
42.9678 	DATA 	Keypress: j
42.9853 	EXP 	New trial (rep=0, index=5): OrderedDict([('audioTrue', 'trainaudio/15_kopota.wav'), ('imageTrue', 'pngimages/15_barrel.png'), ('audioFalse', 'trainaudio/16_kotapi.wav'), ('imageFalse', 'pngimages/16_icecream.png'), ('truePos', '(-0.5, 0)'), ('falsePos', '(0.5, 0)')])
43.0403 	EXP 	correct2: autoDraw = False
43.0403 	EXP 	incorrect2: autoDraw = False
43.0403 	EXP 	correct2: image = 'pngimages/15_barrel.png'
43.0403 	EXP 	incorrect2: image = 'pngimages/16_icecream.png'
43.0403 	EXP 	correct2: autoDraw = True
43.0403 	EXP 	incorrect2: autoDraw = True
46.1501 	DATA 	Keypress: j
46.1666 	EXP 	New trial (rep=0, index=6): OrderedDict([('audioTrue', 'trainaudio/11_tokiko.wav'), ('imageTrue', 'pngimages/11_compass.png'), ('audioFalse', 'trainaudio/10_tokiti.wav'), ('imageFalse', 'pngimages/100_bicycle.png'), ('truePos', '(-0.5, 0)'), ('falsePos', '(0.5, 0)')])
46.1993 	EXP 	correct2: autoDraw = False
46.1993 	EXP 	incorrect2: autoDraw = False
46.1993 	EXP 	correct2: image = 'pngimages/11_compass.png'
46.1993 	EXP 	incorrect2: image = 'pngimages/100_bicycle.png'
46.1993 	EXP 	correct2: autoDraw = True
46.1993 	EXP 	incorrect2: autoDraw = True
48.1149 	DATA 	Keypress: j
49.4502 	EXP 	New trial (rep=0, index=7): OrderedDict([('audioTrue', 'trainaudio/21_papika.wav'), ('imageTrue', 'pngimages/21_cheese.png'), ('audioFalse', 'trainaudio/18_popata.wav'), ('imageFalse', 'pngimages/18_donut.png'), ('truePos', '(0.5, 0)'), ('falsePos', '(-0.5, 0)')])
49.4801 	DATA 	Keypress: j
49.4842 	EXP 	correct2: autoDraw = False
49.4842 	EXP 	incorrect2: autoDraw = False
49.4842 	EXP 	correct2: image = 'pngimages/21_cheese.png'
49.4842 	EXP 	incorrect2: image = 'pngimages/18_donut.png'
49.4842 	EXP 	correct2: autoDraw = True
49.4842 	EXP 	incorrect2: autoDraw = True
52.2660 	EXP 	New trial (rep=0, index=8): OrderedDict([('audioTrue', 'trainaudio/16_kotapi.wav'), ('imageTrue', 'pngimages/16_icecream.png'), ('audioFalse', 'trainaudio/14_pokoto.wav'), ('imageFalse', 'pngimages/14_coffee.png'), ('truePos', '(0.5, 0)'), ('falsePos', '(-0.5, 0)')])
52.2853 	DATA 	Keypress: j
52.2892 	EXP 	correct2: autoDraw = False
52.2892 	EXP 	incorrect2: autoDraw = False
52.2892 	EXP 	correct2: image = 'pngimages/16_icecream.png'
52.2892 	EXP 	incorrect2: image = 'pngimages/14_coffee.png'
52.2892 	EXP 	correct2: autoDraw = True
52.2892 	EXP 	incorrect2: autoDraw = True
54.6813 	DATA 	Keypress: escape
55.0997 	EXP 	window1: mouseVisible = True
