1.5525 	WARNING 	We strongly recommend you activate the PTB sound engine in PsychoPy prefs as the preferred audio engine. Its timing is vastly superior. Your prefs are currently set to use ['sounddevice', 'PTB', 'pyo', 'pygame'] (in that order).
8.1404 	WARNING 	User requested fullscreen with size [1024  768], but screen is actually [1920, 1200]. Using actual size
11.2283 	EXP 	Created window1 = Window(allowGUI=False, allowStencil=False, args=UNKNOWN, autoLog=True, bitsMode=UNKNOWN, blendMode='avg', bpc=(8, 8, 8), color=array([0., 0., 0.]), colorSpace='rgb', depthBits=8, fullscr=<method-wrapper '__getattribute__' of attributeSetter object at 0x000001E4F19F4E48>, gamma=None, gammaErrorPolicy='raise', kwargs=UNKNOWN, lms=UNKNOWN, monitor=<psychopy.monitors.calibTools.Monitor object at 0x000001E4F17C1B38>, multiSample=False, name='window1', numSamples=2, pos=[0.0, 0.0], screen=0, size=array([1920, 1200]), stencilBits=0, stereo=False, units='height', useFBO=True, useRetina=False, viewOri=0.0, viewPos=None, viewScale=None, waitBlanking=True, winType='pyglet')
11.2284 	EXP 	window1: recordFrameIntervals = False
11.3939 	EXP 	window1: recordFrameIntervals = True
11.5776 	EXP 	window1: recordFrameIntervals = False
11.9471 	EXP 	Created instructions = TextStim(__class__=<class 'psychopy.visual.text.TextStim'>, alignHoriz=method-wrapper(...), alignText='center', alignVert=method-wrapper(...), anchorHoriz='center', anchorVert='center', antialias=True, autoLog=True, bold=False, color='white', colorSpace='named', contrast=1.0, depth=0.0, flipHoriz=False, flipVert=False, font='Arial', fontFiles=[], height=0.1, italic=False, languageStyle='LTR', name='instructions', opacity=1.0, ori=0, pos=array([0., 0.]), rgb=array([255., 255., 255.]), text=str(...), units='height', win=Window(...), wrapWidth=1)
12.0152 	EXP 	Sound stimulitrain1 set volume 1.000
12.0182 	EXP 	Created imagetrain1 = ImageStim(__class__=<class 'psychopy.visual.image.ImageStim'>, autoLog=True, color=array([1., 1., 1.]), colorSpace='rgb', contrast=1.0, depth=-1.0, flipHoriz=False, flipVert=False, image='sin', interpolate=True, mask=None, maskParams=None, name='imagetrain1', opacity=1.0, ori=0.0, pos=array([0., 0.]), size=array([0.5, 0.5]), texRes=128, units='height', win=Window(...))
12.0184 	EXP 	Sound stimulitest1 set volume 1.000
12.0202 	EXP 	Created correct = ImageStim(__class__=<class 'psychopy.visual.image.ImageStim'>, autoLog=True, color=array([1., 1., 1.]), colorSpace='rgb', contrast=1.0, depth=-1.0, flipHoriz=False, flipVert=False, image='sin', interpolate=True, mask=None, maskParams=None, name='correct', opacity=1.0, ori=0.0, pos=array([0., 0.]), size=array([0.5, 0.5]), texRes=128, units='height', win=Window(...))
12.0218 	EXP 	Created incorrect = ImageStim(__class__=<class 'psychopy.visual.image.ImageStim'>, autoLog=True, color=array([1., 1., 1.]), colorSpace='rgb', contrast=1.0, depth=-2.0, flipHoriz=False, flipVert=False, image='sin', interpolate=True, mask=None, maskParams=None, name='incorrect', opacity=1.0, ori=0.0, pos=array([0., 0.]), size=array([0.5, 0.5]), texRes=128, units='height', win=Window(...))
12.0530 	EXP 	Created notice = TextStim(__class__=<class 'psychopy.visual.text.TextStim'>, alignHoriz=method-wrapper(...), alignText='center', alignVert=method-wrapper(...), anchorHoriz='center', anchorVert='center', antialias=True, autoLog=True, bold=False, color='white', colorSpace='named', contrast=1.0, depth=0.0, flipHoriz=False, flipVert=False, font='Arial', fontFiles=[], height=0.05, italic=False, languageStyle='LTR', name='notice', opacity=1.0, ori=0, pos=array([0., 0.]), rgb=array([255., 255., 255.]), text=str(...), units='height', win=Window(...), wrapWidth=1)
12.0532 	EXP 	Sound stimulitrain2 set volume 1.000
12.0548 	EXP 	Created imagetrain2 = ImageStim(__class__=<class 'psychopy.visual.image.ImageStim'>, autoLog=True, color=array([1., 1., 1.]), colorSpace='rgb', contrast=1.0, depth=-1.0, flipHoriz=False, flipVert=False, image='sin', interpolate=True, mask=None, maskParams=None, name='imagetrain2', opacity=1.0, ori=0.0, pos=array([0., 0.]), size=array([0.5, 0.5]), texRes=128, units='height', win=Window(...))
12.0549 	EXP 	Sound stimulitest2 set volume 1.000
12.0565 	EXP 	Created correct2 = ImageStim(__class__=<class 'psychopy.visual.image.ImageStim'>, autoLog=True, color=array([1., 1., 1.]), colorSpace='rgb', contrast=1.0, depth=-2.0, flipHoriz=False, flipVert=False, image='sin', interpolate=True, mask=None, maskParams=None, name='correct2', opacity=1.0, ori=0.0, pos=array([0., 0.]), size=array([0.5, 0.5]), texRes=128, units='height', win=Window(...))
12.0580 	EXP 	Created incorrect2 = ImageStim(__class__=<class 'psychopy.visual.image.ImageStim'>, autoLog=True, color=array([1., 1., 1.]), colorSpace='rgb', contrast=1.0, depth=-3.0, flipHoriz=False, flipVert=False, image='sin', interpolate=True, mask=None, maskParams=None, name='incorrect2', opacity=1.0, ori=0.0, pos=array([0., 0.]), size=array([0.5, 0.5]), texRes=128, units='height', win=Window(...))
12.0714 	EXP 	Created test1Instr = TextStim(__class__=<class 'psychopy.visual.text.TextStim'>, alignHoriz=method-wrapper(...), alignText='center', alignVert=method-wrapper(...), anchorHoriz='center', anchorVert='center', antialias=True, autoLog=True, bold=False, color='white', colorSpace='named', contrast=1.0, depth=0.0, flipHoriz=False, flipVert=False, font='Arial', fontFiles=[], height=0.05, italic=False, languageStyle='LTR', name='test1Instr', opacity=1.0, ori=0, pos=array([0., 0.]), rgb=array([255., 255., 255.]), text='Instructions For Test1 Go Here', units='height', win=Window(...), wrapWidth=1)
12.0809 	EXP 	Created oneWarningTest1 = TextStim(__class__=<class 'psychopy.visual.text.TextStim'>, alignHoriz=method-wrapper(...), alignText='center', alignVert=method-wrapper(...), anchorHoriz='center', anchorVert='center', antialias=True, autoLog=True, bold=False, color='white', colorSpace='named', contrast=1.0, depth=-2.0, flipHoriz=False, flipVert=False, font='Arial', fontFiles=[], height=0.1, italic=False, languageStyle='LTR', name='oneWarningTest1', opacity=1.0, ori=0, pos=array([ 0. , -0.5]), rgb=array([255., 255., 255.]), text='Less than 1 minute left', units='height', win=Window(...), wrapWidth=1)
12.0900 	EXP 	Created twoWarningTest1 = TextStim(__class__=<class 'psychopy.visual.text.TextStim'>, alignHoriz=method-wrapper(...), alignText='center', alignVert=method-wrapper(...), anchorHoriz='center', anchorVert='center', antialias=True, autoLog=True, bold=False, color='white', colorSpace='named', contrast=1.0, depth=-3.0, flipHoriz=False, flipVert=False, font='Arial', fontFiles=[], height=0.1, italic=False, languageStyle='LTR', name='twoWarningTest1', opacity=1.0, ori=0, pos=array([ 0. , -0.5]), rgb=array([255., 255., 255.]), text='Less than 2 minutes left', units='height', win=Window(...), wrapWidth=1)
12.0970 	EXP 	Created threeWarningTest1 = TextStim(__class__=<class 'psychopy.visual.text.TextStim'>, alignHoriz=method-wrapper(...), alignText='center', alignVert=method-wrapper(...), anchorHoriz='center', anchorVert='center', antialias=True, autoLog=True, bold=False, color='white', colorSpace='named', contrast=1.0, depth=-4.0, flipHoriz=False, flipVert=False, font='Arial', fontFiles=[], height=0.1, italic=False, languageStyle='LTR', name='threeWarningTest1', opacity=1.0, ori=0, pos=array([0., 0.]), rgb=array([255., 255., 255.]), text='Less than 3 minutes left', units='height', win=Window(...), wrapWidth=1)
12.1044 	EXP 	Created fourWarningTest1 = TextStim(__class__=<class 'psychopy.visual.text.TextStim'>, alignHoriz=method-wrapper(...), alignText='center', alignVert=method-wrapper(...), anchorHoriz='center', anchorVert='center', antialias=True, autoLog=True, bold=False, color='white', colorSpace='named', contrast=1.0, depth=-5.0, flipHoriz=False, flipVert=False, font='Arial', fontFiles=[], height=0.1, italic=False, languageStyle='LTR', name='fourWarningTest1', opacity=1.0, ori=0, pos=array([0., 0.]), rgb=array([255., 255., 255.]), text='Less than four minutes left', units='height', win=Window(...), wrapWidth=1)
12.1045 	EXP 	Sound test1Audio1 set volume 1.000
12.1046 	EXP 	Sound test1Audio2 set volume 1.000
12.1063 	EXP 	Created test1Image = ImageStim(__class__=<class 'psychopy.visual.image.ImageStim'>, autoLog=True, color=array([1., 1., 1.]), colorSpace='rgb', contrast=1.0, depth=-3.0, flipHoriz=False, flipVert=False, image='sin', interpolate=True, mask=None, maskParams=None, name='test1Image', opacity=1.0, ori=0.0, pos=array([0., 0.]), size=array([0.5, 0.5]), texRes=128, units='height', win=Window(...))
12.1216 	EXP 	Created test2Instr = TextStim(__class__=<class 'psychopy.visual.text.TextStim'>, alignHoriz=method-wrapper(...), alignText='center', alignVert=method-wrapper(...), anchorHoriz='center', anchorVert='center', antialias=True, autoLog=True, bold=False, color='white', colorSpace='named', contrast=1.0, depth=0.0, flipHoriz=False, flipVert=False, font='Arial', fontFiles=[], height=0.1, italic=False, languageStyle='LTR', name='test2Instr', opacity=1.0, ori=0, pos=array([0., 0.]), rgb=array([255., 255., 255.]), text='Instructions For Test2 Go Here', units='height', win=Window(...), wrapWidth=1)
12.1217 	EXP 	Sound test2Audio1 set volume 1.000
12.1218 	EXP 	Sound test2Audio2 set volume 1.000
12.1235 	EXP 	Created test2Image = ImageStim(__class__=<class 'psychopy.visual.image.ImageStim'>, autoLog=True, color=array([1., 1., 1.]), colorSpace='rgb', contrast=1.0, depth=-2.0, flipHoriz=False, flipVert=False, image='sin', interpolate=True, mask=None, maskParams=None, name='test2Image', opacity=1.0, ori=0.0, pos=array([0., 0.]), size=array([0.5, 0.5]), texRes=128, units='height', win=Window(...))
12.1306 	EXP 	Created test3Instr = TextStim(__class__=<class 'psychopy.visual.text.TextStim'>, alignHoriz=method-wrapper(...), alignText='center', alignVert=method-wrapper(...), anchorHoriz='center', anchorVert='center', antialias=True, autoLog=True, bold=False, color='white', colorSpace='named', contrast=1.0, depth=0.0, flipHoriz=False, flipVert=False, font='Arial', fontFiles=[], height=0.1, italic=False, languageStyle='LTR', name='test3Instr', opacity=1.0, ori=0, pos=array([0., 0.]), rgb=array([255., 255., 255.]), text='Instructions For Test3 Go Here\n', units='height', win=Window(...), wrapWidth=1)
12.1307 	EXP 	Sound test3Audio1 set volume 1.000
12.1308 	EXP 	Sound test3Audio2 set volume 1.000
12.1325 	EXP 	Created test3Image = ImageStim(__class__=<class 'psychopy.visual.image.ImageStim'>, autoLog=True, color=array([1., 1., 1.]), colorSpace='rgb', contrast=1.0, depth=-2.0, flipHoriz=False, flipVert=False, image='sin', interpolate=True, mask=None, maskParams=None, name='test3Image', opacity=1.0, ori=0.0, pos=array([0., 0.]), size=array([0.5, 0.5]), texRes=128, units='height', win=Window(...))
12.1507 	EXP 	Created postTestText = TextStim(__class__=<class 'psychopy.visual.text.TextStim'>, alignHoriz=method-wrapper(...), alignText='center', alignVert=method-wrapper(...), anchorHoriz='center', anchorVert='center', antialias=True, autoLog=True, bold=False, color='white', colorSpace='named', contrast=1.0, depth=0.0, flipHoriz=False, flipVert=False, font='Arial', fontFiles=[], height=0.1, italic=False, languageStyle='LTR', name='postTestText', opacity=1.0, ori=0, pos=array([0., 0.]), rgb=array([255., 255., 255.]), text=str(...), units='height', win=Window(...), wrapWidth=1)
12.1509 	EXP 	Sound postTestAudio1 set volume 1.000
12.1579 	EXP 	Created fSound = ImageStim(__class__=<class 'psychopy.visual.image.ImageStim'>, autoLog=True, color=array([1., 1., 1.]), colorSpace='rgb', contrast=1.0, depth=-2.0, flipHoriz=False, flipVert=False, image='sound.png', interpolate=True, mask=None, maskParams=None, name='fSound', opacity=1.0, ori=0.0, pos=array([-0.5, -0.3]), size=array([0.2, 0.2]), texRes=128, units='height', win=Window(...))
12.1649 	EXP 	Created fMute = ImageStim(__class__=<class 'psychopy.visual.image.ImageStim'>, autoLog=True, color=array([1., 1., 1.]), colorSpace='rgb', contrast=1.0, depth=-3.0, flipHoriz=False, flipVert=False, image='mute.png', interpolate=True, mask=None, maskParams=None, name='fMute', opacity=1.0, ori=0.0, pos=array([-0.5, -0.3]), size=array([0.2, 0.2]), texRes=128, units='height', win=Window(...))
12.1650 	EXP 	Sound postTestAudio2 set volume 1.000
12.1727 	EXP 	Created xMute1 = ImageStim(__class__=<class 'psychopy.visual.image.ImageStim'>, autoLog=True, color=array([1., 1., 1.]), colorSpace='rgb', contrast=1.0, depth=-5.0, flipHoriz=False, flipVert=False, image='mute.png', interpolate=True, mask=None, maskParams=None, name='xMute1', opacity=1.0, ori=0.0, pos=array([ 0. , -0.3]), size=array([0.2, 0.2]), texRes=128, units='height', win=Window(...))
12.1792 	EXP 	Created xSound = ImageStim(__class__=<class 'psychopy.visual.image.ImageStim'>, autoLog=True, color=array([1., 1., 1.]), colorSpace='rgb', contrast=1.0, depth=-6.0, flipHoriz=False, flipVert=False, image='Sound.png', interpolate=True, mask=None, maskParams=None, name='xSound', opacity=1.0, ori=0.0, pos=array([ 0. , -0.3]), size=array([0.2, 0.2]), texRes=128, units='height', win=Window(...))
12.1860 	EXP 	Created xMute2 = ImageStim(__class__=<class 'psychopy.visual.image.ImageStim'>, autoLog=True, color=array([1., 1., 1.]), colorSpace='rgb', contrast=1.0, depth=-7.0, flipHoriz=False, flipVert=False, image='mute.png', interpolate=True, mask=None, maskParams=None, name='xMute2', opacity=1.0, ori=0.0, pos=array([ 0. , -0.3]), size=array([0.2, 0.2]), texRes=128, units='height', win=Window(...))
12.1861 	EXP 	Sound postTestAudio3 set volume 1.000
12.1937 	EXP 	Created jMute1 = ImageStim(__class__=<class 'psychopy.visual.image.ImageStim'>, autoLog=True, color=array([1., 1., 1.]), colorSpace='rgb', contrast=1.0, depth=-9.0, flipHoriz=False, flipVert=False, image='mute.png', interpolate=True, mask=None, maskParams=None, name='jMute1', opacity=1.0, ori=0.0, pos=array([ 0.5, -0.3]), size=array([0.2, 0.2]), texRes=128, units='height', win=Window(...))
12.2007 	EXP 	Created jSound = ImageStim(__class__=<class 'psychopy.visual.image.ImageStim'>, autoLog=True, color=array([1., 1., 1.]), colorSpace='rgb', contrast=1.0, depth=-10.0, flipHoriz=False, flipVert=False, image='sound.png', interpolate=True, mask=None, maskParams=None, name='jSound', opacity=1.0, ori=0.0, pos=array([ 0.5, -0.3]), size=array([0.2, 0.2]), texRes=128, units='height', win=Window(...))
12.2075 	EXP 	Created jMute2 = ImageStim(__class__=<class 'psychopy.visual.image.ImageStim'>, autoLog=True, color=array([1., 1., 1.]), colorSpace='rgb', contrast=1.0, depth=-11.0, flipHoriz=False, flipVert=False, image='mute.png', interpolate=True, mask=None, maskParams=None, name='jMute2', opacity=1.0, ori=0.0, pos=array([ 0.5, -0.3]), size=array([0.2, 0.2]), texRes=128, units='height', win=Window(...))
12.2377 	EXP 	Created text_2 = TextStim(__class__=<class 'psychopy.visual.text.TextStim'>, alignHoriz=method-wrapper(...), alignText='center', alignVert=method-wrapper(...), anchorHoriz='center', anchorVert='center', antialias=True, autoLog=True, bold=False, color='white', colorSpace='named', contrast=1.0, depth=-12.0, flipHoriz=False, flipVert=False, font='Arial', fontFiles=[], height=0.04, italic=False, languageStyle='LTR', name='text_2', opacity=1.0, ori=0, pos=array([0. , 0.3]), rgb=array([255., 255., 255.]), text='Does the middle audio (X) match with F or J?', units='height', win=Window(...), wrapWidth=1)
12.2858 	EXP 	Created text = TextStim(__class__=<class 'psychopy.visual.text.TextStim'>, alignHoriz=method-wrapper(...), alignText='center', alignVert=method-wrapper(...), anchorHoriz='center', anchorVert='center', antialias=True, autoLog=True, bold=False, color='white', colorSpace='named', contrast=1.0, depth=0.0, flipHoriz=False, flipVert=False, font='Arial', fontFiles=[], height=0.1, italic=False, languageStyle='LTR', name='text', opacity=1.0, ori=0, pos=array([0., 0.]), rgb=array([255., 255., 255.]), text=str(...), units='height', win=Window(...), wrapWidth=1)
12.3290 	EXP 	instructions: autoDraw = True
15.1080 	DATA 	Keypress: h
15.1750 	EXP 	Imported autoConditions\train1LoopCondition.xlsx as conditions, 9 conditions, 2 params
15.1753 	EXP 	Created sequence: sequential, trialTypes=9, nReps=0, seed=None
15.1822 	EXP 	instructions: autoDraw = False
15.1822 	EXP 	notice: autoDraw = True
15.8165 	EXP 	Imported autoConditions\train2LoopCondition.xlsx as conditions, 3 conditions, 2 params
15.8167 	EXP 	Created sequence: sequential, trialTypes=3, nReps=0, seed=None
15.8212 	DATA 	Keypress: h
15.8258 	EXP 	notice: autoDraw = False
15.8258 	EXP 	test1Instr: autoDraw = True
16.4256 	EXP 	Imported autoConditions\test1Conditions.xlsx as conditions, 54 conditions, 4 params
16.4260 	EXP 	Created sequence: sequential, trialTypes=54, nReps=0, seed=None
16.4308 	DATA 	Keypress: h
16.4352 	EXP 	test1Instr: autoDraw = False
16.4352 	EXP 	oneWarningTest1: autoDraw = False
16.4352 	EXP 	twoWarningTest1: autoDraw = False
16.4352 	EXP 	threeWarningTest1: autoDraw = False
16.4352 	EXP 	fourWarningTest1: autoDraw = False
16.4352 	EXP 	test2Instr: autoDraw = True
16.8688 	EXP 	Imported autoConditions\test2Conditions.xlsx as conditions, 54 conditions, 4 params
16.8691 	EXP 	Created sequence: random, trialTypes=54, nReps=0, seed=None
16.8739 	DATA 	Keypress: h
16.8786 	EXP 	test2Instr: autoDraw = False
16.8786 	EXP 	test3Instr: autoDraw = True
17.3178 	DATA 	Keypress: h
17.3596 	EXP 	Imported autoConditions\test3Conditions.xlsx as conditions, 54 conditions, 4 params
17.3601 	EXP 	Created sequence: sequential, trialTypes=54, nReps=0, seed=None
17.3700 	EXP 	test3Instr: autoDraw = False
17.3700 	EXP 	postTestText: autoDraw = True
17.9719 	DATA 	Keypress: h
18.3876 	EXP 	Imported postTestConditions.xlsx as conditions, 12 conditions, 4 params
18.3882 	EXP 	Created sequence: sequential, trialTypes=12, nReps=1, seed=None
18.3887 	EXP 	New trial (rep=0, index=0): OrderedDict([('audioA', 'postTest/82_tipiko1.wav'), ('audioB', 'postTest/82_tipiko1.wav'), ('audioC', 'postTest/82_tipiko3.wav'), ('correctLabel', 'audioA')])
18.4878 	EXP 	postTestText: autoDraw = False
18.4878 	EXP 	postTestText: autoDraw = False
18.4878 	EXP 	fSound: autoDraw = True
18.4878 	EXP 	xMute1: autoDraw = True
18.4878 	EXP 	jMute1: autoDraw = True
18.4878 	EXP 	text_2: autoDraw = True
19.4101 	EXP 	fMute: autoDraw = True
19.4101 	EXP 	xSound: autoDraw = True
19.4902 	EXP 	fSound: autoDraw = False
19.4902 	EXP 	xMute1: autoDraw = False
20.4285 	EXP 	xMute2: autoDraw = True
20.4285 	EXP 	jSound: autoDraw = True
20.4504 	EXP 	xSound: autoDraw = False
20.4948 	EXP 	jMute1: autoDraw = False
21.3929 	EXP 	jMute2: autoDraw = True
21.4345 	EXP 	jSound: autoDraw = False
24.0868 	DATA 	Keypress: h
25.6976 	EXP 	New trial (rep=0, index=1): OrderedDict([('audioA', 'postTest/83_pitita3.wav'), ('audioB', 'postTest/83_pitita3.wav'), ('audioC', 'postTest/83_pitita2.wav'), ('correctLabel', 'audioA')])
25.7113 	DATA 	Keypress: j
25.7158 	EXP 	fSound: autoDraw = False
25.7158 	EXP 	fMute: autoDraw = False
25.7158 	EXP 	xMute1: autoDraw = False
25.7158 	EXP 	xSound: autoDraw = False
25.7158 	EXP 	xMute2: autoDraw = False
25.7158 	EXP 	jMute1: autoDraw = False
25.7158 	EXP 	jSound: autoDraw = False
25.7158 	EXP 	jMute2: autoDraw = False
25.7158 	EXP 	text_2: autoDraw = False
25.7158 	EXP 	fSound: autoDraw = True
25.7158 	EXP 	xMute1: autoDraw = True
25.7158 	EXP 	jMute1: autoDraw = True
25.7158 	EXP 	text_2: autoDraw = True
26.7070 	EXP 	fMute: autoDraw = True
26.7070 	EXP 	xSound: autoDraw = True
26.7228 	EXP 	fSound: autoDraw = False
26.7228 	EXP 	xMute1: autoDraw = False
27.7052 	EXP 	xMute2: autoDraw = True
27.7052 	EXP 	jSound: autoDraw = True
27.7220 	EXP 	xSound: autoDraw = False
27.7220 	EXP 	jMute1: autoDraw = False
28.7051 	EXP 	jSound: autoDraw = False
28.7051 	EXP 	jMute2: autoDraw = True
29.9386 	DATA 	Keypress: h
31.3264 	DATA 	Keypress: f
31.3531 	EXP 	New trial (rep=0, index=2): OrderedDict([('audioA', 'postTest/84_pitoka3.wav'), ('audioB', 'postTest/84_pitoka1.wav'), ('audioC', 'postTest/84_pitoka1.wav'), ('correctLabel', 'audioB')])
31.3874 	EXP 	fSound: autoDraw = False
31.3874 	EXP 	fMute: autoDraw = False
31.3874 	EXP 	xMute1: autoDraw = False
31.3874 	EXP 	xSound: autoDraw = False
31.3874 	EXP 	xMute2: autoDraw = False
31.3874 	EXP 	jMute1: autoDraw = False
31.3874 	EXP 	jSound: autoDraw = False
31.3874 	EXP 	jMute2: autoDraw = False
31.3874 	EXP 	text_2: autoDraw = False
31.3874 	EXP 	fSound: autoDraw = True
31.3874 	EXP 	xMute1: autoDraw = True
31.3874 	EXP 	jMute1: autoDraw = True
31.3874 	EXP 	text_2: autoDraw = True
32.3724 	EXP 	fMute: autoDraw = True
32.3724 	EXP 	xSound: autoDraw = True
32.3877 	EXP 	fSound: autoDraw = False
32.3877 	EXP 	xMute1: autoDraw = False
33.3794 	EXP 	xSound: autoDraw = False
33.3794 	EXP 	xMute2: autoDraw = True
33.3794 	EXP 	jSound: autoDraw = True
33.4051 	EXP 	jMute1: autoDraw = False
34.3730 	EXP 	jMute2: autoDraw = True
34.3962 	EXP 	jSound: autoDraw = False
34.7457 	DATA 	Keypress: escape
35.0009 	EXP 	window1: mouseVisible = True
