1.5598 	WARNING 	We strongly recommend you activate the PTB sound engine in PsychoPy prefs as the preferred audio engine. Its timing is vastly superior. Your prefs are currently set to use ['sounddevice', 'PTB', 'pyo', 'pygame'] (in that order).
18.2635 	WARNING 	User requested fullscreen with size [1024  768], but screen is actually [1920, 1200]. Using actual size
20.5976 	EXP 	Created window1 = Window(allowGUI=False, allowStencil=False, args=UNKNOWN, autoLog=True, bitsMode=UNKNOWN, blendMode='avg', bpc=(8, 8, 8), color=array([0., 0., 0.]), colorSpace='rgb', depthBits=8, fullscr=<method-wrapper '__getattribute__' of attributeSetter object at 0x0000021EED9EC668>, gamma=None, gammaErrorPolicy='raise', kwargs=UNKNOWN, lms=UNKNOWN, monitor=<psychopy.monitors.calibTools.Monitor object at 0x0000021EEDBCC080>, multiSample=False, name='window1', numSamples=2, pos=[0.0, 0.0], screen=0, size=array([1920, 1200]), stencilBits=0, stereo=False, units='height', useFBO=True, useRetina=False, viewOri=0.0, viewPos=None, viewScale=None, waitBlanking=True, winType='pyglet')
20.5977 	EXP 	window1: recordFrameIntervals = False
20.7631 	EXP 	window1: recordFrameIntervals = True
20.9467 	EXP 	window1: recordFrameIntervals = False
21.4255 	EXP 	Created instructions = TextStim(__class__=<class 'psychopy.visual.text.TextStim'>, alignHoriz=method-wrapper(...), alignText='center', alignVert=method-wrapper(...), anchorHoriz='center', anchorVert='center', antialias=True, autoLog=True, bold=False, color='white', colorSpace='named', contrast=1.0, depth=0.0, flipHoriz=False, flipVert=False, font='Arial', fontFiles=[], height=0.1, italic=False, languageStyle='LTR', name='instructions', opacity=1.0, ori=0, pos=array([0., 0.]), rgb=array([255., 255., 255.]), text=str(...), units='height', win=Window(...), wrapWidth=1)
21.4279 	EXP 	Created imagetrain1 = ImageStim(__class__=<class 'psychopy.visual.image.ImageStim'>, autoLog=True, color=array([1., 1., 1.]), colorSpace='rgb', contrast=1.0, depth=0.0, flipHoriz=False, flipVert=False, image='sin', interpolate=True, mask=None, maskParams=None, name='imagetrain1', opacity=1.0, ori=0.0, pos=array([0., 0.]), size=array([0.5, 0.5]), texRes=128, units='height', win=Window(...))
21.4941 	EXP 	Sound stimuli1train1 set volume 1.000
21.4942 	EXP 	Sound stimuli2train1 set volume 1.000
21.4942 	EXP 	Sound sound_1 set volume 1.000
21.4942 	EXP 	Sound stimuli3train1 set volume 1.000
21.4943 	EXP 	Sound stimuli4train1 set volume 1.000
21.4943 	EXP 	Sound stimuli5train1 set volume 1.000
21.4944 	EXP 	Sound stimulitest1 set volume 1.000
21.4970 	EXP 	Created correct = ImageStim(__class__=<class 'psychopy.visual.image.ImageStim'>, autoLog=True, color=array([1., 1., 1.]), colorSpace='rgb', contrast=1.0, depth=-1.0, flipHoriz=False, flipVert=False, image='sin', interpolate=True, mask=None, maskParams=None, name='correct', opacity=1.0, ori=0.0, pos=array([0., 0.]), size=array([0.5, 0.5]), texRes=128, units='height', win=Window(...))
21.4990 	EXP 	Created incorrect = ImageStim(__class__=<class 'psychopy.visual.image.ImageStim'>, autoLog=True, color=array([1., 1., 1.]), colorSpace='rgb', contrast=1.0, depth=-2.0, flipHoriz=False, flipVert=False, image='sin', interpolate=True, mask=None, maskParams=None, name='incorrect', opacity=1.0, ori=0.0, pos=array([0., 0.]), size=array([0.5, 0.5]), texRes=128, units='height', win=Window(...))
21.5303 	EXP 	Created notice = TextStim(__class__=<class 'psychopy.visual.text.TextStim'>, alignHoriz=method-wrapper(...), alignText='center', alignVert=method-wrapper(...), anchorHoriz='center', anchorVert='center', antialias=True, autoLog=True, bold=False, color='white', colorSpace='named', contrast=1.0, depth=0.0, flipHoriz=False, flipVert=False, font='Arial', fontFiles=[], height=0.05, italic=False, languageStyle='LTR', name='notice', opacity=1.0, ori=0, pos=array([0., 0.]), rgb=array([255., 255., 255.]), text=str(...), units='height', win=Window(...), wrapWidth=1)
21.5304 	EXP 	Sound stimuli1train2 set volume 1.000
21.5321 	EXP 	Created imagetrain2 = ImageStim(__class__=<class 'psychopy.visual.image.ImageStim'>, autoLog=True, color=array([1., 1., 1.]), colorSpace='rgb', contrast=1.0, depth=-1.0, flipHoriz=False, flipVert=False, image='sin', interpolate=True, mask=None, maskParams=None, name='imagetrain2', opacity=1.0, ori=0.0, pos=array([0., 0.]), size=array([0.5, 0.5]), texRes=128, units='height', win=Window(...))
21.5322 	EXP 	Sound stimulitest2 set volume 1.000
21.5337 	EXP 	Created correct2 = ImageStim(__class__=<class 'psychopy.visual.image.ImageStim'>, autoLog=True, color=array([1., 1., 1.]), colorSpace='rgb', contrast=1.0, depth=-1.0, flipHoriz=False, flipVert=False, image='sin', interpolate=True, mask=None, maskParams=None, name='correct2', opacity=1.0, ori=0.0, pos=array([0., 0.]), size=array([0.5, 0.5]), texRes=128, units='height', win=Window(...))
21.5353 	EXP 	Created incorrect2 = ImageStim(__class__=<class 'psychopy.visual.image.ImageStim'>, autoLog=True, color=array([1., 1., 1.]), colorSpace='rgb', contrast=1.0, depth=-2.0, flipHoriz=False, flipVert=False, image='sin', interpolate=True, mask=None, maskParams=None, name='incorrect2', opacity=1.0, ori=0.0, pos=array([0., 0.]), size=array([0.5, 0.5]), texRes=128, units='height', win=Window(...))
21.5467 	EXP 	Created test1Instr = TextStim(__class__=<class 'psychopy.visual.text.TextStim'>, alignHoriz=method-wrapper(...), alignText='center', alignVert=method-wrapper(...), anchorHoriz='center', anchorVert='center', antialias=True, autoLog=True, bold=False, color='white', colorSpace='named', contrast=1.0, depth=0.0, flipHoriz=False, flipVert=False, font='Arial', fontFiles=[], height=0.05, italic=False, languageStyle='LTR', name='test1Instr', opacity=1.0, ori=0, pos=array([0., 0.]), rgb=array([255., 255., 255.]), text='Instructions For Test1 Go Here', units='height', win=Window(...), wrapWidth=1)
21.5566 	EXP 	Created oneWarningTest1 = TextStim(__class__=<class 'psychopy.visual.text.TextStim'>, alignHoriz=method-wrapper(...), alignText='center', alignVert=method-wrapper(...), anchorHoriz='center', anchorVert='center', antialias=True, autoLog=True, bold=False, color='white', colorSpace='named', contrast=1.0, depth=-2.0, flipHoriz=False, flipVert=False, font='Arial', fontFiles=[], height=0.1, italic=False, languageStyle='LTR', name='oneWarningTest1', opacity=1.0, ori=0, pos=array([ 0. , -0.5]), rgb=array([255., 255., 255.]), text='Less than 1 minute left', units='height', win=Window(...), wrapWidth=1)
21.5652 	EXP 	Created twoWarningTest1 = TextStim(__class__=<class 'psychopy.visual.text.TextStim'>, alignHoriz=method-wrapper(...), alignText='center', alignVert=method-wrapper(...), anchorHoriz='center', anchorVert='center', antialias=True, autoLog=True, bold=False, color='white', colorSpace='named', contrast=1.0, depth=-3.0, flipHoriz=False, flipVert=False, font='Arial', fontFiles=[], height=0.1, italic=False, languageStyle='LTR', name='twoWarningTest1', opacity=1.0, ori=0, pos=array([ 0. , -0.5]), rgb=array([255., 255., 255.]), text='Less than 2 minutes left', units='height', win=Window(...), wrapWidth=1)
21.5726 	EXP 	Created threeWarningTest1 = TextStim(__class__=<class 'psychopy.visual.text.TextStim'>, alignHoriz=method-wrapper(...), alignText='center', alignVert=method-wrapper(...), anchorHoriz='center', anchorVert='center', antialias=True, autoLog=True, bold=False, color='white', colorSpace='named', contrast=1.0, depth=-4.0, flipHoriz=False, flipVert=False, font='Arial', fontFiles=[], height=0.1, italic=False, languageStyle='LTR', name='threeWarningTest1', opacity=1.0, ori=0, pos=array([0., 0.]), rgb=array([255., 255., 255.]), text='Less than 3 minutes left', units='height', win=Window(...), wrapWidth=1)
21.5783 	EXP 	Created fourWarningTest1 = TextStim(__class__=<class 'psychopy.visual.text.TextStim'>, alignHoriz=method-wrapper(...), alignText='center', alignVert=method-wrapper(...), anchorHoriz='center', anchorVert='center', antialias=True, autoLog=True, bold=False, color='white', colorSpace='named', contrast=1.0, depth=-5.0, flipHoriz=False, flipVert=False, font='Arial', fontFiles=[], height=0.1, italic=False, languageStyle='LTR', name='fourWarningTest1', opacity=1.0, ori=0, pos=array([0., 0.]), rgb=array([255., 255., 255.]), text='Less than four minutes left', units='height', win=Window(...), wrapWidth=1)
21.5784 	EXP 	Sound test1Audio1 set volume 1.000
21.5803 	EXP 	Created test1Audio1Sound = ImageStim(__class__=<class 'psychopy.visual.image.ImageStim'>, autoLog=True, color=array([1., 1., 1.]), colorSpace='rgb', contrast=1.0, depth=-1.0, flipHoriz=False, flipVert=False, image='sin', interpolate=True, mask=None, maskParams=None, name='test1Audio1Sound', opacity=1.0, ori=0.0, pos=array([-0.3, -0.3]), size=array([0.2, 0.2]), texRes=128, units='height', win=Window(...))
21.5820 	EXP 	Created test1Audio1Mute = ImageStim(__class__=<class 'psychopy.visual.image.ImageStim'>, autoLog=True, color=array([1., 1., 1.]), colorSpace='rgb', contrast=1.0, depth=-2.0, flipHoriz=False, flipVert=False, image='sin', interpolate=True, mask=None, maskParams=None, name='test1Audio1Mute', opacity=1.0, ori=0.0, pos=array([-0.3, -0.3]), size=array([0.2, 0.2]), texRes=128, units='height', win=Window(...))
21.5820 	EXP 	Sound test1Audio2 set volume 1.000
21.5836 	EXP 	Created test1Audio2Mute1 = ImageStim(__class__=<class 'psychopy.visual.image.ImageStim'>, autoLog=True, color=array([1., 1., 1.]), colorSpace='rgb', contrast=1.0, depth=-4.0, flipHoriz=False, flipVert=False, image='sin', interpolate=True, mask=None, maskParams=None, name='test1Audio2Mute1', opacity=1.0, ori=0.0, pos=array([ 0.3, -0.3]), size=array([0.2, 0.2]), texRes=128, units='height', win=Window(...))
21.5855 	EXP 	Created test1Audio2Sound = ImageStim(__class__=<class 'psychopy.visual.image.ImageStim'>, autoLog=True, color=array([1., 1., 1.]), colorSpace='rgb', contrast=1.0, depth=-5.0, flipHoriz=False, flipVert=False, image='sin', interpolate=True, mask=None, maskParams=None, name='test1Audio2Sound', opacity=1.0, ori=0.0, pos=array([ 0.3, -0.3]), size=array([0.2, 0.2]), texRes=128, units='height', win=Window(...))
21.5875 	EXP 	Created test1Audio2Mute2 = ImageStim(__class__=<class 'psychopy.visual.image.ImageStim'>, autoLog=True, color=array([1., 1., 1.]), colorSpace='rgb', contrast=1.0, depth=-6.0, flipHoriz=False, flipVert=False, image='sin', interpolate=True, mask=None, maskParams=None, name='test1Audio2Mute2', opacity=1.0, ori=0.0, pos=array([ 0.3, -0.3]), size=array([0.2, 0.2]), texRes=128, units='height', win=Window(...))
21.5894 	EXP 	Created test1Image = ImageStim(__class__=<class 'psychopy.visual.image.ImageStim'>, autoLog=True, color=array([1., 1., 1.]), colorSpace='rgb', contrast=1.0, depth=-8.0, flipHoriz=False, flipVert=False, image='sin', interpolate=True, mask=None, maskParams=None, name='test1Image', opacity=1.0, ori=0.0, pos=array([0. , 0.2]), size=array([0.4, 0.4]), texRes=128, units='height', win=Window(...))
21.7781 	EXP 	Created test1F = TextStim(__class__=<class 'psychopy.visual.text.TextStim'>, alignHoriz=method-wrapper(...), alignText='center', alignVert=method-wrapper(...), anchorHoriz='center', anchorVert='center', antialias=True, autoLog=True, bold=False, color='white', colorSpace='named', contrast=1.0, depth=-9.0, flipHoriz=False, flipVert=False, font='Arial', fontFiles=[], height=0.2, italic=False, languageStyle='LTR', name='test1F', opacity=1.0, ori=0, pos=array([-0.3, -0.1]), rgb=array([255., 255., 255.]), text='F', units='height', win=Window(...), wrapWidth=1)
21.7865 	EXP 	Created test1J = TextStim(__class__=<class 'psychopy.visual.text.TextStim'>, alignHoriz=method-wrapper(...), alignText='center', alignVert=method-wrapper(...), anchorHoriz='center', anchorVert='center', antialias=True, autoLog=True, bold=False, color='white', colorSpace='named', contrast=1.0, depth=-10.0, flipHoriz=False, flipVert=False, font='Arial', fontFiles=[], height=0.2, italic=False, languageStyle='LTR', name='test1J', opacity=1.0, ori=0, pos=array([ 0.3, -0.1]), rgb=array([255., 255., 255.]), text='J', units='height', win=Window(...), wrapWidth=1)
21.8191 	EXP 	Created test2Instr = TextStim(__class__=<class 'psychopy.visual.text.TextStim'>, alignHoriz=method-wrapper(...), alignText='center', alignVert=method-wrapper(...), anchorHoriz='center', anchorVert='center', antialias=True, autoLog=True, bold=False, color='white', colorSpace='named', contrast=1.0, depth=0.0, flipHoriz=False, flipVert=False, font='Arial', fontFiles=[], height=0.1, italic=False, languageStyle='LTR', name='test2Instr', opacity=1.0, ori=0, pos=array([0., 0.]), rgb=array([255., 255., 255.]), text='Instructions For Test2 Go Here', units='height', win=Window(...), wrapWidth=1)
21.8193 	EXP 	Sound test2Audio1 set volume 1.000
21.8215 	EXP 	Created test2Audio1Sound = ImageStim(__class__=<class 'psychopy.visual.image.ImageStim'>, autoLog=True, color=array([1., 1., 1.]), colorSpace='rgb', contrast=1.0, depth=-1.0, flipHoriz=False, flipVert=False, image='sin', interpolate=True, mask=None, maskParams=None, name='test2Audio1Sound', opacity=1.0, ori=0.0, pos=array([-0.3, -0.3]), size=array([0.2, 0.2]), texRes=128, units='height', win=Window(...))
21.8232 	EXP 	Created test1Audio2Mute = ImageStim(__class__=<class 'psychopy.visual.image.ImageStim'>, autoLog=True, color=array([1., 1., 1.]), colorSpace='rgb', contrast=1.0, depth=-2.0, flipHoriz=False, flipVert=False, image='sin', interpolate=True, mask=None, maskParams=None, name='test1Audio2Mute', opacity=1.0, ori=0.0, pos=array([-0.3, -0.3]), size=array([0.2, 0.2]), texRes=128, units='height', win=Window(...))
21.8233 	EXP 	Sound test2Audio2 set volume 1.000
21.8249 	EXP 	Created test2Audio2Mute1 = ImageStim(__class__=<class 'psychopy.visual.image.ImageStim'>, autoLog=True, color=array([1., 1., 1.]), colorSpace='rgb', contrast=1.0, depth=-4.0, flipHoriz=False, flipVert=False, image='sin', interpolate=True, mask=None, maskParams=None, name='test2Audio2Mute1', opacity=1.0, ori=0.0, pos=array([ 0.3, -0.3]), size=array([0.2, 0.2]), texRes=128, units='height', win=Window(...))
21.8266 	EXP 	Created test2Audio2Sound = ImageStim(__class__=<class 'psychopy.visual.image.ImageStim'>, autoLog=True, color=array([1., 1., 1.]), colorSpace='rgb', contrast=1.0, depth=-5.0, flipHoriz=False, flipVert=False, image='sin', interpolate=True, mask=None, maskParams=None, name='test2Audio2Sound', opacity=1.0, ori=0.0, pos=array([ 0.3, -0.3]), size=array([0.2, 0.2]), texRes=128, units='height', win=Window(...))
21.8582 	EXP 	Created test2Audio2Mute2 = ImageStim(__class__=<class 'psychopy.visual.image.ImageStim'>, autoLog=True, color=array([1., 1., 1.]), colorSpace='rgb', contrast=1.0, depth=-6.0, flipHoriz=False, flipVert=False, image='mute.png', interpolate=True, mask=None, maskParams=None, name='test2Audio2Mute2', opacity=1.0, ori=0.0, pos=array([ 0.3, -0.3]), size=array([0.2, 0.2]), texRes=128, units='height', win=Window(...))
21.8604 	EXP 	Created test2Image = ImageStim(__class__=<class 'psychopy.visual.image.ImageStim'>, autoLog=True, color=array([1., 1., 1.]), colorSpace='rgb', contrast=1.0, depth=-8.0, flipHoriz=False, flipVert=False, image='sin', interpolate=True, mask=None, maskParams=None, name='test2Image', opacity=1.0, ori=0.0, pos=array([0. , 0.2]), size=array([0.4, 0.4]), texRes=128, units='height', win=Window(...))
21.8624 	EXP 	Created test2F = TextStim(__class__=<class 'psychopy.visual.text.TextStim'>, alignHoriz=method-wrapper(...), alignText='center', alignVert=method-wrapper(...), anchorHoriz='center', anchorVert='center', antialias=True, autoLog=True, bold=False, color='white', colorSpace='named', contrast=1.0, depth=-9.0, flipHoriz=False, flipVert=False, font='Arial', fontFiles=[], height=0.2, italic=False, languageStyle='LTR', name='test2F', opacity=1.0, ori=0, pos=array([-0.3, -0.1]), rgb=array([255., 255., 255.]), text='F', units='height', win=Window(...), wrapWidth=1)
21.8641 	EXP 	Created test2J = TextStim(__class__=<class 'psychopy.visual.text.TextStim'>, alignHoriz=method-wrapper(...), alignText='center', alignVert=method-wrapper(...), anchorHoriz='center', anchorVert='center', antialias=True, autoLog=True, bold=False, color='white', colorSpace='named', contrast=1.0, depth=-10.0, flipHoriz=False, flipVert=False, font='Arial', fontFiles=[], height=0.2, italic=False, languageStyle='LTR', name='test2J', opacity=1.0, ori=0, pos=array([ 0.3, -0.1]), rgb=array([255., 255., 255.]), text='J', units='height', win=Window(...), wrapWidth=1)
21.8741 	EXP 	Created test3Instr = TextStim(__class__=<class 'psychopy.visual.text.TextStim'>, alignHoriz=method-wrapper(...), alignText='center', alignVert=method-wrapper(...), anchorHoriz='center', anchorVert='center', antialias=True, autoLog=True, bold=False, color='white', colorSpace='named', contrast=1.0, depth=0.0, flipHoriz=False, flipVert=False, font='Arial', fontFiles=[], height=0.1, italic=False, languageStyle='LTR', name='test3Instr', opacity=1.0, ori=0, pos=array([0., 0.]), rgb=array([255., 255., 255.]), text='Instructions For Test3 Go Here\n', units='height', win=Window(...), wrapWidth=1)
21.8742 	EXP 	Sound test3Audio1 set volume 1.000
21.8760 	EXP 	Created test3Audio1Sound = ImageStim(__class__=<class 'psychopy.visual.image.ImageStim'>, autoLog=True, color=array([1., 1., 1.]), colorSpace='rgb', contrast=1.0, depth=-1.0, flipHoriz=False, flipVert=False, image='sin', interpolate=True, mask=None, maskParams=None, name='test3Audio1Sound', opacity=1.0, ori=0.0, pos=array([-0.3, -0.3]), size=array([0.2, 0.2]), texRes=128, units='height', win=Window(...))
21.8777 	EXP 	Created test3Audio1Mute = ImageStim(__class__=<class 'psychopy.visual.image.ImageStim'>, autoLog=True, color=array([1., 1., 1.]), colorSpace='rgb', contrast=1.0, depth=-2.0, flipHoriz=False, flipVert=False, image='sin', interpolate=True, mask=None, maskParams=None, name='test3Audio1Mute', opacity=1.0, ori=0.0, pos=array([-0.3, -0.3]), size=array([0.2, 0.2]), texRes=128, units='height', win=Window(...))
21.8778 	EXP 	Sound test3Audio2 set volume 1.000
21.8798 	EXP 	Created test3Audio2Mute1 = ImageStim(__class__=<class 'psychopy.visual.image.ImageStim'>, autoLog=True, color=array([1., 1., 1.]), colorSpace='rgb', contrast=1.0, depth=-4.0, flipHoriz=False, flipVert=False, image='sin', interpolate=True, mask=None, maskParams=None, name='test3Audio2Mute1', opacity=1.0, ori=0.0, pos=array([ 0.3, -0.3]), size=array([0.2, 0.2]), texRes=128, units='height', win=Window(...))
21.8816 	EXP 	Created test3Audio2Sound = ImageStim(__class__=<class 'psychopy.visual.image.ImageStim'>, autoLog=True, color=array([1., 1., 1.]), colorSpace='rgb', contrast=1.0, depth=-5.0, flipHoriz=False, flipVert=False, image='sin', interpolate=True, mask=None, maskParams=None, name='test3Audio2Sound', opacity=1.0, ori=0.0, pos=array([ 0.3, -0.3]), size=array([0.2, 0.2]), texRes=128, units='height', win=Window(...))
21.8833 	EXP 	Created test3Audio2Mute2 = ImageStim(__class__=<class 'psychopy.visual.image.ImageStim'>, autoLog=True, color=array([1., 1., 1.]), colorSpace='rgb', contrast=1.0, depth=-6.0, flipHoriz=False, flipVert=False, image='sin', interpolate=True, mask=None, maskParams=None, name='test3Audio2Mute2', opacity=1.0, ori=0.0, pos=array([ 0.3, -0.3]), size=array([0.2, 0.2]), texRes=128, units='height', win=Window(...))
21.8852 	EXP 	Created test3Image = ImageStim(__class__=<class 'psychopy.visual.image.ImageStim'>, autoLog=True, color=array([1., 1., 1.]), colorSpace='rgb', contrast=1.0, depth=-8.0, flipHoriz=False, flipVert=False, image='sin', interpolate=True, mask=None, maskParams=None, name='test3Image', opacity=1.0, ori=0.0, pos=array([0. , 0.2]), size=array([0.4, 0.4]), texRes=128, units='height', win=Window(...))
21.8870 	EXP 	Created test3F = TextStim(__class__=<class 'psychopy.visual.text.TextStim'>, alignHoriz=method-wrapper(...), alignText='center', alignVert=method-wrapper(...), anchorHoriz='center', anchorVert='center', antialias=True, autoLog=True, bold=False, color='white', colorSpace='named', contrast=1.0, depth=-9.0, flipHoriz=False, flipVert=False, font='Arial', fontFiles=[], height=0.2, italic=False, languageStyle='LTR', name='test3F', opacity=1.0, ori=0, pos=array([-0.3, -0.1]), rgb=array([255., 255., 255.]), text='F', units='height', win=Window(...), wrapWidth=1)
21.8888 	EXP 	Created test3J = TextStim(__class__=<class 'psychopy.visual.text.TextStim'>, alignHoriz=method-wrapper(...), alignText='center', alignVert=method-wrapper(...), anchorHoriz='center', anchorVert='center', antialias=True, autoLog=True, bold=False, color='white', colorSpace='named', contrast=1.0, depth=-10.0, flipHoriz=False, flipVert=False, font='Arial', fontFiles=[], height=0.2, italic=False, languageStyle='LTR', name='test3J', opacity=1.0, ori=0, pos=array([ 0.3, -0.1]), rgb=array([255., 255., 255.]), text='J', units='height', win=Window(...), wrapWidth=1)
21.9160 	EXP 	Created postTestText = TextStim(__class__=<class 'psychopy.visual.text.TextStim'>, alignHoriz=method-wrapper(...), alignText='center', alignVert=method-wrapper(...), anchorHoriz='center', anchorVert='center', antialias=True, autoLog=True, bold=False, color='white', colorSpace='named', contrast=1.0, depth=0.0, flipHoriz=False, flipVert=False, font='Arial', fontFiles=[], height=0.1, italic=False, languageStyle='LTR', name='postTestText', opacity=1.0, ori=0, pos=array([0., 0.]), rgb=array([255., 255., 255.]), text=str(...), units='height', win=Window(...), wrapWidth=1)
21.9161 	EXP 	Sound postTestAudio1 set volume 1.000
21.9372 	EXP 	Created fSound = ImageStim(__class__=<class 'psychopy.visual.image.ImageStim'>, autoLog=True, color=array([1., 1., 1.]), colorSpace='rgb', contrast=1.0, depth=-2.0, flipHoriz=False, flipVert=False, image='sound.png', interpolate=True, mask=None, maskParams=None, name='fSound', opacity=1.0, ori=0.0, pos=array([-0.5, -0.3]), size=array([0.2, 0.2]), texRes=128, units='height', win=Window(...))
21.9579 	EXP 	Created fMute = ImageStim(__class__=<class 'psychopy.visual.image.ImageStim'>, autoLog=True, color=array([1., 1., 1.]), colorSpace='rgb', contrast=1.0, depth=-3.0, flipHoriz=False, flipVert=False, image='mute.png', interpolate=True, mask=None, maskParams=None, name='fMute', opacity=1.0, ori=0.0, pos=array([-0.5, -0.3]), size=array([0.2, 0.2]), texRes=128, units='height', win=Window(...))
21.9580 	EXP 	Sound postTestAudio2 set volume 1.000
21.9767 	EXP 	Created xMute1 = ImageStim(__class__=<class 'psychopy.visual.image.ImageStim'>, autoLog=True, color=array([1., 1., 1.]), colorSpace='rgb', contrast=1.0, depth=-5.0, flipHoriz=False, flipVert=False, image='mute.png', interpolate=True, mask=None, maskParams=None, name='xMute1', opacity=1.0, ori=0.0, pos=array([ 0. , -0.3]), size=array([0.2, 0.2]), texRes=128, units='height', win=Window(...))
22.0002 	EXP 	Created xSound = ImageStim(__class__=<class 'psychopy.visual.image.ImageStim'>, autoLog=True, color=array([1., 1., 1.]), colorSpace='rgb', contrast=1.0, depth=-6.0, flipHoriz=False, flipVert=False, image='sound.png', interpolate=True, mask=None, maskParams=None, name='xSound', opacity=1.0, ori=0.0, pos=array([ 0. , -0.3]), size=array([0.2, 0.2]), texRes=128, units='height', win=Window(...))
22.0219 	EXP 	Created xMute2 = ImageStim(__class__=<class 'psychopy.visual.image.ImageStim'>, autoLog=True, color=array([1., 1., 1.]), colorSpace='rgb', contrast=1.0, depth=-7.0, flipHoriz=False, flipVert=False, image='mute.png', interpolate=True, mask=None, maskParams=None, name='xMute2', opacity=1.0, ori=0.0, pos=array([ 0. , -0.3]), size=array([0.2, 0.2]), texRes=128, units='height', win=Window(...))
22.0220 	EXP 	Sound postTestAudio3 set volume 1.000
22.0467 	EXP 	Created jMute1 = ImageStim(__class__=<class 'psychopy.visual.image.ImageStim'>, autoLog=True, color=array([1., 1., 1.]), colorSpace='rgb', contrast=1.0, depth=-9.0, flipHoriz=False, flipVert=False, image='mute.png', interpolate=True, mask=None, maskParams=None, name='jMute1', opacity=1.0, ori=0.0, pos=array([ 0.5, -0.3]), size=array([0.2, 0.2]), texRes=128, units='height', win=Window(...))
22.0693 	EXP 	Created jSound = ImageStim(__class__=<class 'psychopy.visual.image.ImageStim'>, autoLog=True, color=array([1., 1., 1.]), colorSpace='rgb', contrast=1.0, depth=-10.0, flipHoriz=False, flipVert=False, image='sound.png', interpolate=True, mask=None, maskParams=None, name='jSound', opacity=1.0, ori=0.0, pos=array([ 0.5, -0.3]), size=array([0.2, 0.2]), texRes=128, units='height', win=Window(...))
22.0914 	EXP 	Created jMute2 = ImageStim(__class__=<class 'psychopy.visual.image.ImageStim'>, autoLog=True, color=array([1., 1., 1.]), colorSpace='rgb', contrast=1.0, depth=-11.0, flipHoriz=False, flipVert=False, image='mute.png', interpolate=True, mask=None, maskParams=None, name='jMute2', opacity=1.0, ori=0.0, pos=array([ 0.5, -0.3]), size=array([0.2, 0.2]), texRes=128, units='height', win=Window(...))
22.1257 	EXP 	Created textInstructionsPostTest = TextStim(__class__=<class 'psychopy.visual.text.TextStim'>, alignHoriz=method-wrapper(...), alignText='center', alignVert=method-wrapper(...), anchorHoriz='center', anchorVert='center', antialias=True, autoLog=True, bold=False, color='white', colorSpace='named', contrast=1.0, depth=-12.0, flipHoriz=False, flipVert=False, font='Arial', fontFiles=[], height=0.05, italic=False, languageStyle='LTR', name='textInstructionsPostTest', opacity=1.0, ori=0, pos=array([0. , 0.3]), rgb=array([255., 255., 255.]), text=str(...), units='height', win=Window(...), wrapWidth=1)
22.1887 	EXP 	Created fText = TextStim(__class__=<class 'psychopy.visual.text.TextStim'>, alignHoriz=method-wrapper(...), alignText='center', alignVert=method-wrapper(...), anchorHoriz='center', anchorVert='center', antialias=True, autoLog=True, bold=False, color='white', colorSpace='named', contrast=1.0, depth=-13.0, flipHoriz=False, flipVert=False, font='Arial', fontFiles=[], height=0.3, italic=False, languageStyle='LTR', name='fText', opacity=1.0, ori=0, pos=array([-0.5,  0. ]), rgb=array([255., 255., 255.]), text='F', units='height', win=Window(...), wrapWidth=1)
22.2039 	EXP 	Created xText = TextStim(__class__=<class 'psychopy.visual.text.TextStim'>, alignHoriz=method-wrapper(...), alignText='center', alignVert=method-wrapper(...), anchorHoriz='center', anchorVert='center', antialias=True, autoLog=True, bold=False, color='white', colorSpace='named', contrast=1.0, depth=-14.0, flipHoriz=False, flipVert=False, font='Arial', fontFiles=[], height=0.3, italic=False, languageStyle='LTR', name='xText', opacity=1.0, ori=0, pos=array([0., 0.]), rgb=array([255., 255., 255.]), text='X', units='height', win=Window(...), wrapWidth=1)
22.2218 	EXP 	Created jText = TextStim(__class__=<class 'psychopy.visual.text.TextStim'>, alignHoriz=method-wrapper(...), alignText='center', alignVert=method-wrapper(...), anchorHoriz='center', anchorVert='center', antialias=True, autoLog=True, bold=False, color='white', colorSpace='named', contrast=1.0, depth=-15.0, flipHoriz=False, flipVert=False, font='Arial', fontFiles=[], height=0.3, italic=False, languageStyle='LTR', name='jText', opacity=1.0, ori=0, pos=array([0.5, 0. ]), rgb=array([255., 255., 255.]), text='J', units='height', win=Window(...), wrapWidth=1)
22.2732 	EXP 	Created text = TextStim(__class__=<class 'psychopy.visual.text.TextStim'>, alignHoriz=method-wrapper(...), alignText='center', alignVert=method-wrapper(...), anchorHoriz='center', anchorVert='center', antialias=True, autoLog=True, bold=False, color='white', colorSpace='named', contrast=1.0, depth=0.0, flipHoriz=False, flipVert=False, font='Arial', fontFiles=[], height=0.1, italic=False, languageStyle='LTR', name='text', opacity=1.0, ori=0, pos=array([0., 0.]), rgb=array([255., 255., 255.]), text=str(...), units='height', win=Window(...), wrapWidth=1)
22.3125 	EXP 	instructions: autoDraw = True
26.7699 	EXP 	Imported aoiConditions\train1LoopCondition.xlsx as conditions, 9 conditions, 2 params
26.7708 	EXP 	Created sequence: sequential, trialTypes=9, nReps=1, seed=None
26.7712 	EXP 	New trial (rep=0, index=0): OrderedDict([('condFiles', 'aoiConditions/train1Block1.xlsx'), ('testFiles', 'aoiConditions/train1Block1Test.xlsx')])
26.7829 	EXP 	Imported aoiConditions/train1Block1.xlsx as conditions, 6 conditions, 2 params
26.7831 	EXP 	Created sequence: sequential, trialTypes=6, nReps=1, seed=None
26.7834 	EXP 	New trial (rep=0, index=0): OrderedDict([('audio', 'trainingaudio/03_kikita3.wav'), ('imageLoc', 'pngimages/03_box.png')])
26.8025 	DATA 	Keypress: g
26.8054 	EXP 	instructions: autoDraw = False
26.8054 	EXP 	imagetrain1: image = 'pngimages/03_box.png'
28.8344 	EXP 	imagetrain1: autoDraw = True
39.8356 	EXP 	New trial (rep=0, index=1): OrderedDict([('audio', 'trainingaudio/07_pitapi2.wav'), ('imageLoc', 'pngimages/07_suitcase.png')])
39.8664 	EXP 	imagetrain1: autoDraw = False
39.8664 	EXP 	imagetrain1: autoDraw = False
39.8664 	EXP 	imagetrain1: image = 'pngimages/07_suitcase.png'
41.8645 	EXP 	imagetrain1: autoDraw = True
52.8602 	EXP 	New trial (rep=0, index=2): OrderedDict([('audio', 'trainingaudio/06_titoka3.wav'), ('imageLoc', 'pngimages/06_tent.png')])
52.8870 	EXP 	imagetrain1: autoDraw = False
52.8870 	EXP 	imagetrain1: autoDraw = False
52.8870 	EXP 	imagetrain1: image = 'pngimages/06_tent.png'
54.8752 	EXP 	imagetrain1: autoDraw = True
65.8708 	EXP 	New trial (rep=0, index=3): OrderedDict([('audio', 'trainingaudio/11_tokiko1.wav'), ('imageLoc', 'pngimages/11_compass.png')])
65.8968 	EXP 	imagetrain1: autoDraw = False
65.8968 	EXP 	imagetrain1: autoDraw = False
65.8968 	EXP 	imagetrain1: image = 'pngimages/11_compass.png'
67.8860 	EXP 	imagetrain1: autoDraw = True
78.8815 	EXP 	New trial (rep=0, index=4): OrderedDict([('audio', 'trainingaudio/25_tapapi1.wav'), ('imageLoc', 'pngimages/25_apple.png')])
78.9100 	EXP 	imagetrain1: autoDraw = False
78.9100 	EXP 	imagetrain1: autoDraw = False
78.9100 	EXP 	imagetrain1: image = 'pngimages/25_apple.png'
80.9132 	EXP 	imagetrain1: autoDraw = True
84.7014 	DATA 	Keypress: escape
85.0464 	EXP 	window1: mouseVisible = True
