2.1476 	WARNING 	We strongly recommend you activate the PTB sound engine in PsychoPy prefs as the preferred audio engine. Its timing is vastly superior. Your prefs are currently set to use ['sounddevice', 'PTB', 'pyo', 'pygame'] (in that order).
8.3841 	WARNING 	User requested fullscreen with size [1024  768], but screen is actually [1920, 1200]. Using actual size
12.5030 	EXP 	Created window1 = Window(allowGUI=False, allowStencil=False, args=UNKNOWN, autoLog=True, bitsMode=UNKNOWN, blendMode='avg', bpc=(8, 8, 8), color=array([0., 0., 0.]), colorSpace='rgb', depthBits=8, fullscr=<method-wrapper '__getattribute__' of attributeSetter object at 0x000002E218F9C6A0>, gamma=None, gammaErrorPolicy='raise', kwargs=UNKNOWN, lms=UNKNOWN, monitor=<psychopy.monitors.calibTools.Monitor object at 0x000002E2190AB0B8>, multiSample=False, name='window1', numSamples=2, pos=[0.0, 0.0], screen=0, size=array([1920, 1200]), stencilBits=0, stereo=False, units='height', useFBO=True, useRetina=False, viewOri=0.0, viewPos=None, viewScale=None, waitBlanking=True, winType='pyglet')
12.5030 	EXP 	window1: recordFrameIntervals = False
12.6689 	EXP 	window1: recordFrameIntervals = True
13.1428 	WARNING 	t of last frame was 23.25ms (=1/43)
13.3584 	WARNING 	t of last frame was 21.05ms (=1/47)
13.9529 	EXP 	window1: recordFrameIntervals = False
14.3480 	EXP 	Created instructions = TextStim(__class__=<class 'psychopy.visual.text.TextStim'>, alignHoriz=method-wrapper(...), alignText='center', alignVert=method-wrapper(...), anchorHoriz='center', anchorVert='center', antialias=True, autoLog=True, bold=False, color='white', colorSpace='named', contrast=1.0, depth=0.0, flipHoriz=False, flipVert=False, font='Arial', fontFiles=[], height=0.1, italic=False, languageStyle='LTR', name='instructions', opacity=1.0, ori=0, pos=array([0., 0.]), rgb=array([255., 255., 255.]), text=str(...), units='height', win=Window(...), wrapWidth=1)
14.4154 	EXP 	Sound stimulitrain1 set volume 1.000
14.4191 	EXP 	Created imagetrain1 = ImageStim(__class__=<class 'psychopy.visual.image.ImageStim'>, autoLog=True, color=array([1., 1., 1.]), colorSpace='rgb', contrast=1.0, depth=-1.0, flipHoriz=False, flipVert=False, image='sin', interpolate=True, mask=None, maskParams=None, name='imagetrain1', opacity=1.0, ori=0.0, pos=array([0., 0.]), size=array([0.5, 0.5]), texRes=128, units='height', win=Window(...))
14.4193 	EXP 	Sound stimulitest1 set volume 1.000
14.4215 	EXP 	Created correct = ImageStim(__class__=<class 'psychopy.visual.image.ImageStim'>, autoLog=True, color=array([1., 1., 1.]), colorSpace='rgb', contrast=1.0, depth=-1.0, flipHoriz=False, flipVert=False, image='sin', interpolate=True, mask=None, maskParams=None, name='correct', opacity=1.0, ori=0.0, pos=array([0., 0.]), size=array([0.5, 0.5]), texRes=128, units='height', win=Window(...))
14.4236 	EXP 	Created incorrect = ImageStim(__class__=<class 'psychopy.visual.image.ImageStim'>, autoLog=True, color=array([1., 1., 1.]), colorSpace='rgb', contrast=1.0, depth=-2.0, flipHoriz=False, flipVert=False, image='sin', interpolate=True, mask=None, maskParams=None, name='incorrect', opacity=1.0, ori=0.0, pos=array([0., 0.]), size=array([0.5, 0.5]), texRes=128, units='height', win=Window(...))
14.4584 	EXP 	Created notice = TextStim(__class__=<class 'psychopy.visual.text.TextStim'>, alignHoriz=method-wrapper(...), alignText='center', alignVert=method-wrapper(...), anchorHoriz='center', anchorVert='center', antialias=True, autoLog=True, bold=False, color='white', colorSpace='named', contrast=1.0, depth=0.0, flipHoriz=False, flipVert=False, font='Arial', fontFiles=[], height=0.05, italic=False, languageStyle='LTR', name='notice', opacity=1.0, ori=0, pos=array([0., 0.]), rgb=array([255., 255., 255.]), text=str(...), units='height', win=Window(...), wrapWidth=1)
14.4585 	EXP 	Sound stimulitrain2 set volume 1.000
14.4615 	EXP 	Created imagetrain2 = ImageStim(__class__=<class 'psychopy.visual.image.ImageStim'>, autoLog=True, color=array([1., 1., 1.]), colorSpace='rgb', contrast=1.0, depth=-1.0, flipHoriz=False, flipVert=False, image='sin', interpolate=True, mask=None, maskParams=None, name='imagetrain2', opacity=1.0, ori=0.0, pos=array([0., 0.]), size=array([0.5, 0.5]), texRes=128, units='height', win=Window(...))
14.4616 	EXP 	Sound stimulitest2 set volume 1.000
14.4634 	EXP 	Created correct2 = ImageStim(__class__=<class 'psychopy.visual.image.ImageStim'>, autoLog=True, color=array([1., 1., 1.]), colorSpace='rgb', contrast=1.0, depth=-2.0, flipHoriz=False, flipVert=False, image='sin', interpolate=True, mask=None, maskParams=None, name='correct2', opacity=1.0, ori=0.0, pos=array([0., 0.]), size=array([0.5, 0.5]), texRes=128, units='height', win=Window(...))
14.4661 	EXP 	Created incorrect2 = ImageStim(__class__=<class 'psychopy.visual.image.ImageStim'>, autoLog=True, color=array([1., 1., 1.]), colorSpace='rgb', contrast=1.0, depth=-3.0, flipHoriz=False, flipVert=False, image='sin', interpolate=True, mask=None, maskParams=None, name='incorrect2', opacity=1.0, ori=0.0, pos=array([0., 0.]), size=array([0.5, 0.5]), texRes=128, units='height', win=Window(...))
14.4781 	EXP 	Created test1Instr = TextStim(__class__=<class 'psychopy.visual.text.TextStim'>, alignHoriz=method-wrapper(...), alignText='center', alignVert=method-wrapper(...), anchorHoriz='center', anchorVert='center', antialias=True, autoLog=True, bold=False, color='white', colorSpace='named', contrast=1.0, depth=0.0, flipHoriz=False, flipVert=False, font='Arial', fontFiles=[], height=0.05, italic=False, languageStyle='LTR', name='test1Instr', opacity=1.0, ori=0, pos=array([0., 0.]), rgb=array([255., 255., 255.]), text='Instructions For Test1 Go Here', units='height', win=Window(...), wrapWidth=1)
14.4889 	EXP 	Created oneWarningTest1 = TextStim(__class__=<class 'psychopy.visual.text.TextStim'>, alignHoriz=method-wrapper(...), alignText='center', alignVert=method-wrapper(...), anchorHoriz='center', anchorVert='center', antialias=True, autoLog=True, bold=False, color='white', colorSpace='named', contrast=1.0, depth=-2.0, flipHoriz=False, flipVert=False, font='Arial', fontFiles=[], height=0.1, italic=False, languageStyle='LTR', name='oneWarningTest1', opacity=1.0, ori=0, pos=array([ 0. , -0.5]), rgb=array([255., 255., 255.]), text='Less than 1 minute left', units='height', win=Window(...), wrapWidth=1)
14.4969 	EXP 	Created twoWarningTest1 = TextStim(__class__=<class 'psychopy.visual.text.TextStim'>, alignHoriz=method-wrapper(...), alignText='center', alignVert=method-wrapper(...), anchorHoriz='center', anchorVert='center', antialias=True, autoLog=True, bold=False, color='white', colorSpace='named', contrast=1.0, depth=-3.0, flipHoriz=False, flipVert=False, font='Arial', fontFiles=[], height=0.1, italic=False, languageStyle='LTR', name='twoWarningTest1', opacity=1.0, ori=0, pos=array([ 0. , -0.5]), rgb=array([255., 255., 255.]), text='Less than 2 minutes left', units='height', win=Window(...), wrapWidth=1)
14.5055 	EXP 	Created threeWarningTest1 = TextStim(__class__=<class 'psychopy.visual.text.TextStim'>, alignHoriz=method-wrapper(...), alignText='center', alignVert=method-wrapper(...), anchorHoriz='center', anchorVert='center', antialias=True, autoLog=True, bold=False, color='white', colorSpace='named', contrast=1.0, depth=-4.0, flipHoriz=False, flipVert=False, font='Arial', fontFiles=[], height=0.1, italic=False, languageStyle='LTR', name='threeWarningTest1', opacity=1.0, ori=0, pos=array([0., 0.]), rgb=array([255., 255., 255.]), text='Less than 3 minutes left', units='height', win=Window(...), wrapWidth=1)
14.5110 	EXP 	Created fourWarningTest1 = TextStim(__class__=<class 'psychopy.visual.text.TextStim'>, alignHoriz=method-wrapper(...), alignText='center', alignVert=method-wrapper(...), anchorHoriz='center', anchorVert='center', antialias=True, autoLog=True, bold=False, color='white', colorSpace='named', contrast=1.0, depth=-5.0, flipHoriz=False, flipVert=False, font='Arial', fontFiles=[], height=0.1, italic=False, languageStyle='LTR', name='fourWarningTest1', opacity=1.0, ori=0, pos=array([0., 0.]), rgb=array([255., 255., 255.]), text='Less than four minutes left', units='height', win=Window(...), wrapWidth=1)
14.5111 	EXP 	Sound test1Audio1 set volume 1.000
14.5129 	EXP 	Created test1Audio1Sound = ImageStim(__class__=<class 'psychopy.visual.image.ImageStim'>, autoLog=True, color=array([1., 1., 1.]), colorSpace='rgb', contrast=1.0, depth=-1.0, flipHoriz=False, flipVert=False, image='sin', interpolate=True, mask=None, maskParams=None, name='test1Audio1Sound', opacity=1.0, ori=0.0, pos=array([-0.3, -0.3]), size=array([0.3, 0.3]), texRes=128, units='height', win=Window(...))
14.5146 	EXP 	Created test1Audio1Mute = ImageStim(__class__=<class 'psychopy.visual.image.ImageStim'>, autoLog=True, color=array([1., 1., 1.]), colorSpace='rgb', contrast=1.0, depth=-2.0, flipHoriz=False, flipVert=False, image='sin', interpolate=True, mask=None, maskParams=None, name='test1Audio1Mute', opacity=1.0, ori=0.0, pos=array([ 0.3, -0.3]), size=array([0.3, 0.3]), texRes=128, units='height', win=Window(...))
14.5148 	EXP 	Sound test1Audio2 set volume 1.000
14.5166 	EXP 	Created test1Audio2Mute1 = ImageStim(__class__=<class 'psychopy.visual.image.ImageStim'>, autoLog=True, color=array([1., 1., 1.]), colorSpace='rgb', contrast=1.0, depth=-4.0, flipHoriz=False, flipVert=False, image='sin', interpolate=True, mask=None, maskParams=None, name='test1Audio2Mute1', opacity=1.0, ori=0.0, pos=array([ 0.3, -0.3]), size=array([0.2, 0.2]), texRes=128, units='height', win=Window(...))
14.5191 	EXP 	Created test1Audio2Sound = ImageStim(__class__=<class 'psychopy.visual.image.ImageStim'>, autoLog=True, color=array([1., 1., 1.]), colorSpace='rgb', contrast=1.0, depth=-5.0, flipHoriz=False, flipVert=False, image='sin', interpolate=True, mask=None, maskParams=None, name='test1Audio2Sound', opacity=1.0, ori=0.0, pos=array([ 0.3, -0.3]), size=array([0.2, 0.2]), texRes=128, units='height', win=Window(...))
14.5212 	EXP 	Created test1Audio2Mute2 = ImageStim(__class__=<class 'psychopy.visual.image.ImageStim'>, autoLog=True, color=array([1., 1., 1.]), colorSpace='rgb', contrast=1.0, depth=-6.0, flipHoriz=False, flipVert=False, image='sin', interpolate=True, mask=None, maskParams=None, name='test1Audio2Mute2', opacity=1.0, ori=0.0, pos=array([ 0.3, -0.3]), size=array([0.2, 0.2]), texRes=128, units='height', win=Window(...))
14.5236 	EXP 	Created test1Image = ImageStim(__class__=<class 'psychopy.visual.image.ImageStim'>, autoLog=True, color=array([1., 1., 1.]), colorSpace='rgb', contrast=1.0, depth=-8.0, flipHoriz=False, flipVert=False, image='sin', interpolate=True, mask=None, maskParams=None, name='test1Image', opacity=1.0, ori=0.0, pos=array([0. , 0.3]), size=array([0.4, 0.4]), texRes=128, units='height', win=Window(...))
14.5391 	EXP 	Created test2Instr = TextStim(__class__=<class 'psychopy.visual.text.TextStim'>, alignHoriz=method-wrapper(...), alignText='center', alignVert=method-wrapper(...), anchorHoriz='center', anchorVert='center', antialias=True, autoLog=True, bold=False, color='white', colorSpace='named', contrast=1.0, depth=0.0, flipHoriz=False, flipVert=False, font='Arial', fontFiles=[], height=0.1, italic=False, languageStyle='LTR', name='test2Instr', opacity=1.0, ori=0, pos=array([0., 0.]), rgb=array([255., 255., 255.]), text='Instructions For Test2 Go Here', units='height', win=Window(...), wrapWidth=1)
14.5393 	EXP 	Sound test2Audio1 set volume 1.000
14.5394 	EXP 	Sound test2Audio2 set volume 1.000
14.5412 	EXP 	Created test2Image = ImageStim(__class__=<class 'psychopy.visual.image.ImageStim'>, autoLog=True, color=array([1., 1., 1.]), colorSpace='rgb', contrast=1.0, depth=-2.0, flipHoriz=False, flipVert=False, image='sin', interpolate=True, mask=None, maskParams=None, name='test2Image', opacity=1.0, ori=0.0, pos=array([0., 0.]), size=array([0.5, 0.5]), texRes=128, units='height', win=Window(...))
14.5485 	EXP 	Created test3Instr = TextStim(__class__=<class 'psychopy.visual.text.TextStim'>, alignHoriz=method-wrapper(...), alignText='center', alignVert=method-wrapper(...), anchorHoriz='center', anchorVert='center', antialias=True, autoLog=True, bold=False, color='white', colorSpace='named', contrast=1.0, depth=0.0, flipHoriz=False, flipVert=False, font='Arial', fontFiles=[], height=0.1, italic=False, languageStyle='LTR', name='test3Instr', opacity=1.0, ori=0, pos=array([0., 0.]), rgb=array([255., 255., 255.]), text='Instructions For Test3 Go Here\n', units='height', win=Window(...), wrapWidth=1)
14.5487 	EXP 	Sound test3Audio1 set volume 1.000
14.5487 	EXP 	Sound test3Audio2 set volume 1.000
14.5511 	EXP 	Created test3Image = ImageStim(__class__=<class 'psychopy.visual.image.ImageStim'>, autoLog=True, color=array([1., 1., 1.]), colorSpace='rgb', contrast=1.0, depth=-2.0, flipHoriz=False, flipVert=False, image='sin', interpolate=True, mask=None, maskParams=None, name='test3Image', opacity=1.0, ori=0.0, pos=array([0., 0.]), size=array([0.5, 0.5]), texRes=128, units='height', win=Window(...))
14.5687 	EXP 	Created postTestText = TextStim(__class__=<class 'psychopy.visual.text.TextStim'>, alignHoriz=method-wrapper(...), alignText='center', alignVert=method-wrapper(...), anchorHoriz='center', anchorVert='center', antialias=True, autoLog=True, bold=False, color='white', colorSpace='named', contrast=1.0, depth=0.0, flipHoriz=False, flipVert=False, font='Arial', fontFiles=[], height=0.1, italic=False, languageStyle='LTR', name='postTestText', opacity=1.0, ori=0, pos=array([0., 0.]), rgb=array([255., 255., 255.]), text=str(...), units='height', win=Window(...), wrapWidth=1)
14.5688 	EXP 	Sound postTestAudio1 set volume 1.000
14.5836 	EXP 	Created fSound = ImageStim(__class__=<class 'psychopy.visual.image.ImageStim'>, autoLog=True, color=array([1., 1., 1.]), colorSpace='rgb', contrast=1.0, depth=-2.0, flipHoriz=False, flipVert=False, image='sound.png', interpolate=True, mask=None, maskParams=None, name='fSound', opacity=1.0, ori=0.0, pos=array([-0.5, -0.3]), size=array([0.2, 0.2]), texRes=128, units='height', win=Window(...))
14.6055 	EXP 	Created fMute = ImageStim(__class__=<class 'psychopy.visual.image.ImageStim'>, autoLog=True, color=array([1., 1., 1.]), colorSpace='rgb', contrast=1.0, depth=-3.0, flipHoriz=False, flipVert=False, image='mute.png', interpolate=True, mask=None, maskParams=None, name='fMute', opacity=1.0, ori=0.0, pos=array([-0.5, -0.3]), size=array([0.2, 0.2]), texRes=128, units='height', win=Window(...))
14.6056 	EXP 	Sound postTestAudio2 set volume 1.000
14.6304 	EXP 	Created xMute1 = ImageStim(__class__=<class 'psychopy.visual.image.ImageStim'>, autoLog=True, color=array([1., 1., 1.]), colorSpace='rgb', contrast=1.0, depth=-5.0, flipHoriz=False, flipVert=False, image='mute.png', interpolate=True, mask=None, maskParams=None, name='xMute1', opacity=1.0, ori=0.0, pos=array([ 0. , -0.3]), size=array([0.2, 0.2]), texRes=128, units='height', win=Window(...))
14.6515 	EXP 	Created xSound = ImageStim(__class__=<class 'psychopy.visual.image.ImageStim'>, autoLog=True, color=array([1., 1., 1.]), colorSpace='rgb', contrast=1.0, depth=-6.0, flipHoriz=False, flipVert=False, image='Sound.png', interpolate=True, mask=None, maskParams=None, name='xSound', opacity=1.0, ori=0.0, pos=array([ 0. , -0.3]), size=array([0.2, 0.2]), texRes=128, units='height', win=Window(...))
14.6729 	EXP 	Created xMute2 = ImageStim(__class__=<class 'psychopy.visual.image.ImageStim'>, autoLog=True, color=array([1., 1., 1.]), colorSpace='rgb', contrast=1.0, depth=-7.0, flipHoriz=False, flipVert=False, image='mute.png', interpolate=True, mask=None, maskParams=None, name='xMute2', opacity=1.0, ori=0.0, pos=array([ 0. , -0.3]), size=array([0.2, 0.2]), texRes=128, units='height', win=Window(...))
14.6730 	EXP 	Sound postTestAudio3 set volume 1.000
14.6940 	EXP 	Created jMute1 = ImageStim(__class__=<class 'psychopy.visual.image.ImageStim'>, autoLog=True, color=array([1., 1., 1.]), colorSpace='rgb', contrast=1.0, depth=-9.0, flipHoriz=False, flipVert=False, image='mute.png', interpolate=True, mask=None, maskParams=None, name='jMute1', opacity=1.0, ori=0.0, pos=array([ 0.5, -0.3]), size=array([0.2, 0.2]), texRes=128, units='height', win=Window(...))
14.7143 	EXP 	Created jSound = ImageStim(__class__=<class 'psychopy.visual.image.ImageStim'>, autoLog=True, color=array([1., 1., 1.]), colorSpace='rgb', contrast=1.0, depth=-10.0, flipHoriz=False, flipVert=False, image='sound.png', interpolate=True, mask=None, maskParams=None, name='jSound', opacity=1.0, ori=0.0, pos=array([ 0.5, -0.3]), size=array([0.2, 0.2]), texRes=128, units='height', win=Window(...))
14.7348 	EXP 	Created jMute2 = ImageStim(__class__=<class 'psychopy.visual.image.ImageStim'>, autoLog=True, color=array([1., 1., 1.]), colorSpace='rgb', contrast=1.0, depth=-11.0, flipHoriz=False, flipVert=False, image='mute.png', interpolate=True, mask=None, maskParams=None, name='jMute2', opacity=1.0, ori=0.0, pos=array([ 0.5, -0.3]), size=array([0.2, 0.2]), texRes=128, units='height', win=Window(...))
14.7533 	EXP 	Created textInstructionsPostTest = TextStim(__class__=<class 'psychopy.visual.text.TextStim'>, alignHoriz=method-wrapper(...), alignText='center', alignVert=method-wrapper(...), anchorHoriz='center', anchorVert='center', antialias=True, autoLog=True, bold=False, color='white', colorSpace='named', contrast=1.0, depth=-12.0, flipHoriz=False, flipVert=False, font='Arial', fontFiles=[], height=0.05, italic=False, languageStyle='LTR', name='textInstructionsPostTest', opacity=1.0, ori=0, pos=array([0. , 0.3]), rgb=array([255., 255., 255.]), text=str(...), units='height', win=Window(...), wrapWidth=1)
14.9326 	EXP 	Created fText = TextStim(__class__=<class 'psychopy.visual.text.TextStim'>, alignHoriz=method-wrapper(...), alignText='center', alignVert=method-wrapper(...), anchorHoriz='center', anchorVert='center', antialias=True, autoLog=True, bold=False, color='white', colorSpace='named', contrast=1.0, depth=-13.0, flipHoriz=False, flipVert=False, font='Arial', fontFiles=[], height=0.3, italic=False, languageStyle='LTR', name='fText', opacity=1.0, ori=0, pos=array([-0.5,  0. ]), rgb=array([255., 255., 255.]), text='F', units='height', win=Window(...), wrapWidth=1)
14.9507 	EXP 	Created xText = TextStim(__class__=<class 'psychopy.visual.text.TextStim'>, alignHoriz=method-wrapper(...), alignText='center', alignVert=method-wrapper(...), anchorHoriz='center', anchorVert='center', antialias=True, autoLog=True, bold=False, color='white', colorSpace='named', contrast=1.0, depth=-14.0, flipHoriz=False, flipVert=False, font='Arial', fontFiles=[], height=0.3, italic=False, languageStyle='LTR', name='xText', opacity=1.0, ori=0, pos=array([0., 0.]), rgb=array([255., 255., 255.]), text='X', units='height', win=Window(...), wrapWidth=1)
14.9692 	EXP 	Created jText = TextStim(__class__=<class 'psychopy.visual.text.TextStim'>, alignHoriz=method-wrapper(...), alignText='center', alignVert=method-wrapper(...), anchorHoriz='center', anchorVert='center', antialias=True, autoLog=True, bold=False, color='white', colorSpace='named', contrast=1.0, depth=-15.0, flipHoriz=False, flipVert=False, font='Arial', fontFiles=[], height=0.3, italic=False, languageStyle='LTR', name='jText', opacity=1.0, ori=0, pos=array([0.5, 0. ]), rgb=array([255., 255., 255.]), text='J', units='height', win=Window(...), wrapWidth=1)
15.0227 	EXP 	Created text = TextStim(__class__=<class 'psychopy.visual.text.TextStim'>, alignHoriz=method-wrapper(...), alignText='center', alignVert=method-wrapper(...), anchorHoriz='center', anchorVert='center', antialias=True, autoLog=True, bold=False, color='white', colorSpace='named', contrast=1.0, depth=0.0, flipHoriz=False, flipVert=False, font='Arial', fontFiles=[], height=0.1, italic=False, languageStyle='LTR', name='text', opacity=1.0, ori=0, pos=array([0., 0.]), rgb=array([255., 255., 255.]), text=str(...), units='height', win=Window(...), wrapWidth=1)
15.0576 	EXP 	instructions: autoDraw = True
16.4838 	EXP 	Imported autoConditions\train1LoopCondition.xlsx as conditions, 9 conditions, 2 params
16.4841 	EXP 	Created sequence: sequential, trialTypes=9, nReps=0, seed=None
16.4870 	DATA 	Keypress: h
16.4914 	EXP 	instructions: autoDraw = False
16.4914 	EXP 	notice: autoDraw = True
16.9066 	EXP 	Imported autoConditions\train2LoopCondition.xlsx as conditions, 3 conditions, 2 params
16.9068 	EXP 	Created sequence: sequential, trialTypes=3, nReps=0, seed=None
16.9104 	DATA 	Keypress: h
16.9147 	EXP 	notice: autoDraw = False
16.9147 	EXP 	test1Instr: autoDraw = True
17.3397 	EXP 	Imported autoConditions\test1Conditions.xlsx as conditions, 54 conditions, 4 params
17.3405 	EXP 	Created sequence: sequential, trialTypes=54, nReps=1, seed=None
17.3412 	EXP 	New trial (rep=0, index=0): OrderedDict([('firstAudio', 'trainingaudio/20_tatito3.wav'), ('secondAudio', 'trainingaudio/20_tatito1.wav'), ('imageLoc', 'pngimages/20_pizza.png'), ('whichAudio', 2)])
17.5158 	DATA 	Keypress: h
17.5222 	EXP 	test1Instr: autoDraw = False
17.5222 	EXP 	oneWarningTest1: autoDraw = False
17.5222 	EXP 	twoWarningTest1: autoDraw = False
17.5222 	EXP 	threeWarningTest1: autoDraw = False
17.5222 	EXP 	fourWarningTest1: autoDraw = False
17.5222 	EXP 	test1Audio1Sound: image = 'sound.png'
17.5222 	EXP 	test1Audio1Mute: image = 'sound.png'
17.5222 	EXP 	test1Audio2Mute1: image = 'mute.png'
17.5222 	EXP 	test1Audio2Sound: image = 'sound.png'
17.5222 	EXP 	test1Audio2Mute2: image = 'mute.png'
17.5222 	EXP 	test1Image: image = 'pngimages/20_pizza.png'
17.5222 	EXP 	test1Audio1Sound: autoDraw = True
17.5222 	EXP 	test1Audio2Mute1: autoDraw = True
17.5222 	EXP 	test1Image: autoDraw = True
18.4681 	EXP 	test1Audio1Mute: autoDraw = True
18.4681 	EXP 	test1Audio2Sound: autoDraw = True
18.5341 	EXP 	test1Audio1Sound: autoDraw = False
18.5341 	EXP 	test1Audio2Mute1: autoDraw = False
19.4529 	EXP 	test1Audio2Mute2: autoDraw = True
19.4707 	EXP 	test1Audio2Sound: autoDraw = False
23.7186 	EXP 	New trial (rep=0, index=1): OrderedDict([('firstAudio', 'trainingaudio/14_pokoto1.wav'), ('secondAudio', 'trainingaudio/14_pokoto2.wav'), ('imageLoc', 'pngimages/14_coffee.png'), ('whichAudio', 1)])
23.7740 	DATA 	Keypress: j
23.7797 	EXP 	test1Audio1Sound: autoDraw = False
23.7797 	EXP 	test1Audio1Mute: autoDraw = False
23.7797 	EXP 	test1Audio2Mute1: autoDraw = False
23.7797 	EXP 	test1Audio2Sound: autoDraw = False
23.7797 	EXP 	test1Audio2Mute2: autoDraw = False
23.7797 	EXP 	test1Image: autoDraw = False
23.7797 	EXP 	test1Audio1Sound: image = 'sound.png'
23.7797 	EXP 	test1Audio1Mute: image = 'sound.png'
23.7797 	EXP 	test1Audio2Mute1: image = 'mute.png'
23.7797 	EXP 	test1Audio2Sound: image = 'sound.png'
23.7797 	EXP 	test1Audio2Mute2: image = 'mute.png'
23.7797 	EXP 	test1Image: image = 'pngimages/14_coffee.png'
23.7797 	EXP 	test1Audio1Sound: autoDraw = True
23.7797 	EXP 	test1Audio2Mute1: autoDraw = True
23.7797 	EXP 	test1Image: autoDraw = True
24.7687 	EXP 	test1Audio1Mute: autoDraw = True
24.7687 	EXP 	test1Audio2Sound: autoDraw = True
24.7855 	EXP 	test1Audio1Sound: autoDraw = False
24.7855 	EXP 	test1Audio2Mute1: autoDraw = False
25.7703 	EXP 	test1Audio2Sound: autoDraw = False
25.7703 	EXP 	test1Audio2Mute2: autoDraw = True
27.9962 	DATA 	Keypress: escape
28.4913 	EXP 	window1: mouseVisible = True
