1.8070 	WARNING 	We strongly recommend you activate the PTB sound engine in PsychoPy prefs as the preferred audio engine. Its timing is vastly superior. Your prefs are currently set to use ['sounddevice', 'PTB', 'pyo', 'pygame'] (in that order).
7.2117 	WARNING 	User requested fullscreen with size [1024  768], but screen is actually [1920, 1200]. Using actual size
9.5293 	EXP 	Created window1 = Window(allowGUI=False, allowStencil=False, args=UNKNOWN, autoLog=True, bitsMode=UNKNOWN, blendMode='avg', bpc=(8, 8, 8), color=array([0., 0., 0.]), colorSpace='rgb', depthBits=8, fullscr=<method-wrapper '__getattribute__' of attributeSetter object at 0x0000023A9AA82320>, gamma=None, gammaErrorPolicy='raise', kwargs=UNKNOWN, lms=UNKNOWN, monitor=<psychopy.monitors.calibTools.Monitor object at 0x0000023A9AA4ACF8>, multiSample=False, name='window1', numSamples=2, pos=[0.0, 0.0], screen=0, size=array([1920, 1200]), stencilBits=0, stereo=False, units='height', useFBO=True, useRetina=False, viewOri=0.0, viewPos=None, viewScale=None, waitBlanking=True, winType='pyglet')
9.5294 	EXP 	window1: recordFrameIntervals = False
9.6953 	EXP 	window1: recordFrameIntervals = True
9.8795 	EXP 	window1: recordFrameIntervals = False
10.8516 	EXP 	Created instructions = TextStim(__class__=<class 'psychopy.visual.text.TextStim'>, alignHoriz=method-wrapper(...), alignText='center', alignVert=method-wrapper(...), anchorHoriz='center', anchorVert='center', antialias=True, autoLog=True, bold=False, color='white', colorSpace='named', contrast=1.0, depth=0.0, flipHoriz=False, flipVert=False, font='Arial', fontFiles=[], height=0.1, italic=False, languageStyle='LTR', name='instructions', opacity=1.0, ori=0, pos=array([0., 0.]), rgb=array([255., 255., 255.]), text=str(...), units='height', win=Window(...), wrapWidth=1)
10.9557 	EXP 	Sound stimulitrain1 set volume 1.000
10.9618 	EXP 	Created imagetrain1 = ImageStim(__class__=<class 'psychopy.visual.image.ImageStim'>, autoLog=True, color=array([1., 1., 1.]), colorSpace='rgb', contrast=1.0, depth=-1.0, flipHoriz=False, flipVert=False, image='sin', interpolate=True, mask=None, maskParams=None, name='imagetrain1', opacity=1.0, ori=0.0, pos=array([0., 0.]), size=array([0.5, 0.5]), texRes=128, units='height', win=Window(...))
10.9621 	EXP 	Sound stimulitest1 set volume 1.000
10.9675 	EXP 	Created correct = ImageStim(__class__=<class 'psychopy.visual.image.ImageStim'>, autoLog=True, color=array([1., 1., 1.]), colorSpace='rgb', contrast=1.0, depth=-1.0, flipHoriz=False, flipVert=False, image='sin', interpolate=True, mask=None, maskParams=None, name='correct', opacity=1.0, ori=0.0, pos=array([0., 0.]), size=array([0.5, 0.5]), texRes=128, units='height', win=Window(...))
10.9697 	EXP 	Created incorrect = ImageStim(__class__=<class 'psychopy.visual.image.ImageStim'>, autoLog=True, color=array([1., 1., 1.]), colorSpace='rgb', contrast=1.0, depth=-2.0, flipHoriz=False, flipVert=False, image='sin', interpolate=True, mask=None, maskParams=None, name='incorrect', opacity=1.0, ori=0.0, pos=array([0., 0.]), size=array([0.5, 0.5]), texRes=128, units='height', win=Window(...))
10.9981 	EXP 	Created notice = TextStim(__class__=<class 'psychopy.visual.text.TextStim'>, alignHoriz=method-wrapper(...), alignText='center', alignVert=method-wrapper(...), anchorHoriz='center', anchorVert='center', antialias=True, autoLog=True, bold=False, color='white', colorSpace='named', contrast=1.0, depth=0.0, flipHoriz=False, flipVert=False, font='Arial', fontFiles=[], height=0.05, italic=False, languageStyle='LTR', name='notice', opacity=1.0, ori=0, pos=array([0., 0.]), rgb=array([255., 255., 255.]), text=str(...), units='height', win=Window(...), wrapWidth=1)
10.9982 	EXP 	Sound stimulitrain2 set volume 1.000
11.0003 	EXP 	Created imagetrain2 = ImageStim(__class__=<class 'psychopy.visual.image.ImageStim'>, autoLog=True, color=array([1., 1., 1.]), colorSpace='rgb', contrast=1.0, depth=-1.0, flipHoriz=False, flipVert=False, image='sin', interpolate=True, mask=None, maskParams=None, name='imagetrain2', opacity=1.0, ori=0.0, pos=array([0., 0.]), size=array([0.5, 0.5]), texRes=128, units='height', win=Window(...))
11.0004 	EXP 	Sound stimulitest2 set volume 1.000
11.0023 	EXP 	Created correct2 = ImageStim(__class__=<class 'psychopy.visual.image.ImageStim'>, autoLog=True, color=array([1., 1., 1.]), colorSpace='rgb', contrast=1.0, depth=-2.0, flipHoriz=False, flipVert=False, image='sin', interpolate=True, mask=None, maskParams=None, name='correct2', opacity=1.0, ori=0.0, pos=array([0., 0.]), size=array([0.5, 0.5]), texRes=128, units='height', win=Window(...))
11.0040 	EXP 	Created incorrect2 = ImageStim(__class__=<class 'psychopy.visual.image.ImageStim'>, autoLog=True, color=array([1., 1., 1.]), colorSpace='rgb', contrast=1.0, depth=-3.0, flipHoriz=False, flipVert=False, image='sin', interpolate=True, mask=None, maskParams=None, name='incorrect2', opacity=1.0, ori=0.0, pos=array([0., 0.]), size=array([0.5, 0.5]), texRes=128, units='height', win=Window(...))
11.0161 	EXP 	Created test1Instr = TextStim(__class__=<class 'psychopy.visual.text.TextStim'>, alignHoriz=method-wrapper(...), alignText='center', alignVert=method-wrapper(...), anchorHoriz='center', anchorVert='center', antialias=True, autoLog=True, bold=False, color='white', colorSpace='named', contrast=1.0, depth=0.0, flipHoriz=False, flipVert=False, font='Arial', fontFiles=[], height=0.05, italic=False, languageStyle='LTR', name='test1Instr', opacity=1.0, ori=0, pos=array([0., 0.]), rgb=array([255., 255., 255.]), text='Instructions For Test1 Go Here', units='height', win=Window(...), wrapWidth=1)
11.0259 	EXP 	Created oneWarningTest1 = TextStim(__class__=<class 'psychopy.visual.text.TextStim'>, alignHoriz=method-wrapper(...), alignText='center', alignVert=method-wrapper(...), anchorHoriz='center', anchorVert='center', antialias=True, autoLog=True, bold=False, color='white', colorSpace='named', contrast=1.0, depth=-2.0, flipHoriz=False, flipVert=False, font='Arial', fontFiles=[], height=0.1, italic=False, languageStyle='LTR', name='oneWarningTest1', opacity=1.0, ori=0, pos=array([ 0. , -0.5]), rgb=array([255., 255., 255.]), text='Less than 1 minute left', units='height', win=Window(...), wrapWidth=1)
11.0342 	EXP 	Created twoWarningTest1 = TextStim(__class__=<class 'psychopy.visual.text.TextStim'>, alignHoriz=method-wrapper(...), alignText='center', alignVert=method-wrapper(...), anchorHoriz='center', anchorVert='center', antialias=True, autoLog=True, bold=False, color='white', colorSpace='named', contrast=1.0, depth=-3.0, flipHoriz=False, flipVert=False, font='Arial', fontFiles=[], height=0.1, italic=False, languageStyle='LTR', name='twoWarningTest1', opacity=1.0, ori=0, pos=array([ 0. , -0.5]), rgb=array([255., 255., 255.]), text='Less than 2 minutes left', units='height', win=Window(...), wrapWidth=1)
11.0414 	EXP 	Created threeWarningTest1 = TextStim(__class__=<class 'psychopy.visual.text.TextStim'>, alignHoriz=method-wrapper(...), alignText='center', alignVert=method-wrapper(...), anchorHoriz='center', anchorVert='center', antialias=True, autoLog=True, bold=False, color='white', colorSpace='named', contrast=1.0, depth=-4.0, flipHoriz=False, flipVert=False, font='Arial', fontFiles=[], height=0.1, italic=False, languageStyle='LTR', name='threeWarningTest1', opacity=1.0, ori=0, pos=array([0., 0.]), rgb=array([255., 255., 255.]), text='Less than 3 minutes left', units='height', win=Window(...), wrapWidth=1)
11.0471 	EXP 	Created fourWarningTest1 = TextStim(__class__=<class 'psychopy.visual.text.TextStim'>, alignHoriz=method-wrapper(...), alignText='center', alignVert=method-wrapper(...), anchorHoriz='center', anchorVert='center', antialias=True, autoLog=True, bold=False, color='white', colorSpace='named', contrast=1.0, depth=-5.0, flipHoriz=False, flipVert=False, font='Arial', fontFiles=[], height=0.1, italic=False, languageStyle='LTR', name='fourWarningTest1', opacity=1.0, ori=0, pos=array([0., 0.]), rgb=array([255., 255., 255.]), text='Less than four minutes left', units='height', win=Window(...), wrapWidth=1)
11.0472 	EXP 	Sound test1Audio1 set volume 1.000
11.0490 	EXP 	Created test1Audio1Sound = ImageStim(__class__=<class 'psychopy.visual.image.ImageStim'>, autoLog=True, color=array([1., 1., 1.]), colorSpace='rgb', contrast=1.0, depth=-1.0, flipHoriz=False, flipVert=False, image='sin', interpolate=True, mask=None, maskParams=None, name='test1Audio1Sound', opacity=1.0, ori=0.0, pos=array([-0.3, -0.3]), size=array([0.2, 0.2]), texRes=128, units='height', win=Window(...))
11.0508 	EXP 	Created test1Audio1Mute = ImageStim(__class__=<class 'psychopy.visual.image.ImageStim'>, autoLog=True, color=array([1., 1., 1.]), colorSpace='rgb', contrast=1.0, depth=-2.0, flipHoriz=False, flipVert=False, image='sin', interpolate=True, mask=None, maskParams=None, name='test1Audio1Mute', opacity=1.0, ori=0.0, pos=array([-0.3, -0.3]), size=array([0.2, 0.2]), texRes=128, units='height', win=Window(...))
11.0510 	EXP 	Sound test1Audio2 set volume 1.000
11.0528 	EXP 	Created test1Audio2Mute1 = ImageStim(__class__=<class 'psychopy.visual.image.ImageStim'>, autoLog=True, color=array([1., 1., 1.]), colorSpace='rgb', contrast=1.0, depth=-4.0, flipHoriz=False, flipVert=False, image='sin', interpolate=True, mask=None, maskParams=None, name='test1Audio2Mute1', opacity=1.0, ori=0.0, pos=array([ 0.3, -0.3]), size=array([0.2, 0.2]), texRes=128, units='height', win=Window(...))
11.0550 	EXP 	Created test1Audio2Sound = ImageStim(__class__=<class 'psychopy.visual.image.ImageStim'>, autoLog=True, color=array([1., 1., 1.]), colorSpace='rgb', contrast=1.0, depth=-5.0, flipHoriz=False, flipVert=False, image='sin', interpolate=True, mask=None, maskParams=None, name='test1Audio2Sound', opacity=1.0, ori=0.0, pos=array([ 0.3, -0.3]), size=array([0.2, 0.2]), texRes=128, units='height', win=Window(...))
11.0571 	EXP 	Created test1Audio2Mute2 = ImageStim(__class__=<class 'psychopy.visual.image.ImageStim'>, autoLog=True, color=array([1., 1., 1.]), colorSpace='rgb', contrast=1.0, depth=-6.0, flipHoriz=False, flipVert=False, image='sin', interpolate=True, mask=None, maskParams=None, name='test1Audio2Mute2', opacity=1.0, ori=0.0, pos=array([ 0.3, -0.3]), size=array([0.2, 0.2]), texRes=128, units='height', win=Window(...))
11.0592 	EXP 	Created test1Image = ImageStim(__class__=<class 'psychopy.visual.image.ImageStim'>, autoLog=True, color=array([1., 1., 1.]), colorSpace='rgb', contrast=1.0, depth=-8.0, flipHoriz=False, flipVert=False, image='sin', interpolate=True, mask=None, maskParams=None, name='test1Image', opacity=1.0, ori=0.0, pos=array([0. , 0.2]), size=array([0.4, 0.4]), texRes=128, units='height', win=Window(...))
11.1006 	EXP 	Created test1F = TextStim(__class__=<class 'psychopy.visual.text.TextStim'>, alignHoriz=method-wrapper(...), alignText='center', alignVert=method-wrapper(...), anchorHoriz='center', anchorVert='center', antialias=True, autoLog=True, bold=False, color='white', colorSpace='named', contrast=1.0, depth=-9.0, flipHoriz=False, flipVert=False, font='Arial', fontFiles=[], height=0.2, italic=False, languageStyle='LTR', name='test1F', opacity=1.0, ori=0, pos=array([-0.3, -0.1]), rgb=array([255., 255., 255.]), text='F', units='height', win=Window(...), wrapWidth=1)
11.1088 	EXP 	Created test1J = TextStim(__class__=<class 'psychopy.visual.text.TextStim'>, alignHoriz=method-wrapper(...), alignText='center', alignVert=method-wrapper(...), anchorHoriz='center', anchorVert='center', antialias=True, autoLog=True, bold=False, color='white', colorSpace='named', contrast=1.0, depth=-10.0, flipHoriz=False, flipVert=False, font='Arial', fontFiles=[], height=0.2, italic=False, languageStyle='LTR', name='test1J', opacity=1.0, ori=0, pos=array([ 0.3, -0.1]), rgb=array([255., 255., 255.]), text='J', units='height', win=Window(...), wrapWidth=1)
11.1424 	EXP 	Created test2Instr = TextStim(__class__=<class 'psychopy.visual.text.TextStim'>, alignHoriz=method-wrapper(...), alignText='center', alignVert=method-wrapper(...), anchorHoriz='center', anchorVert='center', antialias=True, autoLog=True, bold=False, color='white', colorSpace='named', contrast=1.0, depth=0.0, flipHoriz=False, flipVert=False, font='Arial', fontFiles=[], height=0.1, italic=False, languageStyle='LTR', name='test2Instr', opacity=1.0, ori=0, pos=array([0., 0.]), rgb=array([255., 255., 255.]), text='Instructions For Test2 Go Here', units='height', win=Window(...), wrapWidth=1)
11.1425 	EXP 	Sound test2Audio1 set volume 1.000
11.1448 	EXP 	Created test2Audio1Sound = ImageStim(__class__=<class 'psychopy.visual.image.ImageStim'>, autoLog=True, color=array([1., 1., 1.]), colorSpace='rgb', contrast=1.0, depth=-1.0, flipHoriz=False, flipVert=False, image='sin', interpolate=True, mask=None, maskParams=None, name='test2Audio1Sound', opacity=1.0, ori=0.0, pos=array([-0.3, -0.3]), size=array([0.2, 0.2]), texRes=128, units='height', win=Window(...))
11.1469 	EXP 	Created test1Audio2Mute = ImageStim(__class__=<class 'psychopy.visual.image.ImageStim'>, autoLog=True, color=array([1., 1., 1.]), colorSpace='rgb', contrast=1.0, depth=-2.0, flipHoriz=False, flipVert=False, image='sin', interpolate=True, mask=None, maskParams=None, name='test1Audio2Mute', opacity=1.0, ori=0.0, pos=array([-0.3, -0.3]), size=array([0.2, 0.2]), texRes=128, units='height', win=Window(...))
11.1470 	EXP 	Sound test2Audio2 set volume 1.000
11.1487 	EXP 	Created test2Audio2Mute1 = ImageStim(__class__=<class 'psychopy.visual.image.ImageStim'>, autoLog=True, color=array([1., 1., 1.]), colorSpace='rgb', contrast=1.0, depth=-4.0, flipHoriz=False, flipVert=False, image='sin', interpolate=True, mask=None, maskParams=None, name='test2Audio2Mute1', opacity=1.0, ori=0.0, pos=array([ 0.3, -0.3]), size=array([0.2, 0.2]), texRes=128, units='height', win=Window(...))
11.1506 	EXP 	Created test2Audio2Sound = ImageStim(__class__=<class 'psychopy.visual.image.ImageStim'>, autoLog=True, color=array([1., 1., 1.]), colorSpace='rgb', contrast=1.0, depth=-5.0, flipHoriz=False, flipVert=False, image='sin', interpolate=True, mask=None, maskParams=None, name='test2Audio2Sound', opacity=1.0, ori=0.0, pos=array([ 0.3, -0.3]), size=array([0.2, 0.2]), texRes=128, units='height', win=Window(...))
11.1568 	EXP 	Created test2Audio2Mute2 = ImageStim(__class__=<class 'psychopy.visual.image.ImageStim'>, autoLog=True, color=array([1., 1., 1.]), colorSpace='rgb', contrast=1.0, depth=-6.0, flipHoriz=False, flipVert=False, image='mute.png', interpolate=True, mask=None, maskParams=None, name='test2Audio2Mute2', opacity=1.0, ori=0.0, pos=array([ 0.3, -0.3]), size=array([0.2, 0.2]), texRes=128, units='height', win=Window(...))
11.1586 	EXP 	Created test2Image = ImageStim(__class__=<class 'psychopy.visual.image.ImageStim'>, autoLog=True, color=array([1., 1., 1.]), colorSpace='rgb', contrast=1.0, depth=-8.0, flipHoriz=False, flipVert=False, image='sin', interpolate=True, mask=None, maskParams=None, name='test2Image', opacity=1.0, ori=0.0, pos=array([0. , 0.2]), size=array([0.4, 0.4]), texRes=128, units='height', win=Window(...))
11.1606 	EXP 	Created test2F = TextStim(__class__=<class 'psychopy.visual.text.TextStim'>, alignHoriz=method-wrapper(...), alignText='center', alignVert=method-wrapper(...), anchorHoriz='center', anchorVert='center', antialias=True, autoLog=True, bold=False, color='white', colorSpace='named', contrast=1.0, depth=-9.0, flipHoriz=False, flipVert=False, font='Arial', fontFiles=[], height=0.2, italic=False, languageStyle='LTR', name='test2F', opacity=1.0, ori=0, pos=array([-0.3, -0.1]), rgb=array([255., 255., 255.]), text='F', units='height', win=Window(...), wrapWidth=1)
11.1628 	EXP 	Created test2J = TextStim(__class__=<class 'psychopy.visual.text.TextStim'>, alignHoriz=method-wrapper(...), alignText='center', alignVert=method-wrapper(...), anchorHoriz='center', anchorVert='center', antialias=True, autoLog=True, bold=False, color='white', colorSpace='named', contrast=1.0, depth=-10.0, flipHoriz=False, flipVert=False, font='Arial', fontFiles=[], height=0.2, italic=False, languageStyle='LTR', name='test2J', opacity=1.0, ori=0, pos=array([ 0.3, -0.1]), rgb=array([255., 255., 255.]), text='J', units='height', win=Window(...), wrapWidth=1)
11.1733 	EXP 	Created test3Instr = TextStim(__class__=<class 'psychopy.visual.text.TextStim'>, alignHoriz=method-wrapper(...), alignText='center', alignVert=method-wrapper(...), anchorHoriz='center', anchorVert='center', antialias=True, autoLog=True, bold=False, color='white', colorSpace='named', contrast=1.0, depth=0.0, flipHoriz=False, flipVert=False, font='Arial', fontFiles=[], height=0.1, italic=False, languageStyle='LTR', name='test3Instr', opacity=1.0, ori=0, pos=array([0., 0.]), rgb=array([255., 255., 255.]), text='Instructions For Test3 Go Here\n', units='height', win=Window(...), wrapWidth=1)
11.1735 	EXP 	Sound test3Audio1 set volume 1.000
11.1753 	EXP 	Created test3Audio1Sound = ImageStim(__class__=<class 'psychopy.visual.image.ImageStim'>, autoLog=True, color=array([1., 1., 1.]), colorSpace='rgb', contrast=1.0, depth=-1.0, flipHoriz=False, flipVert=False, image='sin', interpolate=True, mask=None, maskParams=None, name='test3Audio1Sound', opacity=1.0, ori=0.0, pos=array([-0.3, -0.3]), size=array([0.2, 0.2]), texRes=128, units='height', win=Window(...))
11.1771 	EXP 	Created test3Audio1Mute = ImageStim(__class__=<class 'psychopy.visual.image.ImageStim'>, autoLog=True, color=array([1., 1., 1.]), colorSpace='rgb', contrast=1.0, depth=-2.0, flipHoriz=False, flipVert=False, image='sin', interpolate=True, mask=None, maskParams=None, name='test3Audio1Mute', opacity=1.0, ori=0.0, pos=array([-0.3, -0.3]), size=array([0.2, 0.2]), texRes=128, units='height', win=Window(...))
11.1773 	EXP 	Sound test3Audio2 set volume 1.000
11.1795 	EXP 	Created test3Audio2Mute1 = ImageStim(__class__=<class 'psychopy.visual.image.ImageStim'>, autoLog=True, color=array([1., 1., 1.]), colorSpace='rgb', contrast=1.0, depth=-4.0, flipHoriz=False, flipVert=False, image='sin', interpolate=True, mask=None, maskParams=None, name='test3Audio2Mute1', opacity=1.0, ori=0.0, pos=array([ 0.3, -0.3]), size=array([0.2, 0.2]), texRes=128, units='height', win=Window(...))
11.1815 	EXP 	Created test3Audio2Sound = ImageStim(__class__=<class 'psychopy.visual.image.ImageStim'>, autoLog=True, color=array([1., 1., 1.]), colorSpace='rgb', contrast=1.0, depth=-5.0, flipHoriz=False, flipVert=False, image='sin', interpolate=True, mask=None, maskParams=None, name='test3Audio2Sound', opacity=1.0, ori=0.0, pos=array([ 0.3, -0.3]), size=array([0.2, 0.2]), texRes=128, units='height', win=Window(...))
11.1832 	EXP 	Created test3Audio2Mute2 = ImageStim(__class__=<class 'psychopy.visual.image.ImageStim'>, autoLog=True, color=array([1., 1., 1.]), colorSpace='rgb', contrast=1.0, depth=-6.0, flipHoriz=False, flipVert=False, image='sin', interpolate=True, mask=None, maskParams=None, name='test3Audio2Mute2', opacity=1.0, ori=0.0, pos=array([ 0.3, -0.3]), size=array([0.2, 0.2]), texRes=128, units='height', win=Window(...))
11.1851 	EXP 	Created test3Image = ImageStim(__class__=<class 'psychopy.visual.image.ImageStim'>, autoLog=True, color=array([1., 1., 1.]), colorSpace='rgb', contrast=1.0, depth=-8.0, flipHoriz=False, flipVert=False, image='sin', interpolate=True, mask=None, maskParams=None, name='test3Image', opacity=1.0, ori=0.0, pos=array([0. , 0.2]), size=array([0.4, 0.4]), texRes=128, units='height', win=Window(...))
11.1870 	EXP 	Created test3F = TextStim(__class__=<class 'psychopy.visual.text.TextStim'>, alignHoriz=method-wrapper(...), alignText='center', alignVert=method-wrapper(...), anchorHoriz='center', anchorVert='center', antialias=True, autoLog=True, bold=False, color='white', colorSpace='named', contrast=1.0, depth=-9.0, flipHoriz=False, flipVert=False, font='Arial', fontFiles=[], height=0.2, italic=False, languageStyle='LTR', name='test3F', opacity=1.0, ori=0, pos=array([-0.3, -0.1]), rgb=array([255., 255., 255.]), text='F', units='height', win=Window(...), wrapWidth=1)
11.1887 	EXP 	Created test3J = TextStim(__class__=<class 'psychopy.visual.text.TextStim'>, alignHoriz=method-wrapper(...), alignText='center', alignVert=method-wrapper(...), anchorHoriz='center', anchorVert='center', antialias=True, autoLog=True, bold=False, color='white', colorSpace='named', contrast=1.0, depth=-10.0, flipHoriz=False, flipVert=False, font='Arial', fontFiles=[], height=0.2, italic=False, languageStyle='LTR', name='test3J', opacity=1.0, ori=0, pos=array([ 0.3, -0.1]), rgb=array([255., 255., 255.]), text='J', units='height', win=Window(...), wrapWidth=1)
11.2158 	EXP 	Created postTestText = TextStim(__class__=<class 'psychopy.visual.text.TextStim'>, alignHoriz=method-wrapper(...), alignText='center', alignVert=method-wrapper(...), anchorHoriz='center', anchorVert='center', antialias=True, autoLog=True, bold=False, color='white', colorSpace='named', contrast=1.0, depth=0.0, flipHoriz=False, flipVert=False, font='Arial', fontFiles=[], height=0.1, italic=False, languageStyle='LTR', name='postTestText', opacity=1.0, ori=0, pos=array([0., 0.]), rgb=array([255., 255., 255.]), text=str(...), units='height', win=Window(...), wrapWidth=1)
11.2160 	EXP 	Sound postTestAudio1 set volume 1.000
11.2214 	EXP 	Created fSound = ImageStim(__class__=<class 'psychopy.visual.image.ImageStim'>, autoLog=True, color=array([1., 1., 1.]), colorSpace='rgb', contrast=1.0, depth=-2.0, flipHoriz=False, flipVert=False, image='sound.png', interpolate=True, mask=None, maskParams=None, name='fSound', opacity=1.0, ori=0.0, pos=array([-0.5, -0.3]), size=array([0.2, 0.2]), texRes=128, units='height', win=Window(...))
11.2265 	EXP 	Created fMute = ImageStim(__class__=<class 'psychopy.visual.image.ImageStim'>, autoLog=True, color=array([1., 1., 1.]), colorSpace='rgb', contrast=1.0, depth=-3.0, flipHoriz=False, flipVert=False, image='mute.png', interpolate=True, mask=None, maskParams=None, name='fMute', opacity=1.0, ori=0.0, pos=array([-0.5, -0.3]), size=array([0.2, 0.2]), texRes=128, units='height', win=Window(...))
11.2267 	EXP 	Sound postTestAudio2 set volume 1.000
11.2325 	EXP 	Created xMute1 = ImageStim(__class__=<class 'psychopy.visual.image.ImageStim'>, autoLog=True, color=array([1., 1., 1.]), colorSpace='rgb', contrast=1.0, depth=-5.0, flipHoriz=False, flipVert=False, image='mute.png', interpolate=True, mask=None, maskParams=None, name='xMute1', opacity=1.0, ori=0.0, pos=array([ 0. , -0.3]), size=array([0.2, 0.2]), texRes=128, units='height', win=Window(...))
11.2380 	EXP 	Created xSound = ImageStim(__class__=<class 'psychopy.visual.image.ImageStim'>, autoLog=True, color=array([1., 1., 1.]), colorSpace='rgb', contrast=1.0, depth=-6.0, flipHoriz=False, flipVert=False, image='Sound.png', interpolate=True, mask=None, maskParams=None, name='xSound', opacity=1.0, ori=0.0, pos=array([ 0. , -0.3]), size=array([0.2, 0.2]), texRes=128, units='height', win=Window(...))
11.2442 	EXP 	Created xMute2 = ImageStim(__class__=<class 'psychopy.visual.image.ImageStim'>, autoLog=True, color=array([1., 1., 1.]), colorSpace='rgb', contrast=1.0, depth=-7.0, flipHoriz=False, flipVert=False, image='mute.png', interpolate=True, mask=None, maskParams=None, name='xMute2', opacity=1.0, ori=0.0, pos=array([ 0. , -0.3]), size=array([0.2, 0.2]), texRes=128, units='height', win=Window(...))
11.2443 	EXP 	Sound postTestAudio3 set volume 1.000
11.2502 	EXP 	Created jMute1 = ImageStim(__class__=<class 'psychopy.visual.image.ImageStim'>, autoLog=True, color=array([1., 1., 1.]), colorSpace='rgb', contrast=1.0, depth=-9.0, flipHoriz=False, flipVert=False, image='mute.png', interpolate=True, mask=None, maskParams=None, name='jMute1', opacity=1.0, ori=0.0, pos=array([ 0.5, -0.3]), size=array([0.2, 0.2]), texRes=128, units='height', win=Window(...))
11.2552 	EXP 	Created jSound = ImageStim(__class__=<class 'psychopy.visual.image.ImageStim'>, autoLog=True, color=array([1., 1., 1.]), colorSpace='rgb', contrast=1.0, depth=-10.0, flipHoriz=False, flipVert=False, image='sound.png', interpolate=True, mask=None, maskParams=None, name='jSound', opacity=1.0, ori=0.0, pos=array([ 0.5, -0.3]), size=array([0.2, 0.2]), texRes=128, units='height', win=Window(...))
11.2609 	EXP 	Created jMute2 = ImageStim(__class__=<class 'psychopy.visual.image.ImageStim'>, autoLog=True, color=array([1., 1., 1.]), colorSpace='rgb', contrast=1.0, depth=-11.0, flipHoriz=False, flipVert=False, image='mute.png', interpolate=True, mask=None, maskParams=None, name='jMute2', opacity=1.0, ori=0.0, pos=array([ 0.5, -0.3]), size=array([0.2, 0.2]), texRes=128, units='height', win=Window(...))
11.2862 	EXP 	Created textInstructionsPostTest = TextStim(__class__=<class 'psychopy.visual.text.TextStim'>, alignHoriz=method-wrapper(...), alignText='center', alignVert=method-wrapper(...), anchorHoriz='center', anchorVert='center', antialias=True, autoLog=True, bold=False, color='white', colorSpace='named', contrast=1.0, depth=-12.0, flipHoriz=False, flipVert=False, font='Arial', fontFiles=[], height=0.05, italic=False, languageStyle='LTR', name='textInstructionsPostTest', opacity=1.0, ori=0, pos=array([0. , 0.3]), rgb=array([255., 255., 255.]), text=str(...), units='height', win=Window(...), wrapWidth=1)
11.3337 	EXP 	Created fText = TextStim(__class__=<class 'psychopy.visual.text.TextStim'>, alignHoriz=method-wrapper(...), alignText='center', alignVert=method-wrapper(...), anchorHoriz='center', anchorVert='center', antialias=True, autoLog=True, bold=False, color='white', colorSpace='named', contrast=1.0, depth=-13.0, flipHoriz=False, flipVert=False, font='Arial', fontFiles=[], height=0.3, italic=False, languageStyle='LTR', name='fText', opacity=1.0, ori=0, pos=array([-0.5,  0. ]), rgb=array([255., 255., 255.]), text='F', units='height', win=Window(...), wrapWidth=1)
11.3497 	EXP 	Created xText = TextStim(__class__=<class 'psychopy.visual.text.TextStim'>, alignHoriz=method-wrapper(...), alignText='center', alignVert=method-wrapper(...), anchorHoriz='center', anchorVert='center', antialias=True, autoLog=True, bold=False, color='white', colorSpace='named', contrast=1.0, depth=-14.0, flipHoriz=False, flipVert=False, font='Arial', fontFiles=[], height=0.3, italic=False, languageStyle='LTR', name='xText', opacity=1.0, ori=0, pos=array([0., 0.]), rgb=array([255., 255., 255.]), text='X', units='height', win=Window(...), wrapWidth=1)
11.3650 	EXP 	Created jText = TextStim(__class__=<class 'psychopy.visual.text.TextStim'>, alignHoriz=method-wrapper(...), alignText='center', alignVert=method-wrapper(...), anchorHoriz='center', anchorVert='center', antialias=True, autoLog=True, bold=False, color='white', colorSpace='named', contrast=1.0, depth=-15.0, flipHoriz=False, flipVert=False, font='Arial', fontFiles=[], height=0.3, italic=False, languageStyle='LTR', name='jText', opacity=1.0, ori=0, pos=array([0.5, 0. ]), rgb=array([255., 255., 255.]), text='J', units='height', win=Window(...), wrapWidth=1)
11.4137 	EXP 	Created text = TextStim(__class__=<class 'psychopy.visual.text.TextStim'>, alignHoriz=method-wrapper(...), alignText='center', alignVert=method-wrapper(...), anchorHoriz='center', anchorVert='center', antialias=True, autoLog=True, bold=False, color='white', colorSpace='named', contrast=1.0, depth=0.0, flipHoriz=False, flipVert=False, font='Arial', fontFiles=[], height=0.1, italic=False, languageStyle='LTR', name='text', opacity=1.0, ori=0, pos=array([0., 0.]), rgb=array([255., 255., 255.]), text=str(...), units='height', win=Window(...), wrapWidth=1)
11.4577 	EXP 	instructions: autoDraw = True
13.1046 	DATA 	Keypress: h
13.1654 	EXP 	Imported autoConditions\train1LoopCondition.xlsx as conditions, 9 conditions, 2 params
13.1657 	EXP 	Created sequence: sequential, trialTypes=9, nReps=0, seed=None
13.1723 	EXP 	instructions: autoDraw = False
13.1723 	EXP 	notice: autoDraw = True
13.8212 	DATA 	Keypress: h
13.8536 	EXP 	Imported autoConditions\train2LoopCondition.xlsx as conditions, 3 conditions, 2 params
13.8539 	EXP 	Created sequence: sequential, trialTypes=3, nReps=0, seed=None
13.8596 	EXP 	notice: autoDraw = False
13.8596 	EXP 	test1Instr: autoDraw = True
14.2045 	DATA 	Keypress: h
14.2388 	EXP 	Imported autoConditions\test1Conditions.xlsx as conditions, 54 conditions, 4 params
14.2393 	EXP 	Created sequence: sequential, trialTypes=54, nReps=0, seed=None
14.2468 	EXP 	test1Instr: autoDraw = False
14.2468 	EXP 	oneWarningTest1: autoDraw = False
14.2468 	EXP 	twoWarningTest1: autoDraw = False
14.2468 	EXP 	threeWarningTest1: autoDraw = False
14.2468 	EXP 	fourWarningTest1: autoDraw = False
14.2468 	EXP 	test2Instr: autoDraw = True
14.8094 	EXP 	Imported autoConditions\test2Conditions.xlsx as conditions, 54 conditions, 4 params
14.8098 	EXP 	Created sequence: sequential, trialTypes=54, nReps=1, seed=None
14.8102 	EXP 	New trial (rep=0, index=0): OrderedDict([('firstAudio', 'novelaudio/61_pikati2.wav'), ('secondAudio', 'novelaudio/61_pikati1.wav'), ('imageLoc', 'pngimages/61_key.png'), ('whichAudio', 1)])
14.8740 	DATA 	Keypress: h
14.8787 	EXP 	test2Instr: autoDraw = False
14.8787 	EXP 	test2Audio1Sound: image = 'sound.png'
14.8787 	EXP 	test1Audio2Mute: image = 'mute.png'
14.8787 	EXP 	test2Audio2Mute1: image = 'mute.png'
14.8787 	EXP 	test2Audio2Sound: image = 'sound.png'
14.8787 	EXP 	test2Image: image = 'pngimages/61_key.png'
14.8787 	EXP 	test2Audio1Sound: autoDraw = True
14.8787 	EXP 	test2Audio2Mute1: autoDraw = True
14.8787 	EXP 	test2Image: autoDraw = True
14.8787 	EXP 	test2F: autoDraw = True
14.8787 	EXP 	test2J: autoDraw = True
15.8352 	EXP 	test1Audio2Mute: autoDraw = True
15.8352 	EXP 	test2Audio2Sound: autoDraw = True
15.8845 	EXP 	test2Audio1Sound: autoDraw = False
15.8845 	EXP 	test2Audio2Mute1: autoDraw = False
16.8358 	EXP 	test2Audio2Sound: autoDraw = False
16.8358 	EXP 	test2Audio2Mute2: autoDraw = True
17.9589 	DATA 	Keypress: j
17.9598 	DATA 	Keypress: k
17.9793 	EXP 	New trial (rep=0, index=1): OrderedDict([('firstAudio', 'novelaudio/41_pototo2.wav'), ('secondAudio', 'novelaudio/41_pototo1.wav'), ('imageLoc', 'pngimages/41_piano.png'), ('whichAudio', 2)])
18.0415 	EXP 	test2Audio1Sound: autoDraw = False
18.0415 	EXP 	test1Audio2Mute: autoDraw = False
18.0415 	EXP 	test2Audio2Mute1: autoDraw = False
18.0415 	EXP 	test2Audio2Sound: autoDraw = False
18.0415 	EXP 	test2Audio2Mute2: autoDraw = False
18.0415 	EXP 	test2Image: autoDraw = False
18.0415 	EXP 	test2F: autoDraw = False
18.0415 	EXP 	test2J: autoDraw = False
18.0415 	EXP 	test2Audio1Sound: image = 'sound.png'
18.0415 	EXP 	test1Audio2Mute: image = 'mute.png'
18.0415 	EXP 	test2Audio2Mute1: image = 'mute.png'
18.0415 	EXP 	test2Audio2Sound: image = 'sound.png'
18.0415 	EXP 	test2Image: image = 'pngimages/41_piano.png'
18.0415 	EXP 	test2Audio1Sound: autoDraw = True
18.0415 	EXP 	test2Audio2Mute1: autoDraw = True
18.0415 	EXP 	test2Image: autoDraw = True
18.0415 	EXP 	test2F: autoDraw = True
18.0415 	EXP 	test2J: autoDraw = True
19.0378 	EXP 	test1Audio2Mute: autoDraw = True
19.0378 	EXP 	test2Audio2Sound: autoDraw = True
19.0541 	EXP 	test2Audio1Sound: autoDraw = False
19.0541 	EXP 	test2Audio2Mute1: autoDraw = False
20.0382 	EXP 	test2Audio2Sound: autoDraw = False
20.0382 	EXP 	test2Audio2Mute2: autoDraw = True
20.4611 	DATA 	Keypress: j
20.4788 	EXP 	New trial (rep=0, index=2): OrderedDict([('firstAudio', 'novelaudio/79_katapi1.wav'), ('secondAudio', 'novelaudio/79_katapi2.wav'), ('imageLoc', 'pngimages/79_pig.png'), ('whichAudio', 1)])
20.5329 	EXP 	test2Audio1Sound: autoDraw = False
20.5329 	EXP 	test1Audio2Mute: autoDraw = False
20.5329 	EXP 	test2Audio2Mute1: autoDraw = False
20.5329 	EXP 	test2Audio2Sound: autoDraw = False
20.5329 	EXP 	test2Audio2Mute2: autoDraw = False
20.5329 	EXP 	test2Image: autoDraw = False
20.5329 	EXP 	test2F: autoDraw = False
20.5329 	EXP 	test2J: autoDraw = False
20.5329 	EXP 	test2Audio1Sound: image = 'sound.png'
20.5329 	EXP 	test1Audio2Mute: image = 'mute.png'
20.5329 	EXP 	test2Audio2Mute1: image = 'mute.png'
20.5329 	EXP 	test2Audio2Sound: image = 'sound.png'
20.5329 	EXP 	test2Image: image = 'pngimages/79_pig.png'
20.5329 	EXP 	test2Audio1Sound: autoDraw = True
20.5329 	EXP 	test2Audio2Mute1: autoDraw = True
20.5329 	EXP 	test2Image: autoDraw = True
20.5329 	EXP 	test2F: autoDraw = True
20.5329 	EXP 	test2J: autoDraw = True
21.5233 	EXP 	test1Audio2Mute: autoDraw = True
21.5233 	EXP 	test2Audio2Sound: autoDraw = True
21.5395 	EXP 	test2Audio1Sound: autoDraw = False
21.5395 	EXP 	test2Audio2Mute1: autoDraw = False
22.5236 	EXP 	test2Audio2Sound: autoDraw = False
22.5236 	EXP 	test2Audio2Mute2: autoDraw = True
22.8959 	DATA 	Keypress: j
22.9143 	EXP 	New trial (rep=0, index=3): OrderedDict([('firstAudio', 'novelaudio/32_kipoto2.wav'), ('secondAudio', 'novelaudio/32_kipoto1.wav'), ('imageLoc', 'pngimages/32_greenpepper.png'), ('whichAudio', 1)])
22.9512 	EXP 	test2Audio1Sound: autoDraw = False
22.9512 	EXP 	test1Audio2Mute: autoDraw = False
22.9512 	EXP 	test2Audio2Mute1: autoDraw = False
22.9512 	EXP 	test2Audio2Sound: autoDraw = False
22.9512 	EXP 	test2Audio2Mute2: autoDraw = False
22.9512 	EXP 	test2Image: autoDraw = False
22.9512 	EXP 	test2F: autoDraw = False
22.9512 	EXP 	test2J: autoDraw = False
22.9512 	EXP 	test2Audio1Sound: image = 'sound.png'
22.9512 	EXP 	test1Audio2Mute: image = 'mute.png'
22.9512 	EXP 	test2Audio2Mute1: image = 'mute.png'
22.9512 	EXP 	test2Audio2Sound: image = 'sound.png'
22.9512 	EXP 	test2Image: image = 'pngimages/32_greenpepper.png'
22.9512 	EXP 	test2Audio1Sound: autoDraw = True
22.9512 	EXP 	test2Audio2Mute1: autoDraw = True
22.9512 	EXP 	test2Image: autoDraw = True
22.9512 	EXP 	test2F: autoDraw = True
22.9512 	EXP 	test2J: autoDraw = True
23.9417 	EXP 	test1Audio2Mute: autoDraw = True
23.9417 	EXP 	test2Audio2Sound: autoDraw = True
23.9580 	EXP 	test2Audio1Sound: autoDraw = False
23.9580 	EXP 	test2Audio2Mute1: autoDraw = False
24.9422 	EXP 	test2Audio2Sound: autoDraw = False
24.9422 	EXP 	test2Audio2Mute2: autoDraw = True
32.9486 	EXP 	test1Audio2Mute: autoDraw = False
32.9486 	EXP 	test2Audio2Mute2: autoDraw = False
32.9532 	EXP 	New trial (rep=0, index=4): OrderedDict([('firstAudio', 'novelaudio/34_kipaki2.wav'), ('secondAudio', 'novelaudio/34_kipaki1.wav'), ('imageLoc', 'pngimages/34_knife.png'), ('whichAudio', 1)])
33.0035 	EXP 	test2Image: autoDraw = False
33.0035 	EXP 	test2F: autoDraw = False
33.0035 	EXP 	test2J: autoDraw = False
33.0035 	EXP 	test2Audio1Sound: autoDraw = False
33.0035 	EXP 	test1Audio2Mute: autoDraw = False
33.0035 	EXP 	test2Audio2Mute1: autoDraw = False
33.0035 	EXP 	test2Audio2Sound: autoDraw = False
33.0035 	EXP 	test2Audio2Mute2: autoDraw = False
33.0035 	EXP 	test2Image: autoDraw = False
33.0035 	EXP 	test2F: autoDraw = False
33.0035 	EXP 	test2J: autoDraw = False
33.0035 	EXP 	test2Audio1Sound: image = 'sound.png'
33.0035 	EXP 	test1Audio2Mute: image = 'mute.png'
33.0035 	EXP 	test2Audio2Mute1: image = 'mute.png'
33.0035 	EXP 	test2Audio2Sound: image = 'sound.png'
33.0035 	EXP 	test2Image: image = 'pngimages/34_knife.png'
33.0035 	EXP 	test2Audio1Sound: autoDraw = True
33.0035 	EXP 	test2Audio2Mute1: autoDraw = True
33.0035 	EXP 	test2Image: autoDraw = True
33.0035 	EXP 	test2F: autoDraw = True
33.0035 	EXP 	test2J: autoDraw = True
34.0002 	EXP 	test1Audio2Mute: autoDraw = True
34.0002 	EXP 	test2Audio2Sound: autoDraw = True
34.0165 	EXP 	test2Audio1Sound: autoDraw = False
34.0165 	EXP 	test2Audio2Mute1: autoDraw = False
35.0005 	EXP 	test2Audio2Sound: autoDraw = False
35.0005 	EXP 	test2Audio2Mute2: autoDraw = True
35.6909 	DATA 	Keypress: f
35.7075 	EXP 	New trial (rep=0, index=5): OrderedDict([('firstAudio', 'novelaudio/59_tipoko2.wav'), ('secondAudio', 'novelaudio/59_tipoko3.wav'), ('imageLoc', 'pngimages/59_umbrella.png'), ('whichAudio', 1)])
35.7633 	EXP 	test2Audio1Sound: autoDraw = False
35.7633 	EXP 	test1Audio2Mute: autoDraw = False
35.7633 	EXP 	test2Audio2Mute1: autoDraw = False
35.7633 	EXP 	test2Audio2Sound: autoDraw = False
35.7633 	EXP 	test2Audio2Mute2: autoDraw = False
35.7633 	EXP 	test2Image: autoDraw = False
35.7633 	EXP 	test2F: autoDraw = False
35.7633 	EXP 	test2J: autoDraw = False
35.7633 	EXP 	test2Audio1Sound: image = 'sound.png'
35.7633 	EXP 	test1Audio2Mute: image = 'mute.png'
35.7633 	EXP 	test2Audio2Mute1: image = 'mute.png'
35.7633 	EXP 	test2Audio2Sound: image = 'sound.png'
35.7633 	EXP 	test2Image: image = 'pngimages/59_umbrella.png'
35.7633 	EXP 	test2Audio1Sound: autoDraw = True
35.7633 	EXP 	test2Audio2Mute1: autoDraw = True
35.7633 	EXP 	test2Image: autoDraw = True
35.7633 	EXP 	test2F: autoDraw = True
35.7633 	EXP 	test2J: autoDraw = True
36.7524 	EXP 	test1Audio2Mute: autoDraw = True
36.7524 	EXP 	test2Audio2Sound: autoDraw = True
36.7687 	EXP 	test2Audio1Sound: autoDraw = False
36.7687 	EXP 	test2Audio2Mute1: autoDraw = False
37.7529 	EXP 	test2Audio2Sound: autoDraw = False
37.7529 	EXP 	test2Audio2Mute2: autoDraw = True
38.2255 	DATA 	Keypress: j
38.2431 	EXP 	New trial (rep=0, index=6): OrderedDict([('firstAudio', 'novelaudio/54_kapapa1.wav'), ('secondAudio', 'novelaudio/54_kapapa3.wav'), ('imageLoc', 'pngimages/54_toiletpaper.png'), ('whichAudio', 1)])
38.2960 	EXP 	test2Audio1Sound: autoDraw = False
38.2960 	EXP 	test1Audio2Mute: autoDraw = False
38.2960 	EXP 	test2Audio2Mute1: autoDraw = False
38.2960 	EXP 	test2Audio2Sound: autoDraw = False
38.2960 	EXP 	test2Audio2Mute2: autoDraw = False
38.2960 	EXP 	test2Image: autoDraw = False
38.2960 	EXP 	test2F: autoDraw = False
38.2960 	EXP 	test2J: autoDraw = False
38.2960 	EXP 	test2Audio1Sound: image = 'sound.png'
38.2960 	EXP 	test1Audio2Mute: image = 'mute.png'
38.2960 	EXP 	test2Audio2Mute1: image = 'mute.png'
38.2960 	EXP 	test2Audio2Sound: image = 'sound.png'
38.2960 	EXP 	test2Image: image = 'pngimages/54_toiletpaper.png'
38.2960 	EXP 	test2Audio1Sound: autoDraw = True
38.2960 	EXP 	test2Audio2Mute1: autoDraw = True
38.2960 	EXP 	test2Image: autoDraw = True
38.2960 	EXP 	test2F: autoDraw = True
38.2960 	EXP 	test2J: autoDraw = True
39.2879 	EXP 	test1Audio2Mute: autoDraw = True
39.2879 	EXP 	test2Audio2Sound: autoDraw = True
39.3041 	EXP 	test2Audio1Sound: autoDraw = False
39.3041 	EXP 	test2Audio2Mute1: autoDraw = False
40.2883 	EXP 	test2Audio2Sound: autoDraw = False
40.2883 	EXP 	test2Audio2Mute2: autoDraw = True
40.7772 	DATA 	Keypress: j
40.7957 	EXP 	New trial (rep=0, index=7): OrderedDict([('firstAudio', 'novelaudio/57_tipipa3.wav'), ('secondAudio', 'novelaudio/57_tipipa1.wav'), ('imageLoc', 'pngimages/57_flashlight.png'), ('whichAudio', 1)])
40.8454 	EXP 	test2Audio1Sound: autoDraw = False
40.8454 	EXP 	test1Audio2Mute: autoDraw = False
40.8454 	EXP 	test2Audio2Mute1: autoDraw = False
40.8454 	EXP 	test2Audio2Sound: autoDraw = False
40.8454 	EXP 	test2Audio2Mute2: autoDraw = False
40.8454 	EXP 	test2Image: autoDraw = False
40.8454 	EXP 	test2F: autoDraw = False
40.8454 	EXP 	test2J: autoDraw = False
40.8454 	EXP 	test2Audio1Sound: image = 'sound.png'
40.8454 	EXP 	test1Audio2Mute: image = 'mute.png'
40.8454 	EXP 	test2Audio2Mute1: image = 'mute.png'
40.8454 	EXP 	test2Audio2Sound: image = 'sound.png'
40.8454 	EXP 	test2Image: image = 'pngimages/57_flashlight.png'
40.8454 	EXP 	test2Audio1Sound: autoDraw = True
40.8454 	EXP 	test2Audio2Mute1: autoDraw = True
40.8454 	EXP 	test2Image: autoDraw = True
40.8454 	EXP 	test2F: autoDraw = True
40.8454 	EXP 	test2J: autoDraw = True
41.2256 	DATA 	Keypress: j
41.8400 	EXP 	test1Audio2Mute: autoDraw = True
41.8400 	EXP 	test2Audio2Sound: autoDraw = True
41.8564 	EXP 	test2Audio1Sound: autoDraw = False
41.8564 	EXP 	test2Audio2Mute1: autoDraw = False
42.8404 	EXP 	test2Audio2Sound: autoDraw = False
42.8404 	EXP 	test2Audio2Mute2: autoDraw = True
43.7642 	EXP 	New trial (rep=0, index=8): OrderedDict([('firstAudio', 'novelaudio/52_pakaki3.wav'), ('secondAudio', 'novelaudio/52_pakaki1.wav'), ('imageLoc', 'pngimages/52_newspaper.png'), ('whichAudio', 2)])
43.8289 	DATA 	Keypress: j
43.8339 	EXP 	test2Audio1Sound: autoDraw = False
43.8339 	EXP 	test1Audio2Mute: autoDraw = False
43.8339 	EXP 	test2Audio2Mute1: autoDraw = False
43.8339 	EXP 	test2Audio2Sound: autoDraw = False
43.8339 	EXP 	test2Audio2Mute2: autoDraw = False
43.8339 	EXP 	test2Image: autoDraw = False
43.8339 	EXP 	test2F: autoDraw = False
43.8339 	EXP 	test2J: autoDraw = False
43.8339 	EXP 	test2Audio1Sound: image = 'sound.png'
43.8339 	EXP 	test1Audio2Mute: image = 'mute.png'
43.8339 	EXP 	test2Audio2Mute1: image = 'mute.png'
43.8339 	EXP 	test2Audio2Sound: image = 'sound.png'
43.8339 	EXP 	test2Image: image = 'pngimages/52_newspaper.png'
43.8339 	EXP 	test2Audio1Sound: autoDraw = True
43.8339 	EXP 	test2Audio2Mute1: autoDraw = True
43.8339 	EXP 	test2Image: autoDraw = True
43.8339 	EXP 	test2F: autoDraw = True
43.8339 	EXP 	test2J: autoDraw = True
44.6291 	DATA 	Keypress: j
44.8093 	EXP 	test1Audio2Mute: autoDraw = True
44.8093 	EXP 	test2Audio2Sound: autoDraw = True
44.8422 	EXP 	test2Audio1Sound: autoDraw = False
44.8422 	EXP 	test2Audio2Mute1: autoDraw = False
45.8097 	EXP 	test2Audio2Sound: autoDraw = False
45.8097 	EXP 	test2Audio2Mute2: autoDraw = True
46.5660 	EXP 	New trial (rep=0, index=9): OrderedDict([('firstAudio', 'novelaudio/63_pitapa3.wav'), ('secondAudio', 'novelaudio/63_pitapa2.wav'), ('imageLoc', 'pngimages/63_chair.png'), ('whichAudio', 2)])
46.6274 	DATA 	Keypress: j
46.6325 	EXP 	test2Audio1Sound: autoDraw = False
46.6325 	EXP 	test1Audio2Mute: autoDraw = False
46.6325 	EXP 	test2Audio2Mute1: autoDraw = False
46.6325 	EXP 	test2Audio2Sound: autoDraw = False
46.6325 	EXP 	test2Audio2Mute2: autoDraw = False
46.6325 	EXP 	test2Image: autoDraw = False
46.6325 	EXP 	test2F: autoDraw = False
46.6325 	EXP 	test2J: autoDraw = False
46.6325 	EXP 	test2Audio1Sound: image = 'sound.png'
46.6325 	EXP 	test1Audio2Mute: image = 'mute.png'
46.6325 	EXP 	test2Audio2Mute1: image = 'mute.png'
46.6325 	EXP 	test2Audio2Sound: image = 'sound.png'
46.6325 	EXP 	test2Image: image = 'pngimages/63_chair.png'
46.6325 	EXP 	test2Audio1Sound: autoDraw = True
46.6325 	EXP 	test2Audio2Mute1: autoDraw = True
46.6325 	EXP 	test2Image: autoDraw = True
46.6325 	EXP 	test2F: autoDraw = True
46.6325 	EXP 	test2J: autoDraw = True
47.6282 	EXP 	test1Audio2Mute: autoDraw = True
47.6282 	EXP 	test2Audio2Sound: autoDraw = True
47.6445 	EXP 	test2Audio1Sound: autoDraw = False
47.6445 	EXP 	test2Audio2Mute1: autoDraw = False
48.6286 	EXP 	test2Audio2Sound: autoDraw = False
48.6286 	EXP 	test2Audio2Mute2: autoDraw = True
48.9509 	DATA 	Keypress: j
48.9688 	EXP 	New trial (rep=0, index=10): OrderedDict([('firstAudio', 'novelaudio/72_topata1.wav'), ('secondAudio', 'novelaudio/72_topata2.wav'), ('imageLoc', 'pngimages/72_nose.png'), ('whichAudio', 2)])
49.0260 	EXP 	test2Audio1Sound: autoDraw = False
49.0260 	EXP 	test1Audio2Mute: autoDraw = False
49.0260 	EXP 	test2Audio2Mute1: autoDraw = False
49.0260 	EXP 	test2Audio2Sound: autoDraw = False
49.0260 	EXP 	test2Audio2Mute2: autoDraw = False
49.0260 	EXP 	test2Image: autoDraw = False
49.0260 	EXP 	test2F: autoDraw = False
49.0260 	EXP 	test2J: autoDraw = False
49.0260 	EXP 	test2Audio1Sound: image = 'sound.png'
49.0260 	EXP 	test1Audio2Mute: image = 'mute.png'
49.0260 	EXP 	test2Audio2Mute1: image = 'mute.png'
49.0260 	EXP 	test2Audio2Sound: image = 'sound.png'
49.0260 	EXP 	test2Image: image = 'pngimages/72_nose.png'
49.0260 	EXP 	test2Audio1Sound: autoDraw = True
49.0260 	EXP 	test2Audio2Mute1: autoDraw = True
49.0260 	EXP 	test2Image: autoDraw = True
49.0260 	EXP 	test2F: autoDraw = True
49.0260 	EXP 	test2J: autoDraw = True
50.0135 	EXP 	test1Audio2Mute: autoDraw = True
50.0135 	EXP 	test2Audio2Sound: autoDraw = True
50.0298 	EXP 	test2Audio1Sound: autoDraw = False
50.0298 	EXP 	test2Audio2Mute1: autoDraw = False
51.0141 	EXP 	test2Audio2Sound: autoDraw = False
51.0141 	EXP 	test2Audio2Mute2: autoDraw = True
51.1534 	EXP 	New trial (rep=0, index=11): OrderedDict([('firstAudio', 'novelaudio/29_pipito3.wav'), ('secondAudio', 'novelaudio/29_pipito2.wav'), ('imageLoc', 'pngimages/29_cherry.png'), ('whichAudio', 1)])
51.1986 	DATA 	Keypress: j
51.2034 	EXP 	test2Audio1Sound: autoDraw = False
51.2034 	EXP 	test1Audio2Mute: autoDraw = False
51.2034 	EXP 	test2Audio2Mute1: autoDraw = False
51.2034 	EXP 	test2Audio2Sound: autoDraw = False
51.2034 	EXP 	test2Audio2Mute2: autoDraw = False
51.2034 	EXP 	test2Image: autoDraw = False
51.2034 	EXP 	test2F: autoDraw = False
51.2034 	EXP 	test2J: autoDraw = False
51.2034 	EXP 	test2Audio1Sound: image = 'sound.png'
51.2034 	EXP 	test1Audio2Mute: image = 'mute.png'
51.2034 	EXP 	test2Audio2Mute1: image = 'mute.png'
51.2034 	EXP 	test2Audio2Sound: image = 'sound.png'
51.2034 	EXP 	test2Image: image = 'pngimages/29_cherry.png'
51.2034 	EXP 	test2Audio1Sound: autoDraw = True
51.2034 	EXP 	test2Audio2Mute1: autoDraw = True
51.2034 	EXP 	test2Image: autoDraw = True
51.2034 	EXP 	test2F: autoDraw = True
51.2034 	EXP 	test2J: autoDraw = True
52.1987 	EXP 	test1Audio2Mute: autoDraw = True
52.1987 	EXP 	test2Audio2Sound: autoDraw = True
52.2149 	EXP 	test2Audio1Sound: autoDraw = False
52.2149 	EXP 	test2Audio2Mute1: autoDraw = False
53.1990 	EXP 	test2Audio2Sound: autoDraw = False
53.1990 	EXP 	test2Audio2Mute2: autoDraw = True
53.5055 	EXP 	New trial (rep=0, index=12): OrderedDict([('firstAudio', 'novelaudio/65_totipo2.wav'), ('secondAudio', 'novelaudio/65_totipo1.wav'), ('imageLoc', 'pngimages/65_wrench.png'), ('whichAudio', 2)])
53.5434 	DATA 	Keypress: j
53.5478 	EXP 	test2Audio1Sound: autoDraw = False
53.5478 	EXP 	test1Audio2Mute: autoDraw = False
53.5478 	EXP 	test2Audio2Mute1: autoDraw = False
53.5478 	EXP 	test2Audio2Sound: autoDraw = False
53.5478 	EXP 	test2Audio2Mute2: autoDraw = False
53.5478 	EXP 	test2Image: autoDraw = False
53.5478 	EXP 	test2F: autoDraw = False
53.5478 	EXP 	test2J: autoDraw = False
53.5478 	EXP 	test2Audio1Sound: image = 'sound.png'
53.5478 	EXP 	test1Audio2Mute: image = 'mute.png'
53.5478 	EXP 	test2Audio2Mute1: image = 'mute.png'
53.5478 	EXP 	test2Audio2Sound: image = 'sound.png'
53.5478 	EXP 	test2Image: image = 'pngimages/65_wrench.png'
53.5478 	EXP 	test2Audio1Sound: autoDraw = True
53.5478 	EXP 	test2Audio2Mute1: autoDraw = True
53.5478 	EXP 	test2Image: autoDraw = True
53.5478 	EXP 	test2F: autoDraw = True
53.5478 	EXP 	test2J: autoDraw = True
54.5339 	EXP 	test1Audio2Mute: autoDraw = True
54.5339 	EXP 	test2Audio2Sound: autoDraw = True
54.5500 	EXP 	test2Audio1Sound: autoDraw = False
54.5500 	EXP 	test2Audio2Mute1: autoDraw = False
55.4707 	DATA 	Keypress: escape
55.5344 	EXP 	test2Audio2Sound: autoDraw = False
55.5344 	EXP 	test2Audio2Mute2: autoDraw = True
57.3577 	DATA 	Mouse: Left button down, pos=(1419,755)
57.4241 	DATA 	Mouse:  Left button up, pos=(1419,755)
57.6240 	DATA 	Keypress: escape
57.9969 	EXP 	window1: mouseVisible = True
