1.7314 	WARNING 	We strongly recommend you activate the PTB sound engine in PsychoPy prefs as the preferred audio engine. Its timing is vastly superior. Your prefs are currently set to use ['sounddevice', 'PTB', 'pyo', 'pygame'] (in that order).
7.0272 	WARNING 	User requested fullscreen with size [1024  768], but screen is actually [1920, 1200]. Using actual size
9.2777 	EXP 	Created window1 = Window(allowGUI=False, allowStencil=False, args=UNKNOWN, autoLog=True, bitsMode=UNKNOWN, blendMode='avg', bpc=(8, 8, 8), color=array([0., 0., 0.]), colorSpace='rgb', depthBits=8, fullscr=<method-wrapper '__getattribute__' of attributeSetter object at 0x000001C1EDFC2320>, gamma=None, gammaErrorPolicy='raise', kwargs=UNKNOWN, lms=UNKNOWN, monitor=<psychopy.monitors.calibTools.Monitor object at 0x000001C1EDF8ACF8>, multiSample=False, name='window1', numSamples=2, pos=[0.0, 0.0], screen=0, size=array([1920, 1200]), stencilBits=0, stereo=False, units='height', useFBO=True, useRetina=False, viewOri=0.0, viewPos=None, viewScale=None, waitBlanking=True, winType='pyglet')
9.2777 	EXP 	window1: recordFrameIntervals = False
9.4447 	EXP 	window1: recordFrameIntervals = True
9.6278 	EXP 	window1: recordFrameIntervals = False
10.1185 	EXP 	Created instructions = TextStim(__class__=<class 'psychopy.visual.text.TextStim'>, alignHoriz=method-wrapper(...), alignText='center', alignVert=method-wrapper(...), anchorHoriz='center', anchorVert='center', antialias=True, autoLog=True, bold=False, color='white', colorSpace='named', contrast=1.0, depth=0.0, flipHoriz=False, flipVert=False, font='Arial', fontFiles=[], height=0.1, italic=False, languageStyle='LTR', name='instructions', opacity=1.0, ori=0, pos=array([0., 0.]), rgb=array([255., 255., 255.]), text=str(...), units='height', win=Window(...), wrapWidth=1)
10.1828 	EXP 	Sound stimulitrain1 set volume 1.000
10.1860 	EXP 	Created imagetrain1 = ImageStim(__class__=<class 'psychopy.visual.image.ImageStim'>, autoLog=True, color=array([1., 1., 1.]), colorSpace='rgb', contrast=1.0, depth=-1.0, flipHoriz=False, flipVert=False, image='sin', interpolate=True, mask=None, maskParams=None, name='imagetrain1', opacity=1.0, ori=0.0, pos=array([0., 0.]), size=array([0.5, 0.5]), texRes=128, units='height', win=Window(...))
10.1861 	EXP 	Sound stimulitest1 set volume 1.000
10.1880 	EXP 	Created correct = ImageStim(__class__=<class 'psychopy.visual.image.ImageStim'>, autoLog=True, color=array([1., 1., 1.]), colorSpace='rgb', contrast=1.0, depth=-1.0, flipHoriz=False, flipVert=False, image='sin', interpolate=True, mask=None, maskParams=None, name='correct', opacity=1.0, ori=0.0, pos=array([0., 0.]), size=array([0.5, 0.5]), texRes=128, units='height', win=Window(...))
10.1897 	EXP 	Created incorrect = ImageStim(__class__=<class 'psychopy.visual.image.ImageStim'>, autoLog=True, color=array([1., 1., 1.]), colorSpace='rgb', contrast=1.0, depth=-2.0, flipHoriz=False, flipVert=False, image='sin', interpolate=True, mask=None, maskParams=None, name='incorrect', opacity=1.0, ori=0.0, pos=array([0., 0.]), size=array([0.5, 0.5]), texRes=128, units='height', win=Window(...))
10.2209 	EXP 	Created notice = TextStim(__class__=<class 'psychopy.visual.text.TextStim'>, alignHoriz=method-wrapper(...), alignText='center', alignVert=method-wrapper(...), anchorHoriz='center', anchorVert='center', antialias=True, autoLog=True, bold=False, color='white', colorSpace='named', contrast=1.0, depth=0.0, flipHoriz=False, flipVert=False, font='Arial', fontFiles=[], height=0.05, italic=False, languageStyle='LTR', name='notice', opacity=1.0, ori=0, pos=array([0., 0.]), rgb=array([255., 255., 255.]), text=str(...), units='height', win=Window(...), wrapWidth=1)
10.2210 	EXP 	Sound stimulitrain2 set volume 1.000
10.2237 	EXP 	Created imagetrain2 = ImageStim(__class__=<class 'psychopy.visual.image.ImageStim'>, autoLog=True, color=array([1., 1., 1.]), colorSpace='rgb', contrast=1.0, depth=-1.0, flipHoriz=False, flipVert=False, image='sin', interpolate=True, mask=None, maskParams=None, name='imagetrain2', opacity=1.0, ori=0.0, pos=array([0., 0.]), size=array([0.5, 0.5]), texRes=128, units='height', win=Window(...))
10.2238 	EXP 	Sound stimulitest2 set volume 1.000
10.2256 	EXP 	Created correct2 = ImageStim(__class__=<class 'psychopy.visual.image.ImageStim'>, autoLog=True, color=array([1., 1., 1.]), colorSpace='rgb', contrast=1.0, depth=-2.0, flipHoriz=False, flipVert=False, image='sin', interpolate=True, mask=None, maskParams=None, name='correct2', opacity=1.0, ori=0.0, pos=array([0., 0.]), size=array([0.5, 0.5]), texRes=128, units='height', win=Window(...))
10.2277 	EXP 	Created incorrect2 = ImageStim(__class__=<class 'psychopy.visual.image.ImageStim'>, autoLog=True, color=array([1., 1., 1.]), colorSpace='rgb', contrast=1.0, depth=-3.0, flipHoriz=False, flipVert=False, image='sin', interpolate=True, mask=None, maskParams=None, name='incorrect2', opacity=1.0, ori=0.0, pos=array([0., 0.]), size=array([0.5, 0.5]), texRes=128, units='height', win=Window(...))
10.2400 	EXP 	Created test1Instr = TextStim(__class__=<class 'psychopy.visual.text.TextStim'>, alignHoriz=method-wrapper(...), alignText='center', alignVert=method-wrapper(...), anchorHoriz='center', anchorVert='center', antialias=True, autoLog=True, bold=False, color='white', colorSpace='named', contrast=1.0, depth=0.0, flipHoriz=False, flipVert=False, font='Arial', fontFiles=[], height=0.05, italic=False, languageStyle='LTR', name='test1Instr', opacity=1.0, ori=0, pos=array([0., 0.]), rgb=array([255., 255., 255.]), text='Instructions For Test1 Go Here', units='height', win=Window(...), wrapWidth=1)
10.2500 	EXP 	Created oneWarningTest1 = TextStim(__class__=<class 'psychopy.visual.text.TextStim'>, alignHoriz=method-wrapper(...), alignText='center', alignVert=method-wrapper(...), anchorHoriz='center', anchorVert='center', antialias=True, autoLog=True, bold=False, color='white', colorSpace='named', contrast=1.0, depth=-2.0, flipHoriz=False, flipVert=False, font='Arial', fontFiles=[], height=0.1, italic=False, languageStyle='LTR', name='oneWarningTest1', opacity=1.0, ori=0, pos=array([ 0. , -0.5]), rgb=array([255., 255., 255.]), text='Less than 1 minute left', units='height', win=Window(...), wrapWidth=1)
10.2584 	EXP 	Created twoWarningTest1 = TextStim(__class__=<class 'psychopy.visual.text.TextStim'>, alignHoriz=method-wrapper(...), alignText='center', alignVert=method-wrapper(...), anchorHoriz='center', anchorVert='center', antialias=True, autoLog=True, bold=False, color='white', colorSpace='named', contrast=1.0, depth=-3.0, flipHoriz=False, flipVert=False, font='Arial', fontFiles=[], height=0.1, italic=False, languageStyle='LTR', name='twoWarningTest1', opacity=1.0, ori=0, pos=array([ 0. , -0.5]), rgb=array([255., 255., 255.]), text='Less than 2 minutes left', units='height', win=Window(...), wrapWidth=1)
10.2658 	EXP 	Created threeWarningTest1 = TextStim(__class__=<class 'psychopy.visual.text.TextStim'>, alignHoriz=method-wrapper(...), alignText='center', alignVert=method-wrapper(...), anchorHoriz='center', anchorVert='center', antialias=True, autoLog=True, bold=False, color='white', colorSpace='named', contrast=1.0, depth=-4.0, flipHoriz=False, flipVert=False, font='Arial', fontFiles=[], height=0.1, italic=False, languageStyle='LTR', name='threeWarningTest1', opacity=1.0, ori=0, pos=array([0., 0.]), rgb=array([255., 255., 255.]), text='Less than 3 minutes left', units='height', win=Window(...), wrapWidth=1)
10.2717 	EXP 	Created fourWarningTest1 = TextStim(__class__=<class 'psychopy.visual.text.TextStim'>, alignHoriz=method-wrapper(...), alignText='center', alignVert=method-wrapper(...), anchorHoriz='center', anchorVert='center', antialias=True, autoLog=True, bold=False, color='white', colorSpace='named', contrast=1.0, depth=-5.0, flipHoriz=False, flipVert=False, font='Arial', fontFiles=[], height=0.1, italic=False, languageStyle='LTR', name='fourWarningTest1', opacity=1.0, ori=0, pos=array([0., 0.]), rgb=array([255., 255., 255.]), text='Less than four minutes left', units='height', win=Window(...), wrapWidth=1)
10.2718 	EXP 	Sound test1Audio1 set volume 1.000
10.2738 	EXP 	Created test1Audio1Sound = ImageStim(__class__=<class 'psychopy.visual.image.ImageStim'>, autoLog=True, color=array([1., 1., 1.]), colorSpace='rgb', contrast=1.0, depth=-1.0, flipHoriz=False, flipVert=False, image='sin', interpolate=True, mask=None, maskParams=None, name='test1Audio1Sound', opacity=1.0, ori=0.0, pos=array([-0.3, -0.3]), size=array([0.2, 0.2]), texRes=128, units='height', win=Window(...))
10.2757 	EXP 	Created test1Audio1Mute = ImageStim(__class__=<class 'psychopy.visual.image.ImageStim'>, autoLog=True, color=array([1., 1., 1.]), colorSpace='rgb', contrast=1.0, depth=-2.0, flipHoriz=False, flipVert=False, image='sin', interpolate=True, mask=None, maskParams=None, name='test1Audio1Mute', opacity=1.0, ori=0.0, pos=array([-0.3, -0.3]), size=array([0.2, 0.2]), texRes=128, units='height', win=Window(...))
10.2759 	EXP 	Sound test1Audio2 set volume 1.000
10.2779 	EXP 	Created test1Audio2Mute1 = ImageStim(__class__=<class 'psychopy.visual.image.ImageStim'>, autoLog=True, color=array([1., 1., 1.]), colorSpace='rgb', contrast=1.0, depth=-4.0, flipHoriz=False, flipVert=False, image='sin', interpolate=True, mask=None, maskParams=None, name='test1Audio2Mute1', opacity=1.0, ori=0.0, pos=array([ 0.3, -0.3]), size=array([0.2, 0.2]), texRes=128, units='height', win=Window(...))
10.2799 	EXP 	Created test1Audio2Sound = ImageStim(__class__=<class 'psychopy.visual.image.ImageStim'>, autoLog=True, color=array([1., 1., 1.]), colorSpace='rgb', contrast=1.0, depth=-5.0, flipHoriz=False, flipVert=False, image='sin', interpolate=True, mask=None, maskParams=None, name='test1Audio2Sound', opacity=1.0, ori=0.0, pos=array([ 0.3, -0.3]), size=array([0.2, 0.2]), texRes=128, units='height', win=Window(...))
10.2819 	EXP 	Created test1Audio2Mute2 = ImageStim(__class__=<class 'psychopy.visual.image.ImageStim'>, autoLog=True, color=array([1., 1., 1.]), colorSpace='rgb', contrast=1.0, depth=-6.0, flipHoriz=False, flipVert=False, image='sin', interpolate=True, mask=None, maskParams=None, name='test1Audio2Mute2', opacity=1.0, ori=0.0, pos=array([ 0.3, -0.3]), size=array([0.2, 0.2]), texRes=128, units='height', win=Window(...))
10.2840 	EXP 	Created test1Image = ImageStim(__class__=<class 'psychopy.visual.image.ImageStim'>, autoLog=True, color=array([1., 1., 1.]), colorSpace='rgb', contrast=1.0, depth=-8.0, flipHoriz=False, flipVert=False, image='sin', interpolate=True, mask=None, maskParams=None, name='test1Image', opacity=1.0, ori=0.0, pos=array([0. , 0.2]), size=array([0.4, 0.4]), texRes=128, units='height', win=Window(...))
10.3243 	EXP 	Created test1F = TextStim(__class__=<class 'psychopy.visual.text.TextStim'>, alignHoriz=method-wrapper(...), alignText='center', alignVert=method-wrapper(...), anchorHoriz='center', anchorVert='center', antialias=True, autoLog=True, bold=False, color='white', colorSpace='named', contrast=1.0, depth=-9.0, flipHoriz=False, flipVert=False, font='Arial', fontFiles=[], height=0.2, italic=False, languageStyle='LTR', name='test1F', opacity=1.0, ori=0, pos=array([-0.3, -0.1]), rgb=array([255., 255., 255.]), text='F', units='height', win=Window(...), wrapWidth=1)
10.3326 	EXP 	Created test1J = TextStim(__class__=<class 'psychopy.visual.text.TextStim'>, alignHoriz=method-wrapper(...), alignText='center', alignVert=method-wrapper(...), anchorHoriz='center', anchorVert='center', antialias=True, autoLog=True, bold=False, color='white', colorSpace='named', contrast=1.0, depth=-10.0, flipHoriz=False, flipVert=False, font='Arial', fontFiles=[], height=0.2, italic=False, languageStyle='LTR', name='test1J', opacity=1.0, ori=0, pos=array([ 0.3, -0.1]), rgb=array([255., 255., 255.]), text='J', units='height', win=Window(...), wrapWidth=1)
10.3639 	EXP 	Created test2Instr = TextStim(__class__=<class 'psychopy.visual.text.TextStim'>, alignHoriz=method-wrapper(...), alignText='center', alignVert=method-wrapper(...), anchorHoriz='center', anchorVert='center', antialias=True, autoLog=True, bold=False, color='white', colorSpace='named', contrast=1.0, depth=0.0, flipHoriz=False, flipVert=False, font='Arial', fontFiles=[], height=0.1, italic=False, languageStyle='LTR', name='test2Instr', opacity=1.0, ori=0, pos=array([0., 0.]), rgb=array([255., 255., 255.]), text='Instructions For Test2 Go Here', units='height', win=Window(...), wrapWidth=1)
10.3641 	EXP 	Sound test2Audio1 set volume 1.000
10.3659 	EXP 	Created test2Audio1Sound = ImageStim(__class__=<class 'psychopy.visual.image.ImageStim'>, autoLog=True, color=array([1., 1., 1.]), colorSpace='rgb', contrast=1.0, depth=-1.0, flipHoriz=False, flipVert=False, image='sin', interpolate=True, mask=None, maskParams=None, name='test2Audio1Sound', opacity=1.0, ori=0.0, pos=array([-0.3, -0.3]), size=array([0.2, 0.2]), texRes=128, units='height', win=Window(...))
10.3677 	EXP 	Created test1Audio2Mute = ImageStim(__class__=<class 'psychopy.visual.image.ImageStim'>, autoLog=True, color=array([1., 1., 1.]), colorSpace='rgb', contrast=1.0, depth=-2.0, flipHoriz=False, flipVert=False, image='sin', interpolate=True, mask=None, maskParams=None, name='test1Audio2Mute', opacity=1.0, ori=0.0, pos=array([-0.3, -0.3]), size=array([0.2, 0.2]), texRes=128, units='height', win=Window(...))
10.3678 	EXP 	Sound test2Audio2 set volume 1.000
10.3695 	EXP 	Created test2Audio2Mute1 = ImageStim(__class__=<class 'psychopy.visual.image.ImageStim'>, autoLog=True, color=array([1., 1., 1.]), colorSpace='rgb', contrast=1.0, depth=-4.0, flipHoriz=False, flipVert=False, image='sin', interpolate=True, mask=None, maskParams=None, name='test2Audio2Mute1', opacity=1.0, ori=0.0, pos=array([ 0.3, -0.3]), size=array([0.2, 0.2]), texRes=128, units='height', win=Window(...))
10.3712 	EXP 	Created test2Audio2Sound = ImageStim(__class__=<class 'psychopy.visual.image.ImageStim'>, autoLog=True, color=array([1., 1., 1.]), colorSpace='rgb', contrast=1.0, depth=-5.0, flipHoriz=False, flipVert=False, image='sin', interpolate=True, mask=None, maskParams=None, name='test2Audio2Sound', opacity=1.0, ori=0.0, pos=array([ 0.3, -0.3]), size=array([0.2, 0.2]), texRes=128, units='height', win=Window(...))
10.3782 	EXP 	Created test2Audio2Mute2 = ImageStim(__class__=<class 'psychopy.visual.image.ImageStim'>, autoLog=True, color=array([1., 1., 1.]), colorSpace='rgb', contrast=1.0, depth=-6.0, flipHoriz=False, flipVert=False, image='mute.png', interpolate=True, mask=None, maskParams=None, name='test2Audio2Mute2', opacity=1.0, ori=0.0, pos=array([ 0.3, -0.3]), size=array([0.2, 0.2]), texRes=128, units='height', win=Window(...))
10.3801 	EXP 	Created test2Image = ImageStim(__class__=<class 'psychopy.visual.image.ImageStim'>, autoLog=True, color=array([1., 1., 1.]), colorSpace='rgb', contrast=1.0, depth=-8.0, flipHoriz=False, flipVert=False, image='sin', interpolate=True, mask=None, maskParams=None, name='test2Image', opacity=1.0, ori=0.0, pos=array([0. , 0.2]), size=array([0.4, 0.4]), texRes=128, units='height', win=Window(...))
10.3822 	EXP 	Created test2F = TextStim(__class__=<class 'psychopy.visual.text.TextStim'>, alignHoriz=method-wrapper(...), alignText='center', alignVert=method-wrapper(...), anchorHoriz='center', anchorVert='center', antialias=True, autoLog=True, bold=False, color='white', colorSpace='named', contrast=1.0, depth=-9.0, flipHoriz=False, flipVert=False, font='Arial', fontFiles=[], height=0.2, italic=False, languageStyle='LTR', name='test2F', opacity=1.0, ori=0, pos=array([-0.3, -0.1]), rgb=array([255., 255., 255.]), text='F', units='height', win=Window(...), wrapWidth=1)
10.3840 	EXP 	Created test2J = TextStim(__class__=<class 'psychopy.visual.text.TextStim'>, alignHoriz=method-wrapper(...), alignText='center', alignVert=method-wrapper(...), anchorHoriz='center', anchorVert='center', antialias=True, autoLog=True, bold=False, color='white', colorSpace='named', contrast=1.0, depth=-10.0, flipHoriz=False, flipVert=False, font='Arial', fontFiles=[], height=0.2, italic=False, languageStyle='LTR', name='test2J', opacity=1.0, ori=0, pos=array([ 0.3, -0.1]), rgb=array([255., 255., 255.]), text='J', units='height', win=Window(...), wrapWidth=1)
10.3941 	EXP 	Created test3Instr = TextStim(__class__=<class 'psychopy.visual.text.TextStim'>, alignHoriz=method-wrapper(...), alignText='center', alignVert=method-wrapper(...), anchorHoriz='center', anchorVert='center', antialias=True, autoLog=True, bold=False, color='white', colorSpace='named', contrast=1.0, depth=0.0, flipHoriz=False, flipVert=False, font='Arial', fontFiles=[], height=0.1, italic=False, languageStyle='LTR', name='test3Instr', opacity=1.0, ori=0, pos=array([0., 0.]), rgb=array([255., 255., 255.]), text='Instructions For Test3 Go Here\n', units='height', win=Window(...), wrapWidth=1)
10.3943 	EXP 	Sound test3Audio1 set volume 1.000
10.3962 	EXP 	Created test3Audio1Sound = ImageStim(__class__=<class 'psychopy.visual.image.ImageStim'>, autoLog=True, color=array([1., 1., 1.]), colorSpace='rgb', contrast=1.0, depth=-1.0, flipHoriz=False, flipVert=False, image='sin', interpolate=True, mask=None, maskParams=None, name='test3Audio1Sound', opacity=1.0, ori=0.0, pos=array([-0.3, -0.3]), size=array([0.2, 0.2]), texRes=128, units='height', win=Window(...))
10.3983 	EXP 	Created test3Audio1Mute = ImageStim(__class__=<class 'psychopy.visual.image.ImageStim'>, autoLog=True, color=array([1., 1., 1.]), colorSpace='rgb', contrast=1.0, depth=-2.0, flipHoriz=False, flipVert=False, image='sin', interpolate=True, mask=None, maskParams=None, name='test3Audio1Mute', opacity=1.0, ori=0.0, pos=array([-0.3, -0.3]), size=array([0.2, 0.2]), texRes=128, units='height', win=Window(...))
10.3984 	EXP 	Sound test3Audio2 set volume 1.000
10.4005 	EXP 	Created test3Audio2Mute1 = ImageStim(__class__=<class 'psychopy.visual.image.ImageStim'>, autoLog=True, color=array([1., 1., 1.]), colorSpace='rgb', contrast=1.0, depth=-4.0, flipHoriz=False, flipVert=False, image='sin', interpolate=True, mask=None, maskParams=None, name='test3Audio2Mute1', opacity=1.0, ori=0.0, pos=array([ 0.3, -0.3]), size=array([0.2, 0.2]), texRes=128, units='height', win=Window(...))
10.4023 	EXP 	Created test3Audio2Sound = ImageStim(__class__=<class 'psychopy.visual.image.ImageStim'>, autoLog=True, color=array([1., 1., 1.]), colorSpace='rgb', contrast=1.0, depth=-5.0, flipHoriz=False, flipVert=False, image='sin', interpolate=True, mask=None, maskParams=None, name='test3Audio2Sound', opacity=1.0, ori=0.0, pos=array([ 0.3, -0.3]), size=array([0.2, 0.2]), texRes=128, units='height', win=Window(...))
10.4040 	EXP 	Created test3Audio2Mute2 = ImageStim(__class__=<class 'psychopy.visual.image.ImageStim'>, autoLog=True, color=array([1., 1., 1.]), colorSpace='rgb', contrast=1.0, depth=-6.0, flipHoriz=False, flipVert=False, image='sin', interpolate=True, mask=None, maskParams=None, name='test3Audio2Mute2', opacity=1.0, ori=0.0, pos=array([ 0.3, -0.3]), size=array([0.2, 0.2]), texRes=128, units='height', win=Window(...))
10.4059 	EXP 	Created test3Image = ImageStim(__class__=<class 'psychopy.visual.image.ImageStim'>, autoLog=True, color=array([1., 1., 1.]), colorSpace='rgb', contrast=1.0, depth=-8.0, flipHoriz=False, flipVert=False, image='sin', interpolate=True, mask=None, maskParams=None, name='test3Image', opacity=1.0, ori=0.0, pos=array([0. , 0.2]), size=array([0.4, 0.4]), texRes=128, units='height', win=Window(...))
10.4077 	EXP 	Created test3F = TextStim(__class__=<class 'psychopy.visual.text.TextStim'>, alignHoriz=method-wrapper(...), alignText='center', alignVert=method-wrapper(...), anchorHoriz='center', anchorVert='center', antialias=True, autoLog=True, bold=False, color='white', colorSpace='named', contrast=1.0, depth=-9.0, flipHoriz=False, flipVert=False, font='Arial', fontFiles=[], height=0.2, italic=False, languageStyle='LTR', name='test3F', opacity=1.0, ori=0, pos=array([-0.3, -0.1]), rgb=array([255., 255., 255.]), text='F', units='height', win=Window(...), wrapWidth=1)
10.4096 	EXP 	Created test3J = TextStim(__class__=<class 'psychopy.visual.text.TextStim'>, alignHoriz=method-wrapper(...), alignText='center', alignVert=method-wrapper(...), anchorHoriz='center', anchorVert='center', antialias=True, autoLog=True, bold=False, color='white', colorSpace='named', contrast=1.0, depth=-10.0, flipHoriz=False, flipVert=False, font='Arial', fontFiles=[], height=0.2, italic=False, languageStyle='LTR', name='test3J', opacity=1.0, ori=0, pos=array([ 0.3, -0.1]), rgb=array([255., 255., 255.]), text='J', units='height', win=Window(...), wrapWidth=1)
10.4379 	EXP 	Created postTestText = TextStim(__class__=<class 'psychopy.visual.text.TextStim'>, alignHoriz=method-wrapper(...), alignText='center', alignVert=method-wrapper(...), anchorHoriz='center', anchorVert='center', antialias=True, autoLog=True, bold=False, color='white', colorSpace='named', contrast=1.0, depth=0.0, flipHoriz=False, flipVert=False, font='Arial', fontFiles=[], height=0.1, italic=False, languageStyle='LTR', name='postTestText', opacity=1.0, ori=0, pos=array([0., 0.]), rgb=array([255., 255., 255.]), text=str(...), units='height', win=Window(...), wrapWidth=1)
10.4380 	EXP 	Sound postTestAudio1 set volume 1.000
10.4436 	EXP 	Created fSound = ImageStim(__class__=<class 'psychopy.visual.image.ImageStim'>, autoLog=True, color=array([1., 1., 1.]), colorSpace='rgb', contrast=1.0, depth=-2.0, flipHoriz=False, flipVert=False, image='sound.png', interpolate=True, mask=None, maskParams=None, name='fSound', opacity=1.0, ori=0.0, pos=array([-0.5, -0.3]), size=array([0.2, 0.2]), texRes=128, units='height', win=Window(...))
10.4498 	EXP 	Created fMute = ImageStim(__class__=<class 'psychopy.visual.image.ImageStim'>, autoLog=True, color=array([1., 1., 1.]), colorSpace='rgb', contrast=1.0, depth=-3.0, flipHoriz=False, flipVert=False, image='mute.png', interpolate=True, mask=None, maskParams=None, name='fMute', opacity=1.0, ori=0.0, pos=array([-0.5, -0.3]), size=array([0.2, 0.2]), texRes=128, units='height', win=Window(...))
10.4499 	EXP 	Sound postTestAudio2 set volume 1.000
10.4566 	EXP 	Created xMute1 = ImageStim(__class__=<class 'psychopy.visual.image.ImageStim'>, autoLog=True, color=array([1., 1., 1.]), colorSpace='rgb', contrast=1.0, depth=-5.0, flipHoriz=False, flipVert=False, image='mute.png', interpolate=True, mask=None, maskParams=None, name='xMute1', opacity=1.0, ori=0.0, pos=array([ 0. , -0.3]), size=array([0.2, 0.2]), texRes=128, units='height', win=Window(...))
10.4632 	EXP 	Created xSound = ImageStim(__class__=<class 'psychopy.visual.image.ImageStim'>, autoLog=True, color=array([1., 1., 1.]), colorSpace='rgb', contrast=1.0, depth=-6.0, flipHoriz=False, flipVert=False, image='Sound.png', interpolate=True, mask=None, maskParams=None, name='xSound', opacity=1.0, ori=0.0, pos=array([ 0. , -0.3]), size=array([0.2, 0.2]), texRes=128, units='height', win=Window(...))
10.4698 	EXP 	Created xMute2 = ImageStim(__class__=<class 'psychopy.visual.image.ImageStim'>, autoLog=True, color=array([1., 1., 1.]), colorSpace='rgb', contrast=1.0, depth=-7.0, flipHoriz=False, flipVert=False, image='mute.png', interpolate=True, mask=None, maskParams=None, name='xMute2', opacity=1.0, ori=0.0, pos=array([ 0. , -0.3]), size=array([0.2, 0.2]), texRes=128, units='height', win=Window(...))
10.4699 	EXP 	Sound postTestAudio3 set volume 1.000
10.4769 	EXP 	Created jMute1 = ImageStim(__class__=<class 'psychopy.visual.image.ImageStim'>, autoLog=True, color=array([1., 1., 1.]), colorSpace='rgb', contrast=1.0, depth=-9.0, flipHoriz=False, flipVert=False, image='mute.png', interpolate=True, mask=None, maskParams=None, name='jMute1', opacity=1.0, ori=0.0, pos=array([ 0.5, -0.3]), size=array([0.2, 0.2]), texRes=128, units='height', win=Window(...))
10.4830 	EXP 	Created jSound = ImageStim(__class__=<class 'psychopy.visual.image.ImageStim'>, autoLog=True, color=array([1., 1., 1.]), colorSpace='rgb', contrast=1.0, depth=-10.0, flipHoriz=False, flipVert=False, image='sound.png', interpolate=True, mask=None, maskParams=None, name='jSound', opacity=1.0, ori=0.0, pos=array([ 0.5, -0.3]), size=array([0.2, 0.2]), texRes=128, units='height', win=Window(...))
10.4901 	EXP 	Created jMute2 = ImageStim(__class__=<class 'psychopy.visual.image.ImageStim'>, autoLog=True, color=array([1., 1., 1.]), colorSpace='rgb', contrast=1.0, depth=-11.0, flipHoriz=False, flipVert=False, image='mute.png', interpolate=True, mask=None, maskParams=None, name='jMute2', opacity=1.0, ori=0.0, pos=array([ 0.5, -0.3]), size=array([0.2, 0.2]), texRes=128, units='height', win=Window(...))
10.5121 	EXP 	Created textInstructionsPostTest = TextStim(__class__=<class 'psychopy.visual.text.TextStim'>, alignHoriz=method-wrapper(...), alignText='center', alignVert=method-wrapper(...), anchorHoriz='center', anchorVert='center', antialias=True, autoLog=True, bold=False, color='white', colorSpace='named', contrast=1.0, depth=-12.0, flipHoriz=False, flipVert=False, font='Arial', fontFiles=[], height=0.05, italic=False, languageStyle='LTR', name='textInstructionsPostTest', opacity=1.0, ori=0, pos=array([0. , 0.3]), rgb=array([255., 255., 255.]), text=str(...), units='height', win=Window(...), wrapWidth=1)
10.5613 	EXP 	Created fText = TextStim(__class__=<class 'psychopy.visual.text.TextStim'>, alignHoriz=method-wrapper(...), alignText='center', alignVert=method-wrapper(...), anchorHoriz='center', anchorVert='center', antialias=True, autoLog=True, bold=False, color='white', colorSpace='named', contrast=1.0, depth=-13.0, flipHoriz=False, flipVert=False, font='Arial', fontFiles=[], height=0.3, italic=False, languageStyle='LTR', name='fText', opacity=1.0, ori=0, pos=array([-0.5,  0. ]), rgb=array([255., 255., 255.]), text='F', units='height', win=Window(...), wrapWidth=1)
10.5770 	EXP 	Created xText = TextStim(__class__=<class 'psychopy.visual.text.TextStim'>, alignHoriz=method-wrapper(...), alignText='center', alignVert=method-wrapper(...), anchorHoriz='center', anchorVert='center', antialias=True, autoLog=True, bold=False, color='white', colorSpace='named', contrast=1.0, depth=-14.0, flipHoriz=False, flipVert=False, font='Arial', fontFiles=[], height=0.3, italic=False, languageStyle='LTR', name='xText', opacity=1.0, ori=0, pos=array([0., 0.]), rgb=array([255., 255., 255.]), text='X', units='height', win=Window(...), wrapWidth=1)
10.5930 	EXP 	Created jText = TextStim(__class__=<class 'psychopy.visual.text.TextStim'>, alignHoriz=method-wrapper(...), alignText='center', alignVert=method-wrapper(...), anchorHoriz='center', anchorVert='center', antialias=True, autoLog=True, bold=False, color='white', colorSpace='named', contrast=1.0, depth=-15.0, flipHoriz=False, flipVert=False, font='Arial', fontFiles=[], height=0.3, italic=False, languageStyle='LTR', name='jText', opacity=1.0, ori=0, pos=array([0.5, 0. ]), rgb=array([255., 255., 255.]), text='J', units='height', win=Window(...), wrapWidth=1)
10.6412 	EXP 	Created text = TextStim(__class__=<class 'psychopy.visual.text.TextStim'>, alignHoriz=method-wrapper(...), alignText='center', alignVert=method-wrapper(...), anchorHoriz='center', anchorVert='center', antialias=True, autoLog=True, bold=False, color='white', colorSpace='named', contrast=1.0, depth=0.0, flipHoriz=False, flipVert=False, font='Arial', fontFiles=[], height=0.1, italic=False, languageStyle='LTR', name='text', opacity=1.0, ori=0, pos=array([0., 0.]), rgb=array([255., 255., 255.]), text=str(...), units='height', win=Window(...), wrapWidth=1)
10.6798 	EXP 	instructions: autoDraw = True
12.1043 	EXP 	Imported autoConditions\train1LoopCondition.xlsx as conditions, 9 conditions, 2 params
12.1046 	EXP 	Created sequence: sequential, trialTypes=9, nReps=0, seed=None
12.1080 	DATA 	Keypress: a
12.1108 	EXP 	instructions: autoDraw = False
12.1108 	EXP 	notice: autoDraw = True
12.7410 	EXP 	Imported autoConditions\train2LoopCondition.xlsx as conditions, 3 conditions, 2 params
12.7412 	EXP 	Created sequence: sequential, trialTypes=3, nReps=0, seed=None
12.7441 	DATA 	Keypress: a
12.7468 	EXP 	notice: autoDraw = False
12.7468 	EXP 	test1Instr: autoDraw = True
13.1955 	EXP 	Imported autoConditions\test1Conditions.xlsx as conditions, 54 conditions, 4 params
13.1958 	EXP 	Created sequence: sequential, trialTypes=54, nReps=0, seed=None
13.1997 	DATA 	Keypress: a
13.2028 	EXP 	test1Instr: autoDraw = False
13.2028 	EXP 	oneWarningTest1: autoDraw = False
13.2028 	EXP 	twoWarningTest1: autoDraw = False
13.2028 	EXP 	threeWarningTest1: autoDraw = False
13.2028 	EXP 	fourWarningTest1: autoDraw = False
13.2028 	EXP 	test2Instr: autoDraw = True
13.6985 	EXP 	Imported autoConditions\test2Conditions.xlsx as conditions, 54 conditions, 4 params
13.6990 	EXP 	Created sequence: sequential, trialTypes=54, nReps=0, seed=None
13.7030 	DATA 	Keypress: a
13.7061 	EXP 	test2Instr: autoDraw = False
13.7061 	EXP 	test3Instr: autoDraw = True
14.7319 	EXP 	Imported autoConditions\test3Conditions.xlsx as conditions, 54 conditions, 4 params
14.7322 	EXP 	Created sequence: sequential, trialTypes=54, nReps=1, seed=None
14.7325 	EXP 	New trial (rep=0, index=0): OrderedDict([('firstAudio', 'novelaudio/72_topata3.wav'), ('secondAudio', 'novelaudio/72_topata2.wav'), ('imageLoc', 'pngimages/72_nose.png'), ('whichAudio', 2)])
14.8129 	DATA 	Keypress: a
14.8177 	EXP 	test3Instr: autoDraw = False
14.8177 	EXP 	test3Audio1Sound: image = 'sound.png'
14.8177 	EXP 	test3Audio1Mute: image = 'mute.png'
14.8177 	EXP 	test3Audio2Mute1: image = 'mute.png'
14.8177 	EXP 	test3Audio2Sound: image = 'sound.png'
14.8177 	EXP 	test3Audio2Mute2: image = 'mute.png'
14.8177 	EXP 	test3Image: image = 'pngimages/72_nose.png'
14.8177 	EXP 	test3Audio1Sound: autoDraw = True
14.8177 	EXP 	test3Audio2Mute1: autoDraw = True
14.8177 	EXP 	test3Image: autoDraw = True
14.8177 	EXP 	test3F: autoDraw = True
14.8177 	EXP 	test3J: autoDraw = True
15.7839 	EXP 	test3Audio1Mute: autoDraw = True
15.7839 	EXP 	test3Audio2Sound: autoDraw = True
15.8169 	EXP 	test3Audio1Sound: autoDraw = False
15.8169 	EXP 	test3Audio2Mute1: autoDraw = False
16.7846 	EXP 	test3Audio2Sound: autoDraw = False
16.7846 	EXP 	test3Audio2Mute2: autoDraw = True
18.2903 	DATA 	Keypress: f
18.3092 	EXP 	New trial (rep=0, index=1): OrderedDict([('firstAudio', 'novelaudio/40_kototi1.wav'), ('secondAudio', 'novelaudio/40_kototi2.wav'), ('imageLoc', 'pngimages/40_spoon.png'), ('whichAudio', 1)])
18.3449 	EXP 	test3Audio1Sound: autoDraw = False
18.3449 	EXP 	test3Audio1Mute: autoDraw = False
18.3449 	EXP 	test3Audio2Mute1: autoDraw = False
18.3449 	EXP 	test3Audio2Sound: autoDraw = False
18.3449 	EXP 	test3Audio2Mute2: autoDraw = False
18.3449 	EXP 	test3Image: autoDraw = False
18.3449 	EXP 	test3F: autoDraw = False
18.3449 	EXP 	test3J: autoDraw = False
18.3449 	EXP 	test3Audio1Sound: image = 'sound.png'
18.3449 	EXP 	test3Audio1Mute: image = 'mute.png'
18.3449 	EXP 	test3Audio2Mute1: image = 'mute.png'
18.3449 	EXP 	test3Audio2Sound: image = 'sound.png'
18.3449 	EXP 	test3Audio2Mute2: image = 'mute.png'
18.3449 	EXP 	test3Image: image = 'pngimages/40_spoon.png'
18.3449 	EXP 	test3Audio1Sound: autoDraw = True
18.3449 	EXP 	test3Audio2Mute1: autoDraw = True
18.3449 	EXP 	test3Image: autoDraw = True
18.3449 	EXP 	test3F: autoDraw = True
18.3449 	EXP 	test3J: autoDraw = True
19.3369 	EXP 	test3Audio1Mute: autoDraw = True
19.3369 	EXP 	test3Audio2Sound: autoDraw = True
19.3531 	EXP 	test3Audio1Sound: autoDraw = False
19.3531 	EXP 	test3Audio2Mute1: autoDraw = False
20.3376 	EXP 	test3Audio2Sound: autoDraw = False
20.3376 	EXP 	test3Audio2Mute2: autoDraw = True
20.5929 	EXP 	New trial (rep=0, index=2): OrderedDict([('firstAudio', 'novelaudio/77_takopo1.wav'), ('secondAudio', 'novelaudio/77_takopo2.wav'), ('imageLoc', 'pngimages/77_bear.png'), ('whichAudio', 1)])
20.6553 	DATA 	Keypress: j
20.6605 	EXP 	test3Audio1Sound: autoDraw = False
20.6605 	EXP 	test3Audio1Mute: autoDraw = False
20.6605 	EXP 	test3Audio2Mute1: autoDraw = False
20.6605 	EXP 	test3Audio2Sound: autoDraw = False
20.6605 	EXP 	test3Audio2Mute2: autoDraw = False
20.6605 	EXP 	test3Image: autoDraw = False
20.6605 	EXP 	test3F: autoDraw = False
20.6605 	EXP 	test3J: autoDraw = False
20.6605 	EXP 	test3Audio1Sound: image = 'sound.png'
20.6605 	EXP 	test3Audio1Mute: image = 'mute.png'
20.6605 	EXP 	test3Audio2Mute1: image = 'mute.png'
20.6605 	EXP 	test3Audio2Sound: image = 'sound.png'
20.6605 	EXP 	test3Audio2Mute2: image = 'mute.png'
20.6605 	EXP 	test3Image: image = 'pngimages/77_bear.png'
20.6605 	EXP 	test3Audio1Sound: autoDraw = True
20.6605 	EXP 	test3Audio2Mute1: autoDraw = True
20.6605 	EXP 	test3Image: autoDraw = True
20.6605 	EXP 	test3F: autoDraw = True
20.6605 	EXP 	test3J: autoDraw = True
21.6556 	EXP 	test3Audio1Mute: autoDraw = True
21.6556 	EXP 	test3Audio2Sound: autoDraw = True
21.6719 	EXP 	test3Audio1Sound: autoDraw = False
21.6719 	EXP 	test3Audio2Mute1: autoDraw = False
22.6559 	EXP 	test3Audio2Sound: autoDraw = False
22.6559 	EXP 	test3Audio2Mute2: autoDraw = True
22.9958 	EXP 	New trial (rep=0, index=3): OrderedDict([('firstAudio', 'novelaudio/73_takiti3.wav'), ('secondAudio', 'novelaudio/73_takiti1.wav'), ('imageLoc', 'pngimages/73_car.png'), ('whichAudio', 2)])
23.0476 	DATA 	Keypress: f
23.0522 	EXP 	test3Audio1Sound: autoDraw = False
23.0522 	EXP 	test3Audio1Mute: autoDraw = False
23.0522 	EXP 	test3Audio2Mute1: autoDraw = False
23.0522 	EXP 	test3Audio2Sound: autoDraw = False
23.0522 	EXP 	test3Audio2Mute2: autoDraw = False
23.0522 	EXP 	test3Image: autoDraw = False
23.0522 	EXP 	test3F: autoDraw = False
23.0522 	EXP 	test3J: autoDraw = False
23.0522 	EXP 	test3Audio1Sound: image = 'sound.png'
23.0522 	EXP 	test3Audio1Mute: image = 'mute.png'
23.0522 	EXP 	test3Audio2Mute1: image = 'mute.png'
23.0522 	EXP 	test3Audio2Sound: image = 'sound.png'
23.0522 	EXP 	test3Audio2Mute2: image = 'mute.png'
23.0522 	EXP 	test3Image: image = 'pngimages/73_car.png'
23.0522 	EXP 	test3Audio1Sound: autoDraw = True
23.0522 	EXP 	test3Audio2Mute1: autoDraw = True
23.0522 	EXP 	test3Image: autoDraw = True
23.0522 	EXP 	test3F: autoDraw = True
23.0522 	EXP 	test3J: autoDraw = True
24.0408 	EXP 	test3Audio1Mute: autoDraw = True
24.0408 	EXP 	test3Audio2Sound: autoDraw = True
24.0572 	EXP 	test3Audio1Sound: autoDraw = False
24.0572 	EXP 	test3Audio2Mute1: autoDraw = False
25.0412 	EXP 	test3Audio2Sound: autoDraw = False
25.0412 	EXP 	test3Audio2Mute2: autoDraw = True
25.3476 	EXP 	New trial (rep=0, index=4): OrderedDict([('firstAudio', 'novelaudio/44_pokato1.wav'), ('secondAudio', 'novelaudio/44_pokato2.wav'), ('imageLoc', 'pngimages/44_envelope.png'), ('whichAudio', 2)])
25.3940 	DATA 	Keypress: j
25.3988 	EXP 	test3Audio1Sound: autoDraw = False
25.3988 	EXP 	test3Audio1Mute: autoDraw = False
25.3988 	EXP 	test3Audio2Mute1: autoDraw = False
25.3988 	EXP 	test3Audio2Sound: autoDraw = False
25.3988 	EXP 	test3Audio2Mute2: autoDraw = False
25.3988 	EXP 	test3Image: autoDraw = False
25.3988 	EXP 	test3F: autoDraw = False
25.3988 	EXP 	test3J: autoDraw = False
25.3988 	EXP 	test3Audio1Sound: image = 'sound.png'
25.3988 	EXP 	test3Audio1Mute: image = 'mute.png'
25.3988 	EXP 	test3Audio2Mute1: image = 'mute.png'
25.3988 	EXP 	test3Audio2Sound: image = 'sound.png'
25.3988 	EXP 	test3Audio2Mute2: image = 'mute.png'
25.3988 	EXP 	test3Image: image = 'pngimages/44_envelope.png'
25.3988 	EXP 	test3Audio1Sound: autoDraw = True
25.3988 	EXP 	test3Audio2Mute1: autoDraw = True
25.3988 	EXP 	test3Image: autoDraw = True
25.3988 	EXP 	test3F: autoDraw = True
25.3988 	EXP 	test3J: autoDraw = True
26.3928 	EXP 	test3Audio1Mute: autoDraw = True
26.3928 	EXP 	test3Audio2Sound: autoDraw = True
26.4090 	EXP 	test3Audio1Sound: autoDraw = False
26.4090 	EXP 	test3Audio2Mute1: autoDraw = False
27.3932 	EXP 	test3Audio2Sound: autoDraw = False
27.3932 	EXP 	test3Audio2Mute2: autoDraw = True
27.7482 	EXP 	New trial (rep=0, index=5): OrderedDict([('firstAudio', 'novelaudio/81_kakapa2.wav'), ('secondAudio', 'novelaudio/81_kakapa1.wav'), ('imageLoc', 'pngimages/81_cat.png'), ('whichAudio', 2)])
27.8043 	DATA 	Keypress: j
27.8094 	EXP 	test3Audio1Sound: autoDraw = False
27.8094 	EXP 	test3Audio1Mute: autoDraw = False
27.8094 	EXP 	test3Audio2Mute1: autoDraw = False
27.8094 	EXP 	test3Audio2Sound: autoDraw = False
27.8094 	EXP 	test3Audio2Mute2: autoDraw = False
27.8094 	EXP 	test3Image: autoDraw = False
27.8094 	EXP 	test3F: autoDraw = False
27.8094 	EXP 	test3J: autoDraw = False
27.8094 	EXP 	test3Audio1Sound: image = 'sound.png'
27.8094 	EXP 	test3Audio1Mute: image = 'mute.png'
27.8094 	EXP 	test3Audio2Mute1: image = 'mute.png'
27.8094 	EXP 	test3Audio2Sound: image = 'sound.png'
27.8094 	EXP 	test3Audio2Mute2: image = 'mute.png'
27.8094 	EXP 	test3Image: image = 'pngimages/81_cat.png'
27.8094 	EXP 	test3Audio1Sound: autoDraw = True
27.8094 	EXP 	test3Audio2Mute1: autoDraw = True
27.8094 	EXP 	test3Image: autoDraw = True
27.8094 	EXP 	test3F: autoDraw = True
27.8094 	EXP 	test3J: autoDraw = True
28.7948 	EXP 	test3Audio1Mute: autoDraw = True
28.7948 	EXP 	test3Audio2Sound: autoDraw = True
28.8110 	EXP 	test3Audio1Sound: autoDraw = False
28.8110 	EXP 	test3Audio2Mute1: autoDraw = False
29.7953 	EXP 	test3Audio2Sound: autoDraw = False
29.7953 	EXP 	test3Audio2Mute2: autoDraw = True
30.0675 	EXP 	New trial (rep=0, index=6): OrderedDict([('firstAudio', 'novelaudio/36_pipapa2.wav'), ('secondAudio', 'novelaudio/36_pipapa3.wav'), ('imageLoc', 'pngimages/36_microwave.png'), ('whichAudio', 1)])
30.1180 	DATA 	Keypress: j
30.1226 	EXP 	test3Audio1Sound: autoDraw = False
30.1226 	EXP 	test3Audio1Mute: autoDraw = False
30.1226 	EXP 	test3Audio2Mute1: autoDraw = False
30.1226 	EXP 	test3Audio2Sound: autoDraw = False
30.1226 	EXP 	test3Audio2Mute2: autoDraw = False
30.1226 	EXP 	test3Image: autoDraw = False
30.1226 	EXP 	test3F: autoDraw = False
30.1226 	EXP 	test3J: autoDraw = False
30.1226 	EXP 	test3Audio1Sound: image = 'sound.png'
30.1226 	EXP 	test3Audio1Mute: image = 'mute.png'
30.1226 	EXP 	test3Audio2Mute1: image = 'mute.png'
30.1226 	EXP 	test3Audio2Sound: image = 'sound.png'
30.1226 	EXP 	test3Audio2Mute2: image = 'mute.png'
30.1226 	EXP 	test3Image: image = 'pngimages/36_microwave.png'
30.1226 	EXP 	test3Audio1Sound: autoDraw = True
30.1226 	EXP 	test3Audio2Mute1: autoDraw = True
30.1226 	EXP 	test3Image: autoDraw = True
30.1226 	EXP 	test3F: autoDraw = True
30.1226 	EXP 	test3J: autoDraw = True
31.1136 	EXP 	test3Audio1Mute: autoDraw = True
31.1136 	EXP 	test3Audio2Sound: autoDraw = True
31.1296 	EXP 	test3Audio1Sound: autoDraw = False
31.1296 	EXP 	test3Audio2Mute1: autoDraw = False
32.1138 	EXP 	test3Audio2Sound: autoDraw = False
32.1138 	EXP 	test3Audio2Mute2: autoDraw = True
32.3534 	EXP 	New trial (rep=0, index=7): OrderedDict([('firstAudio', 'novelaudio/28_pipiki3.wav'), ('secondAudio', 'novelaudio/28_pipiki1.wav'), ('imageLoc', 'pngimages/28_grape.png'), ('whichAudio', 2)])
32.3972 	DATA 	Keypress: j
32.4013 	EXP 	test3Audio1Sound: autoDraw = False
32.4013 	EXP 	test3Audio1Mute: autoDraw = False
32.4013 	EXP 	test3Audio2Mute1: autoDraw = False
32.4013 	EXP 	test3Audio2Sound: autoDraw = False
32.4013 	EXP 	test3Audio2Mute2: autoDraw = False
32.4013 	EXP 	test3Image: autoDraw = False
32.4013 	EXP 	test3F: autoDraw = False
32.4013 	EXP 	test3J: autoDraw = False
32.4013 	EXP 	test3Audio1Sound: image = 'sound.png'
32.4013 	EXP 	test3Audio1Mute: image = 'mute.png'
32.4013 	EXP 	test3Audio2Mute1: image = 'mute.png'
32.4013 	EXP 	test3Audio2Sound: image = 'sound.png'
32.4013 	EXP 	test3Audio2Mute2: image = 'mute.png'
32.4013 	EXP 	test3Image: image = 'pngimages/28_grape.png'
32.4013 	EXP 	test3Audio1Sound: autoDraw = True
32.4013 	EXP 	test3Audio2Mute1: autoDraw = True
32.4013 	EXP 	test3Image: autoDraw = True
32.4013 	EXP 	test3F: autoDraw = True
32.4013 	EXP 	test3J: autoDraw = True
33.3987 	EXP 	test3Audio1Mute: autoDraw = True
33.3987 	EXP 	test3Audio2Sound: autoDraw = True
33.4149 	EXP 	test3Audio1Sound: autoDraw = False
33.4149 	EXP 	test3Audio2Mute1: autoDraw = False
34.3992 	EXP 	test3Audio2Sound: autoDraw = False
34.3992 	EXP 	test3Audio2Mute2: autoDraw = True
34.8048 	DATA 	Keypress: j
34.8225 	EXP 	New trial (rep=0, index=8): OrderedDict([('firstAudio', 'novelaudio/57_tipipa3.wav'), ('secondAudio', 'novelaudio/57_tipipa1.wav'), ('imageLoc', 'pngimages/57_flashlight.png'), ('whichAudio', 1)])
34.8618 	EXP 	test3Audio1Sound: autoDraw = False
34.8618 	EXP 	test3Audio1Mute: autoDraw = False
34.8618 	EXP 	test3Audio2Mute1: autoDraw = False
34.8618 	EXP 	test3Audio2Sound: autoDraw = False
34.8618 	EXP 	test3Audio2Mute2: autoDraw = False
34.8618 	EXP 	test3Image: autoDraw = False
34.8618 	EXP 	test3F: autoDraw = False
34.8618 	EXP 	test3J: autoDraw = False
34.8618 	EXP 	test3Audio1Sound: image = 'sound.png'
34.8618 	EXP 	test3Audio1Mute: image = 'mute.png'
34.8618 	EXP 	test3Audio2Mute1: image = 'mute.png'
34.8618 	EXP 	test3Audio2Sound: image = 'sound.png'
34.8618 	EXP 	test3Audio2Mute2: image = 'mute.png'
34.8618 	EXP 	test3Image: image = 'pngimages/57_flashlight.png'
34.8618 	EXP 	test3Audio1Sound: autoDraw = True
34.8618 	EXP 	test3Audio2Mute1: autoDraw = True
34.8618 	EXP 	test3Image: autoDraw = True
34.8618 	EXP 	test3F: autoDraw = True
34.8618 	EXP 	test3J: autoDraw = True
35.8509 	EXP 	test3Audio1Mute: autoDraw = True
35.8509 	EXP 	test3Audio2Sound: autoDraw = True
35.8670 	EXP 	test3Audio1Sound: autoDraw = False
35.8670 	EXP 	test3Audio2Mute1: autoDraw = False
36.8518 	EXP 	test3Audio2Sound: autoDraw = False
36.8518 	EXP 	test3Audio2Mute2: autoDraw = True
37.2573 	EXP 	New trial (rep=0, index=9): OrderedDict([('firstAudio', 'novelaudio/33_tipoka3.wav'), ('secondAudio', 'novelaudio/33_tipoka1.wav'), ('imageLoc', 'pngimages/33_watermelon.png'), ('whichAudio', 1)])
37.3082 	DATA 	Keypress: j
37.3084 	DATA 	Keypress: n
37.3133 	EXP 	test3Audio1Sound: autoDraw = False
37.3133 	EXP 	test3Audio1Mute: autoDraw = False
37.3133 	EXP 	test3Audio2Mute1: autoDraw = False
37.3133 	EXP 	test3Audio2Sound: autoDraw = False
37.3133 	EXP 	test3Audio2Mute2: autoDraw = False
37.3133 	EXP 	test3Image: autoDraw = False
37.3133 	EXP 	test3F: autoDraw = False
37.3133 	EXP 	test3J: autoDraw = False
37.3133 	EXP 	test3Audio1Sound: image = 'sound.png'
37.3133 	EXP 	test3Audio1Mute: image = 'mute.png'
37.3133 	EXP 	test3Audio2Mute1: image = 'mute.png'
37.3133 	EXP 	test3Audio2Sound: image = 'sound.png'
37.3133 	EXP 	test3Audio2Mute2: image = 'mute.png'
37.3133 	EXP 	test3Image: image = 'pngimages/33_watermelon.png'
37.3133 	EXP 	test3Audio1Sound: autoDraw = True
37.3133 	EXP 	test3Audio2Mute1: autoDraw = True
37.3133 	EXP 	test3Image: autoDraw = True
37.3133 	EXP 	test3F: autoDraw = True
37.3133 	EXP 	test3J: autoDraw = True
38.3025 	EXP 	test3Audio1Mute: autoDraw = True
38.3025 	EXP 	test3Audio2Sound: autoDraw = True
38.3189 	EXP 	test3Audio1Sound: autoDraw = False
38.3189 	EXP 	test3Audio2Mute1: autoDraw = False
39.3032 	EXP 	test3Audio2Sound: autoDraw = False
39.3032 	EXP 	test3Audio2Mute2: autoDraw = True
39.9248 	DATA 	Keypress: j
39.9450 	EXP 	New trial (rep=0, index=10): OrderedDict([('firstAudio', 'novelaudio/80_tatato1.wav'), ('secondAudio', 'novelaudio/80_tatato2.wav'), ('imageLoc', 'pngimages/80_dog.png'), ('whichAudio', 1)])
40.0170 	EXP 	test3Audio1Sound: autoDraw = False
40.0170 	EXP 	test3Audio1Mute: autoDraw = False
40.0170 	EXP 	test3Audio2Mute1: autoDraw = False
40.0170 	EXP 	test3Audio2Sound: autoDraw = False
40.0170 	EXP 	test3Audio2Mute2: autoDraw = False
40.0170 	EXP 	test3Image: autoDraw = False
40.0170 	EXP 	test3F: autoDraw = False
40.0170 	EXP 	test3J: autoDraw = False
40.0170 	EXP 	test3Audio1Sound: image = 'sound.png'
40.0170 	EXP 	test3Audio1Mute: image = 'mute.png'
40.0170 	EXP 	test3Audio2Mute1: image = 'mute.png'
40.0170 	EXP 	test3Audio2Sound: image = 'sound.png'
40.0170 	EXP 	test3Audio2Mute2: image = 'mute.png'
40.0170 	EXP 	test3Image: image = 'pngimages/80_dog.png'
40.0170 	EXP 	test3Audio1Sound: autoDraw = True
40.0170 	EXP 	test3Audio2Mute1: autoDraw = True
40.0170 	EXP 	test3Image: autoDraw = True
40.0170 	EXP 	test3F: autoDraw = True
40.0170 	EXP 	test3J: autoDraw = True
41.0050 	EXP 	test3Audio1Mute: autoDraw = True
41.0050 	EXP 	test3Audio2Sound: autoDraw = True
41.0212 	EXP 	test3Audio1Sound: autoDraw = False
41.0212 	EXP 	test3Audio2Mute1: autoDraw = False
42.0054 	EXP 	test3Audio2Sound: autoDraw = False
42.0054 	EXP 	test3Audio2Mute2: autoDraw = True
42.7451 	EXP 	New trial (rep=0, index=11): OrderedDict([('firstAudio', 'novelaudio/30_tikipa1.wav'), ('secondAudio', 'novelaudio/30_tikipa3.wav'), ('imageLoc', 'pngimages/30_mushroom.png'), ('whichAudio', 2)])
42.7874 	DATA 	Keypress: j
42.7920 	EXP 	test3Audio1Sound: autoDraw = False
42.7920 	EXP 	test3Audio1Mute: autoDraw = False
42.7920 	EXP 	test3Audio2Mute1: autoDraw = False
42.7920 	EXP 	test3Audio2Sound: autoDraw = False
42.7920 	EXP 	test3Audio2Mute2: autoDraw = False
42.7920 	EXP 	test3Image: autoDraw = False
42.7920 	EXP 	test3F: autoDraw = False
42.7920 	EXP 	test3J: autoDraw = False
42.7920 	EXP 	test3Audio1Sound: image = 'sound.png'
42.7920 	EXP 	test3Audio1Mute: image = 'mute.png'
42.7920 	EXP 	test3Audio2Mute1: image = 'mute.png'
42.7920 	EXP 	test3Audio2Sound: image = 'sound.png'
42.7920 	EXP 	test3Audio2Mute2: image = 'mute.png'
42.7920 	EXP 	test3Image: image = 'pngimages/30_mushroom.png'
42.7920 	EXP 	test3Audio1Sound: autoDraw = True
42.7920 	EXP 	test3Audio2Mute1: autoDraw = True
42.7920 	EXP 	test3Image: autoDraw = True
42.7920 	EXP 	test3F: autoDraw = True
42.7920 	EXP 	test3J: autoDraw = True
43.7906 	EXP 	test3Audio1Mute: autoDraw = True
43.7906 	EXP 	test3Audio2Sound: autoDraw = True
43.8068 	EXP 	test3Audio1Sound: autoDraw = False
43.8068 	EXP 	test3Audio2Mute1: autoDraw = False
44.7911 	EXP 	test3Audio2Sound: autoDraw = False
44.7911 	EXP 	test3Audio2Mute2: autoDraw = True
45.7299 	DATA 	Keypress: j
45.7471 	EXP 	New trial (rep=0, index=12): OrderedDict([('firstAudio', 'novelaudio/62_pitako2.wav'), ('secondAudio', 'novelaudio/62_pitako1.wav'), ('imageLoc', 'pngimages/62_screwdriver.png'), ('whichAudio', 1)])
45.8074 	EXP 	test3Audio1Sound: autoDraw = False
45.8074 	EXP 	test3Audio1Mute: autoDraw = False
45.8074 	EXP 	test3Audio2Mute1: autoDraw = False
45.8074 	EXP 	test3Audio2Sound: autoDraw = False
45.8074 	EXP 	test3Audio2Mute2: autoDraw = False
45.8074 	EXP 	test3Image: autoDraw = False
45.8074 	EXP 	test3F: autoDraw = False
45.8074 	EXP 	test3J: autoDraw = False
45.8074 	EXP 	test3Audio1Sound: image = 'sound.png'
45.8074 	EXP 	test3Audio1Mute: image = 'mute.png'
45.8074 	EXP 	test3Audio2Mute1: image = 'mute.png'
45.8074 	EXP 	test3Audio2Sound: image = 'sound.png'
45.8074 	EXP 	test3Audio2Mute2: image = 'mute.png'
45.8074 	EXP 	test3Image: image = 'pngimages/62_screwdriver.png'
45.8074 	EXP 	test3Audio1Sound: autoDraw = True
45.8074 	EXP 	test3Audio2Mute1: autoDraw = True
45.8074 	EXP 	test3Image: autoDraw = True
45.8074 	EXP 	test3F: autoDraw = True
45.8074 	EXP 	test3J: autoDraw = True
46.7930 	EXP 	test3Audio1Mute: autoDraw = True
46.7930 	EXP 	test3Audio2Sound: autoDraw = True
46.8093 	EXP 	test3Audio1Sound: autoDraw = False
46.8093 	EXP 	test3Audio2Mute1: autoDraw = False
47.7935 	EXP 	test3Audio2Sound: autoDraw = False
47.7935 	EXP 	test3Audio2Mute2: autoDraw = True
48.7995 	DATA 	Keypress: j
48.8174 	EXP 	New trial (rep=0, index=13): OrderedDict([('firstAudio', 'novelaudio/69_kotoka3.wav'), ('secondAudio', 'novelaudio/69_kotoka1.wav'), ('imageLoc', 'pngimages/69_tooth.png'), ('whichAudio', 1)])
48.8636 	EXP 	test3Audio1Sound: autoDraw = False
48.8636 	EXP 	test3Audio1Mute: autoDraw = False
48.8636 	EXP 	test3Audio2Mute1: autoDraw = False
48.8636 	EXP 	test3Audio2Sound: autoDraw = False
48.8636 	EXP 	test3Audio2Mute2: autoDraw = False
48.8636 	EXP 	test3Image: autoDraw = False
48.8636 	EXP 	test3F: autoDraw = False
48.8636 	EXP 	test3J: autoDraw = False
48.8636 	EXP 	test3Audio1Sound: image = 'sound.png'
48.8636 	EXP 	test3Audio1Mute: image = 'mute.png'
48.8636 	EXP 	test3Audio2Mute1: image = 'mute.png'
48.8636 	EXP 	test3Audio2Sound: image = 'sound.png'
48.8636 	EXP 	test3Audio2Mute2: image = 'mute.png'
48.8636 	EXP 	test3Image: image = 'pngimages/69_tooth.png'
48.8636 	EXP 	test3Audio1Sound: autoDraw = True
48.8636 	EXP 	test3Audio2Mute1: autoDraw = True
48.8636 	EXP 	test3Image: autoDraw = True
48.8636 	EXP 	test3F: autoDraw = True
48.8636 	EXP 	test3J: autoDraw = True
49.8623 	EXP 	test3Audio1Mute: autoDraw = True
49.8623 	EXP 	test3Audio2Sound: autoDraw = True
49.8785 	EXP 	test3Audio1Sound: autoDraw = False
49.8785 	EXP 	test3Audio2Mute1: autoDraw = False
50.8629 	EXP 	test3Audio2Sound: autoDraw = False
50.8629 	EXP 	test3Audio2Mute2: autoDraw = True
51.2192 	EXP 	New trial (rep=0, index=14): OrderedDict([('firstAudio', 'novelaudio/52_pakaki1.wav'), ('secondAudio', 'novelaudio/52_pakaki2.wav'), ('imageLoc', 'pngimages/52_newspaper.png'), ('whichAudio', 1)])
51.2741 	DATA 	Keypress: j
51.2791 	EXP 	test3Audio1Sound: autoDraw = False
51.2791 	EXP 	test3Audio1Mute: autoDraw = False
51.2791 	EXP 	test3Audio2Mute1: autoDraw = False
51.2791 	EXP 	test3Audio2Sound: autoDraw = False
51.2791 	EXP 	test3Audio2Mute2: autoDraw = False
51.2791 	EXP 	test3Image: autoDraw = False
51.2791 	EXP 	test3F: autoDraw = False
51.2791 	EXP 	test3J: autoDraw = False
51.2791 	EXP 	test3Audio1Sound: image = 'sound.png'
51.2791 	EXP 	test3Audio1Mute: image = 'mute.png'
51.2791 	EXP 	test3Audio2Mute1: image = 'mute.png'
51.2791 	EXP 	test3Audio2Sound: image = 'sound.png'
51.2791 	EXP 	test3Audio2Mute2: image = 'mute.png'
51.2791 	EXP 	test3Image: image = 'pngimages/52_newspaper.png'
51.2791 	EXP 	test3Audio1Sound: autoDraw = True
51.2791 	EXP 	test3Audio2Mute1: autoDraw = True
51.2791 	EXP 	test3Image: autoDraw = True
51.2791 	EXP 	test3F: autoDraw = True
51.2791 	EXP 	test3J: autoDraw = True
52.2643 	EXP 	test3Audio1Mute: autoDraw = True
52.2643 	EXP 	test3Audio2Sound: autoDraw = True
52.2804 	EXP 	test3Audio1Sound: autoDraw = False
52.2804 	EXP 	test3Audio2Mute1: autoDraw = False
53.2648 	EXP 	test3Audio2Sound: autoDraw = False
53.2648 	EXP 	test3Audio2Mute2: autoDraw = True
53.5214 	EXP 	New trial (rep=0, index=15): OrderedDict([('firstAudio', 'novelaudio/59_tipoko1.wav'), ('secondAudio', 'novelaudio/59_tipoko2.wav'), ('imageLoc', 'pngimages/59_umbrella.png'), ('whichAudio', 2)])
53.5984 	DATA 	Keypress: j
53.6039 	EXP 	test3Audio1Sound: autoDraw = False
53.6039 	EXP 	test3Audio1Mute: autoDraw = False
53.6039 	EXP 	test3Audio2Mute1: autoDraw = False
53.6039 	EXP 	test3Audio2Sound: autoDraw = False
53.6039 	EXP 	test3Audio2Mute2: autoDraw = False
53.6039 	EXP 	test3Image: autoDraw = False
53.6039 	EXP 	test3F: autoDraw = False
53.6039 	EXP 	test3J: autoDraw = False
53.6039 	EXP 	test3Audio1Sound: image = 'sound.png'
53.6039 	EXP 	test3Audio1Mute: image = 'mute.png'
53.6039 	EXP 	test3Audio2Mute1: image = 'mute.png'
53.6039 	EXP 	test3Audio2Sound: image = 'sound.png'
53.6039 	EXP 	test3Audio2Mute2: image = 'mute.png'
53.6039 	EXP 	test3Image: image = 'pngimages/59_umbrella.png'
53.6039 	EXP 	test3Audio1Sound: autoDraw = True
53.6039 	EXP 	test3Audio2Mute1: autoDraw = True
53.6039 	EXP 	test3Image: autoDraw = True
53.6039 	EXP 	test3F: autoDraw = True
53.6039 	EXP 	test3J: autoDraw = True
54.5996 	EXP 	test3Audio1Mute: autoDraw = True
54.5996 	EXP 	test3Audio2Sound: autoDraw = True
54.6157 	EXP 	test3Audio1Sound: autoDraw = False
54.6157 	EXP 	test3Audio2Mute1: autoDraw = False
55.6000 	EXP 	test3Audio2Sound: autoDraw = False
55.6000 	EXP 	test3Audio2Mute2: autoDraw = True
55.8046 	DATA 	Keypress: j
55.8227 	EXP 	New trial (rep=0, index=16): OrderedDict([('firstAudio', 'novelaudio/55_pikiki1.wav'), ('secondAudio', 'novelaudio/55_pikiki2.wav'), ('imageLoc', 'pngimages/55_toilet.png'), ('whichAudio', 1)])
55.8832 	EXP 	test3Audio1Sound: autoDraw = False
55.8832 	EXP 	test3Audio1Mute: autoDraw = False
55.8832 	EXP 	test3Audio2Mute1: autoDraw = False
55.8832 	EXP 	test3Audio2Sound: autoDraw = False
55.8832 	EXP 	test3Audio2Mute2: autoDraw = False
55.8832 	EXP 	test3Image: autoDraw = False
55.8832 	EXP 	test3F: autoDraw = False
55.8832 	EXP 	test3J: autoDraw = False
55.8832 	EXP 	test3Audio1Sound: image = 'sound.png'
55.8832 	EXP 	test3Audio1Mute: image = 'mute.png'
55.8832 	EXP 	test3Audio2Mute1: image = 'mute.png'
55.8832 	EXP 	test3Audio2Sound: image = 'sound.png'
55.8832 	EXP 	test3Audio2Mute2: image = 'mute.png'
55.8832 	EXP 	test3Image: image = 'pngimages/55_toilet.png'
55.8832 	EXP 	test3Audio1Sound: autoDraw = True
55.8832 	EXP 	test3Audio2Mute1: autoDraw = True
55.8832 	EXP 	test3Image: autoDraw = True
55.8832 	EXP 	test3F: autoDraw = True
55.8832 	EXP 	test3J: autoDraw = True
56.8845 	EXP 	test3Audio1Sound: autoDraw = False
56.8845 	EXP 	test3Audio1Mute: autoDraw = True
56.8845 	EXP 	test3Audio2Mute1: autoDraw = False
56.8845 	EXP 	test3Audio2Sound: autoDraw = True
57.8687 	EXP 	test3Audio2Mute2: autoDraw = True
57.8852 	EXP 	test3Audio2Sound: autoDraw = False
58.0403 	EXP 	New trial (rep=0, index=17): OrderedDict([('firstAudio', 'novelaudio/39_kotipa3.wav'), ('secondAudio', 'novelaudio/39_kotipa1.wav'), ('imageLoc', 'pngimages/39_fork.png'), ('whichAudio', 1)])
58.0726 	DATA 	Keypress: j
58.0776 	EXP 	test3Audio1Sound: autoDraw = False
58.0776 	EXP 	test3Audio1Mute: autoDraw = False
58.0776 	EXP 	test3Audio2Mute1: autoDraw = False
58.0776 	EXP 	test3Audio2Sound: autoDraw = False
58.0776 	EXP 	test3Audio2Mute2: autoDraw = False
58.0776 	EXP 	test3Image: autoDraw = False
58.0776 	EXP 	test3F: autoDraw = False
58.0776 	EXP 	test3J: autoDraw = False
58.0776 	EXP 	test3Audio1Sound: image = 'sound.png'
58.0776 	EXP 	test3Audio1Mute: image = 'mute.png'
58.0776 	EXP 	test3Audio2Mute1: image = 'mute.png'
58.0776 	EXP 	test3Audio2Sound: image = 'sound.png'
58.0776 	EXP 	test3Audio2Mute2: image = 'mute.png'
58.0776 	EXP 	test3Image: image = 'pngimages/39_fork.png'
58.0776 	EXP 	test3Audio1Sound: autoDraw = True
58.0776 	EXP 	test3Audio2Mute1: autoDraw = True
58.0776 	EXP 	test3Image: autoDraw = True
58.0776 	EXP 	test3F: autoDraw = True
58.0776 	EXP 	test3J: autoDraw = True
59.0701 	EXP 	test3Audio1Mute: autoDraw = True
59.0701 	EXP 	test3Audio2Sound: autoDraw = True
59.0863 	EXP 	test3Audio1Sound: autoDraw = False
59.0863 	EXP 	test3Audio2Mute1: autoDraw = False
60.0567 	DATA 	Keypress: j
60.0707 	EXP 	test3Audio2Sound: autoDraw = False
60.0707 	EXP 	test3Audio2Mute2: autoDraw = True
61.9615 	EXP 	New trial (rep=0, index=18): OrderedDict([('firstAudio', 'novelaudio/67_tokoki1.wav'), ('secondAudio', 'novelaudio/67_tokoki3.wav'), ('imageLoc', 'pngimages/67_laptop.png'), ('whichAudio', 1)])
62.0118 	DATA 	Keypress: j
62.0168 	EXP 	test3Audio1Sound: autoDraw = False
62.0168 	EXP 	test3Audio1Mute: autoDraw = False
62.0168 	EXP 	test3Audio2Mute1: autoDraw = False
62.0168 	EXP 	test3Audio2Sound: autoDraw = False
62.0168 	EXP 	test3Audio2Mute2: autoDraw = False
62.0168 	EXP 	test3Image: autoDraw = False
62.0168 	EXP 	test3F: autoDraw = False
62.0168 	EXP 	test3J: autoDraw = False
62.0168 	EXP 	test3Audio1Sound: image = 'sound.png'
62.0168 	EXP 	test3Audio1Mute: image = 'mute.png'
62.0168 	EXP 	test3Audio2Mute1: image = 'mute.png'
62.0168 	EXP 	test3Audio2Sound: image = 'sound.png'
62.0168 	EXP 	test3Audio2Mute2: image = 'mute.png'
62.0168 	EXP 	test3Image: image = 'pngimages/67_laptop.png'
62.0168 	EXP 	test3Audio1Sound: autoDraw = True
62.0168 	EXP 	test3Audio2Mute1: autoDraw = True
62.0168 	EXP 	test3Image: autoDraw = True
62.0168 	EXP 	test3F: autoDraw = True
62.0168 	EXP 	test3J: autoDraw = True
63.0065 	EXP 	test3Audio1Mute: autoDraw = True
63.0065 	EXP 	test3Audio2Sound: autoDraw = True
63.0228 	EXP 	test3Audio1Sound: autoDraw = False
63.0228 	EXP 	test3Audio2Mute1: autoDraw = False
64.0072 	EXP 	test3Audio2Sound: autoDraw = False
64.0072 	EXP 	test3Audio2Mute2: autoDraw = True
64.5970 	EXP 	New trial (rep=0, index=19): OrderedDict([('firstAudio', 'novelaudio/48_pakipa1.wav'), ('secondAudio', 'novelaudio/48_pakipa2.wav'), ('imageLoc', 'pngimages/48_brush.png'), ('whichAudio', 1)])
64.6375 	DATA 	Keypress: j
64.6430 	EXP 	test3Audio1Sound: autoDraw = False
64.6430 	EXP 	test3Audio1Mute: autoDraw = False
64.6430 	EXP 	test3Audio2Mute1: autoDraw = False
64.6430 	EXP 	test3Audio2Sound: autoDraw = False
64.6430 	EXP 	test3Audio2Mute2: autoDraw = False
64.6430 	EXP 	test3Image: autoDraw = False
64.6430 	EXP 	test3F: autoDraw = False
64.6430 	EXP 	test3J: autoDraw = False
64.6430 	EXP 	test3Audio1Sound: image = 'sound.png'
64.6430 	EXP 	test3Audio1Mute: image = 'mute.png'
64.6430 	EXP 	test3Audio2Mute1: image = 'mute.png'
64.6430 	EXP 	test3Audio2Sound: image = 'sound.png'
64.6430 	EXP 	test3Audio2Mute2: image = 'mute.png'
64.6430 	EXP 	test3Image: image = 'pngimages/48_brush.png'
64.6430 	EXP 	test3Audio1Sound: autoDraw = True
64.6430 	EXP 	test3Audio2Mute1: autoDraw = True
64.6430 	EXP 	test3Image: autoDraw = True
64.6430 	EXP 	test3F: autoDraw = True
64.6430 	EXP 	test3J: autoDraw = True
65.6421 	EXP 	test3Audio1Mute: autoDraw = True
65.6421 	EXP 	test3Audio2Sound: autoDraw = True
65.6583 	EXP 	test3Audio1Sound: autoDraw = False
65.6583 	EXP 	test3Audio2Mute1: autoDraw = False
66.6425 	EXP 	test3Audio2Sound: autoDraw = False
66.6425 	EXP 	test3Audio2Mute2: autoDraw = True
66.7813 	EXP 	New trial (rep=0, index=20): OrderedDict([('firstAudio', 'novelaudio/61_pikati1.wav'), ('secondAudio', 'novelaudio/61_pikati2.wav'), ('imageLoc', 'pngimages/61_key.png'), ('whichAudio', 2)])
66.8123 	DATA 	Keypress: j
66.8168 	EXP 	test3Audio1Sound: autoDraw = False
66.8168 	EXP 	test3Audio1Mute: autoDraw = False
66.8168 	EXP 	test3Audio2Mute1: autoDraw = False
66.8168 	EXP 	test3Audio2Sound: autoDraw = False
66.8168 	EXP 	test3Audio2Mute2: autoDraw = False
66.8168 	EXP 	test3Image: autoDraw = False
66.8168 	EXP 	test3F: autoDraw = False
66.8168 	EXP 	test3J: autoDraw = False
66.8168 	EXP 	test3Audio1Sound: image = 'sound.png'
66.8168 	EXP 	test3Audio1Mute: image = 'mute.png'
66.8168 	EXP 	test3Audio2Mute1: image = 'mute.png'
66.8168 	EXP 	test3Audio2Sound: image = 'sound.png'
66.8168 	EXP 	test3Audio2Mute2: image = 'mute.png'
66.8168 	EXP 	test3Image: image = 'pngimages/61_key.png'
66.8168 	EXP 	test3Audio1Sound: autoDraw = True
66.8168 	EXP 	test3Audio2Mute1: autoDraw = True
66.8168 	EXP 	test3Image: autoDraw = True
66.8168 	EXP 	test3F: autoDraw = True
66.8168 	EXP 	test3J: autoDraw = True
67.7939 	EXP 	test3Audio1Mute: autoDraw = True
67.7939 	EXP 	test3Audio2Sound: autoDraw = True
67.8266 	EXP 	test3Audio1Sound: autoDraw = False
67.8266 	EXP 	test3Audio2Mute1: autoDraw = False
68.7946 	EXP 	test3Audio2Sound: autoDraw = False
68.7946 	EXP 	test3Audio2Mute2: autoDraw = True
68.8334 	EXP 	New trial (rep=0, index=21): OrderedDict([('firstAudio', 'novelaudio/50_katoko3.wav'), ('secondAudio', 'novelaudio/50_katoko1.wav'), ('imageLoc', 'pngimages/50_ruler.png'), ('whichAudio', 2)])
68.8785 	DATA 	Keypress: j
68.8832 	EXP 	test3Audio1Sound: autoDraw = False
68.8832 	EXP 	test3Audio1Mute: autoDraw = False
68.8832 	EXP 	test3Audio2Mute1: autoDraw = False
68.8832 	EXP 	test3Audio2Sound: autoDraw = False
68.8832 	EXP 	test3Audio2Mute2: autoDraw = False
68.8832 	EXP 	test3Image: autoDraw = False
68.8832 	EXP 	test3F: autoDraw = False
68.8832 	EXP 	test3J: autoDraw = False
68.8832 	EXP 	test3Audio1Sound: image = 'sound.png'
68.8832 	EXP 	test3Audio1Mute: image = 'mute.png'
68.8832 	EXP 	test3Audio2Mute1: image = 'mute.png'
68.8832 	EXP 	test3Audio2Sound: image = 'sound.png'
68.8832 	EXP 	test3Audio2Mute2: image = 'mute.png'
68.8832 	EXP 	test3Image: image = 'pngimages/50_ruler.png'
68.8832 	EXP 	test3Audio1Sound: autoDraw = True
68.8832 	EXP 	test3Audio2Mute1: autoDraw = True
68.8832 	EXP 	test3Image: autoDraw = True
68.8832 	EXP 	test3F: autoDraw = True
68.8832 	EXP 	test3J: autoDraw = True
69.8789 	EXP 	test3Audio1Mute: autoDraw = True
69.8789 	EXP 	test3Audio2Sound: autoDraw = True
69.8950 	EXP 	test3Audio1Sound: autoDraw = False
69.8950 	EXP 	test3Audio2Mute1: autoDraw = False
70.8796 	EXP 	test3Audio2Sound: autoDraw = False
70.8796 	EXP 	test3Audio2Mute2: autoDraw = True
71.2184 	EXP 	New trial (rep=0, index=22): OrderedDict([('firstAudio', 'novelaudio/74_tatiko1.wav'), ('secondAudio', 'novelaudio/74_tatiko3.wav'), ('imageLoc', 'pngimages/74_boat.png'), ('whichAudio', 1)])
71.2720 	DATA 	Keypress: j
71.2769 	EXP 	test3Audio1Sound: autoDraw = False
71.2769 	EXP 	test3Audio1Mute: autoDraw = False
71.2769 	EXP 	test3Audio2Mute1: autoDraw = False
71.2769 	EXP 	test3Audio2Sound: autoDraw = False
71.2769 	EXP 	test3Audio2Mute2: autoDraw = False
71.2769 	EXP 	test3Image: autoDraw = False
71.2769 	EXP 	test3F: autoDraw = False
71.2769 	EXP 	test3J: autoDraw = False
71.2769 	EXP 	test3Audio1Sound: image = 'sound.png'
71.2769 	EXP 	test3Audio1Mute: image = 'mute.png'
71.2769 	EXP 	test3Audio2Mute1: image = 'mute.png'
71.2769 	EXP 	test3Audio2Sound: image = 'sound.png'
71.2769 	EXP 	test3Audio2Mute2: image = 'mute.png'
71.2769 	EXP 	test3Image: image = 'pngimages/74_boat.png'
71.2769 	EXP 	test3Audio1Sound: autoDraw = True
71.2769 	EXP 	test3Audio2Mute1: autoDraw = True
71.2769 	EXP 	test3Image: autoDraw = True
71.2769 	EXP 	test3F: autoDraw = True
71.2769 	EXP 	test3J: autoDraw = True
72.2642 	EXP 	test3Audio1Mute: autoDraw = True
72.2642 	EXP 	test3Audio2Sound: autoDraw = True
72.2804 	EXP 	test3Audio1Sound: autoDraw = False
72.2804 	EXP 	test3Audio2Mute1: autoDraw = False
73.2646 	EXP 	test3Audio2Sound: autoDraw = False
73.2646 	EXP 	test3Audio2Mute2: autoDraw = True
81.2708 	EXP 	test3Audio1Mute: autoDraw = False
81.2708 	EXP 	test3Audio2Mute2: autoDraw = False
81.2744 	EXP 	New trial (rep=0, index=23): OrderedDict([('firstAudio', 'novelaudio/42_tokota3.wav'), ('secondAudio', 'novelaudio/42_tokota1.wav'), ('imageLoc', 'pngimages/42_harp.png'), ('whichAudio', 1)])
81.3408 	EXP 	test3Image: autoDraw = False
81.3408 	EXP 	test3F: autoDraw = False
81.3408 	EXP 	test3J: autoDraw = False
81.3408 	EXP 	test3Audio1Sound: autoDraw = False
81.3408 	EXP 	test3Audio1Mute: autoDraw = False
81.3408 	EXP 	test3Audio2Mute1: autoDraw = False
81.3408 	EXP 	test3Audio2Sound: autoDraw = False
81.3408 	EXP 	test3Audio2Mute2: autoDraw = False
81.3408 	EXP 	test3Image: autoDraw = False
81.3408 	EXP 	test3F: autoDraw = False
81.3408 	EXP 	test3J: autoDraw = False
81.3408 	EXP 	test3Audio1Sound: image = 'sound.png'
81.3408 	EXP 	test3Audio1Mute: image = 'mute.png'
81.3408 	EXP 	test3Audio2Mute1: image = 'mute.png'
81.3408 	EXP 	test3Audio2Sound: image = 'sound.png'
81.3408 	EXP 	test3Audio2Mute2: image = 'mute.png'
81.3408 	EXP 	test3Image: image = 'pngimages/42_harp.png'
81.3408 	EXP 	test3Audio1Sound: autoDraw = True
81.3408 	EXP 	test3Audio2Mute1: autoDraw = True
81.3408 	EXP 	test3Image: autoDraw = True
81.3408 	EXP 	test3F: autoDraw = True
81.3408 	EXP 	test3J: autoDraw = True
82.3392 	EXP 	test3Audio1Mute: autoDraw = True
82.3392 	EXP 	test3Audio2Sound: autoDraw = True
82.3554 	EXP 	test3Audio1Sound: autoDraw = False
82.3554 	EXP 	test3Audio2Mute1: autoDraw = False
83.3399 	EXP 	test3Audio2Sound: autoDraw = False
83.3399 	EXP 	test3Audio2Mute2: autoDraw = True
87.2610 	EXP 	New trial (rep=0, index=24): OrderedDict([('firstAudio', 'novelaudio/66_kopipa2.wav'), ('secondAudio', 'novelaudio/66_kopipa3.wav'), ('imageLoc', 'pngimages/66_safe.png'), ('whichAudio', 2)])
87.3157 	EXP 	test3Audio1Sound: autoDraw = False
87.3157 	EXP 	test3Audio1Mute: autoDraw = False
87.3157 	EXP 	test3Audio2Mute1: autoDraw = False
87.3157 	EXP 	test3Audio2Sound: autoDraw = False
87.3157 	EXP 	test3Audio2Mute2: autoDraw = False
87.3157 	EXP 	test3Image: autoDraw = False
87.3157 	EXP 	test3F: autoDraw = False
87.3157 	EXP 	test3J: autoDraw = False
87.3157 	EXP 	test3Audio1Sound: image = 'sound.png'
87.3157 	EXP 	test3Audio1Mute: image = 'mute.png'
87.3157 	EXP 	test3Audio2Mute1: image = 'mute.png'
87.3157 	EXP 	test3Audio2Sound: image = 'sound.png'
87.3157 	EXP 	test3Audio2Mute2: image = 'mute.png'
87.3157 	EXP 	test3Image: image = 'pngimages/66_safe.png'
87.3157 	EXP 	test3Audio1Sound: autoDraw = True
87.3157 	EXP 	test3Audio2Mute1: autoDraw = True
87.3157 	EXP 	test3Image: autoDraw = True
87.3157 	EXP 	test3F: autoDraw = True
87.3157 	EXP 	test3J: autoDraw = True
88.3186 	EXP 	test3Audio1Mute: autoDraw = True
88.3186 	EXP 	test3Audio2Sound: autoDraw = True
88.3522 	EXP 	test3Audio1Sound: autoDraw = False
88.3522 	EXP 	test3Audio2Mute1: autoDraw = False
89.3142 	EXP 	test3Audio2Mute2: autoDraw = True
89.3320 	EXP 	test3Audio2Sound: autoDraw = False
95.0930 	EXP 	New trial (rep=0, index=25): OrderedDict([('firstAudio', 'novelaudio/58_kipoki2.wav'), ('secondAudio', 'novelaudio/58_kipoki3.wav'), ('imageLoc', 'pngimages/58_nail.png'), ('whichAudio', 1)])
95.1906 	EXP 	test3Audio1Sound: autoDraw = False
95.1906 	EXP 	test3Audio1Mute: autoDraw = False
95.1906 	EXP 	test3Audio2Mute1: autoDraw = False
95.1906 	EXP 	test3Audio2Sound: autoDraw = False
95.1906 	EXP 	test3Audio2Mute2: autoDraw = False
95.1906 	EXP 	test3Image: autoDraw = False
95.1906 	EXP 	test3F: autoDraw = False
95.1906 	EXP 	test3J: autoDraw = False
95.1906 	EXP 	test3Audio1Sound: image = 'sound.png'
95.1906 	EXP 	test3Audio1Mute: image = 'mute.png'
95.1906 	EXP 	test3Audio2Mute1: image = 'mute.png'
95.1906 	EXP 	test3Audio2Sound: image = 'sound.png'
95.1906 	EXP 	test3Audio2Mute2: image = 'mute.png'
95.1906 	EXP 	test3Image: image = 'pngimages/58_nail.png'
95.1906 	EXP 	test3Audio1Sound: autoDraw = True
95.1906 	EXP 	test3Audio2Mute1: autoDraw = True
95.1906 	EXP 	test3Image: autoDraw = True
95.1906 	EXP 	test3F: autoDraw = True
95.1906 	EXP 	test3J: autoDraw = True
96.1869 	EXP 	test3Audio1Mute: autoDraw = True
96.1869 	EXP 	test3Audio2Sound: autoDraw = True
96.2063 	EXP 	test3Audio1Sound: autoDraw = False
96.2063 	EXP 	test3Audio2Mute1: autoDraw = False
97.1875 	EXP 	test3Audio2Sound: autoDraw = False
97.1875 	EXP 	test3Audio2Mute2: autoDraw = True
102.3792 	EXP 	New trial (rep=0, index=26): OrderedDict([('firstAudio', 'novelaudio/38_kokiko1.wav'), ('secondAudio', 'novelaudio/38_kokiko2.wav'), ('imageLoc', 'pngimages/38_plate.png'), ('whichAudio', 1)])
102.4511 	EXP 	test3Audio1Sound: autoDraw = False
102.4511 	EXP 	test3Audio1Mute: autoDraw = False
102.4511 	EXP 	test3Audio2Mute1: autoDraw = False
102.4511 	EXP 	test3Audio2Sound: autoDraw = False
102.4511 	EXP 	test3Audio2Mute2: autoDraw = False
102.4511 	EXP 	test3Image: autoDraw = False
102.4511 	EXP 	test3F: autoDraw = False
102.4511 	EXP 	test3J: autoDraw = False
102.4511 	EXP 	test3Audio1Sound: image = 'sound.png'
102.4511 	EXP 	test3Audio1Mute: image = 'mute.png'
102.4511 	EXP 	test3Audio2Mute1: image = 'mute.png'
102.4511 	EXP 	test3Audio2Sound: image = 'sound.png'
102.4511 	EXP 	test3Audio2Mute2: image = 'mute.png'
102.4511 	EXP 	test3Image: image = 'pngimages/38_plate.png'
102.4511 	EXP 	test3Audio1Sound: autoDraw = True
102.4511 	EXP 	test3Audio2Mute1: autoDraw = True
102.4511 	EXP 	test3Image: autoDraw = True
102.4511 	EXP 	test3F: autoDraw = True
102.4511 	EXP 	test3J: autoDraw = True
103.4305 	EXP 	test3Audio1Mute: autoDraw = True
103.4305 	EXP 	test3Audio2Sound: autoDraw = True
103.4601 	EXP 	test3Audio1Sound: autoDraw = False
103.4601 	EXP 	test3Audio2Mute1: autoDraw = False
104.4303 	EXP 	test3Audio2Sound: autoDraw = False
104.4303 	EXP 	test3Audio2Mute2: autoDraw = True
112.4384 	EXP 	test3Audio1Mute: autoDraw = False
112.4384 	EXP 	test3Audio2Mute2: autoDraw = False
112.4414 	EXP 	New trial (rep=0, index=27): OrderedDict([('firstAudio', 'novelaudio/53_patapo1.wav'), ('secondAudio', 'novelaudio/53_patapo3.wav'), ('imageLoc', 'pngimages/53_hammer.png'), ('whichAudio', 1)])
112.5036 	EXP 	test3Image: autoDraw = False
112.5036 	EXP 	test3F: autoDraw = False
112.5036 	EXP 	test3J: autoDraw = False
112.5036 	EXP 	test3Audio1Sound: autoDraw = False
112.5036 	EXP 	test3Audio1Mute: autoDraw = False
112.5036 	EXP 	test3Audio2Mute1: autoDraw = False
112.5036 	EXP 	test3Audio2Sound: autoDraw = False
112.5036 	EXP 	test3Audio2Mute2: autoDraw = False
112.5036 	EXP 	test3Image: autoDraw = False
112.5036 	EXP 	test3F: autoDraw = False
112.5036 	EXP 	test3J: autoDraw = False
112.5036 	EXP 	test3Audio1Sound: image = 'sound.png'
112.5036 	EXP 	test3Audio1Mute: image = 'mute.png'
112.5036 	EXP 	test3Audio2Mute1: image = 'mute.png'
112.5036 	EXP 	test3Audio2Sound: image = 'sound.png'
112.5036 	EXP 	test3Audio2Mute2: image = 'mute.png'
112.5036 	EXP 	test3Image: image = 'pngimages/53_hammer.png'
112.5036 	EXP 	test3Audio1Sound: autoDraw = True
112.5036 	EXP 	test3Audio2Mute1: autoDraw = True
112.5036 	EXP 	test3Image: autoDraw = True
112.5036 	EXP 	test3F: autoDraw = True
112.5036 	EXP 	test3J: autoDraw = True
113.4845 	EXP 	test3Audio1Mute: autoDraw = True
113.4845 	EXP 	test3Audio2Sound: autoDraw = True
113.5177 	EXP 	test3Audio1Sound: autoDraw = False
113.5177 	EXP 	test3Audio2Mute1: autoDraw = False
114.4854 	EXP 	test3Audio2Sound: autoDraw = False
114.4854 	EXP 	test3Audio2Mute2: autoDraw = True
114.6758 	EXP 	New trial (rep=0, index=28): OrderedDict([('firstAudio', 'novelaudio/31_kikopi2.wav'), ('secondAudio', 'novelaudio/31_kikopi3.wav'), ('imageLoc', 'pngimages/31_tomato.png'), ('whichAudio', 1)])
114.7405 	EXP 	test3Audio1Sound: autoDraw = False
114.7405 	EXP 	test3Audio1Mute: autoDraw = False
114.7405 	EXP 	test3Audio2Mute1: autoDraw = False
114.7405 	EXP 	test3Audio2Sound: autoDraw = False
114.7405 	EXP 	test3Audio2Mute2: autoDraw = False
114.7405 	EXP 	test3Image: autoDraw = False
114.7405 	EXP 	test3F: autoDraw = False
114.7405 	EXP 	test3J: autoDraw = False
114.7405 	EXP 	test3Audio1Sound: image = 'sound.png'
114.7405 	EXP 	test3Audio1Mute: image = 'mute.png'
114.7405 	EXP 	test3Audio2Mute1: image = 'mute.png'
114.7405 	EXP 	test3Audio2Sound: image = 'sound.png'
114.7405 	EXP 	test3Audio2Mute2: image = 'mute.png'
114.7405 	EXP 	test3Image: image = 'pngimages/31_tomato.png'
114.7405 	EXP 	test3Audio1Sound: autoDraw = True
114.7405 	EXP 	test3Audio2Mute1: autoDraw = True
114.7405 	EXP 	test3Image: autoDraw = True
114.7405 	EXP 	test3F: autoDraw = True
114.7405 	EXP 	test3J: autoDraw = True
115.7384 	EXP 	test3Audio1Mute: autoDraw = True
115.7384 	EXP 	test3Audio2Sound: autoDraw = True
115.7517 	EXP 	test3Audio1Sound: autoDraw = False
115.7517 	EXP 	test3Audio2Mute1: autoDraw = False
116.7382 	EXP 	test3Audio2Mute2: autoDraw = True
116.7538 	EXP 	test3Audio2Sound: autoDraw = False
122.9458 	EXP 	window1: mouseVisible = True
