2.3714 	WARNING 	We strongly recommend you activate the PTB sound engine in PsychoPy prefs as the preferred audio engine. Its timing is vastly superior. Your prefs are currently set to use ['sounddevice', 'PTB', 'pyo', 'pygame'] (in that order).
13.3105 	WARNING 	User requested fullscreen with size [1024  768], but screen is actually [1920, 1200]. Using actual size
16.6269 	EXP 	Created window1 = Window(allowGUI=False, allowStencil=False, args=UNKNOWN, autoLog=True, bitsMode=UNKNOWN, blendMode='avg', bpc=(8, 8, 8), color=array([0., 0., 0.]), colorSpace='rgb', depthBits=8, fullscr=<method-wrapper '__getattribute__' of attributeSetter object at 0x00000116D7B20588>, gamma=None, gammaErrorPolicy='raise', kwargs=UNKNOWN, lms=UNKNOWN, monitor=<psychopy.monitors.calibTools.Monitor object at 0x00000116D78F9F60>, multiSample=False, name='window1', numSamples=2, pos=[0.0, 0.0], screen=0, size=array([1920, 1200]), stencilBits=0, stereo=False, units='height', useFBO=True, useRetina=False, viewOri=0.0, viewPos=None, viewScale=None, waitBlanking=True, winType='pyglet')
16.6270 	EXP 	window1: recordFrameIntervals = False
16.7938 	EXP 	window1: recordFrameIntervals = True
16.9772 	EXP 	window1: recordFrameIntervals = False
17.5136 	EXP 	Created instructions = TextStim(__class__=<class 'psychopy.visual.text.TextStim'>, alignHoriz=method-wrapper(...), alignText='center', alignVert=method-wrapper(...), anchorHoriz='center', anchorVert='center', antialias=True, autoLog=True, bold=False, color='white', colorSpace='named', contrast=1.0, depth=0.0, flipHoriz=False, flipVert=False, font='Arial', fontFiles=[], height=0.1, italic=False, languageStyle='LTR', name='instructions', opacity=1.0, ori=0, pos=array([0., 0.]), rgb=array([255., 255., 255.]), text=str(...), units='height', win=Window(...), wrapWidth=1)
17.5884 	EXP 	Sound stimulitrain1 set volume 1.000
17.5999 	EXP 	Created imagetrain1 = ImageStim(__class__=<class 'psychopy.visual.image.ImageStim'>, autoLog=True, color=array([1., 1., 1.]), colorSpace='rgb', contrast=1.0, depth=-1.0, flipHoriz=False, flipVert=False, image='sin', interpolate=True, mask=None, maskParams=None, name='imagetrain1', opacity=1.0, ori=0.0, pos=array([0., 0.]), size=array([0.5, 0.5]), texRes=128, units='height', win=Window(...))
17.6000 	EXP 	Sound stimulitest1 set volume 1.000
17.6025 	EXP 	Created correct = ImageStim(__class__=<class 'psychopy.visual.image.ImageStim'>, autoLog=True, color=array([1., 1., 1.]), colorSpace='rgb', contrast=1.0, depth=-1.0, flipHoriz=False, flipVert=False, image='sin', interpolate=True, mask=None, maskParams=None, name='correct', opacity=1.0, ori=0.0, pos=array([0., 0.]), size=array([0.5, 0.5]), texRes=128, units='height', win=Window(...))
17.6046 	EXP 	Created incorrect = ImageStim(__class__=<class 'psychopy.visual.image.ImageStim'>, autoLog=True, color=array([1., 1., 1.]), colorSpace='rgb', contrast=1.0, depth=-2.0, flipHoriz=False, flipVert=False, image='sin', interpolate=True, mask=None, maskParams=None, name='incorrect', opacity=1.0, ori=0.0, pos=array([0., 0.]), size=array([0.5, 0.5]), texRes=128, units='height', win=Window(...))
17.6358 	EXP 	Created notice = TextStim(__class__=<class 'psychopy.visual.text.TextStim'>, alignHoriz=method-wrapper(...), alignText='center', alignVert=method-wrapper(...), anchorHoriz='center', anchorVert='center', antialias=True, autoLog=True, bold=False, color='white', colorSpace='named', contrast=1.0, depth=0.0, flipHoriz=False, flipVert=False, font='Arial', fontFiles=[], height=0.05, italic=False, languageStyle='LTR', name='notice', opacity=1.0, ori=0, pos=array([0., 0.]), rgb=array([255., 255., 255.]), text=str(...), units='height', win=Window(...), wrapWidth=1)
17.6360 	EXP 	Sound stimulitrain2 set volume 1.000
17.6379 	EXP 	Created imagetrain2 = ImageStim(__class__=<class 'psychopy.visual.image.ImageStim'>, autoLog=True, color=array([1., 1., 1.]), colorSpace='rgb', contrast=1.0, depth=-1.0, flipHoriz=False, flipVert=False, image='sin', interpolate=True, mask=None, maskParams=None, name='imagetrain2', opacity=1.0, ori=0.0, pos=array([0., 0.]), size=array([0.5, 0.5]), texRes=128, units='height', win=Window(...))
17.6381 	EXP 	Sound stimulitest2 set volume 1.000
17.6400 	EXP 	Created correct2 = ImageStim(__class__=<class 'psychopy.visual.image.ImageStim'>, autoLog=True, color=array([1., 1., 1.]), colorSpace='rgb', contrast=1.0, depth=-1.0, flipHoriz=False, flipVert=False, image='sin', interpolate=True, mask=None, maskParams=None, name='correct2', opacity=1.0, ori=0.0, pos=array([0., 0.]), size=array([0.5, 0.5]), texRes=128, units='height', win=Window(...))
17.6419 	EXP 	Created incorrect2 = ImageStim(__class__=<class 'psychopy.visual.image.ImageStim'>, autoLog=True, color=array([1., 1., 1.]), colorSpace='rgb', contrast=1.0, depth=-2.0, flipHoriz=False, flipVert=False, image='sin', interpolate=True, mask=None, maskParams=None, name='incorrect2', opacity=1.0, ori=0.0, pos=array([0., 0.]), size=array([0.5, 0.5]), texRes=128, units='height', win=Window(...))
17.6538 	EXP 	Created test1Instr = TextStim(__class__=<class 'psychopy.visual.text.TextStim'>, alignHoriz=method-wrapper(...), alignText='center', alignVert=method-wrapper(...), anchorHoriz='center', anchorVert='center', antialias=True, autoLog=True, bold=False, color='white', colorSpace='named', contrast=1.0, depth=0.0, flipHoriz=False, flipVert=False, font='Arial', fontFiles=[], height=0.05, italic=False, languageStyle='LTR', name='test1Instr', opacity=1.0, ori=0, pos=array([0., 0.]), rgb=array([255., 255., 255.]), text='Instructions For Test1 Go Here', units='height', win=Window(...), wrapWidth=1)
17.6651 	EXP 	Created oneWarningTest1 = TextStim(__class__=<class 'psychopy.visual.text.TextStim'>, alignHoriz=method-wrapper(...), alignText='center', alignVert=method-wrapper(...), anchorHoriz='center', anchorVert='center', antialias=True, autoLog=True, bold=False, color='white', colorSpace='named', contrast=1.0, depth=-2.0, flipHoriz=False, flipVert=False, font='Arial', fontFiles=[], height=0.1, italic=False, languageStyle='LTR', name='oneWarningTest1', opacity=1.0, ori=0, pos=array([ 0. , -0.5]), rgb=array([255., 255., 255.]), text='Less than 1 minute left', units='height', win=Window(...), wrapWidth=1)
17.6734 	EXP 	Created twoWarningTest1 = TextStim(__class__=<class 'psychopy.visual.text.TextStim'>, alignHoriz=method-wrapper(...), alignText='center', alignVert=method-wrapper(...), anchorHoriz='center', anchorVert='center', antialias=True, autoLog=True, bold=False, color='white', colorSpace='named', contrast=1.0, depth=-3.0, flipHoriz=False, flipVert=False, font='Arial', fontFiles=[], height=0.1, italic=False, languageStyle='LTR', name='twoWarningTest1', opacity=1.0, ori=0, pos=array([ 0. , -0.5]), rgb=array([255., 255., 255.]), text='Less than 2 minutes left', units='height', win=Window(...), wrapWidth=1)
17.6807 	EXP 	Created threeWarningTest1 = TextStim(__class__=<class 'psychopy.visual.text.TextStim'>, alignHoriz=method-wrapper(...), alignText='center', alignVert=method-wrapper(...), anchorHoriz='center', anchorVert='center', antialias=True, autoLog=True, bold=False, color='white', colorSpace='named', contrast=1.0, depth=-4.0, flipHoriz=False, flipVert=False, font='Arial', fontFiles=[], height=0.1, italic=False, languageStyle='LTR', name='threeWarningTest1', opacity=1.0, ori=0, pos=array([0., 0.]), rgb=array([255., 255., 255.]), text='Less than 3 minutes left', units='height', win=Window(...), wrapWidth=1)
17.6861 	EXP 	Created fourWarningTest1 = TextStim(__class__=<class 'psychopy.visual.text.TextStim'>, alignHoriz=method-wrapper(...), alignText='center', alignVert=method-wrapper(...), anchorHoriz='center', anchorVert='center', antialias=True, autoLog=True, bold=False, color='white', colorSpace='named', contrast=1.0, depth=-5.0, flipHoriz=False, flipVert=False, font='Arial', fontFiles=[], height=0.1, italic=False, languageStyle='LTR', name='fourWarningTest1', opacity=1.0, ori=0, pos=array([0., 0.]), rgb=array([255., 255., 255.]), text='Less than four minutes left', units='height', win=Window(...), wrapWidth=1)
17.6862 	EXP 	Sound test1Audio1 set volume 1.000
17.6882 	EXP 	Created test1Audio1Sound = ImageStim(__class__=<class 'psychopy.visual.image.ImageStim'>, autoLog=True, color=array([1., 1., 1.]), colorSpace='rgb', contrast=1.0, depth=-1.0, flipHoriz=False, flipVert=False, image='sin', interpolate=True, mask=None, maskParams=None, name='test1Audio1Sound', opacity=1.0, ori=0.0, pos=array([-0.3, -0.3]), size=array([0.2, 0.2]), texRes=128, units='height', win=Window(...))
17.6901 	EXP 	Created test1Audio1Mute = ImageStim(__class__=<class 'psychopy.visual.image.ImageStim'>, autoLog=True, color=array([1., 1., 1.]), colorSpace='rgb', contrast=1.0, depth=-2.0, flipHoriz=False, flipVert=False, image='sin', interpolate=True, mask=None, maskParams=None, name='test1Audio1Mute', opacity=1.0, ori=0.0, pos=array([-0.3, -0.3]), size=array([0.2, 0.2]), texRes=128, units='height', win=Window(...))
17.6902 	EXP 	Sound test1Audio2 set volume 1.000
17.6919 	EXP 	Created test1Audio2Mute1 = ImageStim(__class__=<class 'psychopy.visual.image.ImageStim'>, autoLog=True, color=array([1., 1., 1.]), colorSpace='rgb', contrast=1.0, depth=-4.0, flipHoriz=False, flipVert=False, image='sin', interpolate=True, mask=None, maskParams=None, name='test1Audio2Mute1', opacity=1.0, ori=0.0, pos=array([ 0.3, -0.3]), size=array([0.2, 0.2]), texRes=128, units='height', win=Window(...))
17.6940 	EXP 	Created test1Audio2Sound = ImageStim(__class__=<class 'psychopy.visual.image.ImageStim'>, autoLog=True, color=array([1., 1., 1.]), colorSpace='rgb', contrast=1.0, depth=-5.0, flipHoriz=False, flipVert=False, image='sin', interpolate=True, mask=None, maskParams=None, name='test1Audio2Sound', opacity=1.0, ori=0.0, pos=array([ 0.3, -0.3]), size=array([0.2, 0.2]), texRes=128, units='height', win=Window(...))
17.6961 	EXP 	Created test1Audio2Mute2 = ImageStim(__class__=<class 'psychopy.visual.image.ImageStim'>, autoLog=True, color=array([1., 1., 1.]), colorSpace='rgb', contrast=1.0, depth=-6.0, flipHoriz=False, flipVert=False, image='sin', interpolate=True, mask=None, maskParams=None, name='test1Audio2Mute2', opacity=1.0, ori=0.0, pos=array([ 0.3, -0.3]), size=array([0.2, 0.2]), texRes=128, units='height', win=Window(...))
17.6980 	EXP 	Created test1Image = ImageStim(__class__=<class 'psychopy.visual.image.ImageStim'>, autoLog=True, color=array([1., 1., 1.]), colorSpace='rgb', contrast=1.0, depth=-8.0, flipHoriz=False, flipVert=False, image='sin', interpolate=True, mask=None, maskParams=None, name='test1Image', opacity=1.0, ori=0.0, pos=array([0. , 0.2]), size=array([0.4, 0.4]), texRes=128, units='height', win=Window(...))
17.8963 	EXP 	Created test1F = TextStim(__class__=<class 'psychopy.visual.text.TextStim'>, alignHoriz=method-wrapper(...), alignText='center', alignVert=method-wrapper(...), anchorHoriz='center', anchorVert='center', antialias=True, autoLog=True, bold=False, color='white', colorSpace='named', contrast=1.0, depth=-9.0, flipHoriz=False, flipVert=False, font='Arial', fontFiles=[], height=0.2, italic=False, languageStyle='LTR', name='test1F', opacity=1.0, ori=0, pos=array([-0.3, -0.1]), rgb=array([255., 255., 255.]), text='F', units='height', win=Window(...), wrapWidth=1)
17.9197 	EXP 	Created test1J = TextStim(__class__=<class 'psychopy.visual.text.TextStim'>, alignHoriz=method-wrapper(...), alignText='center', alignVert=method-wrapper(...), anchorHoriz='center', anchorVert='center', antialias=True, autoLog=True, bold=False, color='white', colorSpace='named', contrast=1.0, depth=-10.0, flipHoriz=False, flipVert=False, font='Arial', fontFiles=[], height=0.2, italic=False, languageStyle='LTR', name='test1J', opacity=1.0, ori=0, pos=array([ 0.3, -0.1]), rgb=array([255., 255., 255.]), text='J', units='height', win=Window(...), wrapWidth=1)
17.9575 	EXP 	Created test2Instr = TextStim(__class__=<class 'psychopy.visual.text.TextStim'>, alignHoriz=method-wrapper(...), alignText='center', alignVert=method-wrapper(...), anchorHoriz='center', anchorVert='center', antialias=True, autoLog=True, bold=False, color='white', colorSpace='named', contrast=1.0, depth=0.0, flipHoriz=False, flipVert=False, font='Arial', fontFiles=[], height=0.1, italic=False, languageStyle='LTR', name='test2Instr', opacity=1.0, ori=0, pos=array([0., 0.]), rgb=array([255., 255., 255.]), text='Instructions For Test2 Go Here', units='height', win=Window(...), wrapWidth=1)
17.9576 	EXP 	Sound test2Audio1 set volume 1.000
17.9600 	EXP 	Created test2Audio1Sound = ImageStim(__class__=<class 'psychopy.visual.image.ImageStim'>, autoLog=True, color=array([1., 1., 1.]), colorSpace='rgb', contrast=1.0, depth=-1.0, flipHoriz=False, flipVert=False, image='sin', interpolate=True, mask=None, maskParams=None, name='test2Audio1Sound', opacity=1.0, ori=0.0, pos=array([-0.3, -0.3]), size=array([0.2, 0.2]), texRes=128, units='height', win=Window(...))
17.9630 	EXP 	Created test1Audio2Mute = ImageStim(__class__=<class 'psychopy.visual.image.ImageStim'>, autoLog=True, color=array([1., 1., 1.]), colorSpace='rgb', contrast=1.0, depth=-2.0, flipHoriz=False, flipVert=False, image='sin', interpolate=True, mask=None, maskParams=None, name='test1Audio2Mute', opacity=1.0, ori=0.0, pos=array([-0.3, -0.3]), size=array([0.2, 0.2]), texRes=128, units='height', win=Window(...))
17.9633 	EXP 	Sound test2Audio2 set volume 1.000
17.9663 	EXP 	Created test2Audio2Mute1 = ImageStim(__class__=<class 'psychopy.visual.image.ImageStim'>, autoLog=True, color=array([1., 1., 1.]), colorSpace='rgb', contrast=1.0, depth=-4.0, flipHoriz=False, flipVert=False, image='sin', interpolate=True, mask=None, maskParams=None, name='test2Audio2Mute1', opacity=1.0, ori=0.0, pos=array([ 0.3, -0.3]), size=array([0.2, 0.2]), texRes=128, units='height', win=Window(...))
17.9687 	EXP 	Created test2Audio2Sound = ImageStim(__class__=<class 'psychopy.visual.image.ImageStim'>, autoLog=True, color=array([1., 1., 1.]), colorSpace='rgb', contrast=1.0, depth=-5.0, flipHoriz=False, flipVert=False, image='sin', interpolate=True, mask=None, maskParams=None, name='test2Audio2Sound', opacity=1.0, ori=0.0, pos=array([ 0.3, -0.3]), size=array([0.2, 0.2]), texRes=128, units='height', win=Window(...))
17.9917 	EXP 	Created test2Audio2Mute2 = ImageStim(__class__=<class 'psychopy.visual.image.ImageStim'>, autoLog=True, color=array([1., 1., 1.]), colorSpace='rgb', contrast=1.0, depth=-6.0, flipHoriz=False, flipVert=False, image='mute.png', interpolate=True, mask=None, maskParams=None, name='test2Audio2Mute2', opacity=1.0, ori=0.0, pos=array([ 0.3, -0.3]), size=array([0.2, 0.2]), texRes=128, units='height', win=Window(...))
17.9938 	EXP 	Created test2Image = ImageStim(__class__=<class 'psychopy.visual.image.ImageStim'>, autoLog=True, color=array([1., 1., 1.]), colorSpace='rgb', contrast=1.0, depth=-8.0, flipHoriz=False, flipVert=False, image='sin', interpolate=True, mask=None, maskParams=None, name='test2Image', opacity=1.0, ori=0.0, pos=array([0. , 0.2]), size=array([0.4, 0.4]), texRes=128, units='height', win=Window(...))
17.9961 	EXP 	Created test2F = TextStim(__class__=<class 'psychopy.visual.text.TextStim'>, alignHoriz=method-wrapper(...), alignText='center', alignVert=method-wrapper(...), anchorHoriz='center', anchorVert='center', antialias=True, autoLog=True, bold=False, color='white', colorSpace='named', contrast=1.0, depth=-9.0, flipHoriz=False, flipVert=False, font='Arial', fontFiles=[], height=0.2, italic=False, languageStyle='LTR', name='test2F', opacity=1.0, ori=0, pos=array([-0.3, -0.1]), rgb=array([255., 255., 255.]), text='F', units='height', win=Window(...), wrapWidth=1)
17.9981 	EXP 	Created test2J = TextStim(__class__=<class 'psychopy.visual.text.TextStim'>, alignHoriz=method-wrapper(...), alignText='center', alignVert=method-wrapper(...), anchorHoriz='center', anchorVert='center', antialias=True, autoLog=True, bold=False, color='white', colorSpace='named', contrast=1.0, depth=-10.0, flipHoriz=False, flipVert=False, font='Arial', fontFiles=[], height=0.2, italic=False, languageStyle='LTR', name='test2J', opacity=1.0, ori=0, pos=array([ 0.3, -0.1]), rgb=array([255., 255., 255.]), text='J', units='height', win=Window(...), wrapWidth=1)
18.0082 	EXP 	Created test3Instr = TextStim(__class__=<class 'psychopy.visual.text.TextStim'>, alignHoriz=method-wrapper(...), alignText='center', alignVert=method-wrapper(...), anchorHoriz='center', anchorVert='center', antialias=True, autoLog=True, bold=False, color='white', colorSpace='named', contrast=1.0, depth=0.0, flipHoriz=False, flipVert=False, font='Arial', fontFiles=[], height=0.1, italic=False, languageStyle='LTR', name='test3Instr', opacity=1.0, ori=0, pos=array([0., 0.]), rgb=array([255., 255., 255.]), text='Instructions For Test3 Go Here\n', units='height', win=Window(...), wrapWidth=1)
18.0084 	EXP 	Sound test3Audio1 set volume 1.000
18.0102 	EXP 	Created test3Audio1Sound = ImageStim(__class__=<class 'psychopy.visual.image.ImageStim'>, autoLog=True, color=array([1., 1., 1.]), colorSpace='rgb', contrast=1.0, depth=-1.0, flipHoriz=False, flipVert=False, image='sin', interpolate=True, mask=None, maskParams=None, name='test3Audio1Sound', opacity=1.0, ori=0.0, pos=array([-0.3, -0.3]), size=array([0.2, 0.2]), texRes=128, units='height', win=Window(...))
18.0121 	EXP 	Created test3Audio1Mute = ImageStim(__class__=<class 'psychopy.visual.image.ImageStim'>, autoLog=True, color=array([1., 1., 1.]), colorSpace='rgb', contrast=1.0, depth=-2.0, flipHoriz=False, flipVert=False, image='sin', interpolate=True, mask=None, maskParams=None, name='test3Audio1Mute', opacity=1.0, ori=0.0, pos=array([-0.3, -0.3]), size=array([0.2, 0.2]), texRes=128, units='height', win=Window(...))
18.0123 	EXP 	Sound test3Audio2 set volume 1.000
18.0144 	EXP 	Created test3Audio2Mute1 = ImageStim(__class__=<class 'psychopy.visual.image.ImageStim'>, autoLog=True, color=array([1., 1., 1.]), colorSpace='rgb', contrast=1.0, depth=-4.0, flipHoriz=False, flipVert=False, image='sin', interpolate=True, mask=None, maskParams=None, name='test3Audio2Mute1', opacity=1.0, ori=0.0, pos=array([ 0.3, -0.3]), size=array([0.2, 0.2]), texRes=128, units='height', win=Window(...))
18.0161 	EXP 	Created test3Audio2Sound = ImageStim(__class__=<class 'psychopy.visual.image.ImageStim'>, autoLog=True, color=array([1., 1., 1.]), colorSpace='rgb', contrast=1.0, depth=-5.0, flipHoriz=False, flipVert=False, image='sin', interpolate=True, mask=None, maskParams=None, name='test3Audio2Sound', opacity=1.0, ori=0.0, pos=array([ 0.3, -0.3]), size=array([0.2, 0.2]), texRes=128, units='height', win=Window(...))
18.0180 	EXP 	Created test3Audio2Mute2 = ImageStim(__class__=<class 'psychopy.visual.image.ImageStim'>, autoLog=True, color=array([1., 1., 1.]), colorSpace='rgb', contrast=1.0, depth=-6.0, flipHoriz=False, flipVert=False, image='sin', interpolate=True, mask=None, maskParams=None, name='test3Audio2Mute2', opacity=1.0, ori=0.0, pos=array([ 0.3, -0.3]), size=array([0.2, 0.2]), texRes=128, units='height', win=Window(...))
18.0197 	EXP 	Created test3Image = ImageStim(__class__=<class 'psychopy.visual.image.ImageStim'>, autoLog=True, color=array([1., 1., 1.]), colorSpace='rgb', contrast=1.0, depth=-8.0, flipHoriz=False, flipVert=False, image='sin', interpolate=True, mask=None, maskParams=None, name='test3Image', opacity=1.0, ori=0.0, pos=array([0. , 0.2]), size=array([0.4, 0.4]), texRes=128, units='height', win=Window(...))
18.0219 	EXP 	Created test3F = TextStim(__class__=<class 'psychopy.visual.text.TextStim'>, alignHoriz=method-wrapper(...), alignText='center', alignVert=method-wrapper(...), anchorHoriz='center', anchorVert='center', antialias=True, autoLog=True, bold=False, color='white', colorSpace='named', contrast=1.0, depth=-9.0, flipHoriz=False, flipVert=False, font='Arial', fontFiles=[], height=0.2, italic=False, languageStyle='LTR', name='test3F', opacity=1.0, ori=0, pos=array([-0.3, -0.1]), rgb=array([255., 255., 255.]), text='F', units='height', win=Window(...), wrapWidth=1)
18.0241 	EXP 	Created test3J = TextStim(__class__=<class 'psychopy.visual.text.TextStim'>, alignHoriz=method-wrapper(...), alignText='center', alignVert=method-wrapper(...), anchorHoriz='center', anchorVert='center', antialias=True, autoLog=True, bold=False, color='white', colorSpace='named', contrast=1.0, depth=-10.0, flipHoriz=False, flipVert=False, font='Arial', fontFiles=[], height=0.2, italic=False, languageStyle='LTR', name='test3J', opacity=1.0, ori=0, pos=array([ 0.3, -0.1]), rgb=array([255., 255., 255.]), text='J', units='height', win=Window(...), wrapWidth=1)
18.0547 	EXP 	Created postTestText = TextStim(__class__=<class 'psychopy.visual.text.TextStim'>, alignHoriz=method-wrapper(...), alignText='center', alignVert=method-wrapper(...), anchorHoriz='center', anchorVert='center', antialias=True, autoLog=True, bold=False, color='white', colorSpace='named', contrast=1.0, depth=0.0, flipHoriz=False, flipVert=False, font='Arial', fontFiles=[], height=0.1, italic=False, languageStyle='LTR', name='postTestText', opacity=1.0, ori=0, pos=array([0., 0.]), rgb=array([255., 255., 255.]), text=str(...), units='height', win=Window(...), wrapWidth=1)
18.0549 	EXP 	Sound postTestAudio1 set volume 1.000
18.0686 	EXP 	Created fSound = ImageStim(__class__=<class 'psychopy.visual.image.ImageStim'>, autoLog=True, color=array([1., 1., 1.]), colorSpace='rgb', contrast=1.0, depth=-2.0, flipHoriz=False, flipVert=False, image='sound.png', interpolate=True, mask=None, maskParams=None, name='fSound', opacity=1.0, ori=0.0, pos=array([-0.5, -0.3]), size=array([0.2, 0.2]), texRes=128, units='height', win=Window(...))
18.0893 	EXP 	Created fMute = ImageStim(__class__=<class 'psychopy.visual.image.ImageStim'>, autoLog=True, color=array([1., 1., 1.]), colorSpace='rgb', contrast=1.0, depth=-3.0, flipHoriz=False, flipVert=False, image='mute.png', interpolate=True, mask=None, maskParams=None, name='fMute', opacity=1.0, ori=0.0, pos=array([-0.5, -0.3]), size=array([0.2, 0.2]), texRes=128, units='height', win=Window(...))
18.0894 	EXP 	Sound postTestAudio2 set volume 1.000
18.1110 	EXP 	Created xMute1 = ImageStim(__class__=<class 'psychopy.visual.image.ImageStim'>, autoLog=True, color=array([1., 1., 1.]), colorSpace='rgb', contrast=1.0, depth=-5.0, flipHoriz=False, flipVert=False, image='mute.png', interpolate=True, mask=None, maskParams=None, name='xMute1', opacity=1.0, ori=0.0, pos=array([ 0. , -0.3]), size=array([0.2, 0.2]), texRes=128, units='height', win=Window(...))
18.1350 	EXP 	Created xSound = ImageStim(__class__=<class 'psychopy.visual.image.ImageStim'>, autoLog=True, color=array([1., 1., 1.]), colorSpace='rgb', contrast=1.0, depth=-6.0, flipHoriz=False, flipVert=False, image='sound.png', interpolate=True, mask=None, maskParams=None, name='xSound', opacity=1.0, ori=0.0, pos=array([ 0. , -0.3]), size=array([0.2, 0.2]), texRes=128, units='height', win=Window(...))
18.1572 	EXP 	Created xMute2 = ImageStim(__class__=<class 'psychopy.visual.image.ImageStim'>, autoLog=True, color=array([1., 1., 1.]), colorSpace='rgb', contrast=1.0, depth=-7.0, flipHoriz=False, flipVert=False, image='mute.png', interpolate=True, mask=None, maskParams=None, name='xMute2', opacity=1.0, ori=0.0, pos=array([ 0. , -0.3]), size=array([0.2, 0.2]), texRes=128, units='height', win=Window(...))
18.1573 	EXP 	Sound postTestAudio3 set volume 1.000
18.1803 	EXP 	Created jMute1 = ImageStim(__class__=<class 'psychopy.visual.image.ImageStim'>, autoLog=True, color=array([1., 1., 1.]), colorSpace='rgb', contrast=1.0, depth=-9.0, flipHoriz=False, flipVert=False, image='mute.png', interpolate=True, mask=None, maskParams=None, name='jMute1', opacity=1.0, ori=0.0, pos=array([ 0.5, -0.3]), size=array([0.2, 0.2]), texRes=128, units='height', win=Window(...))
18.2009 	EXP 	Created jSound = ImageStim(__class__=<class 'psychopy.visual.image.ImageStim'>, autoLog=True, color=array([1., 1., 1.]), colorSpace='rgb', contrast=1.0, depth=-10.0, flipHoriz=False, flipVert=False, image='sound.png', interpolate=True, mask=None, maskParams=None, name='jSound', opacity=1.0, ori=0.0, pos=array([ 0.5, -0.3]), size=array([0.2, 0.2]), texRes=128, units='height', win=Window(...))
18.2225 	EXP 	Created jMute2 = ImageStim(__class__=<class 'psychopy.visual.image.ImageStim'>, autoLog=True, color=array([1., 1., 1.]), colorSpace='rgb', contrast=1.0, depth=-11.0, flipHoriz=False, flipVert=False, image='mute.png', interpolate=True, mask=None, maskParams=None, name='jMute2', opacity=1.0, ori=0.0, pos=array([ 0.5, -0.3]), size=array([0.2, 0.2]), texRes=128, units='height', win=Window(...))
18.2457 	EXP 	Created textInstructionsPostTest = TextStim(__class__=<class 'psychopy.visual.text.TextStim'>, alignHoriz=method-wrapper(...), alignText='center', alignVert=method-wrapper(...), anchorHoriz='center', anchorVert='center', antialias=True, autoLog=True, bold=False, color='white', colorSpace='named', contrast=1.0, depth=-12.0, flipHoriz=False, flipVert=False, font='Arial', fontFiles=[], height=0.05, italic=False, languageStyle='LTR', name='textInstructionsPostTest', opacity=1.0, ori=0, pos=array([0. , 0.3]), rgb=array([255., 255., 255.]), text=str(...), units='height', win=Window(...), wrapWidth=1)
18.3142 	EXP 	Created fText = TextStim(__class__=<class 'psychopy.visual.text.TextStim'>, alignHoriz=method-wrapper(...), alignText='center', alignVert=method-wrapper(...), anchorHoriz='center', anchorVert='center', antialias=True, autoLog=True, bold=False, color='white', colorSpace='named', contrast=1.0, depth=-13.0, flipHoriz=False, flipVert=False, font='Arial', fontFiles=[], height=0.3, italic=False, languageStyle='LTR', name='fText', opacity=1.0, ori=0, pos=array([-0.5,  0. ]), rgb=array([255., 255., 255.]), text='F', units='height', win=Window(...), wrapWidth=1)
18.3308 	EXP 	Created xText = TextStim(__class__=<class 'psychopy.visual.text.TextStim'>, alignHoriz=method-wrapper(...), alignText='center', alignVert=method-wrapper(...), anchorHoriz='center', anchorVert='center', antialias=True, autoLog=True, bold=False, color='white', colorSpace='named', contrast=1.0, depth=-14.0, flipHoriz=False, flipVert=False, font='Arial', fontFiles=[], height=0.3, italic=False, languageStyle='LTR', name='xText', opacity=1.0, ori=0, pos=array([0., 0.]), rgb=array([255., 255., 255.]), text='X', units='height', win=Window(...), wrapWidth=1)
18.3497 	EXP 	Created jText = TextStim(__class__=<class 'psychopy.visual.text.TextStim'>, alignHoriz=method-wrapper(...), alignText='center', alignVert=method-wrapper(...), anchorHoriz='center', anchorVert='center', antialias=True, autoLog=True, bold=False, color='white', colorSpace='named', contrast=1.0, depth=-15.0, flipHoriz=False, flipVert=False, font='Arial', fontFiles=[], height=0.3, italic=False, languageStyle='LTR', name='jText', opacity=1.0, ori=0, pos=array([0.5, 0. ]), rgb=array([255., 255., 255.]), text='J', units='height', win=Window(...), wrapWidth=1)
18.3990 	EXP 	Created text = TextStim(__class__=<class 'psychopy.visual.text.TextStim'>, alignHoriz=method-wrapper(...), alignText='center', alignVert=method-wrapper(...), anchorHoriz='center', anchorVert='center', antialias=True, autoLog=True, bold=False, color='white', colorSpace='named', contrast=1.0, depth=0.0, flipHoriz=False, flipVert=False, font='Arial', fontFiles=[], height=0.1, italic=False, languageStyle='LTR', name='text', opacity=1.0, ori=0, pos=array([0., 0.]), rgb=array([255., 255., 255.]), text=str(...), units='height', win=Window(...), wrapWidth=1)
18.4511 	EXP 	instructions: autoDraw = True
20.5043 	EXP 	Imported aoiConditions\train1LoopCondition.xlsx as conditions, 9 conditions, 2 params
20.5046 	EXP 	Created sequence: sequential, trialTypes=9, nReps=1, seed=None
20.5048 	EXP 	New trial (rep=0, index=0): OrderedDict([('condFiles', 'aoiConditions/train1Block1.xlsx'), ('testFiles', 'aoiConditions/train1Block1Test.xlsx')])
20.5114 	EXP 	Imported aoiConditions/train1Block1.xlsx as conditions, 6 conditions, 2 params
20.5116 	EXP 	Created sequence: sequential, trialTypes=6, nReps=1, seed=None
20.5118 	EXP 	New trial (rep=0, index=0): OrderedDict([('audio', 'trainingaudio/03_kikita3.wav'), ('imageLoc', 'pngimages/03_box.png')])
20.5663 	DATA 	Keypress: d
20.5715 	EXP 	instructions: autoDraw = False
20.5715 	EXP 	imagetrain1: image = 'pngimages/03_box.png'
20.5715 	EXP 	imagetrain1: autoDraw = True
21.4482 	EXP 	New trial (rep=0, index=1): OrderedDict([('audio', 'trainingaudio/07_pitapi2.wav'), ('imageLoc', 'pngimages/07_suitcase.png')])
21.4779 	EXP 	imagetrain1: autoDraw = False
21.4779 	EXP 	imagetrain1: image = 'pngimages/07_suitcase.png'
21.4779 	EXP 	imagetrain1: autoDraw = True
22.4487 	EXP 	New trial (rep=0, index=2): OrderedDict([('audio', 'trainingaudio/06_titoka3.wav'), ('imageLoc', 'pngimages/06_tent.png')])
22.4756 	EXP 	imagetrain1: autoDraw = False
22.4756 	EXP 	imagetrain1: image = 'pngimages/06_tent.png'
22.4756 	EXP 	imagetrain1: autoDraw = True
23.4495 	EXP 	New trial (rep=0, index=3): OrderedDict([('audio', 'trainingaudio/11_tokiko1.wav'), ('imageLoc', 'pngimages/11_compass.png')])
23.4690 	EXP 	imagetrain1: autoDraw = False
23.4690 	EXP 	imagetrain1: image = 'pngimages/11_compass.png'
23.4690 	EXP 	imagetrain1: autoDraw = True
24.4503 	EXP 	New trial (rep=0, index=4): OrderedDict([('audio', 'trainingaudio/25_tapapi1.wav'), ('imageLoc', 'pngimages/25_apple.png')])
24.4693 	EXP 	imagetrain1: autoDraw = False
24.4693 	EXP 	imagetrain1: image = 'pngimages/25_apple.png'
24.4693 	EXP 	imagetrain1: autoDraw = True
25.4511 	EXP 	New trial (rep=0, index=5): OrderedDict([('audio', 'trainingaudio/09_tipata2.wav'), ('imageLoc', 'pngimages/09_plane.png')])
25.4817 	EXP 	imagetrain1: autoDraw = False
25.4817 	EXP 	imagetrain1: image = 'pngimages/09_plane.png'
25.4817 	EXP 	imagetrain1: autoDraw = True
26.0036 	DATA 	Keypress: escape
26.2980 	EXP 	window1: mouseVisible = True
